ARM GAS  C:\Users\nicpa\AppData\Local\Temp\ccx7Z2VF.s 			page 1


   1              		.syntax unified
   2              		.cpu cortex-m0plus
   3              		.fpu softvfp
   4              		.eabi_attribute 20, 1
   5              		.eabi_attribute 21, 1
   6              		.eabi_attribute 23, 3
   7              		.eabi_attribute 24, 1
   8              		.eabi_attribute 25, 1
   9              		.eabi_attribute 26, 1
  10              		.eabi_attribute 30, 1
  11              		.eabi_attribute 34, 0
  12              		.eabi_attribute 18, 4
  13              		.thumb
  14              		.syntax unified
  15              		.file	"GUI_X_RTOS.c"
  16              		.text
  17              	.Ltext0:
  18              		.cfi_sections	.debug_frame
  19              		.section	.text.GUI_X_GetTime,"ax",%progbits
  20              		.align	2
  21              		.global	GUI_X_GetTime
  22              		.code	16
  23              		.thumb_func
  24              		.type	GUI_X_GetTime, %function
  25              	GUI_X_GetTime:
  26              	.LFB50:
  27              		.file 1 "GUI_X_RTOS.c"
   1:GUI_X_RTOS.c  **** /*********************************************************************
   2:GUI_X_RTOS.c  **** *                SEGGER Microcontroller GmbH & Co. KG                *
   3:GUI_X_RTOS.c  **** *        Solutions for real time microcontroller applications        *
   4:GUI_X_RTOS.c  **** **********************************************************************
   5:GUI_X_RTOS.c  **** *                                                                    *
   6:GUI_X_RTOS.c  **** *        (c) 1996 - 2017  SEGGER Microcontroller GmbH & Co. KG       *
   7:GUI_X_RTOS.c  **** *                                                                    *
   8:GUI_X_RTOS.c  **** *        Internet: www.segger.com    Support:  support@segger.com    *
   9:GUI_X_RTOS.c  **** *                                                                    *
  10:GUI_X_RTOS.c  **** **********************************************************************
  11:GUI_X_RTOS.c  **** 
  12:GUI_X_RTOS.c  **** ** emWin V5.46 - Graphical user interface for embedded applications **
  13:GUI_X_RTOS.c  **** All  Intellectual Property rights  in the Software belongs to  SEGGER.
  14:GUI_X_RTOS.c  **** emWin is protected by  international copyright laws.  Knowledge of the
  15:GUI_X_RTOS.c  **** source code may not be used to write a similar product.  This file may
  16:GUI_X_RTOS.c  **** only be used in accordance with the following terms:
  17:GUI_X_RTOS.c  **** 
  18:GUI_X_RTOS.c  **** The software  has been licensed to  Cypress Semiconductor Corporation,
  19:GUI_X_RTOS.c  **** whose registered  office is situated  at 198 Champion Ct. San Jose, CA 
  20:GUI_X_RTOS.c  **** 95134 USA  solely for the  purposes of creating  libraries for Cypress
  21:GUI_X_RTOS.c  **** PSoC3 and  PSoC5 processor-based devices,  sublicensed and distributed
  22:GUI_X_RTOS.c  **** under  the  terms  and  conditions  of  the  Cypress  End User License
  23:GUI_X_RTOS.c  **** Agreement.
  24:GUI_X_RTOS.c  **** Full source code is available at: www.segger.com
  25:GUI_X_RTOS.c  **** 
  26:GUI_X_RTOS.c  **** We appreciate your understanding and fairness.
  27:GUI_X_RTOS.c  **** ----------------------------------------------------------------------
  28:GUI_X_RTOS.c  **** Licensing information
  29:GUI_X_RTOS.c  **** Licensor:                 SEGGER Microcontroller Systems LLC
  30:GUI_X_RTOS.c  **** Licensed to:              Cypress Semiconductor Corp, 198 Champion Ct., San Jose, CA 95134, USA
ARM GAS  C:\Users\nicpa\AppData\Local\Temp\ccx7Z2VF.s 			page 2


  31:GUI_X_RTOS.c  **** Licensed SEGGER software: emWin
  32:GUI_X_RTOS.c  **** License number:           GUI-00319
  33:GUI_X_RTOS.c  **** License model:            Services and License Agreement, signed June 10th, 2009
  34:GUI_X_RTOS.c  **** Licensed platform:        Any Cypress platform (Initial targets are: PSoC3, PSoC5)
  35:GUI_X_RTOS.c  **** ----------------------------------------------------------------------
  36:GUI_X_RTOS.c  **** Support and Update Agreement (SUA)
  37:GUI_X_RTOS.c  **** SUA period:               2009-06-12 - 2022-07-27
  38:GUI_X_RTOS.c  **** Contact to extend SUA:    sales@segger.com
  39:GUI_X_RTOS.c  **** ----------------------------------------------------------------------
  40:GUI_X_RTOS.c  **** File        : GUI_X_RTOS.c
  41:GUI_X_RTOS.c  **** Purpose     : Config / System dependent externals for GUI
  42:GUI_X_RTOS.c  **** ---------------------------END-OF-HEADER------------------------------
  43:GUI_X_RTOS.c  **** */
  44:GUI_X_RTOS.c  **** 
  45:GUI_X_RTOS.c  **** #include <stdio.h>
  46:GUI_X_RTOS.c  **** #include "FreeRTOS.h"
  47:GUI_X_RTOS.c  **** #include "semphr.h"
  48:GUI_X_RTOS.c  **** #include "task.h"
  49:GUI_X_RTOS.c  **** #include "GUI.h"
  50:GUI_X_RTOS.c  **** 
  51:GUI_X_RTOS.c  **** /*********************************************************************
  52:GUI_X_RTOS.c  **** *
  53:GUI_X_RTOS.c  **** *       Static data
  54:GUI_X_RTOS.c  **** *
  55:GUI_X_RTOS.c  **** **********************************************************************
  56:GUI_X_RTOS.c  **** */
  57:GUI_X_RTOS.c  **** static SemaphoreHandle_t _Semaphore;
  58:GUI_X_RTOS.c  **** 
  59:GUI_X_RTOS.c  **** /*********************************************************************
  60:GUI_X_RTOS.c  **** *
  61:GUI_X_RTOS.c  **** *       Public code
  62:GUI_X_RTOS.c  **** *
  63:GUI_X_RTOS.c  **** **********************************************************************
  64:GUI_X_RTOS.c  **** */
  65:GUI_X_RTOS.c  **** /*********************************************************************
  66:GUI_X_RTOS.c  **** *
  67:GUI_X_RTOS.c  **** *      Timing:
  68:GUI_X_RTOS.c  **** *                 GUI_GetTime()
  69:GUI_X_RTOS.c  **** *                 GUI_Delay(int)
  70:GUI_X_RTOS.c  **** 
  71:GUI_X_RTOS.c  ****   Some timing dependent routines require a GetTime
  72:GUI_X_RTOS.c  ****   and delay funtion. Default time unit (tick), normally is
  73:GUI_X_RTOS.c  ****   1 ms.
  74:GUI_X_RTOS.c  **** */
  75:GUI_X_RTOS.c  **** 
  76:GUI_X_RTOS.c  **** int GUI_X_GetTime(void) {
  28              		.loc 1 76 0
  29              		.cfi_startproc
  30              		@ args = 0, pretend = 0, frame = 0
  31              		@ frame_needed = 0, uses_anonymous_args = 0
  32 0000 10B5     		push	{r4, lr}
  33              		.cfi_def_cfa_offset 8
  34              		.cfi_offset 4, -8
  35              		.cfi_offset 14, -4
  77:GUI_X_RTOS.c  ****   return xTaskGetTickCount() * portTICK_PERIOD_MS;
  36              		.loc 1 77 0
  37 0002 FFF7FEFF 		bl	xTaskGetTickCount
ARM GAS  C:\Users\nicpa\AppData\Local\Temp\ccx7Z2VF.s 			page 3


  38              	.LVL0:
  78:GUI_X_RTOS.c  **** }
  39              		.loc 1 78 0
  40              		@ sp needed
  41 0006 10BD     		pop	{r4, pc}
  42              		.cfi_endproc
  43              	.LFE50:
  44              		.size	GUI_X_GetTime, .-GUI_X_GetTime
  45              		.section	.text.GUI_X_Delay,"ax",%progbits
  46              		.align	2
  47              		.global	GUI_X_Delay
  48              		.code	16
  49              		.thumb_func
  50              		.type	GUI_X_Delay, %function
  51              	GUI_X_Delay:
  52              	.LFB51:
  79:GUI_X_RTOS.c  **** 
  80:GUI_X_RTOS.c  **** void GUI_X_Delay(int Period) {
  53              		.loc 1 80 0
  54              		.cfi_startproc
  55              		@ args = 0, pretend = 0, frame = 0
  56              		@ frame_needed = 0, uses_anonymous_args = 0
  57              	.LVL1:
  58 0000 10B5     		push	{r4, lr}
  59              		.cfi_def_cfa_offset 8
  60              		.cfi_offset 4, -8
  61              		.cfi_offset 14, -4
  81:GUI_X_RTOS.c  ****   vTaskDelay(Period / portTICK_PERIOD_MS);
  62              		.loc 1 81 0
  63 0002 FFF7FEFF 		bl	vTaskDelay
  64              	.LVL2:
  82:GUI_X_RTOS.c  **** }
  65              		.loc 1 82 0
  66              		@ sp needed
  67 0006 10BD     		pop	{r4, pc}
  68              		.cfi_endproc
  69              	.LFE51:
  70              		.size	GUI_X_Delay, .-GUI_X_Delay
  71              		.section	.text.GUI_X_ExecIdle,"ax",%progbits
  72              		.align	2
  73              		.global	GUI_X_ExecIdle
  74              		.code	16
  75              		.thumb_func
  76              		.type	GUI_X_ExecIdle, %function
  77              	GUI_X_ExecIdle:
  78              	.LFB52:
  83:GUI_X_RTOS.c  **** 
  84:GUI_X_RTOS.c  **** /*********************************************************************
  85:GUI_X_RTOS.c  **** *
  86:GUI_X_RTOS.c  **** *       GUI_X_ExecIdle()
  87:GUI_X_RTOS.c  **** *
  88:GUI_X_RTOS.c  **** */
  89:GUI_X_RTOS.c  **** void GUI_X_ExecIdle(void) {
  79              		.loc 1 89 0
  80              		.cfi_startproc
  81              		@ args = 0, pretend = 0, frame = 0
  82              		@ frame_needed = 0, uses_anonymous_args = 0
ARM GAS  C:\Users\nicpa\AppData\Local\Temp\ccx7Z2VF.s 			page 4


  83 0000 10B5     		push	{r4, lr}
  84              		.cfi_def_cfa_offset 8
  85              		.cfi_offset 4, -8
  86              		.cfi_offset 14, -4
  90:GUI_X_RTOS.c  ****   vTaskDelay(1 / portTICK_PERIOD_MS);
  87              		.loc 1 90 0
  88 0002 0120     		movs	r0, #1
  89 0004 FFF7FEFF 		bl	vTaskDelay
  90              	.LVL3:
  91:GUI_X_RTOS.c  **** }
  91              		.loc 1 91 0
  92              		@ sp needed
  93 0008 10BD     		pop	{r4, pc}
  94              		.cfi_endproc
  95              	.LFE52:
  96              		.size	GUI_X_ExecIdle, .-GUI_X_ExecIdle
  97 000a C046     		.section	.text.GUI_X_InitOS,"ax",%progbits
  98              		.align	2
  99              		.global	GUI_X_InitOS
 100              		.code	16
 101              		.thumb_func
 102              		.type	GUI_X_InitOS, %function
 103              	GUI_X_InitOS:
 104              	.LFB53:
  92:GUI_X_RTOS.c  **** 
  93:GUI_X_RTOS.c  **** /*********************************************************************
  94:GUI_X_RTOS.c  **** *
  95:GUI_X_RTOS.c  **** *      Multitasking:
  96:GUI_X_RTOS.c  **** *
  97:GUI_X_RTOS.c  **** *                 GUI_X_InitOS()
  98:GUI_X_RTOS.c  **** *                 GUI_X_GetTaskId()
  99:GUI_X_RTOS.c  **** *                 GUI_X_Lock()
 100:GUI_X_RTOS.c  **** *                 GUI_X_Unlock()
 101:GUI_X_RTOS.c  **** *
 102:GUI_X_RTOS.c  **** * Note:
 103:GUI_X_RTOS.c  **** *   The following routines are required only if emWin is used in a
 104:GUI_X_RTOS.c  **** *   true multi task environment, which means you have more than one
 105:GUI_X_RTOS.c  **** *   thread using the emWin API.
 106:GUI_X_RTOS.c  **** *   In this case the
 107:GUI_X_RTOS.c  **** *                       #define GUI_OS 1
 108:GUI_X_RTOS.c  **** *  needs to be in GUIConf.h
 109:GUI_X_RTOS.c  **** */
 110:GUI_X_RTOS.c  **** void GUI_X_InitOS(void)    { _Semaphore = xSemaphoreCreateMutex(); }
 105              		.loc 1 110 0
 106              		.cfi_startproc
 107              		@ args = 0, pretend = 0, frame = 0
 108              		@ frame_needed = 0, uses_anonymous_args = 0
 109 0000 10B5     		push	{r4, lr}
 110              		.cfi_def_cfa_offset 8
 111              		.cfi_offset 4, -8
 112              		.cfi_offset 14, -4
 113              		.loc 1 110 0
 114 0002 0120     		movs	r0, #1
 115 0004 FFF7FEFF 		bl	xQueueCreateMutex
 116              	.LVL4:
 117 0008 014B     		ldr	r3, .L5
 118 000a 1860     		str	r0, [r3]
ARM GAS  C:\Users\nicpa\AppData\Local\Temp\ccx7Z2VF.s 			page 5


 119              		@ sp needed
 120 000c 10BD     		pop	{r4, pc}
 121              	.L6:
 122 000e C046     		.align	2
 123              	.L5:
 124 0010 00000000 		.word	.LANCHOR0
 125              		.cfi_endproc
 126              	.LFE53:
 127              		.size	GUI_X_InitOS, .-GUI_X_InitOS
 128              		.section	.text.GUI_X_Unlock,"ax",%progbits
 129              		.align	2
 130              		.global	GUI_X_Unlock
 131              		.code	16
 132              		.thumb_func
 133              		.type	GUI_X_Unlock, %function
 134              	GUI_X_Unlock:
 135              	.LFB54:
 111:GUI_X_RTOS.c  **** void GUI_X_Unlock(void)    { xSemaphoreGive(_Semaphore); }
 136              		.loc 1 111 0
 137              		.cfi_startproc
 138              		@ args = 0, pretend = 0, frame = 0
 139              		@ frame_needed = 0, uses_anonymous_args = 0
 140 0000 10B5     		push	{r4, lr}
 141              		.cfi_def_cfa_offset 8
 142              		.cfi_offset 4, -8
 143              		.cfi_offset 14, -4
 144              		.loc 1 111 0
 145 0002 044B     		ldr	r3, .L8
 146 0004 1868     		ldr	r0, [r3]
 147 0006 0023     		movs	r3, #0
 148 0008 0022     		movs	r2, #0
 149 000a 0021     		movs	r1, #0
 150 000c FFF7FEFF 		bl	xQueueGenericSend
 151              	.LVL5:
 152              		@ sp needed
 153 0010 10BD     		pop	{r4, pc}
 154              	.L9:
 155 0012 C046     		.align	2
 156              	.L8:
 157 0014 00000000 		.word	.LANCHOR0
 158              		.cfi_endproc
 159              	.LFE54:
 160              		.size	GUI_X_Unlock, .-GUI_X_Unlock
 161              		.section	.text.GUI_X_Lock,"ax",%progbits
 162              		.align	2
 163              		.global	GUI_X_Lock
 164              		.code	16
 165              		.thumb_func
 166              		.type	GUI_X_Lock, %function
 167              	GUI_X_Lock:
 168              	.LFB55:
 112:GUI_X_RTOS.c  **** void GUI_X_Lock(void)      { xSemaphoreTake(_Semaphore, portMAX_DELAY);  }
 169              		.loc 1 112 0
 170              		.cfi_startproc
 171              		@ args = 0, pretend = 0, frame = 0
 172              		@ frame_needed = 0, uses_anonymous_args = 0
 173 0000 10B5     		push	{r4, lr}
ARM GAS  C:\Users\nicpa\AppData\Local\Temp\ccx7Z2VF.s 			page 6


 174              		.cfi_def_cfa_offset 8
 175              		.cfi_offset 4, -8
 176              		.cfi_offset 14, -4
 177              		.loc 1 112 0
 178 0002 034B     		ldr	r3, .L11
 179 0004 1868     		ldr	r0, [r3]
 180 0006 0121     		movs	r1, #1
 181 0008 4942     		rsbs	r1, r1, #0
 182 000a FFF7FEFF 		bl	xQueueSemaphoreTake
 183              	.LVL6:
 184              		@ sp needed
 185 000e 10BD     		pop	{r4, pc}
 186              	.L12:
 187              		.align	2
 188              	.L11:
 189 0010 00000000 		.word	.LANCHOR0
 190              		.cfi_endproc
 191              	.LFE55:
 192              		.size	GUI_X_Lock, .-GUI_X_Lock
 193              		.section	.text.GUI_X_GetTaskId,"ax",%progbits
 194              		.align	2
 195              		.global	GUI_X_GetTaskId
 196              		.code	16
 197              		.thumb_func
 198              		.type	GUI_X_GetTaskId, %function
 199              	GUI_X_GetTaskId:
 200              	.LFB56:
 113:GUI_X_RTOS.c  **** U32  GUI_X_GetTaskId(void) { return (U32)xTaskGetCurrentTaskHandle(); }
 201              		.loc 1 113 0
 202              		.cfi_startproc
 203              		@ args = 0, pretend = 0, frame = 0
 204              		@ frame_needed = 0, uses_anonymous_args = 0
 205 0000 10B5     		push	{r4, lr}
 206              		.cfi_def_cfa_offset 8
 207              		.cfi_offset 4, -8
 208              		.cfi_offset 14, -4
 209              		.loc 1 113 0
 210 0002 FFF7FEFF 		bl	xTaskGetCurrentTaskHandle
 211              	.LVL7:
 212              		@ sp needed
 213 0006 10BD     		pop	{r4, pc}
 214              		.cfi_endproc
 215              	.LFE56:
 216              		.size	GUI_X_GetTaskId, .-GUI_X_GetTaskId
 217              		.section	.text.GUI_X_Log,"ax",%progbits
 218              		.align	2
 219              		.global	GUI_X_Log
 220              		.code	16
 221              		.thumb_func
 222              		.type	GUI_X_Log, %function
 223              	GUI_X_Log:
 224              	.LFB57:
 114:GUI_X_RTOS.c  **** 
 115:GUI_X_RTOS.c  **** /*********************************************************************
 116:GUI_X_RTOS.c  **** *
 117:GUI_X_RTOS.c  **** *      Logging: OS dependent
 118:GUI_X_RTOS.c  **** 
ARM GAS  C:\Users\nicpa\AppData\Local\Temp\ccx7Z2VF.s 			page 7


 119:GUI_X_RTOS.c  **** Note:
 120:GUI_X_RTOS.c  ****   Logging is used in higher debug levels only. The typical target
 121:GUI_X_RTOS.c  ****   build does not use logging and does therefor not require any of
 122:GUI_X_RTOS.c  ****   the logging routines below. For a release build without logging
 123:GUI_X_RTOS.c  ****   the routines below may be eliminated to save some space.
 124:GUI_X_RTOS.c  ****   (If the linker is not function aware and eliminates unreferenced
 125:GUI_X_RTOS.c  ****   functions automatically)
 126:GUI_X_RTOS.c  **** 
 127:GUI_X_RTOS.c  **** */
 128:GUI_X_RTOS.c  **** #define OS_SendString(s) GUI_USE_PARA(s)
 129:GUI_X_RTOS.c  **** void GUI_X_Log     (const char *s) { GUI_USE_PARA(s); }
 225              		.loc 1 129 0
 226              		.cfi_startproc
 227              		@ args = 0, pretend = 0, frame = 0
 228              		@ frame_needed = 0, uses_anonymous_args = 0
 229              		@ link register save eliminated.
 230              	.LVL8:
 231              		.loc 1 129 0
 232              		@ sp needed
 233 0000 7047     		bx	lr
 234              		.cfi_endproc
 235              	.LFE57:
 236              		.size	GUI_X_Log, .-GUI_X_Log
 237 0002 C046     		.section	.text.GUI_X_Warn,"ax",%progbits
 238              		.align	2
 239              		.global	GUI_X_Warn
 240              		.code	16
 241              		.thumb_func
 242              		.type	GUI_X_Warn, %function
 243              	GUI_X_Warn:
 244              	.LFB58:
 130:GUI_X_RTOS.c  **** void GUI_X_Warn    (const char *s) { GUI_USE_PARA(s); }
 245              		.loc 1 130 0
 246              		.cfi_startproc
 247              		@ args = 0, pretend = 0, frame = 0
 248              		@ frame_needed = 0, uses_anonymous_args = 0
 249              		@ link register save eliminated.
 250              	.LVL9:
 251              		.loc 1 130 0
 252              		@ sp needed
 253 0000 7047     		bx	lr
 254              		.cfi_endproc
 255              	.LFE58:
 256              		.size	GUI_X_Warn, .-GUI_X_Warn
 257 0002 C046     		.section	.text.GUI_X_ErrorOut,"ax",%progbits
 258              		.align	2
 259              		.global	GUI_X_ErrorOut
 260              		.code	16
 261              		.thumb_func
 262              		.type	GUI_X_ErrorOut, %function
 263              	GUI_X_ErrorOut:
 264              	.LFB59:
 131:GUI_X_RTOS.c  **** void GUI_X_ErrorOut(const char *s) { GUI_USE_PARA(s); }
 265              		.loc 1 131 0
 266              		.cfi_startproc
 267              		@ args = 0, pretend = 0, frame = 0
 268              		@ frame_needed = 0, uses_anonymous_args = 0
ARM GAS  C:\Users\nicpa\AppData\Local\Temp\ccx7Z2VF.s 			page 8


 269              		@ link register save eliminated.
 270              	.LVL10:
 271              		.loc 1 131 0
 272              		@ sp needed
 273 0000 7047     		bx	lr
 274              		.cfi_endproc
 275              	.LFE59:
 276              		.size	GUI_X_ErrorOut, .-GUI_X_ErrorOut
 277 0002 C046     		.section	.text.GUI_X_Init,"ax",%progbits
 278              		.align	2
 279              		.global	GUI_X_Init
 280              		.code	16
 281              		.thumb_func
 282              		.type	GUI_X_Init, %function
 283              	GUI_X_Init:
 284              	.LFB60:
 132:GUI_X_RTOS.c  **** 
 133:GUI_X_RTOS.c  **** /*********************************************************************
 134:GUI_X_RTOS.c  **** *
 135:GUI_X_RTOS.c  **** *      GUI_X_Init()
 136:GUI_X_RTOS.c  **** *
 137:GUI_X_RTOS.c  **** * Note:
 138:GUI_X_RTOS.c  **** *   This routine is called from GUI_Init() in any case whether there
 139:GUI_X_RTOS.c  **** *   is an RTOS or not. You can use it for additional initializations
 140:GUI_X_RTOS.c  **** *   needed.
 141:GUI_X_RTOS.c  **** */
 142:GUI_X_RTOS.c  **** 
 143:GUI_X_RTOS.c  **** void GUI_X_Init(void) {
 285              		.loc 1 143 0
 286              		.cfi_startproc
 287              		@ args = 0, pretend = 0, frame = 0
 288              		@ frame_needed = 0, uses_anonymous_args = 0
 289              		@ link register save eliminated.
 144:GUI_X_RTOS.c  **** }
 290              		.loc 1 144 0
 291              		@ sp needed
 292 0000 7047     		bx	lr
 293              		.cfi_endproc
 294              	.LFE60:
 295              		.size	GUI_X_Init, .-GUI_X_Init
 296 0002 C046     		.bss
 297              		.align	2
 298              		.set	.LANCHOR0,. + 0
 299              		.type	_Semaphore, %object
 300              		.size	_Semaphore, 4
 301              	_Semaphore:
 302 0000 00000000 		.space	4
 303              		.text
 304              	.Letext0:
 305              		.file 2 "c:\\program files (x86)\\cypress\\psoc creator\\4.4\\psoc creator\\import\\gnu\\arm\\5.4.
 306              		.file 3 "c:\\program files (x86)\\cypress\\psoc creator\\4.4\\psoc creator\\import\\gnu\\arm\\5.4.
 307              		.file 4 "Generated_Source\\PSoC6\\pdl\\rtos/FreeRTOS/10.0.1/Source/portable/GCC/CM4F/portmacro.h"
 308              		.file 5 "Generated_Source\\PSoC6\\pdl\\rtos/FreeRTOS/10.0.1/Source/include/queue.h"
 309              		.file 6 "Generated_Source\\PSoC6\\pdl\\rtos/FreeRTOS/10.0.1/Source/include/semphr.h"
 310              		.file 7 "Generated_Source\\PSoC6\\pdl\\rtos/FreeRTOS/10.0.1/Source/include/task.h"
 311              		.section	.debug_info,"",%progbits
 312              	.Ldebug_info0:
ARM GAS  C:\Users\nicpa\AppData\Local\Temp\ccx7Z2VF.s 			page 9


 313 0000 D8020000 		.4byte	0x2d8
 314 0004 0400     		.2byte	0x4
 315 0006 00000000 		.4byte	.Ldebug_abbrev0
 316 000a 04       		.byte	0x4
 317 000b 01       		.uleb128 0x1
 318 000c 22020000 		.4byte	.LASF39
 319 0010 0C       		.byte	0xc
 320 0011 53010000 		.4byte	.LASF40
 321 0015 34000000 		.4byte	.LASF41
 322 0019 00000000 		.4byte	.Ldebug_ranges0+0
 323 001d 00000000 		.4byte	0
 324 0021 00000000 		.4byte	.Ldebug_line0
 325 0025 02       		.uleb128 0x2
 326 0026 01       		.byte	0x1
 327 0027 06       		.byte	0x6
 328 0028 B4020000 		.4byte	.LASF0
 329 002c 03       		.uleb128 0x3
 330 002d 00000000 		.4byte	.LASF5
 331 0031 02       		.byte	0x2
 332 0032 1D       		.byte	0x1d
 333 0033 37000000 		.4byte	0x37
 334 0037 02       		.uleb128 0x2
 335 0038 01       		.byte	0x1
 336 0039 08       		.byte	0x8
 337 003a AB000000 		.4byte	.LASF1
 338 003e 02       		.uleb128 0x2
 339 003f 02       		.byte	0x2
 340 0040 05       		.byte	0x5
 341 0041 D2010000 		.4byte	.LASF2
 342 0045 02       		.uleb128 0x2
 343 0046 02       		.byte	0x2
 344 0047 07       		.byte	0x7
 345 0048 CB000000 		.4byte	.LASF3
 346 004c 02       		.uleb128 0x2
 347 004d 04       		.byte	0x4
 348 004e 05       		.byte	0x5
 349 004f F0010000 		.4byte	.LASF4
 350 0053 03       		.uleb128 0x3
 351 0054 1D010000 		.4byte	.LASF6
 352 0058 02       		.byte	0x2
 353 0059 41       		.byte	0x41
 354 005a 5E000000 		.4byte	0x5e
 355 005e 02       		.uleb128 0x2
 356 005f 04       		.byte	0x4
 357 0060 07       		.byte	0x7
 358 0061 B9000000 		.4byte	.LASF7
 359 0065 02       		.uleb128 0x2
 360 0066 08       		.byte	0x8
 361 0067 05       		.byte	0x5
 362 0068 A2010000 		.4byte	.LASF8
 363 006c 02       		.uleb128 0x2
 364 006d 08       		.byte	0x8
 365 006e 07       		.byte	0x7
 366 006f 6D010000 		.4byte	.LASF9
 367 0073 04       		.uleb128 0x4
 368 0074 04       		.byte	0x4
 369 0075 05       		.byte	0x5
ARM GAS  C:\Users\nicpa\AppData\Local\Temp\ccx7Z2VF.s 			page 10


 370 0076 696E7400 		.ascii	"int\000"
 371 007a 02       		.uleb128 0x2
 372 007b 04       		.byte	0x4
 373 007c 07       		.byte	0x7
 374 007d 60010000 		.4byte	.LASF10
 375 0081 02       		.uleb128 0x2
 376 0082 08       		.byte	0x8
 377 0083 04       		.byte	0x4
 378 0084 16020000 		.4byte	.LASF11
 379 0088 05       		.uleb128 0x5
 380 0089 04       		.byte	0x4
 381 008a 02       		.uleb128 0x2
 382 008b 04       		.byte	0x4
 383 008c 07       		.byte	0x7
 384 008d 99010000 		.4byte	.LASF12
 385 0091 02       		.uleb128 0x2
 386 0092 01       		.byte	0x1
 387 0093 08       		.byte	0x8
 388 0094 B0010000 		.4byte	.LASF13
 389 0098 06       		.uleb128 0x6
 390 0099 04       		.byte	0x4
 391 009a 9E000000 		.4byte	0x9e
 392 009e 07       		.uleb128 0x7
 393 009f 91000000 		.4byte	0x91
 394 00a3 03       		.uleb128 0x3
 395 00a4 84010000 		.4byte	.LASF14
 396 00a8 03       		.byte	0x3
 397 00a9 18       		.byte	0x18
 398 00aa 2C000000 		.4byte	0x2c
 399 00ae 03       		.uleb128 0x3
 400 00af E7010000 		.4byte	.LASF15
 401 00b3 03       		.byte	0x3
 402 00b4 30       		.byte	0x30
 403 00b5 53000000 		.4byte	0x53
 404 00b9 02       		.uleb128 0x2
 405 00ba 04       		.byte	0x4
 406 00bb 04       		.byte	0x4
 407 00bc 8A000000 		.4byte	.LASF16
 408 00c0 02       		.uleb128 0x2
 409 00c1 08       		.byte	0x8
 410 00c2 04       		.byte	0x4
 411 00c3 04010000 		.4byte	.LASF17
 412 00c7 03       		.uleb128 0x3
 413 00c8 E6020000 		.4byte	.LASF18
 414 00cc 04       		.byte	0x4
 415 00cd 38       		.byte	0x38
 416 00ce 4C000000 		.4byte	0x4c
 417 00d2 03       		.uleb128 0x3
 418 00d3 1E000000 		.4byte	.LASF19
 419 00d7 04       		.byte	0x4
 420 00d8 3F       		.byte	0x3f
 421 00d9 AE000000 		.4byte	0xae
 422 00dd 03       		.uleb128 0x3
 423 00de 7C000000 		.4byte	.LASF20
 424 00e2 05       		.byte	0x5
 425 00e3 2E       		.byte	0x2e
 426 00e4 88000000 		.4byte	0x88
ARM GAS  C:\Users\nicpa\AppData\Local\Temp\ccx7Z2VF.s 			page 11


 427 00e8 03       		.uleb128 0x3
 428 00e9 0B010000 		.4byte	.LASF21
 429 00ed 06       		.byte	0x6
 430 00ee 25       		.byte	0x25
 431 00ef DD000000 		.4byte	0xdd
 432 00f3 08       		.uleb128 0x8
 433 00f4 C4010000 		.4byte	.LASF27
 434 00f8 01       		.byte	0x1
 435 00f9 4C       		.byte	0x4c
 436 00fa 73000000 		.4byte	0x73
 437 00fe 00000000 		.4byte	.LFB50
 438 0102 08000000 		.4byte	.LFE50-.LFB50
 439 0106 01       		.uleb128 0x1
 440 0107 9C       		.byte	0x9c
 441 0108 16010000 		.4byte	0x116
 442 010c 09       		.uleb128 0x9
 443 010d 06000000 		.4byte	.LVL0
 444 0111 93020000 		.4byte	0x293
 445 0115 00       		.byte	0
 446 0116 0A       		.uleb128 0xa
 447 0117 DE000000 		.4byte	.LASF22
 448 011b 01       		.byte	0x1
 449 011c 50       		.byte	0x50
 450 011d 00000000 		.4byte	.LFB51
 451 0121 08000000 		.4byte	.LFE51-.LFB51
 452 0125 01       		.uleb128 0x1
 453 0126 9C       		.byte	0x9c
 454 0127 4C010000 		.4byte	0x14c
 455 012b 0B       		.uleb128 0xb
 456 012c 0A000000 		.4byte	.LASF30
 457 0130 01       		.byte	0x1
 458 0131 50       		.byte	0x50
 459 0132 73000000 		.4byte	0x73
 460 0136 00000000 		.4byte	.LLST0
 461 013a 0C       		.uleb128 0xc
 462 013b 06000000 		.4byte	.LVL2
 463 013f 9F020000 		.4byte	0x29f
 464 0143 0D       		.uleb128 0xd
 465 0144 01       		.uleb128 0x1
 466 0145 50       		.byte	0x50
 467 0146 03       		.uleb128 0x3
 468 0147 F3       		.byte	0xf3
 469 0148 01       		.uleb128 0x1
 470 0149 50       		.byte	0x50
 471 014a 00       		.byte	0
 472 014b 00       		.byte	0
 473 014c 0A       		.uleb128 0xa
 474 014d B5010000 		.4byte	.LASF23
 475 0151 01       		.byte	0x1
 476 0152 59       		.byte	0x59
 477 0153 00000000 		.4byte	.LFB52
 478 0157 0A000000 		.4byte	.LFE52-.LFB52
 479 015b 01       		.uleb128 0x1
 480 015c 9C       		.byte	0x9c
 481 015d 71010000 		.4byte	0x171
 482 0161 0C       		.uleb128 0xc
 483 0162 08000000 		.4byte	.LVL3
ARM GAS  C:\Users\nicpa\AppData\Local\Temp\ccx7Z2VF.s 			page 12


 484 0166 9F020000 		.4byte	0x29f
 485 016a 0D       		.uleb128 0xd
 486 016b 01       		.uleb128 0x1
 487 016c 50       		.byte	0x50
 488 016d 01       		.uleb128 0x1
 489 016e 31       		.byte	0x31
 490 016f 00       		.byte	0
 491 0170 00       		.byte	0
 492 0171 0A       		.uleb128 0xa
 493 0172 8C010000 		.4byte	.LASF24
 494 0176 01       		.byte	0x1
 495 0177 6E       		.byte	0x6e
 496 0178 00000000 		.4byte	.LFB53
 497 017c 14000000 		.4byte	.LFE53-.LFB53
 498 0180 01       		.uleb128 0x1
 499 0181 9C       		.byte	0x9c
 500 0182 96010000 		.4byte	0x196
 501 0186 0C       		.uleb128 0xc
 502 0187 08000000 		.4byte	.LVL4
 503 018b AB020000 		.4byte	0x2ab
 504 018f 0D       		.uleb128 0xd
 505 0190 01       		.uleb128 0x1
 506 0191 50       		.byte	0x50
 507 0192 01       		.uleb128 0x1
 508 0193 31       		.byte	0x31
 509 0194 00       		.byte	0
 510 0195 00       		.byte	0
 511 0196 0A       		.uleb128 0xa
 512 0197 11000000 		.4byte	.LASF25
 513 019b 01       		.byte	0x1
 514 019c 6F       		.byte	0x6f
 515 019d 00000000 		.4byte	.LFB54
 516 01a1 18000000 		.4byte	.LFE54-.LFB54
 517 01a5 01       		.uleb128 0x1
 518 01a6 9C       		.byte	0x9c
 519 01a7 C5010000 		.4byte	0x1c5
 520 01ab 0C       		.uleb128 0xc
 521 01ac 10000000 		.4byte	.LVL5
 522 01b0 B7020000 		.4byte	0x2b7
 523 01b4 0D       		.uleb128 0xd
 524 01b5 01       		.uleb128 0x1
 525 01b6 51       		.byte	0x51
 526 01b7 01       		.uleb128 0x1
 527 01b8 30       		.byte	0x30
 528 01b9 0D       		.uleb128 0xd
 529 01ba 01       		.uleb128 0x1
 530 01bb 52       		.byte	0x52
 531 01bc 01       		.uleb128 0x1
 532 01bd 30       		.byte	0x30
 533 01be 0D       		.uleb128 0xd
 534 01bf 01       		.uleb128 0x1
 535 01c0 53       		.byte	0x53
 536 01c1 01       		.uleb128 0x1
 537 01c2 30       		.byte	0x30
 538 01c3 00       		.byte	0
 539 01c4 00       		.byte	0
 540 01c5 0A       		.uleb128 0xa
ARM GAS  C:\Users\nicpa\AppData\Local\Temp\ccx7Z2VF.s 			page 13


 541 01c6 DC010000 		.4byte	.LASF26
 542 01ca 01       		.byte	0x1
 543 01cb 70       		.byte	0x70
 544 01cc 00000000 		.4byte	.LFB55
 545 01d0 14000000 		.4byte	.LFE55-.LFB55
 546 01d4 01       		.uleb128 0x1
 547 01d5 9C       		.byte	0x9c
 548 01d6 EB010000 		.4byte	0x1eb
 549 01da 0C       		.uleb128 0xc
 550 01db 0E000000 		.4byte	.LVL6
 551 01df C3020000 		.4byte	0x2c3
 552 01e3 0D       		.uleb128 0xd
 553 01e4 01       		.uleb128 0x1
 554 01e5 51       		.byte	0x51
 555 01e6 02       		.uleb128 0x2
 556 01e7 09       		.byte	0x9
 557 01e8 FF       		.byte	0xff
 558 01e9 00       		.byte	0
 559 01ea 00       		.byte	0
 560 01eb 08       		.uleb128 0x8
 561 01ec 9B000000 		.4byte	.LASF28
 562 01f0 01       		.byte	0x1
 563 01f1 71       		.byte	0x71
 564 01f2 5E000000 		.4byte	0x5e
 565 01f6 00000000 		.4byte	.LFB56
 566 01fa 08000000 		.4byte	.LFE56-.LFB56
 567 01fe 01       		.uleb128 0x1
 568 01ff 9C       		.byte	0x9c
 569 0200 0E020000 		.4byte	0x20e
 570 0204 09       		.uleb128 0x9
 571 0205 06000000 		.4byte	.LVL7
 572 0209 CF020000 		.4byte	0x2cf
 573 020d 00       		.byte	0
 574 020e 0A       		.uleb128 0xa
 575 020f 49010000 		.4byte	.LASF29
 576 0213 01       		.byte	0x1
 577 0214 81       		.byte	0x81
 578 0215 00000000 		.4byte	.LFB57
 579 0219 02000000 		.4byte	.LFE57-.LFB57
 580 021d 01       		.uleb128 0x1
 581 021e 9C       		.byte	0x9c
 582 021f 2F020000 		.4byte	0x22f
 583 0223 0E       		.uleb128 0xe
 584 0224 7300     		.ascii	"s\000"
 585 0226 01       		.byte	0x1
 586 0227 81       		.byte	0x81
 587 0228 98000000 		.4byte	0x98
 588 022c 01       		.uleb128 0x1
 589 022d 50       		.byte	0x50
 590 022e 00       		.byte	0
 591 022f 0A       		.uleb128 0xa
 592 0230 90000000 		.4byte	.LASF31
 593 0234 01       		.byte	0x1
 594 0235 82       		.byte	0x82
 595 0236 00000000 		.4byte	.LFB58
 596 023a 02000000 		.4byte	.LFE58-.LFB58
 597 023e 01       		.uleb128 0x1
ARM GAS  C:\Users\nicpa\AppData\Local\Temp\ccx7Z2VF.s 			page 14


 598 023f 9C       		.byte	0x9c
 599 0240 50020000 		.4byte	0x250
 600 0244 0E       		.uleb128 0xe
 601 0245 7300     		.ascii	"s\000"
 602 0247 01       		.byte	0x1
 603 0248 82       		.byte	0x82
 604 0249 98000000 		.4byte	0x98
 605 024d 01       		.uleb128 0x1
 606 024e 50       		.byte	0x50
 607 024f 00       		.byte	0
 608 0250 0A       		.uleb128 0xa
 609 0251 3A010000 		.4byte	.LASF32
 610 0255 01       		.byte	0x1
 611 0256 83       		.byte	0x83
 612 0257 00000000 		.4byte	.LFB59
 613 025b 02000000 		.4byte	.LFE59-.LFB59
 614 025f 01       		.uleb128 0x1
 615 0260 9C       		.byte	0x9c
 616 0261 71020000 		.4byte	0x271
 617 0265 0E       		.uleb128 0xe
 618 0266 7300     		.ascii	"s\000"
 619 0268 01       		.byte	0x1
 620 0269 83       		.byte	0x83
 621 026a 98000000 		.4byte	0x98
 622 026e 01       		.uleb128 0x1
 623 026f 50       		.byte	0x50
 624 0270 00       		.byte	0
 625 0271 0F       		.uleb128 0xf
 626 0272 29000000 		.4byte	.LASF42
 627 0276 01       		.byte	0x1
 628 0277 8F       		.byte	0x8f
 629 0278 00000000 		.4byte	.LFB60
 630 027c 02000000 		.4byte	.LFE60-.LFB60
 631 0280 01       		.uleb128 0x1
 632 0281 9C       		.byte	0x9c
 633 0282 10       		.uleb128 0x10
 634 0283 71000000 		.4byte	.LASF43
 635 0287 01       		.byte	0x1
 636 0288 39       		.byte	0x39
 637 0289 E8000000 		.4byte	0xe8
 638 028d 05       		.uleb128 0x5
 639 028e 03       		.byte	0x3
 640 028f 00000000 		.4byte	_Semaphore
 641 0293 11       		.uleb128 0x11
 642 0294 D4020000 		.4byte	.LASF33
 643 0298 D4020000 		.4byte	.LASF33
 644 029c 07       		.byte	0x7
 645 029d 3E05     		.2byte	0x53e
 646 029f 11       		.uleb128 0x11
 647 02a0 F9010000 		.4byte	.LASF34
 648 02a4 F9010000 		.4byte	.LASF34
 649 02a8 07       		.byte	0x7
 650 02a9 ED02     		.2byte	0x2ed
 651 02ab 11       		.uleb128 0x11
 652 02ac 04020000 		.4byte	.LASF35
 653 02b0 04020000 		.4byte	.LASF35
 654 02b4 05       		.byte	0x5
ARM GAS  C:\Users\nicpa\AppData\Local\Temp\ccx7Z2VF.s 			page 15


 655 02b5 8405     		.2byte	0x584
 656 02b7 11       		.uleb128 0x11
 657 02b8 28010000 		.4byte	.LASF36
 658 02bc 28010000 		.4byte	.LASF36
 659 02c0 05       		.byte	0x5
 660 02c1 8802     		.2byte	0x288
 661 02c3 11       		.uleb128 0x11
 662 02c4 C0020000 		.4byte	.LASF37
 663 02c8 C0020000 		.4byte	.LASF37
 664 02cc 05       		.byte	0x5
 665 02cd 8805     		.2byte	0x588
 666 02cf 11       		.uleb128 0x11
 667 02d0 EA000000 		.4byte	.LASF38
 668 02d4 EA000000 		.4byte	.LASF38
 669 02d8 07       		.byte	0x7
 670 02d9 BB08     		.2byte	0x8bb
 671 02db 00       		.byte	0
 672              		.section	.debug_abbrev,"",%progbits
 673              	.Ldebug_abbrev0:
 674 0000 01       		.uleb128 0x1
 675 0001 11       		.uleb128 0x11
 676 0002 01       		.byte	0x1
 677 0003 25       		.uleb128 0x25
 678 0004 0E       		.uleb128 0xe
 679 0005 13       		.uleb128 0x13
 680 0006 0B       		.uleb128 0xb
 681 0007 03       		.uleb128 0x3
 682 0008 0E       		.uleb128 0xe
 683 0009 1B       		.uleb128 0x1b
 684 000a 0E       		.uleb128 0xe
 685 000b 55       		.uleb128 0x55
 686 000c 17       		.uleb128 0x17
 687 000d 11       		.uleb128 0x11
 688 000e 01       		.uleb128 0x1
 689 000f 10       		.uleb128 0x10
 690 0010 17       		.uleb128 0x17
 691 0011 00       		.byte	0
 692 0012 00       		.byte	0
 693 0013 02       		.uleb128 0x2
 694 0014 24       		.uleb128 0x24
 695 0015 00       		.byte	0
 696 0016 0B       		.uleb128 0xb
 697 0017 0B       		.uleb128 0xb
 698 0018 3E       		.uleb128 0x3e
 699 0019 0B       		.uleb128 0xb
 700 001a 03       		.uleb128 0x3
 701 001b 0E       		.uleb128 0xe
 702 001c 00       		.byte	0
 703 001d 00       		.byte	0
 704 001e 03       		.uleb128 0x3
 705 001f 16       		.uleb128 0x16
 706 0020 00       		.byte	0
 707 0021 03       		.uleb128 0x3
 708 0022 0E       		.uleb128 0xe
 709 0023 3A       		.uleb128 0x3a
 710 0024 0B       		.uleb128 0xb
 711 0025 3B       		.uleb128 0x3b
ARM GAS  C:\Users\nicpa\AppData\Local\Temp\ccx7Z2VF.s 			page 16


 712 0026 0B       		.uleb128 0xb
 713 0027 49       		.uleb128 0x49
 714 0028 13       		.uleb128 0x13
 715 0029 00       		.byte	0
 716 002a 00       		.byte	0
 717 002b 04       		.uleb128 0x4
 718 002c 24       		.uleb128 0x24
 719 002d 00       		.byte	0
 720 002e 0B       		.uleb128 0xb
 721 002f 0B       		.uleb128 0xb
 722 0030 3E       		.uleb128 0x3e
 723 0031 0B       		.uleb128 0xb
 724 0032 03       		.uleb128 0x3
 725 0033 08       		.uleb128 0x8
 726 0034 00       		.byte	0
 727 0035 00       		.byte	0
 728 0036 05       		.uleb128 0x5
 729 0037 0F       		.uleb128 0xf
 730 0038 00       		.byte	0
 731 0039 0B       		.uleb128 0xb
 732 003a 0B       		.uleb128 0xb
 733 003b 00       		.byte	0
 734 003c 00       		.byte	0
 735 003d 06       		.uleb128 0x6
 736 003e 0F       		.uleb128 0xf
 737 003f 00       		.byte	0
 738 0040 0B       		.uleb128 0xb
 739 0041 0B       		.uleb128 0xb
 740 0042 49       		.uleb128 0x49
 741 0043 13       		.uleb128 0x13
 742 0044 00       		.byte	0
 743 0045 00       		.byte	0
 744 0046 07       		.uleb128 0x7
 745 0047 26       		.uleb128 0x26
 746 0048 00       		.byte	0
 747 0049 49       		.uleb128 0x49
 748 004a 13       		.uleb128 0x13
 749 004b 00       		.byte	0
 750 004c 00       		.byte	0
 751 004d 08       		.uleb128 0x8
 752 004e 2E       		.uleb128 0x2e
 753 004f 01       		.byte	0x1
 754 0050 3F       		.uleb128 0x3f
 755 0051 19       		.uleb128 0x19
 756 0052 03       		.uleb128 0x3
 757 0053 0E       		.uleb128 0xe
 758 0054 3A       		.uleb128 0x3a
 759 0055 0B       		.uleb128 0xb
 760 0056 3B       		.uleb128 0x3b
 761 0057 0B       		.uleb128 0xb
 762 0058 27       		.uleb128 0x27
 763 0059 19       		.uleb128 0x19
 764 005a 49       		.uleb128 0x49
 765 005b 13       		.uleb128 0x13
 766 005c 11       		.uleb128 0x11
 767 005d 01       		.uleb128 0x1
 768 005e 12       		.uleb128 0x12
ARM GAS  C:\Users\nicpa\AppData\Local\Temp\ccx7Z2VF.s 			page 17


 769 005f 06       		.uleb128 0x6
 770 0060 40       		.uleb128 0x40
 771 0061 18       		.uleb128 0x18
 772 0062 9742     		.uleb128 0x2117
 773 0064 19       		.uleb128 0x19
 774 0065 01       		.uleb128 0x1
 775 0066 13       		.uleb128 0x13
 776 0067 00       		.byte	0
 777 0068 00       		.byte	0
 778 0069 09       		.uleb128 0x9
 779 006a 898201   		.uleb128 0x4109
 780 006d 00       		.byte	0
 781 006e 11       		.uleb128 0x11
 782 006f 01       		.uleb128 0x1
 783 0070 31       		.uleb128 0x31
 784 0071 13       		.uleb128 0x13
 785 0072 00       		.byte	0
 786 0073 00       		.byte	0
 787 0074 0A       		.uleb128 0xa
 788 0075 2E       		.uleb128 0x2e
 789 0076 01       		.byte	0x1
 790 0077 3F       		.uleb128 0x3f
 791 0078 19       		.uleb128 0x19
 792 0079 03       		.uleb128 0x3
 793 007a 0E       		.uleb128 0xe
 794 007b 3A       		.uleb128 0x3a
 795 007c 0B       		.uleb128 0xb
 796 007d 3B       		.uleb128 0x3b
 797 007e 0B       		.uleb128 0xb
 798 007f 27       		.uleb128 0x27
 799 0080 19       		.uleb128 0x19
 800 0081 11       		.uleb128 0x11
 801 0082 01       		.uleb128 0x1
 802 0083 12       		.uleb128 0x12
 803 0084 06       		.uleb128 0x6
 804 0085 40       		.uleb128 0x40
 805 0086 18       		.uleb128 0x18
 806 0087 9742     		.uleb128 0x2117
 807 0089 19       		.uleb128 0x19
 808 008a 01       		.uleb128 0x1
 809 008b 13       		.uleb128 0x13
 810 008c 00       		.byte	0
 811 008d 00       		.byte	0
 812 008e 0B       		.uleb128 0xb
 813 008f 05       		.uleb128 0x5
 814 0090 00       		.byte	0
 815 0091 03       		.uleb128 0x3
 816 0092 0E       		.uleb128 0xe
 817 0093 3A       		.uleb128 0x3a
 818 0094 0B       		.uleb128 0xb
 819 0095 3B       		.uleb128 0x3b
 820 0096 0B       		.uleb128 0xb
 821 0097 49       		.uleb128 0x49
 822 0098 13       		.uleb128 0x13
 823 0099 02       		.uleb128 0x2
 824 009a 17       		.uleb128 0x17
 825 009b 00       		.byte	0
ARM GAS  C:\Users\nicpa\AppData\Local\Temp\ccx7Z2VF.s 			page 18


 826 009c 00       		.byte	0
 827 009d 0C       		.uleb128 0xc
 828 009e 898201   		.uleb128 0x4109
 829 00a1 01       		.byte	0x1
 830 00a2 11       		.uleb128 0x11
 831 00a3 01       		.uleb128 0x1
 832 00a4 31       		.uleb128 0x31
 833 00a5 13       		.uleb128 0x13
 834 00a6 00       		.byte	0
 835 00a7 00       		.byte	0
 836 00a8 0D       		.uleb128 0xd
 837 00a9 8A8201   		.uleb128 0x410a
 838 00ac 00       		.byte	0
 839 00ad 02       		.uleb128 0x2
 840 00ae 18       		.uleb128 0x18
 841 00af 9142     		.uleb128 0x2111
 842 00b1 18       		.uleb128 0x18
 843 00b2 00       		.byte	0
 844 00b3 00       		.byte	0
 845 00b4 0E       		.uleb128 0xe
 846 00b5 05       		.uleb128 0x5
 847 00b6 00       		.byte	0
 848 00b7 03       		.uleb128 0x3
 849 00b8 08       		.uleb128 0x8
 850 00b9 3A       		.uleb128 0x3a
 851 00ba 0B       		.uleb128 0xb
 852 00bb 3B       		.uleb128 0x3b
 853 00bc 0B       		.uleb128 0xb
 854 00bd 49       		.uleb128 0x49
 855 00be 13       		.uleb128 0x13
 856 00bf 02       		.uleb128 0x2
 857 00c0 18       		.uleb128 0x18
 858 00c1 00       		.byte	0
 859 00c2 00       		.byte	0
 860 00c3 0F       		.uleb128 0xf
 861 00c4 2E       		.uleb128 0x2e
 862 00c5 00       		.byte	0
 863 00c6 3F       		.uleb128 0x3f
 864 00c7 19       		.uleb128 0x19
 865 00c8 03       		.uleb128 0x3
 866 00c9 0E       		.uleb128 0xe
 867 00ca 3A       		.uleb128 0x3a
 868 00cb 0B       		.uleb128 0xb
 869 00cc 3B       		.uleb128 0x3b
 870 00cd 0B       		.uleb128 0xb
 871 00ce 27       		.uleb128 0x27
 872 00cf 19       		.uleb128 0x19
 873 00d0 11       		.uleb128 0x11
 874 00d1 01       		.uleb128 0x1
 875 00d2 12       		.uleb128 0x12
 876 00d3 06       		.uleb128 0x6
 877 00d4 40       		.uleb128 0x40
 878 00d5 18       		.uleb128 0x18
 879 00d6 9742     		.uleb128 0x2117
 880 00d8 19       		.uleb128 0x19
 881 00d9 00       		.byte	0
 882 00da 00       		.byte	0
ARM GAS  C:\Users\nicpa\AppData\Local\Temp\ccx7Z2VF.s 			page 19


 883 00db 10       		.uleb128 0x10
 884 00dc 34       		.uleb128 0x34
 885 00dd 00       		.byte	0
 886 00de 03       		.uleb128 0x3
 887 00df 0E       		.uleb128 0xe
 888 00e0 3A       		.uleb128 0x3a
 889 00e1 0B       		.uleb128 0xb
 890 00e2 3B       		.uleb128 0x3b
 891 00e3 0B       		.uleb128 0xb
 892 00e4 49       		.uleb128 0x49
 893 00e5 13       		.uleb128 0x13
 894 00e6 02       		.uleb128 0x2
 895 00e7 18       		.uleb128 0x18
 896 00e8 00       		.byte	0
 897 00e9 00       		.byte	0
 898 00ea 11       		.uleb128 0x11
 899 00eb 2E       		.uleb128 0x2e
 900 00ec 00       		.byte	0
 901 00ed 3F       		.uleb128 0x3f
 902 00ee 19       		.uleb128 0x19
 903 00ef 3C       		.uleb128 0x3c
 904 00f0 19       		.uleb128 0x19
 905 00f1 6E       		.uleb128 0x6e
 906 00f2 0E       		.uleb128 0xe
 907 00f3 03       		.uleb128 0x3
 908 00f4 0E       		.uleb128 0xe
 909 00f5 3A       		.uleb128 0x3a
 910 00f6 0B       		.uleb128 0xb
 911 00f7 3B       		.uleb128 0x3b
 912 00f8 05       		.uleb128 0x5
 913 00f9 00       		.byte	0
 914 00fa 00       		.byte	0
 915 00fb 00       		.byte	0
 916              		.section	.debug_loc,"",%progbits
 917              	.Ldebug_loc0:
 918              	.LLST0:
 919 0000 00000000 		.4byte	.LVL1
 920 0004 05000000 		.4byte	.LVL2-1
 921 0008 0100     		.2byte	0x1
 922 000a 50       		.byte	0x50
 923 000b 05000000 		.4byte	.LVL2-1
 924 000f 08000000 		.4byte	.LFE51
 925 0013 0400     		.2byte	0x4
 926 0015 F3       		.byte	0xf3
 927 0016 01       		.uleb128 0x1
 928 0017 50       		.byte	0x50
 929 0018 9F       		.byte	0x9f
 930 0019 00000000 		.4byte	0
 931 001d 00000000 		.4byte	0
 932              		.section	.debug_aranges,"",%progbits
 933 0000 6C000000 		.4byte	0x6c
 934 0004 0200     		.2byte	0x2
 935 0006 00000000 		.4byte	.Ldebug_info0
 936 000a 04       		.byte	0x4
 937 000b 00       		.byte	0
 938 000c 0000     		.2byte	0
 939 000e 0000     		.2byte	0
ARM GAS  C:\Users\nicpa\AppData\Local\Temp\ccx7Z2VF.s 			page 20


 940 0010 00000000 		.4byte	.LFB50
 941 0014 08000000 		.4byte	.LFE50-.LFB50
 942 0018 00000000 		.4byte	.LFB51
 943 001c 08000000 		.4byte	.LFE51-.LFB51
 944 0020 00000000 		.4byte	.LFB52
 945 0024 0A000000 		.4byte	.LFE52-.LFB52
 946 0028 00000000 		.4byte	.LFB53
 947 002c 14000000 		.4byte	.LFE53-.LFB53
 948 0030 00000000 		.4byte	.LFB54
 949 0034 18000000 		.4byte	.LFE54-.LFB54
 950 0038 00000000 		.4byte	.LFB55
 951 003c 14000000 		.4byte	.LFE55-.LFB55
 952 0040 00000000 		.4byte	.LFB56
 953 0044 08000000 		.4byte	.LFE56-.LFB56
 954 0048 00000000 		.4byte	.LFB57
 955 004c 02000000 		.4byte	.LFE57-.LFB57
 956 0050 00000000 		.4byte	.LFB58
 957 0054 02000000 		.4byte	.LFE58-.LFB58
 958 0058 00000000 		.4byte	.LFB59
 959 005c 02000000 		.4byte	.LFE59-.LFB59
 960 0060 00000000 		.4byte	.LFB60
 961 0064 02000000 		.4byte	.LFE60-.LFB60
 962 0068 00000000 		.4byte	0
 963 006c 00000000 		.4byte	0
 964              		.section	.debug_ranges,"",%progbits
 965              	.Ldebug_ranges0:
 966 0000 00000000 		.4byte	.LFB50
 967 0004 08000000 		.4byte	.LFE50
 968 0008 00000000 		.4byte	.LFB51
 969 000c 08000000 		.4byte	.LFE51
 970 0010 00000000 		.4byte	.LFB52
 971 0014 0A000000 		.4byte	.LFE52
 972 0018 00000000 		.4byte	.LFB53
 973 001c 14000000 		.4byte	.LFE53
 974 0020 00000000 		.4byte	.LFB54
 975 0024 18000000 		.4byte	.LFE54
 976 0028 00000000 		.4byte	.LFB55
 977 002c 14000000 		.4byte	.LFE55
 978 0030 00000000 		.4byte	.LFB56
 979 0034 08000000 		.4byte	.LFE56
 980 0038 00000000 		.4byte	.LFB57
 981 003c 02000000 		.4byte	.LFE57
 982 0040 00000000 		.4byte	.LFB58
 983 0044 02000000 		.4byte	.LFE58
 984 0048 00000000 		.4byte	.LFB59
 985 004c 02000000 		.4byte	.LFE59
 986 0050 00000000 		.4byte	.LFB60
 987 0054 02000000 		.4byte	.LFE60
 988 0058 00000000 		.4byte	0
 989 005c 00000000 		.4byte	0
 990              		.section	.debug_line,"",%progbits
 991              	.Ldebug_line0:
 992 0000 9C020000 		.section	.debug_str,"MS",%progbits,1
 992      0200D801 
 992      00000201 
 992      FB0E0D00 
 992      01010101 
ARM GAS  C:\Users\nicpa\AppData\Local\Temp\ccx7Z2VF.s 			page 21


 993              	.LASF5:
 994 0000 5F5F7569 		.ascii	"__uint8_t\000"
 994      6E74385F 
 994      7400
 995              	.LASF30:
 996 000a 50657269 		.ascii	"Period\000"
 996      6F6400
 997              	.LASF25:
 998 0011 4755495F 		.ascii	"GUI_X_Unlock\000"
 998      585F556E 
 998      6C6F636B 
 998      00
 999              	.LASF19:
 1000 001e 5469636B 		.ascii	"TickType_t\000"
 1000      54797065 
 1000      5F7400
 1001              	.LASF42:
 1002 0029 4755495F 		.ascii	"GUI_X_Init\000"
 1002      585F496E 
 1002      697400
 1003              	.LASF41:
 1004 0034 433A5C55 		.ascii	"C:\\Users\\nicpa\\OneDrive\\Documents\\GBM2100\\Lab"
 1004      73657273 
 1004      5C6E6963 
 1004      70615C4F 
 1004      6E654472 
 1005 0061 6F726174 		.ascii	"oratoire3.cydsn\000"
 1005      6F697265 
 1005      332E6379 
 1005      64736E00 
 1006              	.LASF43:
 1007 0071 5F53656D 		.ascii	"_Semaphore\000"
 1007      6170686F 
 1007      726500
 1008              	.LASF20:
 1009 007c 51756575 		.ascii	"QueueHandle_t\000"
 1009      6548616E 
 1009      646C655F 
 1009      7400
 1010              	.LASF16:
 1011 008a 666C6F61 		.ascii	"float\000"
 1011      7400
 1012              	.LASF31:
 1013 0090 4755495F 		.ascii	"GUI_X_Warn\000"
 1013      585F5761 
 1013      726E00
 1014              	.LASF28:
 1015 009b 4755495F 		.ascii	"GUI_X_GetTaskId\000"
 1015      585F4765 
 1015      74546173 
 1015      6B496400 
 1016              	.LASF1:
 1017 00ab 756E7369 		.ascii	"unsigned char\000"
 1017      676E6564 
 1017      20636861 
 1017      7200
 1018              	.LASF7:
ARM GAS  C:\Users\nicpa\AppData\Local\Temp\ccx7Z2VF.s 			page 22


 1019 00b9 6C6F6E67 		.ascii	"long unsigned int\000"
 1019      20756E73 
 1019      69676E65 
 1019      6420696E 
 1019      7400
 1020              	.LASF3:
 1021 00cb 73686F72 		.ascii	"short unsigned int\000"
 1021      7420756E 
 1021      7369676E 
 1021      65642069 
 1021      6E7400
 1022              	.LASF22:
 1023 00de 4755495F 		.ascii	"GUI_X_Delay\000"
 1023      585F4465 
 1023      6C617900 
 1024              	.LASF38:
 1025 00ea 78546173 		.ascii	"xTaskGetCurrentTaskHandle\000"
 1025      6B476574 
 1025      43757272 
 1025      656E7454 
 1025      61736B48 
 1026              	.LASF17:
 1027 0104 646F7562 		.ascii	"double\000"
 1027      6C6500
 1028              	.LASF21:
 1029 010b 53656D61 		.ascii	"SemaphoreHandle_t\000"
 1029      70686F72 
 1029      6548616E 
 1029      646C655F 
 1029      7400
 1030              	.LASF6:
 1031 011d 5F5F7569 		.ascii	"__uint32_t\000"
 1031      6E743332 
 1031      5F7400
 1032              	.LASF36:
 1033 0128 78517565 		.ascii	"xQueueGenericSend\000"
 1033      75654765 
 1033      6E657269 
 1033      6353656E 
 1033      6400
 1034              	.LASF32:
 1035 013a 4755495F 		.ascii	"GUI_X_ErrorOut\000"
 1035      585F4572 
 1035      726F724F 
 1035      757400
 1036              	.LASF29:
 1037 0149 4755495F 		.ascii	"GUI_X_Log\000"
 1037      585F4C6F 
 1037      6700
 1038              	.LASF40:
 1039 0153 4755495F 		.ascii	"GUI_X_RTOS.c\000"
 1039      585F5254 
 1039      4F532E63 
 1039      00
 1040              	.LASF10:
 1041 0160 756E7369 		.ascii	"unsigned int\000"
 1041      676E6564 
ARM GAS  C:\Users\nicpa\AppData\Local\Temp\ccx7Z2VF.s 			page 23


 1041      20696E74 
 1041      00
 1042              	.LASF9:
 1043 016d 6C6F6E67 		.ascii	"long long unsigned int\000"
 1043      206C6F6E 
 1043      6720756E 
 1043      7369676E 
 1043      65642069 
 1044              	.LASF14:
 1045 0184 75696E74 		.ascii	"uint8_t\000"
 1045      385F7400 
 1046              	.LASF24:
 1047 018c 4755495F 		.ascii	"GUI_X_InitOS\000"
 1047      585F496E 
 1047      69744F53 
 1047      00
 1048              	.LASF12:
 1049 0199 73697A65 		.ascii	"sizetype\000"
 1049      74797065 
 1049      00
 1050              	.LASF8:
 1051 01a2 6C6F6E67 		.ascii	"long long int\000"
 1051      206C6F6E 
 1051      6720696E 
 1051      7400
 1052              	.LASF13:
 1053 01b0 63686172 		.ascii	"char\000"
 1053      00
 1054              	.LASF23:
 1055 01b5 4755495F 		.ascii	"GUI_X_ExecIdle\000"
 1055      585F4578 
 1055      65634964 
 1055      6C6500
 1056              	.LASF27:
 1057 01c4 4755495F 		.ascii	"GUI_X_GetTime\000"
 1057      585F4765 
 1057      7454696D 
 1057      6500
 1058              	.LASF2:
 1059 01d2 73686F72 		.ascii	"short int\000"
 1059      7420696E 
 1059      7400
 1060              	.LASF26:
 1061 01dc 4755495F 		.ascii	"GUI_X_Lock\000"
 1061      585F4C6F 
 1061      636B00
 1062              	.LASF15:
 1063 01e7 75696E74 		.ascii	"uint32_t\000"
 1063      33325F74 
 1063      00
 1064              	.LASF4:
 1065 01f0 6C6F6E67 		.ascii	"long int\000"
 1065      20696E74 
 1065      00
 1066              	.LASF34:
 1067 01f9 76546173 		.ascii	"vTaskDelay\000"
 1067      6B44656C 
ARM GAS  C:\Users\nicpa\AppData\Local\Temp\ccx7Z2VF.s 			page 24


 1067      617900
 1068              	.LASF35:
 1069 0204 78517565 		.ascii	"xQueueCreateMutex\000"
 1069      75654372 
 1069      65617465 
 1069      4D757465 
 1069      7800
 1070              	.LASF11:
 1071 0216 6C6F6E67 		.ascii	"long double\000"
 1071      20646F75 
 1071      626C6500 
 1072              	.LASF39:
 1073 0222 474E5520 		.ascii	"GNU C11 5.4.1 20160609 (release) [ARM/embedded-5-br"
 1073      43313120 
 1073      352E342E 
 1073      31203230 
 1073      31363036 
 1074 0255 616E6368 		.ascii	"anch revision 237715] -mcpu=cortex-m0plus -mthumb -"
 1074      20726576 
 1074      6973696F 
 1074      6E203233 
 1074      37373135 
 1075 0288 67202D4F 		.ascii	"g -Og -ffunction-sections -ffat-lto-objects\000"
 1075      67202D66 
 1075      66756E63 
 1075      74696F6E 
 1075      2D736563 
 1076              	.LASF0:
 1077 02b4 7369676E 		.ascii	"signed char\000"
 1077      65642063 
 1077      68617200 
 1078              	.LASF37:
 1079 02c0 78517565 		.ascii	"xQueueSemaphoreTake\000"
 1079      75655365 
 1079      6D617068 
 1079      6F726554 
 1079      616B6500 
 1080              	.LASF33:
 1081 02d4 78546173 		.ascii	"xTaskGetTickCount\000"
 1081      6B476574 
 1081      5469636B 
 1081      436F756E 
 1081      7400
 1082              	.LASF18:
 1083 02e6 42617365 		.ascii	"BaseType_t\000"
 1083      54797065 
 1083      5F7400
 1084              		.ident	"GCC: (GNU Tools for ARM Embedded Processors) 5.4.1 20160609 (release) [ARM/embedded-5-bran
