ARM GAS  C:\Users\nicpa\AppData\Local\Temp\ccLZmzln.s 			page 1


   1              		.syntax unified
   2              		.cpu cortex-m0plus
   3              		.fpu softvfp
   4              		.eabi_attribute 20, 1
   5              		.eabi_attribute 21, 1
   6              		.eabi_attribute 23, 3
   7              		.eabi_attribute 24, 1
   8              		.eabi_attribute 25, 1
   9              		.eabi_attribute 26, 1
  10              		.eabi_attribute 30, 1
  11              		.eabi_attribute 34, 0
  12              		.eabi_attribute 18, 4
  13              		.thumb
  14              		.syntax unified
  15              		.file	"Status_SW2.c"
  16              		.text
  17              	.Ltext0:
  18              		.cfi_sections	.debug_frame
  19              		.section	.text.Status_SW2_Read,"ax",%progbits
  20              		.align	2
  21              		.global	Status_SW2_Read
  22              		.code	16
  23              		.thumb_func
  24              		.type	Status_SW2_Read, %function
  25              	Status_SW2_Read:
  26              	.LFB45:
  27              		.file 1 "Generated_Source\\PSoC6\\Status_SW2.c"
   1:Generated_Source\PSoC6/Status_SW2.c **** /*******************************************************************************
   2:Generated_Source\PSoC6/Status_SW2.c **** * File Name: Status_SW2.c  
   3:Generated_Source\PSoC6/Status_SW2.c **** * Version 1.90
   4:Generated_Source\PSoC6/Status_SW2.c **** *
   5:Generated_Source\PSoC6/Status_SW2.c **** * Description:
   6:Generated_Source\PSoC6/Status_SW2.c **** *  This file contains API to enable firmware to read the value of a Status 
   7:Generated_Source\PSoC6/Status_SW2.c **** *  Register.
   8:Generated_Source\PSoC6/Status_SW2.c **** *
   9:Generated_Source\PSoC6/Status_SW2.c **** * Note:
  10:Generated_Source\PSoC6/Status_SW2.c **** *
  11:Generated_Source\PSoC6/Status_SW2.c **** ********************************************************************************
  12:Generated_Source\PSoC6/Status_SW2.c **** * Copyright 2008-2015, Cypress Semiconductor Corporation.  All rights reserved.
  13:Generated_Source\PSoC6/Status_SW2.c **** * You may use this file only in accordance with the license, terms, conditions, 
  14:Generated_Source\PSoC6/Status_SW2.c **** * disclaimers, and limitations in the end user license agreement accompanying 
  15:Generated_Source\PSoC6/Status_SW2.c **** * the software package with which this file was provided.
  16:Generated_Source\PSoC6/Status_SW2.c **** *******************************************************************************/
  17:Generated_Source\PSoC6/Status_SW2.c **** 
  18:Generated_Source\PSoC6/Status_SW2.c **** #include "Status_SW2.h"
  19:Generated_Source\PSoC6/Status_SW2.c **** 
  20:Generated_Source\PSoC6/Status_SW2.c **** #if !defined(Status_SW2_sts_sts_reg__REMOVED) /* Check for removal by optimization */
  21:Generated_Source\PSoC6/Status_SW2.c **** 
  22:Generated_Source\PSoC6/Status_SW2.c **** 
  23:Generated_Source\PSoC6/Status_SW2.c **** /*******************************************************************************
  24:Generated_Source\PSoC6/Status_SW2.c **** * Function Name: Status_SW2_Read
  25:Generated_Source\PSoC6/Status_SW2.c **** ********************************************************************************
  26:Generated_Source\PSoC6/Status_SW2.c **** *
  27:Generated_Source\PSoC6/Status_SW2.c **** * Summary:
  28:Generated_Source\PSoC6/Status_SW2.c **** *  Reads the current value assigned to the Status Register.
  29:Generated_Source\PSoC6/Status_SW2.c **** *
  30:Generated_Source\PSoC6/Status_SW2.c **** * Parameters:
ARM GAS  C:\Users\nicpa\AppData\Local\Temp\ccLZmzln.s 			page 2


  31:Generated_Source\PSoC6/Status_SW2.c **** *  None.
  32:Generated_Source\PSoC6/Status_SW2.c **** *
  33:Generated_Source\PSoC6/Status_SW2.c **** * Return:
  34:Generated_Source\PSoC6/Status_SW2.c **** *  The current value in the Status Register.
  35:Generated_Source\PSoC6/Status_SW2.c **** *
  36:Generated_Source\PSoC6/Status_SW2.c **** *******************************************************************************/
  37:Generated_Source\PSoC6/Status_SW2.c **** uint8 Status_SW2_Read(void) 
  38:Generated_Source\PSoC6/Status_SW2.c **** { 
  28              		.loc 1 38 0
  29              		.cfi_startproc
  30              		@ args = 0, pretend = 0, frame = 0
  31              		@ frame_needed = 0, uses_anonymous_args = 0
  32              		@ link register save eliminated.
  39:Generated_Source\PSoC6/Status_SW2.c ****     return Status_SW2_Status;
  33              		.loc 1 39 0
  34 0000 014B     		ldr	r3, .L2
  35 0002 1878     		ldrb	r0, [r3]
  36 0004 C0B2     		uxtb	r0, r0
  40:Generated_Source\PSoC6/Status_SW2.c **** }
  37              		.loc 1 40 0
  38              		@ sp needed
  39 0006 7047     		bx	lr
  40              	.L3:
  41              		.align	2
  42              	.L2:
  43 0008 04163440 		.word	1077155332
  44              		.cfi_endproc
  45              	.LFE45:
  46              		.size	Status_SW2_Read, .-Status_SW2_Read
  47              		.section	.text.Status_SW2_InterruptEnable,"ax",%progbits
  48              		.align	2
  49              		.global	Status_SW2_InterruptEnable
  50              		.code	16
  51              		.thumb_func
  52              		.type	Status_SW2_InterruptEnable, %function
  53              	Status_SW2_InterruptEnable:
  54              	.LFB46:
  41:Generated_Source\PSoC6/Status_SW2.c **** 
  42:Generated_Source\PSoC6/Status_SW2.c **** 
  43:Generated_Source\PSoC6/Status_SW2.c **** /*******************************************************************************
  44:Generated_Source\PSoC6/Status_SW2.c **** * Function Name: Status_SW2_InterruptEnable
  45:Generated_Source\PSoC6/Status_SW2.c **** ********************************************************************************
  46:Generated_Source\PSoC6/Status_SW2.c **** *
  47:Generated_Source\PSoC6/Status_SW2.c **** * Summary:
  48:Generated_Source\PSoC6/Status_SW2.c **** *  Enables the Status Register interrupt.
  49:Generated_Source\PSoC6/Status_SW2.c **** *
  50:Generated_Source\PSoC6/Status_SW2.c **** * Parameters:
  51:Generated_Source\PSoC6/Status_SW2.c **** *  None.
  52:Generated_Source\PSoC6/Status_SW2.c **** *
  53:Generated_Source\PSoC6/Status_SW2.c **** * Return:
  54:Generated_Source\PSoC6/Status_SW2.c **** *  None.
  55:Generated_Source\PSoC6/Status_SW2.c **** *
  56:Generated_Source\PSoC6/Status_SW2.c **** *******************************************************************************/
  57:Generated_Source\PSoC6/Status_SW2.c **** void Status_SW2_InterruptEnable(void) 
  58:Generated_Source\PSoC6/Status_SW2.c **** {
  55              		.loc 1 58 0
  56              		.cfi_startproc
ARM GAS  C:\Users\nicpa\AppData\Local\Temp\ccLZmzln.s 			page 3


  57              		@ args = 0, pretend = 0, frame = 0
  58              		@ frame_needed = 0, uses_anonymous_args = 0
  59 0000 10B5     		push	{r4, lr}
  60              		.cfi_def_cfa_offset 8
  61              		.cfi_offset 4, -8
  62              		.cfi_offset 14, -4
  59:Generated_Source\PSoC6/Status_SW2.c ****     uint8 interruptState;
  60:Generated_Source\PSoC6/Status_SW2.c ****     interruptState = CyEnterCriticalSection();
  63              		.loc 1 60 0
  64 0002 FFF7FEFF 		bl	Cy_SysLib_EnterCriticalSection
  65              	.LVL0:
  61:Generated_Source\PSoC6/Status_SW2.c ****     Status_SW2_Status_Aux_Ctrl |= Status_SW2_STATUS_INTR_ENBL;
  66              		.loc 1 61 0
  67 0006 054A     		ldr	r2, .L5
  68 0008 1178     		ldrb	r1, [r2]
  69 000a 1023     		movs	r3, #16
  70 000c 0B43     		orrs	r3, r1
  71 000e DBB2     		uxtb	r3, r3
  72 0010 1370     		strb	r3, [r2]
  62:Generated_Source\PSoC6/Status_SW2.c ****     CyExitCriticalSection(interruptState);
  73              		.loc 1 62 0
  74 0012 FF23     		movs	r3, #255
  75 0014 1840     		ands	r0, r3
  76              	.LVL1:
  77 0016 FFF7FEFF 		bl	Cy_SysLib_ExitCriticalSection
  78              	.LVL2:
  63:Generated_Source\PSoC6/Status_SW2.c **** }
  79              		.loc 1 63 0
  80              		@ sp needed
  81 001a 10BD     		pop	{r4, pc}
  82              	.L6:
  83              		.align	2
  84              	.L5:
  85 001c 04193440 		.word	1077156100
  86              		.cfi_endproc
  87              	.LFE46:
  88              		.size	Status_SW2_InterruptEnable, .-Status_SW2_InterruptEnable
  89              		.section	.text.Status_SW2_InterruptDisable,"ax",%progbits
  90              		.align	2
  91              		.global	Status_SW2_InterruptDisable
  92              		.code	16
  93              		.thumb_func
  94              		.type	Status_SW2_InterruptDisable, %function
  95              	Status_SW2_InterruptDisable:
  96              	.LFB47:
  64:Generated_Source\PSoC6/Status_SW2.c **** 
  65:Generated_Source\PSoC6/Status_SW2.c **** 
  66:Generated_Source\PSoC6/Status_SW2.c **** /*******************************************************************************
  67:Generated_Source\PSoC6/Status_SW2.c **** * Function Name: Status_SW2_InterruptDisable
  68:Generated_Source\PSoC6/Status_SW2.c **** ********************************************************************************
  69:Generated_Source\PSoC6/Status_SW2.c **** *
  70:Generated_Source\PSoC6/Status_SW2.c **** * Summary:
  71:Generated_Source\PSoC6/Status_SW2.c **** *  Disables the Status Register interrupt.
  72:Generated_Source\PSoC6/Status_SW2.c **** *
  73:Generated_Source\PSoC6/Status_SW2.c **** * Parameters:
  74:Generated_Source\PSoC6/Status_SW2.c **** *  None.
  75:Generated_Source\PSoC6/Status_SW2.c **** *
ARM GAS  C:\Users\nicpa\AppData\Local\Temp\ccLZmzln.s 			page 4


  76:Generated_Source\PSoC6/Status_SW2.c **** * Return:
  77:Generated_Source\PSoC6/Status_SW2.c **** *  None.
  78:Generated_Source\PSoC6/Status_SW2.c **** *
  79:Generated_Source\PSoC6/Status_SW2.c **** *******************************************************************************/
  80:Generated_Source\PSoC6/Status_SW2.c **** void Status_SW2_InterruptDisable(void) 
  81:Generated_Source\PSoC6/Status_SW2.c **** {
  97              		.loc 1 81 0
  98              		.cfi_startproc
  99              		@ args = 0, pretend = 0, frame = 0
 100              		@ frame_needed = 0, uses_anonymous_args = 0
 101 0000 10B5     		push	{r4, lr}
 102              		.cfi_def_cfa_offset 8
 103              		.cfi_offset 4, -8
 104              		.cfi_offset 14, -4
  82:Generated_Source\PSoC6/Status_SW2.c ****     uint8 interruptState;
  83:Generated_Source\PSoC6/Status_SW2.c ****     interruptState = CyEnterCriticalSection();
 105              		.loc 1 83 0
 106 0002 FFF7FEFF 		bl	Cy_SysLib_EnterCriticalSection
 107              	.LVL3:
  84:Generated_Source\PSoC6/Status_SW2.c ****     Status_SW2_Status_Aux_Ctrl &= (uint8)(~Status_SW2_STATUS_INTR_ENBL);
 108              		.loc 1 84 0
 109 0006 054A     		ldr	r2, .L8
 110 0008 1378     		ldrb	r3, [r2]
 111 000a 1021     		movs	r1, #16
 112 000c 8B43     		bics	r3, r1
 113 000e 1370     		strb	r3, [r2]
  85:Generated_Source\PSoC6/Status_SW2.c ****     CyExitCriticalSection(interruptState);
 114              		.loc 1 85 0
 115 0010 FF23     		movs	r3, #255
 116 0012 1840     		ands	r0, r3
 117              	.LVL4:
 118 0014 FFF7FEFF 		bl	Cy_SysLib_ExitCriticalSection
 119              	.LVL5:
  86:Generated_Source\PSoC6/Status_SW2.c **** }
 120              		.loc 1 86 0
 121              		@ sp needed
 122 0018 10BD     		pop	{r4, pc}
 123              	.L9:
 124 001a C046     		.align	2
 125              	.L8:
 126 001c 04193440 		.word	1077156100
 127              		.cfi_endproc
 128              	.LFE47:
 129              		.size	Status_SW2_InterruptDisable, .-Status_SW2_InterruptDisable
 130              		.section	.text.Status_SW2_WriteMask,"ax",%progbits
 131              		.align	2
 132              		.global	Status_SW2_WriteMask
 133              		.code	16
 134              		.thumb_func
 135              		.type	Status_SW2_WriteMask, %function
 136              	Status_SW2_WriteMask:
 137              	.LFB48:
  87:Generated_Source\PSoC6/Status_SW2.c **** 
  88:Generated_Source\PSoC6/Status_SW2.c **** 
  89:Generated_Source\PSoC6/Status_SW2.c **** /*******************************************************************************
  90:Generated_Source\PSoC6/Status_SW2.c **** * Function Name: Status_SW2_WriteMask
  91:Generated_Source\PSoC6/Status_SW2.c **** ********************************************************************************
ARM GAS  C:\Users\nicpa\AppData\Local\Temp\ccLZmzln.s 			page 5


  92:Generated_Source\PSoC6/Status_SW2.c **** *
  93:Generated_Source\PSoC6/Status_SW2.c **** * Summary:
  94:Generated_Source\PSoC6/Status_SW2.c **** *  Writes the current mask value assigned to the Status Register.
  95:Generated_Source\PSoC6/Status_SW2.c **** *
  96:Generated_Source\PSoC6/Status_SW2.c **** * Parameters:
  97:Generated_Source\PSoC6/Status_SW2.c **** *  mask:  Value to write into the mask register.
  98:Generated_Source\PSoC6/Status_SW2.c **** *
  99:Generated_Source\PSoC6/Status_SW2.c **** * Return:
 100:Generated_Source\PSoC6/Status_SW2.c **** *  None.
 101:Generated_Source\PSoC6/Status_SW2.c **** *
 102:Generated_Source\PSoC6/Status_SW2.c **** *******************************************************************************/
 103:Generated_Source\PSoC6/Status_SW2.c **** void Status_SW2_WriteMask(uint8 mask) 
 104:Generated_Source\PSoC6/Status_SW2.c **** {
 138              		.loc 1 104 0
 139              		.cfi_startproc
 140              		@ args = 0, pretend = 0, frame = 0
 141              		@ frame_needed = 0, uses_anonymous_args = 0
 142              		@ link register save eliminated.
 143              	.LVL6:
 105:Generated_Source\PSoC6/Status_SW2.c ****     #if(Status_SW2_INPUTS < 8u)
 106:Generated_Source\PSoC6/Status_SW2.c ****     	mask &= ((uint8)(1u << Status_SW2_INPUTS) - 1u);
 144              		.loc 1 106 0
 145 0000 0123     		movs	r3, #1
 146 0002 1840     		ands	r0, r3
 147              	.LVL7:
 107:Generated_Source\PSoC6/Status_SW2.c **** 	#endif /* End Status_SW2_INPUTS < 8u */
 108:Generated_Source\PSoC6/Status_SW2.c ****     Status_SW2_Status_Mask = mask;
 148              		.loc 1 108 0
 149 0004 014B     		ldr	r3, .L11
 150 0006 1870     		strb	r0, [r3]
 109:Generated_Source\PSoC6/Status_SW2.c **** }
 151              		.loc 1 109 0
 152              		@ sp needed
 153 0008 7047     		bx	lr
 154              	.L12:
 155 000a C046     		.align	2
 156              	.L11:
 157 000c 04183440 		.word	1077155844
 158              		.cfi_endproc
 159              	.LFE48:
 160              		.size	Status_SW2_WriteMask, .-Status_SW2_WriteMask
 161              		.section	.text.Status_SW2_ReadMask,"ax",%progbits
 162              		.align	2
 163              		.global	Status_SW2_ReadMask
 164              		.code	16
 165              		.thumb_func
 166              		.type	Status_SW2_ReadMask, %function
 167              	Status_SW2_ReadMask:
 168              	.LFB49:
 110:Generated_Source\PSoC6/Status_SW2.c **** 
 111:Generated_Source\PSoC6/Status_SW2.c **** 
 112:Generated_Source\PSoC6/Status_SW2.c **** /*******************************************************************************
 113:Generated_Source\PSoC6/Status_SW2.c **** * Function Name: Status_SW2_ReadMask
 114:Generated_Source\PSoC6/Status_SW2.c **** ********************************************************************************
 115:Generated_Source\PSoC6/Status_SW2.c **** *
 116:Generated_Source\PSoC6/Status_SW2.c **** * Summary:
 117:Generated_Source\PSoC6/Status_SW2.c **** *  Reads the current interrupt mask assigned to the Status Register.
ARM GAS  C:\Users\nicpa\AppData\Local\Temp\ccLZmzln.s 			page 6


 118:Generated_Source\PSoC6/Status_SW2.c **** *
 119:Generated_Source\PSoC6/Status_SW2.c **** * Parameters:
 120:Generated_Source\PSoC6/Status_SW2.c **** *  None.
 121:Generated_Source\PSoC6/Status_SW2.c **** *
 122:Generated_Source\PSoC6/Status_SW2.c **** * Return:
 123:Generated_Source\PSoC6/Status_SW2.c **** *  The value of the interrupt mask of the Status Register.
 124:Generated_Source\PSoC6/Status_SW2.c **** *
 125:Generated_Source\PSoC6/Status_SW2.c **** *******************************************************************************/
 126:Generated_Source\PSoC6/Status_SW2.c **** uint8 Status_SW2_ReadMask(void) 
 127:Generated_Source\PSoC6/Status_SW2.c **** {
 169              		.loc 1 127 0
 170              		.cfi_startproc
 171              		@ args = 0, pretend = 0, frame = 0
 172              		@ frame_needed = 0, uses_anonymous_args = 0
 173              		@ link register save eliminated.
 128:Generated_Source\PSoC6/Status_SW2.c ****     return Status_SW2_Status_Mask;
 174              		.loc 1 128 0
 175 0000 014B     		ldr	r3, .L14
 176 0002 1878     		ldrb	r0, [r3]
 177 0004 C0B2     		uxtb	r0, r0
 129:Generated_Source\PSoC6/Status_SW2.c **** }
 178              		.loc 1 129 0
 179              		@ sp needed
 180 0006 7047     		bx	lr
 181              	.L15:
 182              		.align	2
 183              	.L14:
 184 0008 04183440 		.word	1077155844
 185              		.cfi_endproc
 186              	.LFE49:
 187              		.size	Status_SW2_ReadMask, .-Status_SW2_ReadMask
 188              		.text
 189              	.Letext0:
 190              		.file 2 "c:\\program files (x86)\\cypress\\psoc creator\\4.4\\psoc creator\\import\\gnu\\arm\\5.4.
 191              		.file 3 "c:\\program files (x86)\\cypress\\psoc creator\\4.4\\psoc creator\\import\\gnu\\arm\\5.4.
 192              		.file 4 "Generated_Source\\PSoC6\\pdl\\drivers/peripheral/syslib/cy_syslib.h"
 193              		.section	.debug_info,"",%progbits
 194              	.Ldebug_info0:
 195 0000 A9010000 		.4byte	0x1a9
 196 0004 0400     		.2byte	0x4
 197 0006 00000000 		.4byte	.Ldebug_abbrev0
 198 000a 04       		.byte	0x4
 199 000b 01       		.uleb128 0x1
 200 000c F2010000 		.4byte	.LASF28
 201 0010 0C       		.byte	0xc
 202 0011 56000000 		.4byte	.LASF29
 203 0015 6C010000 		.4byte	.LASF30
 204 0019 00000000 		.4byte	.Ldebug_ranges0+0
 205 001d 00000000 		.4byte	0
 206 0021 00000000 		.4byte	.Ldebug_line0
 207 0025 02       		.uleb128 0x2
 208 0026 02       		.byte	0x2
 209 0027 05       		.byte	0x5
 210 0028 A9010000 		.4byte	.LASF0
 211 002c 02       		.uleb128 0x2
 212 002d 01       		.byte	0x1
 213 002e 08       		.byte	0x8
ARM GAS  C:\Users\nicpa\AppData\Local\Temp\ccLZmzln.s 			page 7


 214 002f 80000000 		.4byte	.LASF1
 215 0033 02       		.uleb128 0x2
 216 0034 01       		.byte	0x1
 217 0035 06       		.byte	0x6
 218 0036 84020000 		.4byte	.LASF2
 219 003a 03       		.uleb128 0x3
 220 003b 00000000 		.4byte	.LASF5
 221 003f 02       		.byte	0x2
 222 0040 1D       		.byte	0x1d
 223 0041 2C000000 		.4byte	0x2c
 224 0045 02       		.uleb128 0x2
 225 0046 02       		.byte	0x2
 226 0047 07       		.byte	0x7
 227 0048 28000000 		.4byte	.LASF3
 228 004c 02       		.uleb128 0x2
 229 004d 04       		.byte	0x4
 230 004e 05       		.byte	0x5
 231 004f D8010000 		.4byte	.LASF4
 232 0053 03       		.uleb128 0x3
 233 0054 D5000000 		.4byte	.LASF6
 234 0058 02       		.byte	0x2
 235 0059 41       		.byte	0x41
 236 005a 5E000000 		.4byte	0x5e
 237 005e 02       		.uleb128 0x2
 238 005f 04       		.byte	0x4
 239 0060 07       		.byte	0x7
 240 0061 A2000000 		.4byte	.LASF7
 241 0065 02       		.uleb128 0x2
 242 0066 08       		.byte	0x8
 243 0067 05       		.byte	0x5
 244 0068 59010000 		.4byte	.LASF8
 245 006c 02       		.uleb128 0x2
 246 006d 08       		.byte	0x8
 247 006e 07       		.byte	0x7
 248 006f 1C010000 		.4byte	.LASF9
 249 0073 04       		.uleb128 0x4
 250 0074 04       		.byte	0x4
 251 0075 05       		.byte	0x5
 252 0076 696E7400 		.ascii	"int\000"
 253 007a 02       		.uleb128 0x2
 254 007b 04       		.byte	0x4
 255 007c 07       		.byte	0x7
 256 007d 0F010000 		.4byte	.LASF10
 257 0081 03       		.uleb128 0x3
 258 0082 33010000 		.4byte	.LASF11
 259 0086 03       		.byte	0x3
 260 0087 18       		.byte	0x18
 261 0088 3A000000 		.4byte	0x3a
 262 008c 03       		.uleb128 0x3
 263 008d CF010000 		.4byte	.LASF12
 264 0091 03       		.byte	0x3
 265 0092 30       		.byte	0x30
 266 0093 53000000 		.4byte	0x53
 267 0097 02       		.uleb128 0x2
 268 0098 04       		.byte	0x4
 269 0099 07       		.byte	0x7
 270 009a 50010000 		.4byte	.LASF13
ARM GAS  C:\Users\nicpa\AppData\Local\Temp\ccLZmzln.s 			page 8


 271 009e 05       		.uleb128 0x5
 272 009f 81000000 		.4byte	0x81
 273 00a3 02       		.uleb128 0x2
 274 00a4 08       		.byte	0x8
 275 00a5 04       		.byte	0x4
 276 00a6 E6010000 		.4byte	.LASF14
 277 00aa 02       		.uleb128 0x2
 278 00ab 01       		.byte	0x1
 279 00ac 08       		.byte	0x8
 280 00ad E1010000 		.4byte	.LASF15
 281 00b1 02       		.uleb128 0x2
 282 00b2 04       		.byte	0x4
 283 00b3 04       		.byte	0x4
 284 00b4 7A000000 		.4byte	.LASF16
 285 00b8 02       		.uleb128 0x2
 286 00b9 08       		.byte	0x8
 287 00ba 04       		.byte	0x4
 288 00bb CE000000 		.4byte	.LASF17
 289 00bf 06       		.uleb128 0x6
 290 00c0 B4000000 		.4byte	.LASF18
 291 00c4 04       		.byte	0x4
 292 00c5 EA03     		.2byte	0x3ea
 293 00c7 81000000 		.4byte	0x81
 294 00cb 06       		.uleb128 0x6
 295 00cc 8E000000 		.4byte	.LASF19
 296 00d0 04       		.byte	0x4
 297 00d1 F603     		.2byte	0x3f6
 298 00d3 9E000000 		.4byte	0x9e
 299 00d7 07       		.uleb128 0x7
 300 00d8 E0000000 		.4byte	.LASF24
 301 00dc 01       		.byte	0x1
 302 00dd 25       		.byte	0x25
 303 00de BF000000 		.4byte	0xbf
 304 00e2 00000000 		.4byte	.LFB45
 305 00e6 0C000000 		.4byte	.LFE45-.LFB45
 306 00ea 01       		.uleb128 0x1
 307 00eb 9C       		.byte	0x9c
 308 00ec 08       		.uleb128 0x8
 309 00ed 3B000000 		.4byte	.LASF20
 310 00f1 01       		.byte	0x1
 311 00f2 39       		.byte	0x39
 312 00f3 00000000 		.4byte	.LFB46
 313 00f7 20000000 		.4byte	.LFE46-.LFB46
 314 00fb 01       		.uleb128 0x1
 315 00fc 9C       		.byte	0x9c
 316 00fd 23010000 		.4byte	0x123
 317 0101 09       		.uleb128 0x9
 318 0102 93000000 		.4byte	.LASF22
 319 0106 01       		.byte	0x1
 320 0107 3B       		.byte	0x3b
 321 0108 BF000000 		.4byte	0xbf
 322 010c 00000000 		.4byte	.LLST0
 323 0110 0A       		.uleb128 0xa
 324 0111 06000000 		.4byte	.LVL0
 325 0115 94010000 		.4byte	0x194
 326 0119 0A       		.uleb128 0xa
 327 011a 1A000000 		.4byte	.LVL2
ARM GAS  C:\Users\nicpa\AppData\Local\Temp\ccLZmzln.s 			page 9


 328 011e A0010000 		.4byte	0x1a0
 329 0122 00       		.byte	0
 330 0123 08       		.uleb128 0x8
 331 0124 B3010000 		.4byte	.LASF21
 332 0128 01       		.byte	0x1
 333 0129 50       		.byte	0x50
 334 012a 00000000 		.4byte	.LFB47
 335 012e 20000000 		.4byte	.LFE47-.LFB47
 336 0132 01       		.uleb128 0x1
 337 0133 9C       		.byte	0x9c
 338 0134 5A010000 		.4byte	0x15a
 339 0138 09       		.uleb128 0x9
 340 0139 93000000 		.4byte	.LASF22
 341 013d 01       		.byte	0x1
 342 013e 52       		.byte	0x52
 343 013f BF000000 		.4byte	0xbf
 344 0143 13000000 		.4byte	.LLST1
 345 0147 0A       		.uleb128 0xa
 346 0148 06000000 		.4byte	.LVL3
 347 014c 94010000 		.4byte	0x194
 348 0150 0A       		.uleb128 0xa
 349 0151 18000000 		.4byte	.LVL5
 350 0155 A0010000 		.4byte	0x1a0
 351 0159 00       		.byte	0
 352 015a 08       		.uleb128 0x8
 353 015b 3B010000 		.4byte	.LASF23
 354 015f 01       		.byte	0x1
 355 0160 67       		.byte	0x67
 356 0161 00000000 		.4byte	.LFB48
 357 0165 10000000 		.4byte	.LFE48-.LFB48
 358 0169 01       		.uleb128 0x1
 359 016a 9C       		.byte	0x9c
 360 016b 7F010000 		.4byte	0x17f
 361 016f 0B       		.uleb128 0xb
 362 0170 67010000 		.4byte	.LASF31
 363 0174 01       		.byte	0x1
 364 0175 67       		.byte	0x67
 365 0176 BF000000 		.4byte	0xbf
 366 017a 26000000 		.4byte	.LLST2
 367 017e 00       		.byte	0
 368 017f 07       		.uleb128 0x7
 369 0180 BA000000 		.4byte	.LASF25
 370 0184 01       		.byte	0x1
 371 0185 7E       		.byte	0x7e
 372 0186 BF000000 		.4byte	0xbf
 373 018a 00000000 		.4byte	.LFB49
 374 018e 0C000000 		.4byte	.LFE49-.LFB49
 375 0192 01       		.uleb128 0x1
 376 0193 9C       		.byte	0x9c
 377 0194 0C       		.uleb128 0xc
 378 0195 F0000000 		.4byte	.LASF26
 379 0199 F0000000 		.4byte	.LASF26
 380 019d 04       		.byte	0x4
 381 019e B203     		.2byte	0x3b2
 382 01a0 0C       		.uleb128 0xc
 383 01a1 0A000000 		.4byte	.LASF27
 384 01a5 0A000000 		.4byte	.LASF27
ARM GAS  C:\Users\nicpa\AppData\Local\Temp\ccLZmzln.s 			page 10


 385 01a9 04       		.byte	0x4
 386 01aa C103     		.2byte	0x3c1
 387 01ac 00       		.byte	0
 388              		.section	.debug_abbrev,"",%progbits
 389              	.Ldebug_abbrev0:
 390 0000 01       		.uleb128 0x1
 391 0001 11       		.uleb128 0x11
 392 0002 01       		.byte	0x1
 393 0003 25       		.uleb128 0x25
 394 0004 0E       		.uleb128 0xe
 395 0005 13       		.uleb128 0x13
 396 0006 0B       		.uleb128 0xb
 397 0007 03       		.uleb128 0x3
 398 0008 0E       		.uleb128 0xe
 399 0009 1B       		.uleb128 0x1b
 400 000a 0E       		.uleb128 0xe
 401 000b 55       		.uleb128 0x55
 402 000c 17       		.uleb128 0x17
 403 000d 11       		.uleb128 0x11
 404 000e 01       		.uleb128 0x1
 405 000f 10       		.uleb128 0x10
 406 0010 17       		.uleb128 0x17
 407 0011 00       		.byte	0
 408 0012 00       		.byte	0
 409 0013 02       		.uleb128 0x2
 410 0014 24       		.uleb128 0x24
 411 0015 00       		.byte	0
 412 0016 0B       		.uleb128 0xb
 413 0017 0B       		.uleb128 0xb
 414 0018 3E       		.uleb128 0x3e
 415 0019 0B       		.uleb128 0xb
 416 001a 03       		.uleb128 0x3
 417 001b 0E       		.uleb128 0xe
 418 001c 00       		.byte	0
 419 001d 00       		.byte	0
 420 001e 03       		.uleb128 0x3
 421 001f 16       		.uleb128 0x16
 422 0020 00       		.byte	0
 423 0021 03       		.uleb128 0x3
 424 0022 0E       		.uleb128 0xe
 425 0023 3A       		.uleb128 0x3a
 426 0024 0B       		.uleb128 0xb
 427 0025 3B       		.uleb128 0x3b
 428 0026 0B       		.uleb128 0xb
 429 0027 49       		.uleb128 0x49
 430 0028 13       		.uleb128 0x13
 431 0029 00       		.byte	0
 432 002a 00       		.byte	0
 433 002b 04       		.uleb128 0x4
 434 002c 24       		.uleb128 0x24
 435 002d 00       		.byte	0
 436 002e 0B       		.uleb128 0xb
 437 002f 0B       		.uleb128 0xb
 438 0030 3E       		.uleb128 0x3e
 439 0031 0B       		.uleb128 0xb
 440 0032 03       		.uleb128 0x3
 441 0033 08       		.uleb128 0x8
ARM GAS  C:\Users\nicpa\AppData\Local\Temp\ccLZmzln.s 			page 11


 442 0034 00       		.byte	0
 443 0035 00       		.byte	0
 444 0036 05       		.uleb128 0x5
 445 0037 35       		.uleb128 0x35
 446 0038 00       		.byte	0
 447 0039 49       		.uleb128 0x49
 448 003a 13       		.uleb128 0x13
 449 003b 00       		.byte	0
 450 003c 00       		.byte	0
 451 003d 06       		.uleb128 0x6
 452 003e 16       		.uleb128 0x16
 453 003f 00       		.byte	0
 454 0040 03       		.uleb128 0x3
 455 0041 0E       		.uleb128 0xe
 456 0042 3A       		.uleb128 0x3a
 457 0043 0B       		.uleb128 0xb
 458 0044 3B       		.uleb128 0x3b
 459 0045 05       		.uleb128 0x5
 460 0046 49       		.uleb128 0x49
 461 0047 13       		.uleb128 0x13
 462 0048 00       		.byte	0
 463 0049 00       		.byte	0
 464 004a 07       		.uleb128 0x7
 465 004b 2E       		.uleb128 0x2e
 466 004c 00       		.byte	0
 467 004d 3F       		.uleb128 0x3f
 468 004e 19       		.uleb128 0x19
 469 004f 03       		.uleb128 0x3
 470 0050 0E       		.uleb128 0xe
 471 0051 3A       		.uleb128 0x3a
 472 0052 0B       		.uleb128 0xb
 473 0053 3B       		.uleb128 0x3b
 474 0054 0B       		.uleb128 0xb
 475 0055 27       		.uleb128 0x27
 476 0056 19       		.uleb128 0x19
 477 0057 49       		.uleb128 0x49
 478 0058 13       		.uleb128 0x13
 479 0059 11       		.uleb128 0x11
 480 005a 01       		.uleb128 0x1
 481 005b 12       		.uleb128 0x12
 482 005c 06       		.uleb128 0x6
 483 005d 40       		.uleb128 0x40
 484 005e 18       		.uleb128 0x18
 485 005f 9742     		.uleb128 0x2117
 486 0061 19       		.uleb128 0x19
 487 0062 00       		.byte	0
 488 0063 00       		.byte	0
 489 0064 08       		.uleb128 0x8
 490 0065 2E       		.uleb128 0x2e
 491 0066 01       		.byte	0x1
 492 0067 3F       		.uleb128 0x3f
 493 0068 19       		.uleb128 0x19
 494 0069 03       		.uleb128 0x3
 495 006a 0E       		.uleb128 0xe
 496 006b 3A       		.uleb128 0x3a
 497 006c 0B       		.uleb128 0xb
 498 006d 3B       		.uleb128 0x3b
ARM GAS  C:\Users\nicpa\AppData\Local\Temp\ccLZmzln.s 			page 12


 499 006e 0B       		.uleb128 0xb
 500 006f 27       		.uleb128 0x27
 501 0070 19       		.uleb128 0x19
 502 0071 11       		.uleb128 0x11
 503 0072 01       		.uleb128 0x1
 504 0073 12       		.uleb128 0x12
 505 0074 06       		.uleb128 0x6
 506 0075 40       		.uleb128 0x40
 507 0076 18       		.uleb128 0x18
 508 0077 9742     		.uleb128 0x2117
 509 0079 19       		.uleb128 0x19
 510 007a 01       		.uleb128 0x1
 511 007b 13       		.uleb128 0x13
 512 007c 00       		.byte	0
 513 007d 00       		.byte	0
 514 007e 09       		.uleb128 0x9
 515 007f 34       		.uleb128 0x34
 516 0080 00       		.byte	0
 517 0081 03       		.uleb128 0x3
 518 0082 0E       		.uleb128 0xe
 519 0083 3A       		.uleb128 0x3a
 520 0084 0B       		.uleb128 0xb
 521 0085 3B       		.uleb128 0x3b
 522 0086 0B       		.uleb128 0xb
 523 0087 49       		.uleb128 0x49
 524 0088 13       		.uleb128 0x13
 525 0089 02       		.uleb128 0x2
 526 008a 17       		.uleb128 0x17
 527 008b 00       		.byte	0
 528 008c 00       		.byte	0
 529 008d 0A       		.uleb128 0xa
 530 008e 898201   		.uleb128 0x4109
 531 0091 00       		.byte	0
 532 0092 11       		.uleb128 0x11
 533 0093 01       		.uleb128 0x1
 534 0094 31       		.uleb128 0x31
 535 0095 13       		.uleb128 0x13
 536 0096 00       		.byte	0
 537 0097 00       		.byte	0
 538 0098 0B       		.uleb128 0xb
 539 0099 05       		.uleb128 0x5
 540 009a 00       		.byte	0
 541 009b 03       		.uleb128 0x3
 542 009c 0E       		.uleb128 0xe
 543 009d 3A       		.uleb128 0x3a
 544 009e 0B       		.uleb128 0xb
 545 009f 3B       		.uleb128 0x3b
 546 00a0 0B       		.uleb128 0xb
 547 00a1 49       		.uleb128 0x49
 548 00a2 13       		.uleb128 0x13
 549 00a3 02       		.uleb128 0x2
 550 00a4 17       		.uleb128 0x17
 551 00a5 00       		.byte	0
 552 00a6 00       		.byte	0
 553 00a7 0C       		.uleb128 0xc
 554 00a8 2E       		.uleb128 0x2e
 555 00a9 00       		.byte	0
ARM GAS  C:\Users\nicpa\AppData\Local\Temp\ccLZmzln.s 			page 13


 556 00aa 3F       		.uleb128 0x3f
 557 00ab 19       		.uleb128 0x19
 558 00ac 3C       		.uleb128 0x3c
 559 00ad 19       		.uleb128 0x19
 560 00ae 6E       		.uleb128 0x6e
 561 00af 0E       		.uleb128 0xe
 562 00b0 03       		.uleb128 0x3
 563 00b1 0E       		.uleb128 0xe
 564 00b2 3A       		.uleb128 0x3a
 565 00b3 0B       		.uleb128 0xb
 566 00b4 3B       		.uleb128 0x3b
 567 00b5 05       		.uleb128 0x5
 568 00b6 00       		.byte	0
 569 00b7 00       		.byte	0
 570 00b8 00       		.byte	0
 571              		.section	.debug_loc,"",%progbits
 572              	.Ldebug_loc0:
 573              	.LLST0:
 574 0000 06000000 		.4byte	.LVL0
 575 0004 16000000 		.4byte	.LVL1
 576 0008 0100     		.2byte	0x1
 577 000a 50       		.byte	0x50
 578 000b 00000000 		.4byte	0
 579 000f 00000000 		.4byte	0
 580              	.LLST1:
 581 0013 06000000 		.4byte	.LVL3
 582 0017 14000000 		.4byte	.LVL4
 583 001b 0100     		.2byte	0x1
 584 001d 50       		.byte	0x50
 585 001e 00000000 		.4byte	0
 586 0022 00000000 		.4byte	0
 587              	.LLST2:
 588 0026 00000000 		.4byte	.LVL6
 589 002a 04000000 		.4byte	.LVL7
 590 002e 0100     		.2byte	0x1
 591 0030 50       		.byte	0x50
 592 0031 04000000 		.4byte	.LVL7
 593 0035 10000000 		.4byte	.LFE48
 594 0039 0100     		.2byte	0x1
 595 003b 50       		.byte	0x50
 596 003c 00000000 		.4byte	0
 597 0040 00000000 		.4byte	0
 598              		.section	.debug_aranges,"",%progbits
 599 0000 3C000000 		.4byte	0x3c
 600 0004 0200     		.2byte	0x2
 601 0006 00000000 		.4byte	.Ldebug_info0
 602 000a 04       		.byte	0x4
 603 000b 00       		.byte	0
 604 000c 0000     		.2byte	0
 605 000e 0000     		.2byte	0
 606 0010 00000000 		.4byte	.LFB45
 607 0014 0C000000 		.4byte	.LFE45-.LFB45
 608 0018 00000000 		.4byte	.LFB46
 609 001c 20000000 		.4byte	.LFE46-.LFB46
 610 0020 00000000 		.4byte	.LFB47
 611 0024 20000000 		.4byte	.LFE47-.LFB47
 612 0028 00000000 		.4byte	.LFB48
ARM GAS  C:\Users\nicpa\AppData\Local\Temp\ccLZmzln.s 			page 14


 613 002c 10000000 		.4byte	.LFE48-.LFB48
 614 0030 00000000 		.4byte	.LFB49
 615 0034 0C000000 		.4byte	.LFE49-.LFB49
 616 0038 00000000 		.4byte	0
 617 003c 00000000 		.4byte	0
 618              		.section	.debug_ranges,"",%progbits
 619              	.Ldebug_ranges0:
 620 0000 00000000 		.4byte	.LFB45
 621 0004 0C000000 		.4byte	.LFE45
 622 0008 00000000 		.4byte	.LFB46
 623 000c 20000000 		.4byte	.LFE46
 624 0010 00000000 		.4byte	.LFB47
 625 0014 20000000 		.4byte	.LFE47
 626 0018 00000000 		.4byte	.LFB48
 627 001c 10000000 		.4byte	.LFE48
 628 0020 00000000 		.4byte	.LFB49
 629 0024 0C000000 		.4byte	.LFE49
 630 0028 00000000 		.4byte	0
 631 002c 00000000 		.4byte	0
 632              		.section	.debug_line,"",%progbits
 633              	.Ldebug_line0:
 634 0000 DE010000 		.section	.debug_str,"MS",%progbits,1
 634      02007B01 
 634      00000201 
 634      FB0E0D00 
 634      01010101 
 635              	.LASF5:
 636 0000 5F5F7569 		.ascii	"__uint8_t\000"
 636      6E74385F 
 636      7400
 637              	.LASF27:
 638 000a 43795F53 		.ascii	"Cy_SysLib_ExitCriticalSection\000"
 638      79734C69 
 638      625F4578 
 638      69744372 
 638      69746963 
 639              	.LASF3:
 640 0028 73686F72 		.ascii	"short unsigned int\000"
 640      7420756E 
 640      7369676E 
 640      65642069 
 640      6E7400
 641              	.LASF20:
 642 003b 53746174 		.ascii	"Status_SW2_InterruptEnable\000"
 642      75735F53 
 642      57325F49 
 642      6E746572 
 642      72757074 
 643              	.LASF29:
 644 0056 47656E65 		.ascii	"Generated_Source\\PSoC6\\Status_SW2.c\000"
 644      72617465 
 644      645F536F 
 644      75726365 
 644      5C50536F 
 645              	.LASF16:
 646 007a 666C6F61 		.ascii	"float\000"
 646      7400
ARM GAS  C:\Users\nicpa\AppData\Local\Temp\ccLZmzln.s 			page 15


 647              	.LASF1:
 648 0080 756E7369 		.ascii	"unsigned char\000"
 648      676E6564 
 648      20636861 
 648      7200
 649              	.LASF19:
 650 008e 72656738 		.ascii	"reg8\000"
 650      00
 651              	.LASF22:
 652 0093 696E7465 		.ascii	"interruptState\000"
 652      72727570 
 652      74537461 
 652      746500
 653              	.LASF7:
 654 00a2 6C6F6E67 		.ascii	"long unsigned int\000"
 654      20756E73 
 654      69676E65 
 654      6420696E 
 654      7400
 655              	.LASF18:
 656 00b4 75696E74 		.ascii	"uint8\000"
 656      3800
 657              	.LASF25:
 658 00ba 53746174 		.ascii	"Status_SW2_ReadMask\000"
 658      75735F53 
 658      57325F52 
 658      6561644D 
 658      61736B00 
 659              	.LASF17:
 660 00ce 646F7562 		.ascii	"double\000"
 660      6C6500
 661              	.LASF6:
 662 00d5 5F5F7569 		.ascii	"__uint32_t\000"
 662      6E743332 
 662      5F7400
 663              	.LASF24:
 664 00e0 53746174 		.ascii	"Status_SW2_Read\000"
 664      75735F53 
 664      57325F52 
 664      65616400 
 665              	.LASF26:
 666 00f0 43795F53 		.ascii	"Cy_SysLib_EnterCriticalSection\000"
 666      79734C69 
 666      625F456E 
 666      74657243 
 666      72697469 
 667              	.LASF10:
 668 010f 756E7369 		.ascii	"unsigned int\000"
 668      676E6564 
 668      20696E74 
 668      00
 669              	.LASF9:
 670 011c 6C6F6E67 		.ascii	"long long unsigned int\000"
 670      206C6F6E 
 670      6720756E 
 670      7369676E 
 670      65642069 
ARM GAS  C:\Users\nicpa\AppData\Local\Temp\ccLZmzln.s 			page 16


 671              	.LASF11:
 672 0133 75696E74 		.ascii	"uint8_t\000"
 672      385F7400 
 673              	.LASF23:
 674 013b 53746174 		.ascii	"Status_SW2_WriteMask\000"
 674      75735F53 
 674      57325F57 
 674      72697465 
 674      4D61736B 
 675              	.LASF13:
 676 0150 73697A65 		.ascii	"sizetype\000"
 676      74797065 
 676      00
 677              	.LASF8:
 678 0159 6C6F6E67 		.ascii	"long long int\000"
 678      206C6F6E 
 678      6720696E 
 678      7400
 679              	.LASF31:
 680 0167 6D61736B 		.ascii	"mask\000"
 680      00
 681              	.LASF30:
 682 016c 433A5C55 		.ascii	"C:\\Users\\nicpa\\OneDrive\\Documents\\GBM2100\\Lab"
 682      73657273 
 682      5C6E6963 
 682      70615C4F 
 682      6E654472 
 683 0199 6F726174 		.ascii	"oratoire3.cydsn\000"
 683      6F697265 
 683      332E6379 
 683      64736E00 
 684              	.LASF0:
 685 01a9 73686F72 		.ascii	"short int\000"
 685      7420696E 
 685      7400
 686              	.LASF21:
 687 01b3 53746174 		.ascii	"Status_SW2_InterruptDisable\000"
 687      75735F53 
 687      57325F49 
 687      6E746572 
 687      72757074 
 688              	.LASF12:
 689 01cf 75696E74 		.ascii	"uint32_t\000"
 689      33325F74 
 689      00
 690              	.LASF4:
 691 01d8 6C6F6E67 		.ascii	"long int\000"
 691      20696E74 
 691      00
 692              	.LASF15:
 693 01e1 63686172 		.ascii	"char\000"
 693      00
 694              	.LASF14:
 695 01e6 6C6F6E67 		.ascii	"long double\000"
 695      20646F75 
 695      626C6500 
 696              	.LASF28:
ARM GAS  C:\Users\nicpa\AppData\Local\Temp\ccLZmzln.s 			page 17


 697 01f2 474E5520 		.ascii	"GNU C11 5.4.1 20160609 (release) [ARM/embedded-5-br"
 697      43313120 
 697      352E342E 
 697      31203230 
 697      31363036 
 698 0225 616E6368 		.ascii	"anch revision 237715] -mcpu=cortex-m0plus -mthumb -"
 698      20726576 
 698      6973696F 
 698      6E203233 
 698      37373135 
 699 0258 67202D4F 		.ascii	"g -Og -ffunction-sections -ffat-lto-objects\000"
 699      67202D66 
 699      66756E63 
 699      74696F6E 
 699      2D736563 
 700              	.LASF2:
 701 0284 7369676E 		.ascii	"signed char\000"
 701      65642063 
 701      68617200 
 702              		.ident	"GCC: (GNU Tools for ARM Embedded Processors) 5.4.1 20160609 (release) [ARM/embedded-5-bran
