ARM GAS  C:\Users\nicpa\AppData\Local\Temp\ccLoznm3.s 			page 1


   1              		.syntax unified
   2              		.cpu cortex-m4
   3              		.eabi_attribute 27, 1
   4              		.fpu fpv4-sp-d16
   5              		.eabi_attribute 20, 1
   6              		.eabi_attribute 21, 1
   7              		.eabi_attribute 23, 3
   8              		.eabi_attribute 24, 1
   9              		.eabi_attribute 25, 1
  10              		.eabi_attribute 26, 1
  11              		.eabi_attribute 30, 1
  12              		.eabi_attribute 34, 1
  13              		.eabi_attribute 18, 4
  14              		.thumb
  15              		.syntax unified
  16              		.file	"global_variables.c"
  17              		.text
  18              	.Ltext0:
  19              		.cfi_sections	.debug_frame
  20              		.global	PAGE_HR
  21              		.global	PAGE_LED
  22              		.global	PAGE_SIGNAL_IR
  23              		.global	PAGE_SIGNAL_R
  24              		.global	PAGE_MENU
  25              		.comm	hrmin,4,4
  26              		.comm	hrmax,4,4
  27              		.comm	maxormin,1,1
  28              		.comm	LED,4,4
  29              		.comm	alerte,1,1
  30              		.comm	currenttouch,1,1
  31              		.comm	currentpage,1,1
  32              		.section	.rodata
  33              		.type	PAGE_HR, %object
  34              		.size	PAGE_HR, 1
  35              	PAGE_HR:
  36 0000 04       		.byte	4
  37              		.type	PAGE_LED, %object
  38              		.size	PAGE_LED, 1
  39              	PAGE_LED:
  40 0001 03       		.byte	3
  41              		.type	PAGE_SIGNAL_IR, %object
  42              		.size	PAGE_SIGNAL_IR, 1
  43              	PAGE_SIGNAL_IR:
  44 0002 02       		.byte	2
  45              		.type	PAGE_SIGNAL_R, %object
  46              		.size	PAGE_SIGNAL_R, 1
  47              	PAGE_SIGNAL_R:
  48 0003 01       		.byte	1
  49              		.type	PAGE_MENU, %object
  50              		.size	PAGE_MENU, 1
  51              	PAGE_MENU:
  52 0004 00       		.space	1
  53              		.text
  54              	.Letext0:
  55              		.file 1 "c:\\program files (x86)\\cypress\\psoc creator\\4.4\\psoc creator\\import\\gnu\\arm\\5.4.
  56              		.file 2 "c:\\program files (x86)\\cypress\\psoc creator\\4.4\\psoc creator\\import\\gnu\\arm\\5.4.
  57              		.file 3 "Generated_Source\\PSoC6\\pdl\\drivers/peripheral/device/cy_device.h"
ARM GAS  C:\Users\nicpa\AppData\Local\Temp\ccLoznm3.s 			page 2


  58              		.file 4 "Generated_Source\\PSoC6\\pdl\\drivers/peripheral/syslib/cy_syslib.h"
  59              		.file 5 "Generated_Source\\PSoC6\\pdl\\drivers/peripheral/scb/cy_scb_i2c.h"
  60              		.file 6 "Generated_Source\\PSoC6\\pdl\\drivers/peripheral/scb/cy_scb_spi.h"
  61              		.file 7 "Generated_Source\\PSoC6\\pdl\\drivers/peripheral/scb/cy_scb_uart.h"
  62              		.file 8 "Generated_Source\\PSoC6\\pdl\\drivers/peripheral/tcpwm/cy_tcpwm_counter.h"
  63              		.file 9 ".\\CMSIS\\Core\\Include/core_cm4.h"
  64              		.file 10 "Generated_Source\\PSoC6/CY_EINK_SPIM.h"
  65              		.file 11 "Generated_Source\\PSoC6/CY_EINK_Timer.h"
  66              		.file 12 "Generated_Source\\PSoC6/I2C_MAX.h"
  67              		.file 13 "Generated_Source\\PSoC6/I2Cm.h"
  68              		.file 14 "Generated_Source\\PSoC6/UART.h"
  69              		.file 15 "global_variables.c"
  70              		.file 16 "global_variables.h"
  71              		.section	.debug_info,"",%progbits
  72              	.Ldebug_info0:
  73 0000 680A0000 		.4byte	0xa68
  74 0004 0400     		.2byte	0x4
  75 0006 00000000 		.4byte	.Ldebug_abbrev0
  76 000a 04       		.byte	0x4
  77 000b 01       		.uleb128 0x1
  78 000c 0E070000 		.4byte	.LASF201
  79 0010 0C       		.byte	0xc
  80 0011 F30B0000 		.4byte	.LASF202
  81 0015 7B000000 		.4byte	.LASF203
  82 0019 00000000 		.4byte	.Ldebug_line0
  83 001d 02       		.uleb128 0x2
  84 001e 04       		.byte	0x4
  85 001f 05       		.byte	0x5
  86 0020 696E7400 		.ascii	"int\000"
  87 0024 03       		.uleb128 0x3
  88 0025 04       		.byte	0x4
  89 0026 07       		.byte	0x7
  90 0027 9B040000 		.4byte	.LASF0
  91 002b 03       		.uleb128 0x3
  92 002c 08       		.byte	0x8
  93 002d 05       		.byte	0x5
  94 002e 45040000 		.4byte	.LASF1
  95 0032 03       		.uleb128 0x3
  96 0033 08       		.byte	0x8
  97 0034 04       		.byte	0x4
  98 0035 63060000 		.4byte	.LASF2
  99 0039 03       		.uleb128 0x3
 100 003a 01       		.byte	0x1
 101 003b 06       		.byte	0x6
 102 003c 0E0C0000 		.4byte	.LASF3
 103 0040 04       		.uleb128 0x4
 104 0041 EE000000 		.4byte	.LASF5
 105 0045 01       		.byte	0x1
 106 0046 1D       		.byte	0x1d
 107 0047 4B000000 		.4byte	0x4b
 108 004b 03       		.uleb128 0x3
 109 004c 01       		.byte	0x1
 110 004d 08       		.byte	0x8
 111 004e 65080000 		.4byte	.LASF4
 112 0052 04       		.uleb128 0x4
 113 0053 32040000 		.4byte	.LASF6
 114 0057 01       		.byte	0x1
ARM GAS  C:\Users\nicpa\AppData\Local\Temp\ccLoznm3.s 			page 3


 115 0058 29       		.byte	0x29
 116 0059 5D000000 		.4byte	0x5d
 117 005d 03       		.uleb128 0x3
 118 005e 02       		.byte	0x2
 119 005f 05       		.byte	0x5
 120 0060 BD050000 		.4byte	.LASF7
 121 0064 04       		.uleb128 0x4
 122 0065 FA090000 		.4byte	.LASF8
 123 0069 01       		.byte	0x1
 124 006a 2B       		.byte	0x2b
 125 006b 6F000000 		.4byte	0x6f
 126 006f 03       		.uleb128 0x3
 127 0070 02       		.byte	0x2
 128 0071 07       		.byte	0x7
 129 0072 760A0000 		.4byte	.LASF9
 130 0076 04       		.uleb128 0x4
 131 0077 180A0000 		.4byte	.LASF10
 132 007b 01       		.byte	0x1
 133 007c 3F       		.byte	0x3f
 134 007d 81000000 		.4byte	0x81
 135 0081 03       		.uleb128 0x3
 136 0082 04       		.byte	0x4
 137 0083 05       		.byte	0x5
 138 0084 4C030000 		.4byte	.LASF11
 139 0088 04       		.uleb128 0x4
 140 0089 17040000 		.4byte	.LASF12
 141 008d 01       		.byte	0x1
 142 008e 41       		.byte	0x41
 143 008f 93000000 		.4byte	0x93
 144 0093 03       		.uleb128 0x3
 145 0094 04       		.byte	0x4
 146 0095 07       		.byte	0x7
 147 0096 E9040000 		.4byte	.LASF13
 148 009a 03       		.uleb128 0x3
 149 009b 08       		.byte	0x8
 150 009c 07       		.byte	0x7
 151 009d 79010000 		.4byte	.LASF14
 152 00a1 04       		.uleb128 0x4
 153 00a2 6F0B0000 		.4byte	.LASF15
 154 00a6 02       		.byte	0x2
 155 00a7 18       		.byte	0x18
 156 00a8 40000000 		.4byte	0x40
 157 00ac 04       		.uleb128 0x4
 158 00ad 3A020000 		.4byte	.LASF16
 159 00b1 02       		.byte	0x2
 160 00b2 20       		.byte	0x20
 161 00b3 52000000 		.4byte	0x52
 162 00b7 04       		.uleb128 0x4
 163 00b8 9E030000 		.4byte	.LASF17
 164 00bc 02       		.byte	0x2
 165 00bd 24       		.byte	0x24
 166 00be 64000000 		.4byte	0x64
 167 00c2 04       		.uleb128 0x4
 168 00c3 5D080000 		.4byte	.LASF18
 169 00c7 02       		.byte	0x2
 170 00c8 2C       		.byte	0x2c
 171 00c9 76000000 		.4byte	0x76
ARM GAS  C:\Users\nicpa\AppData\Local\Temp\ccLoznm3.s 			page 4


 172 00cd 04       		.uleb128 0x4
 173 00ce 630C0000 		.4byte	.LASF19
 174 00d2 02       		.byte	0x2
 175 00d3 30       		.byte	0x30
 176 00d4 88000000 		.4byte	0x88
 177 00d8 05       		.uleb128 0x5
 178 00d9 CD000000 		.4byte	0xcd
 179 00dd 03       		.uleb128 0x3
 180 00de 04       		.byte	0x4
 181 00df 07       		.byte	0x7
 182 00e0 4F060000 		.4byte	.LASF20
 183 00e4 06       		.uleb128 0x6
 184 00e5 B8       		.byte	0xb8
 185 00e6 03       		.byte	0x3
 186 00e7 34       		.byte	0x34
 187 00e8 F5040000 		.4byte	0x4f5
 188 00ec 07       		.uleb128 0x7
 189 00ed 49010000 		.4byte	.LASF21
 190 00f1 03       		.byte	0x3
 191 00f2 37       		.byte	0x37
 192 00f3 CD000000 		.4byte	0xcd
 193 00f7 00       		.byte	0
 194 00f8 07       		.uleb128 0x7
 195 00f9 0C040000 		.4byte	.LASF22
 196 00fd 03       		.byte	0x3
 197 00fe 38       		.byte	0x38
 198 00ff CD000000 		.4byte	0xcd
 199 0103 04       		.byte	0x4
 200 0104 07       		.uleb128 0x7
 201 0105 7E030000 		.4byte	.LASF23
 202 0109 03       		.byte	0x3
 203 010a 39       		.byte	0x39
 204 010b CD000000 		.4byte	0xcd
 205 010f 08       		.byte	0x8
 206 0110 07       		.uleb128 0x7
 207 0111 37080000 		.4byte	.LASF24
 208 0115 03       		.byte	0x3
 209 0116 3A       		.byte	0x3a
 210 0117 CD000000 		.4byte	0xcd
 211 011b 0C       		.byte	0xc
 212 011c 07       		.uleb128 0x7
 213 011d C7050000 		.4byte	.LASF25
 214 0121 03       		.byte	0x3
 215 0122 3B       		.byte	0x3b
 216 0123 CD000000 		.4byte	0xcd
 217 0127 10       		.byte	0x10
 218 0128 07       		.uleb128 0x7
 219 0129 1E030000 		.4byte	.LASF26
 220 012d 03       		.byte	0x3
 221 012e 3C       		.byte	0x3c
 222 012f CD000000 		.4byte	0xcd
 223 0133 14       		.byte	0x14
 224 0134 07       		.uleb128 0x7
 225 0135 C10A0000 		.4byte	.LASF27
 226 0139 03       		.byte	0x3
 227 013a 3D       		.byte	0x3d
 228 013b CD000000 		.4byte	0xcd
ARM GAS  C:\Users\nicpa\AppData\Local\Temp\ccLoznm3.s 			page 5


 229 013f 18       		.byte	0x18
 230 0140 07       		.uleb128 0x7
 231 0141 6F060000 		.4byte	.LASF28
 232 0145 03       		.byte	0x3
 233 0146 3E       		.byte	0x3e
 234 0147 CD000000 		.4byte	0xcd
 235 014b 1C       		.byte	0x1c
 236 014c 07       		.uleb128 0x7
 237 014d 1A0C0000 		.4byte	.LASF29
 238 0151 03       		.byte	0x3
 239 0152 3F       		.byte	0x3f
 240 0153 CD000000 		.4byte	0xcd
 241 0157 20       		.byte	0x20
 242 0158 07       		.uleb128 0x7
 243 0159 04060000 		.4byte	.LASF30
 244 015d 03       		.byte	0x3
 245 015e 40       		.byte	0x40
 246 015f CD000000 		.4byte	0xcd
 247 0163 24       		.byte	0x24
 248 0164 07       		.uleb128 0x7
 249 0165 560C0000 		.4byte	.LASF31
 250 0169 03       		.byte	0x3
 251 016a 43       		.byte	0x43
 252 016b A1000000 		.4byte	0xa1
 253 016f 28       		.byte	0x28
 254 0170 07       		.uleb128 0x7
 255 0171 5E000000 		.4byte	.LASF32
 256 0175 03       		.byte	0x3
 257 0176 44       		.byte	0x44
 258 0177 A1000000 		.4byte	0xa1
 259 017b 29       		.byte	0x29
 260 017c 07       		.uleb128 0x7
 261 017d 220A0000 		.4byte	.LASF33
 262 0181 03       		.byte	0x3
 263 0182 45       		.byte	0x45
 264 0183 A1000000 		.4byte	0xa1
 265 0187 2A       		.byte	0x2a
 266 0188 07       		.uleb128 0x7
 267 0189 E2060000 		.4byte	.LASF34
 268 018d 03       		.byte	0x3
 269 018e 46       		.byte	0x46
 270 018f A1000000 		.4byte	0xa1
 271 0193 2B       		.byte	0x2b
 272 0194 07       		.uleb128 0x7
 273 0195 88050000 		.4byte	.LASF35
 274 0199 03       		.byte	0x3
 275 019a 47       		.byte	0x47
 276 019b A1000000 		.4byte	0xa1
 277 019f 2C       		.byte	0x2c
 278 01a0 07       		.uleb128 0x7
 279 01a1 2C0A0000 		.4byte	.LASF36
 280 01a5 03       		.byte	0x3
 281 01a6 48       		.byte	0x48
 282 01a7 A1000000 		.4byte	0xa1
 283 01ab 2D       		.byte	0x2d
 284 01ac 07       		.uleb128 0x7
 285 01ad C1020000 		.4byte	.LASF37
ARM GAS  C:\Users\nicpa\AppData\Local\Temp\ccLoznm3.s 			page 6


 286 01b1 03       		.byte	0x3
 287 01b2 49       		.byte	0x49
 288 01b3 A1000000 		.4byte	0xa1
 289 01b7 2E       		.byte	0x2e
 290 01b8 07       		.uleb128 0x7
 291 01b9 C1070000 		.4byte	.LASF38
 292 01bd 03       		.byte	0x3
 293 01be 4A       		.byte	0x4a
 294 01bf A1000000 		.4byte	0xa1
 295 01c3 2F       		.byte	0x2f
 296 01c4 07       		.uleb128 0x7
 297 01c5 AB060000 		.4byte	.LASF39
 298 01c9 03       		.byte	0x3
 299 01ca 4B       		.byte	0x4b
 300 01cb A1000000 		.4byte	0xa1
 301 01cf 30       		.byte	0x30
 302 01d0 07       		.uleb128 0x7
 303 01d1 27050000 		.4byte	.LASF40
 304 01d5 03       		.byte	0x3
 305 01d6 4E       		.byte	0x4e
 306 01d7 A1000000 		.4byte	0xa1
 307 01db 31       		.byte	0x31
 308 01dc 07       		.uleb128 0x7
 309 01dd E0000000 		.4byte	.LASF41
 310 01e1 03       		.byte	0x3
 311 01e2 4F       		.byte	0x4f
 312 01e3 A1000000 		.4byte	0xa1
 313 01e7 32       		.byte	0x32
 314 01e8 07       		.uleb128 0x7
 315 01e9 32050000 		.4byte	.LASF42
 316 01ed 03       		.byte	0x3
 317 01ee 50       		.byte	0x50
 318 01ef A1000000 		.4byte	0xa1
 319 01f3 33       		.byte	0x33
 320 01f4 07       		.uleb128 0x7
 321 01f5 04010000 		.4byte	.LASF43
 322 01f9 03       		.byte	0x3
 323 01fa 51       		.byte	0x51
 324 01fb A1000000 		.4byte	0xa1
 325 01ff 34       		.byte	0x34
 326 0200 07       		.uleb128 0x7
 327 0201 B40A0000 		.4byte	.LASF44
 328 0205 03       		.byte	0x3
 329 0206 52       		.byte	0x52
 330 0207 AC000000 		.4byte	0xac
 331 020b 36       		.byte	0x36
 332 020c 07       		.uleb128 0x7
 333 020d 93090000 		.4byte	.LASF45
 334 0211 03       		.byte	0x3
 335 0212 53       		.byte	0x53
 336 0213 AC000000 		.4byte	0xac
 337 0217 38       		.byte	0x38
 338 0218 07       		.uleb128 0x7
 339 0219 350B0000 		.4byte	.LASF46
 340 021d 03       		.byte	0x3
 341 021e 54       		.byte	0x54
 342 021f AC000000 		.4byte	0xac
ARM GAS  C:\Users\nicpa\AppData\Local\Temp\ccLoznm3.s 			page 7


 343 0223 3A       		.byte	0x3a
 344 0224 07       		.uleb128 0x7
 345 0225 0F030000 		.4byte	.LASF47
 346 0229 03       		.byte	0x3
 347 022a 55       		.byte	0x55
 348 022b A1000000 		.4byte	0xa1
 349 022f 3C       		.byte	0x3c
 350 0230 07       		.uleb128 0x7
 351 0231 C3030000 		.4byte	.LASF48
 352 0235 03       		.byte	0x3
 353 0236 56       		.byte	0x56
 354 0237 A1000000 		.4byte	0xa1
 355 023b 3D       		.byte	0x3d
 356 023c 07       		.uleb128 0x7
 357 023d 120B0000 		.4byte	.LASF49
 358 0241 03       		.byte	0x3
 359 0242 57       		.byte	0x57
 360 0243 A1000000 		.4byte	0xa1
 361 0247 3E       		.byte	0x3e
 362 0248 07       		.uleb128 0x7
 363 0249 60010000 		.4byte	.LASF50
 364 024d 03       		.byte	0x3
 365 024e 58       		.byte	0x58
 366 024f A1000000 		.4byte	0xa1
 367 0253 3F       		.byte	0x3f
 368 0254 07       		.uleb128 0x7
 369 0255 F0060000 		.4byte	.LASF51
 370 0259 03       		.byte	0x3
 371 025a 59       		.byte	0x59
 372 025b A1000000 		.4byte	0xa1
 373 025f 40       		.byte	0x40
 374 0260 07       		.uleb128 0x7
 375 0261 22040000 		.4byte	.LASF52
 376 0265 03       		.byte	0x3
 377 0266 5A       		.byte	0x5a
 378 0267 A1000000 		.4byte	0xa1
 379 026b 41       		.byte	0x41
 380 026c 07       		.uleb128 0x7
 381 026d 9F060000 		.4byte	.LASF53
 382 0271 03       		.byte	0x3
 383 0272 5B       		.byte	0x5b
 384 0273 A1000000 		.4byte	0xa1
 385 0277 42       		.byte	0x42
 386 0278 07       		.uleb128 0x7
 387 0279 C8060000 		.4byte	.LASF54
 388 027d 03       		.byte	0x3
 389 027e 5C       		.byte	0x5c
 390 027f A1000000 		.4byte	0xa1
 391 0283 43       		.byte	0x43
 392 0284 07       		.uleb128 0x7
 393 0285 8D030000 		.4byte	.LASF55
 394 0289 03       		.byte	0x3
 395 028a 5D       		.byte	0x5d
 396 028b A1000000 		.4byte	0xa1
 397 028f 44       		.byte	0x44
 398 0290 07       		.uleb128 0x7
 399 0291 00000000 		.4byte	.LASF56
ARM GAS  C:\Users\nicpa\AppData\Local\Temp\ccLoznm3.s 			page 8


 400 0295 03       		.byte	0x3
 401 0296 5E       		.byte	0x5e
 402 0297 CD000000 		.4byte	0xcd
 403 029b 48       		.byte	0x48
 404 029c 07       		.uleb128 0x7
 405 029d 70030000 		.4byte	.LASF57
 406 02a1 03       		.byte	0x3
 407 02a2 5F       		.byte	0x5f
 408 02a3 CD000000 		.4byte	0xcd
 409 02a7 4C       		.byte	0x4c
 410 02a8 07       		.uleb128 0x7
 411 02a9 6C0C0000 		.4byte	.LASF58
 412 02ad 03       		.byte	0x3
 413 02ae 60       		.byte	0x60
 414 02af A1000000 		.4byte	0xa1
 415 02b3 50       		.byte	0x50
 416 02b4 07       		.uleb128 0x7
 417 02b5 EB010000 		.4byte	.LASF59
 418 02b9 03       		.byte	0x3
 419 02ba 61       		.byte	0x61
 420 02bb A1000000 		.4byte	0xa1
 421 02bf 51       		.byte	0x51
 422 02c0 07       		.uleb128 0x7
 423 02c1 5F0B0000 		.4byte	.LASF60
 424 02c5 03       		.byte	0x3
 425 02c6 62       		.byte	0x62
 426 02c7 A1000000 		.4byte	0xa1
 427 02cb 52       		.byte	0x52
 428 02cc 07       		.uleb128 0x7
 429 02cd 390A0000 		.4byte	.LASF61
 430 02d1 03       		.byte	0x3
 431 02d2 63       		.byte	0x63
 432 02d3 A1000000 		.4byte	0xa1
 433 02d7 53       		.byte	0x53
 434 02d8 07       		.uleb128 0x7
 435 02d9 83090000 		.4byte	.LASF62
 436 02dd 03       		.byte	0x3
 437 02de 64       		.byte	0x64
 438 02df A1000000 		.4byte	0xa1
 439 02e3 54       		.byte	0x54
 440 02e4 07       		.uleb128 0x7
 441 02e5 26020000 		.4byte	.LASF63
 442 02e9 03       		.byte	0x3
 443 02ea 65       		.byte	0x65
 444 02eb A1000000 		.4byte	0xa1
 445 02ef 55       		.byte	0x55
 446 02f0 07       		.uleb128 0x7
 447 02f1 E6090000 		.4byte	.LASF64
 448 02f5 03       		.byte	0x3
 449 02f6 66       		.byte	0x66
 450 02f7 A1000000 		.4byte	0xa1
 451 02fb 56       		.byte	0x56
 452 02fc 07       		.uleb128 0x7
 453 02fd 09090000 		.4byte	.LASF65
 454 0301 03       		.byte	0x3
 455 0302 67       		.byte	0x67
 456 0303 A1000000 		.4byte	0xa1
ARM GAS  C:\Users\nicpa\AppData\Local\Temp\ccLoznm3.s 			page 9


 457 0307 57       		.byte	0x57
 458 0308 07       		.uleb128 0x7
 459 0309 2A000000 		.4byte	.LASF66
 460 030d 03       		.byte	0x3
 461 030e 68       		.byte	0x68
 462 030f A1000000 		.4byte	0xa1
 463 0313 58       		.byte	0x58
 464 0314 07       		.uleb128 0x7
 465 0315 73080000 		.4byte	.LASF67
 466 0319 03       		.byte	0x3
 467 031a 69       		.byte	0x69
 468 031b A1000000 		.4byte	0xa1
 469 031f 59       		.byte	0x59
 470 0320 07       		.uleb128 0x7
 471 0321 58060000 		.4byte	.LASF68
 472 0325 03       		.byte	0x3
 473 0326 6E       		.byte	0x6e
 474 0327 B7000000 		.4byte	0xb7
 475 032b 5A       		.byte	0x5a
 476 032c 07       		.uleb128 0x7
 477 032d 890A0000 		.4byte	.LASF69
 478 0331 03       		.byte	0x3
 479 0332 6F       		.byte	0x6f
 480 0333 B7000000 		.4byte	0xb7
 481 0337 5C       		.byte	0x5c
 482 0338 07       		.uleb128 0x7
 483 0339 6C000000 		.4byte	.LASF70
 484 033d 03       		.byte	0x3
 485 033e 70       		.byte	0x70
 486 033f A1000000 		.4byte	0xa1
 487 0343 5E       		.byte	0x5e
 488 0344 07       		.uleb128 0x7
 489 0345 05080000 		.4byte	.LASF71
 490 0349 03       		.byte	0x3
 491 034a 71       		.byte	0x71
 492 034b A1000000 		.4byte	0xa1
 493 034f 5F       		.byte	0x5f
 494 0350 07       		.uleb128 0x7
 495 0351 B7060000 		.4byte	.LASF72
 496 0355 03       		.byte	0x3
 497 0356 72       		.byte	0x72
 498 0357 A1000000 		.4byte	0xa1
 499 035b 60       		.byte	0x60
 500 035c 07       		.uleb128 0x7
 501 035d D7070000 		.4byte	.LASF73
 502 0361 03       		.byte	0x3
 503 0362 73       		.byte	0x73
 504 0363 CD000000 		.4byte	0xcd
 505 0367 64       		.byte	0x64
 506 0368 07       		.uleb128 0x7
 507 0369 9F010000 		.4byte	.LASF74
 508 036d 03       		.byte	0x3
 509 036e 76       		.byte	0x76
 510 036f B7000000 		.4byte	0xb7
 511 0373 68       		.byte	0x68
 512 0374 07       		.uleb128 0x7
 513 0375 D7040000 		.4byte	.LASF75
ARM GAS  C:\Users\nicpa\AppData\Local\Temp\ccLoznm3.s 			page 10


 514 0379 03       		.byte	0x3
 515 037a 77       		.byte	0x77
 516 037b B7000000 		.4byte	0xb7
 517 037f 6A       		.byte	0x6a
 518 0380 07       		.uleb128 0x7
 519 0381 51050000 		.4byte	.LASF76
 520 0385 03       		.byte	0x3
 521 0386 78       		.byte	0x78
 522 0387 B7000000 		.4byte	0xb7
 523 038b 6C       		.byte	0x6c
 524 038c 07       		.uleb128 0x7
 525 038d 9E090000 		.4byte	.LASF77
 526 0391 03       		.byte	0x3
 527 0392 79       		.byte	0x79
 528 0393 B7000000 		.4byte	0xb7
 529 0397 6E       		.byte	0x6e
 530 0398 07       		.uleb128 0x7
 531 0399 F5080000 		.4byte	.LASF78
 532 039d 03       		.byte	0x3
 533 039e 7B       		.byte	0x7b
 534 039f A1000000 		.4byte	0xa1
 535 03a3 70       		.byte	0x70
 536 03a4 07       		.uleb128 0x7
 537 03a5 85020000 		.4byte	.LASF79
 538 03a9 03       		.byte	0x3
 539 03aa 7C       		.byte	0x7c
 540 03ab A1000000 		.4byte	0xa1
 541 03af 71       		.byte	0x71
 542 03b0 07       		.uleb128 0x7
 543 03b1 220C0000 		.4byte	.LASF80
 544 03b5 03       		.byte	0x3
 545 03b6 7D       		.byte	0x7d
 546 03b7 A1000000 		.4byte	0xa1
 547 03bb 72       		.byte	0x72
 548 03bc 07       		.uleb128 0x7
 549 03bd 88060000 		.4byte	.LASF81
 550 03c1 03       		.byte	0x3
 551 03c2 7E       		.byte	0x7e
 552 03c3 A1000000 		.4byte	0xa1
 553 03c7 73       		.byte	0x73
 554 03c8 07       		.uleb128 0x7
 555 03c9 DF030000 		.4byte	.LASF82
 556 03cd 03       		.byte	0x3
 557 03ce 80       		.byte	0x80
 558 03cf B7000000 		.4byte	0xb7
 559 03d3 74       		.byte	0x74
 560 03d4 07       		.uleb128 0x7
 561 03d5 050A0000 		.4byte	.LASF83
 562 03d9 03       		.byte	0x3
 563 03da 81       		.byte	0x81
 564 03db B7000000 		.4byte	0xb7
 565 03df 76       		.byte	0x76
 566 03e0 07       		.uleb128 0x7
 567 03e1 AE030000 		.4byte	.LASF84
 568 03e5 03       		.byte	0x3
 569 03e6 82       		.byte	0x82
 570 03e7 B7000000 		.4byte	0xb7
ARM GAS  C:\Users\nicpa\AppData\Local\Temp\ccLoznm3.s 			page 11


 571 03eb 78       		.byte	0x78
 572 03ec 07       		.uleb128 0x7
 573 03ed A8080000 		.4byte	.LASF85
 574 03f1 03       		.byte	0x3
 575 03f2 83       		.byte	0x83
 576 03f3 B7000000 		.4byte	0xb7
 577 03f7 7A       		.byte	0x7a
 578 03f8 07       		.uleb128 0x7
 579 03f9 A10B0000 		.4byte	.LASF86
 580 03fd 03       		.byte	0x3
 581 03fe 86       		.byte	0x86
 582 03ff A1000000 		.4byte	0xa1
 583 0403 7C       		.byte	0x7c
 584 0404 07       		.uleb128 0x7
 585 0405 77050000 		.4byte	.LASF87
 586 0409 03       		.byte	0x3
 587 040a 87       		.byte	0x87
 588 040b A1000000 		.4byte	0xa1
 589 040f 7D       		.byte	0x7d
 590 0410 07       		.uleb128 0x7
 591 0411 3E000000 		.4byte	.LASF88
 592 0415 03       		.byte	0x3
 593 0416 88       		.byte	0x88
 594 0417 A1000000 		.4byte	0xa1
 595 041b 7E       		.byte	0x7e
 596 041c 07       		.uleb128 0x7
 597 041d F1030000 		.4byte	.LASF89
 598 0421 03       		.byte	0x3
 599 0422 89       		.byte	0x89
 600 0423 A1000000 		.4byte	0xa1
 601 0427 7F       		.byte	0x7f
 602 0428 07       		.uleb128 0x7
 603 0429 72040000 		.4byte	.LASF90
 604 042d 03       		.byte	0x3
 605 042e 8A       		.byte	0x8a
 606 042f A1000000 		.4byte	0xa1
 607 0433 80       		.byte	0x80
 608 0434 07       		.uleb128 0x7
 609 0435 ED050000 		.4byte	.LASF91
 610 0439 03       		.byte	0x3
 611 043a 8D       		.byte	0x8d
 612 043b CD000000 		.4byte	0xcd
 613 043f 84       		.byte	0x84
 614 0440 07       		.uleb128 0x7
 615 0441 15010000 		.4byte	.LASF92
 616 0445 03       		.byte	0x3
 617 0446 8E       		.byte	0x8e
 618 0447 CD000000 		.4byte	0xcd
 619 044b 88       		.byte	0x88
 620 044c 07       		.uleb128 0x7
 621 044d 8C0B0000 		.4byte	.LASF93
 622 0451 03       		.byte	0x3
 623 0452 8F       		.byte	0x8f
 624 0453 CD000000 		.4byte	0xcd
 625 0457 8C       		.byte	0x8c
 626 0458 07       		.uleb128 0x7
 627 0459 86040000 		.4byte	.LASF94
ARM GAS  C:\Users\nicpa\AppData\Local\Temp\ccLoznm3.s 			page 12


 628 045d 03       		.byte	0x3
 629 045e 90       		.byte	0x90
 630 045f CD000000 		.4byte	0xcd
 631 0463 90       		.byte	0x90
 632 0464 07       		.uleb128 0x7
 633 0465 53040000 		.4byte	.LASF95
 634 0469 03       		.byte	0x3
 635 046a 91       		.byte	0x91
 636 046b CD000000 		.4byte	0xcd
 637 046f 94       		.byte	0x94
 638 0470 07       		.uleb128 0x7
 639 0471 AB020000 		.4byte	.LASF96
 640 0475 03       		.byte	0x3
 641 0476 92       		.byte	0x92
 642 0477 CD000000 		.4byte	0xcd
 643 047b 98       		.byte	0x98
 644 047c 07       		.uleb128 0x7
 645 047d DD0B0000 		.4byte	.LASF97
 646 0481 03       		.byte	0x3
 647 0482 93       		.byte	0x93
 648 0483 CD000000 		.4byte	0xcd
 649 0487 9C       		.byte	0x9c
 650 0488 07       		.uleb128 0x7
 651 0489 B9010000 		.4byte	.LASF98
 652 048d 03       		.byte	0x3
 653 048e 94       		.byte	0x94
 654 048f CD000000 		.4byte	0xcd
 655 0493 A0       		.byte	0xa0
 656 0494 07       		.uleb128 0x7
 657 0495 DC020000 		.4byte	.LASF99
 658 0499 03       		.byte	0x3
 659 049a 95       		.byte	0x95
 660 049b B7000000 		.4byte	0xb7
 661 049f A4       		.byte	0xa4
 662 04a0 07       		.uleb128 0x7
 663 04a1 4A0B0000 		.4byte	.LASF100
 664 04a5 03       		.byte	0x3
 665 04a6 96       		.byte	0x96
 666 04a7 B7000000 		.4byte	0xb7
 667 04ab A6       		.byte	0xa6
 668 04ac 07       		.uleb128 0x7
 669 04ad F9070000 		.4byte	.LASF101
 670 04b1 03       		.byte	0x3
 671 04b2 97       		.byte	0x97
 672 04b3 B7000000 		.4byte	0xb7
 673 04b7 A8       		.byte	0xa8
 674 04b8 07       		.uleb128 0x7
 675 04b9 CF080000 		.4byte	.LASF102
 676 04bd 03       		.byte	0x3
 677 04be 98       		.byte	0x98
 678 04bf B7000000 		.4byte	0xb7
 679 04c3 AA       		.byte	0xaa
 680 04c4 07       		.uleb128 0x7
 681 04c5 60050000 		.4byte	.LASF103
 682 04c9 03       		.byte	0x3
 683 04ca 99       		.byte	0x99
 684 04cb B7000000 		.4byte	0xb7
ARM GAS  C:\Users\nicpa\AppData\Local\Temp\ccLoznm3.s 			page 13


 685 04cf AC       		.byte	0xac
 686 04d0 07       		.uleb128 0x7
 687 04d1 D2000000 		.4byte	.LASF104
 688 04d5 03       		.byte	0x3
 689 04d6 9A       		.byte	0x9a
 690 04d7 B7000000 		.4byte	0xb7
 691 04db AE       		.byte	0xae
 692 04dc 07       		.uleb128 0x7
 693 04dd 9C0A0000 		.4byte	.LASF105
 694 04e1 03       		.byte	0x3
 695 04e2 9D       		.byte	0x9d
 696 04e3 B7000000 		.4byte	0xb7
 697 04e7 B0       		.byte	0xb0
 698 04e8 07       		.uleb128 0x7
 699 04e9 94080000 		.4byte	.LASF106
 700 04ed 03       		.byte	0x3
 701 04ee 9E       		.byte	0x9e
 702 04ef CD000000 		.4byte	0xcd
 703 04f3 B4       		.byte	0xb4
 704 04f4 00       		.byte	0
 705 04f5 04       		.uleb128 0x4
 706 04f6 94050000 		.4byte	.LASF107
 707 04fa 03       		.byte	0x3
 708 04fb 9F       		.byte	0x9f
 709 04fc E4000000 		.4byte	0xe4
 710 0500 03       		.uleb128 0x3
 711 0501 01       		.byte	0x1
 712 0502 08       		.byte	0x8
 713 0503 E1090000 		.4byte	.LASF108
 714 0507 03       		.uleb128 0x3
 715 0508 04       		.byte	0x4
 716 0509 04       		.byte	0x4
 717 050a 53010000 		.4byte	.LASF109
 718 050e 03       		.uleb128 0x3
 719 050f 08       		.byte	0x8
 720 0510 04       		.byte	0x4
 721 0511 A7030000 		.4byte	.LASF110
 722 0515 08       		.uleb128 0x8
 723 0516 87030000 		.4byte	.LASF111
 724 051a 04       		.byte	0x4
 725 051b EA03     		.2byte	0x3ea
 726 051d A1000000 		.4byte	0xa1
 727 0521 09       		.uleb128 0x9
 728 0522 04       		.byte	0x4
 729 0523 0A       		.uleb128 0xa
 730 0524 04       		.byte	0x4
 731 0525 A1000000 		.4byte	0xa1
 732 0529 03       		.uleb128 0x3
 733 052a 01       		.byte	0x1
 734 052b 02       		.byte	0x2
 735 052c 500C0000 		.4byte	.LASF112
 736 0530 0B       		.uleb128 0xb
 737 0531 01       		.byte	0x1
 738 0532 4B000000 		.4byte	0x4b
 739 0536 05       		.byte	0x5
 740 0537 2402     		.2byte	0x224
 741 0539 4A050000 		.4byte	0x54a
ARM GAS  C:\Users\nicpa\AppData\Local\Temp\ccLoznm3.s 			page 14


 742 053d 0C       		.uleb128 0xc
 743 053e 3F080000 		.4byte	.LASF113
 744 0542 00       		.byte	0
 745 0543 0C       		.uleb128 0xc
 746 0544 61030000 		.4byte	.LASF114
 747 0548 01       		.byte	0x1
 748 0549 00       		.byte	0
 749 054a 08       		.uleb128 0x8
 750 054b 1B060000 		.4byte	.LASF115
 751 054f 05       		.byte	0x5
 752 0550 2702     		.2byte	0x227
 753 0552 30050000 		.4byte	0x530
 754 0556 08       		.uleb128 0x8
 755 0557 2E030000 		.4byte	.LASF116
 756 055b 05       		.byte	0x5
 757 055c 3902     		.2byte	0x239
 758 055e 62050000 		.4byte	0x562
 759 0562 0A       		.uleb128 0xa
 760 0563 04       		.byte	0x4
 761 0564 68050000 		.4byte	0x568
 762 0568 0D       		.uleb128 0xd
 763 0569 73050000 		.4byte	0x573
 764 056d 0E       		.uleb128 0xe
 765 056e CD000000 		.4byte	0xcd
 766 0572 00       		.byte	0
 767 0573 08       		.uleb128 0x8
 768 0574 36090000 		.4byte	.LASF117
 769 0578 05       		.byte	0x5
 770 0579 4402     		.2byte	0x244
 771 057b 7F050000 		.4byte	0x57f
 772 057f 0A       		.uleb128 0xa
 773 0580 04       		.byte	0x4
 774 0581 85050000 		.4byte	0x585
 775 0585 0F       		.uleb128 0xf
 776 0586 4A050000 		.4byte	0x54a
 777 058a 94050000 		.4byte	0x594
 778 058e 0E       		.uleb128 0xe
 779 058f CD000000 		.4byte	0xcd
 780 0593 00       		.byte	0
 781 0594 10       		.uleb128 0x10
 782 0595 0F020000 		.4byte	.LASF141
 783 0599 4C       		.byte	0x4c
 784 059a 05       		.byte	0x5
 785 059b C302     		.2byte	0x2c3
 786 059d B3060000 		.4byte	0x6b3
 787 05a1 11       		.uleb128 0x11
 788 05a2 AA0A0000 		.4byte	.LASF118
 789 05a6 05       		.byte	0x5
 790 05a7 C602     		.2byte	0x2c6
 791 05a9 29050000 		.4byte	0x529
 792 05ad 00       		.byte	0
 793 05ae 11       		.uleb128 0x11
 794 05af 47050000 		.4byte	.LASF119
 795 05b3 05       		.byte	0x5
 796 05b4 C702     		.2byte	0x2c7
 797 05b6 29050000 		.4byte	0x529
 798 05ba 01       		.byte	0x1
ARM GAS  C:\Users\nicpa\AppData\Local\Temp\ccLoznm3.s 			page 15


 799 05bb 11       		.uleb128 0x11
 800 05bc 28030000 		.4byte	.LASF120
 801 05c0 05       		.byte	0x5
 802 05c1 C902     		.2byte	0x2c9
 803 05c3 D8000000 		.4byte	0xd8
 804 05c7 04       		.byte	0x4
 805 05c8 11       		.uleb128 0x11
 806 05c9 CF010000 		.4byte	.LASF121
 807 05cd 05       		.byte	0x5
 808 05ce CB02     		.2byte	0x2cb
 809 05d0 D8000000 		.4byte	0xd8
 810 05d4 08       		.byte	0x8
 811 05d5 11       		.uleb128 0x11
 812 05d6 1D090000 		.4byte	.LASF122
 813 05da 05       		.byte	0x5
 814 05db CC02     		.2byte	0x2cc
 815 05dd 29050000 		.4byte	0x529
 816 05e1 0C       		.byte	0xc
 817 05e2 11       		.uleb128 0x11
 818 05e3 55030000 		.4byte	.LASF123
 819 05e7 05       		.byte	0x5
 820 05e8 CD02     		.2byte	0x2cd
 821 05ea 29050000 		.4byte	0x529
 822 05ee 0D       		.byte	0xd
 823 05ef 11       		.uleb128 0x11
 824 05f0 51000000 		.4byte	.LASF124
 825 05f4 05       		.byte	0x5
 826 05f5 CF02     		.2byte	0x2cf
 827 05f7 23050000 		.4byte	0x523
 828 05fb 10       		.byte	0x10
 829 05fc 11       		.uleb128 0x11
 830 05fd E4080000 		.4byte	.LASF125
 831 0601 05       		.byte	0x5
 832 0602 D002     		.2byte	0x2d0
 833 0604 CD000000 		.4byte	0xcd
 834 0608 14       		.byte	0x14
 835 0609 11       		.uleb128 0x11
 836 060a 78060000 		.4byte	.LASF126
 837 060e 05       		.byte	0x5
 838 060f D102     		.2byte	0x2d1
 839 0611 D8000000 		.4byte	0xd8
 840 0615 18       		.byte	0x18
 841 0616 11       		.uleb128 0x11
 842 0617 63090000 		.4byte	.LASF127
 843 061b 05       		.byte	0x5
 844 061c D202     		.2byte	0x2d2
 845 061e D8000000 		.4byte	0xd8
 846 0622 1C       		.byte	0x1c
 847 0623 11       		.uleb128 0x11
 848 0624 F8000000 		.4byte	.LASF128
 849 0628 05       		.byte	0x5
 850 0629 D402     		.2byte	0x2d4
 851 062b D8000000 		.4byte	0xd8
 852 062f 20       		.byte	0x20
 853 0630 11       		.uleb128 0x11
 854 0631 C7040000 		.4byte	.LASF129
 855 0635 05       		.byte	0x5
ARM GAS  C:\Users\nicpa\AppData\Local\Temp\ccLoznm3.s 			page 16


 856 0636 D502     		.2byte	0x2d5
 857 0638 B3060000 		.4byte	0x6b3
 858 063c 24       		.byte	0x24
 859 063d 11       		.uleb128 0x11
 860 063e D80A0000 		.4byte	.LASF130
 861 0642 05       		.byte	0x5
 862 0643 D702     		.2byte	0x2d7
 863 0645 23050000 		.4byte	0x523
 864 0649 28       		.byte	0x28
 865 064a 11       		.uleb128 0x11
 866 064b E60A0000 		.4byte	.LASF131
 867 064f 05       		.byte	0x5
 868 0650 D802     		.2byte	0x2d8
 869 0652 CD000000 		.4byte	0xcd
 870 0656 2C       		.byte	0x2c
 871 0657 11       		.uleb128 0x11
 872 0658 B6040000 		.4byte	.LASF132
 873 065c 05       		.byte	0x5
 874 065d D902     		.2byte	0x2d9
 875 065f D8000000 		.4byte	0xd8
 876 0663 30       		.byte	0x30
 877 0664 11       		.uleb128 0x11
 878 0665 72090000 		.4byte	.LASF133
 879 0669 05       		.byte	0x5
 880 066a DA02     		.2byte	0x2da
 881 066c D8000000 		.4byte	0xd8
 882 0670 34       		.byte	0x34
 883 0671 11       		.uleb128 0x11
 884 0672 DF050000 		.4byte	.LASF134
 885 0676 05       		.byte	0x5
 886 0677 DC02     		.2byte	0x2dc
 887 0679 23050000 		.4byte	0x523
 888 067d 38       		.byte	0x38
 889 067e 11       		.uleb128 0x11
 890 067f FD010000 		.4byte	.LASF135
 891 0683 05       		.byte	0x5
 892 0684 DD02     		.2byte	0x2dd
 893 0686 CD000000 		.4byte	0xcd
 894 068a 3C       		.byte	0x3c
 895 068b 11       		.uleb128 0x11
 896 068c FD060000 		.4byte	.LASF136
 897 0690 05       		.byte	0x5
 898 0691 DE02     		.2byte	0x2de
 899 0693 D8000000 		.4byte	0xd8
 900 0697 40       		.byte	0x40
 901 0698 11       		.uleb128 0x11
 902 0699 6E050000 		.4byte	.LASF137
 903 069d 05       		.byte	0x5
 904 069e E402     		.2byte	0x2e4
 905 06a0 56050000 		.4byte	0x556
 906 06a4 44       		.byte	0x44
 907 06a5 11       		.uleb128 0x11
 908 06a6 05040000 		.4byte	.LASF138
 909 06aa 05       		.byte	0x5
 910 06ab EB02     		.2byte	0x2eb
 911 06ad 73050000 		.4byte	0x573
 912 06b1 48       		.byte	0x48
ARM GAS  C:\Users\nicpa\AppData\Local\Temp\ccLoznm3.s 			page 17


 913 06b2 00       		.byte	0
 914 06b3 05       		.uleb128 0x5
 915 06b4 29050000 		.4byte	0x529
 916 06b8 08       		.uleb128 0x8
 917 06b9 AB090000 		.4byte	.LASF139
 918 06bd 05       		.byte	0x5
 919 06be EE02     		.2byte	0x2ee
 920 06c0 94050000 		.4byte	0x594
 921 06c4 08       		.uleb128 0x8
 922 06c5 F1020000 		.4byte	.LASF140
 923 06c9 06       		.byte	0x6
 924 06ca F201     		.2byte	0x1f2
 925 06cc 62050000 		.4byte	0x562
 926 06d0 10       		.uleb128 0x10
 927 06d1 6E020000 		.4byte	.LASF142
 928 06d5 24       		.byte	0x24
 929 06d6 06       		.byte	0x6
 930 06d7 7402     		.2byte	0x274
 931 06d9 53070000 		.4byte	0x753
 932 06dd 11       		.uleb128 0x11
 933 06de DD080000 		.4byte	.LASF143
 934 06e2 06       		.byte	0x6
 935 06e3 7702     		.2byte	0x277
 936 06e5 D8000000 		.4byte	0xd8
 937 06e9 00       		.byte	0
 938 06ea 11       		.uleb128 0x11
 939 06eb D20A0000 		.4byte	.LASF144
 940 06ef 06       		.byte	0x6
 941 06f0 7902     		.2byte	0x279
 942 06f2 21050000 		.4byte	0x521
 943 06f6 04       		.byte	0x4
 944 06f7 11       		.uleb128 0x11
 945 06f8 1A000000 		.4byte	.LASF145
 946 06fc 06       		.byte	0x6
 947 06fd 7A02     		.2byte	0x27a
 948 06ff CD000000 		.4byte	0xcd
 949 0703 08       		.byte	0x8
 950 0704 11       		.uleb128 0x11
 951 0705 3C040000 		.4byte	.LASF146
 952 0709 06       		.byte	0x6
 953 070a 7B02     		.2byte	0x27b
 954 070c D8000000 		.4byte	0xd8
 955 0710 0C       		.byte	0xc
 956 0711 11       		.uleb128 0x11
 957 0712 DC010000 		.4byte	.LASF147
 958 0716 06       		.byte	0x6
 959 0717 7D02     		.2byte	0x27d
 960 0719 21050000 		.4byte	0x521
 961 071d 10       		.byte	0x10
 962 071e 11       		.uleb128 0x11
 963 071f 68040000 		.4byte	.LASF148
 964 0723 06       		.byte	0x6
 965 0724 7E02     		.2byte	0x27e
 966 0726 CD000000 		.4byte	0xcd
 967 072a 14       		.byte	0x14
 968 072b 11       		.uleb128 0x11
 969 072c 7D0C0000 		.4byte	.LASF149
ARM GAS  C:\Users\nicpa\AppData\Local\Temp\ccLoznm3.s 			page 18


 970 0730 06       		.byte	0x6
 971 0731 7F02     		.2byte	0x27f
 972 0733 D8000000 		.4byte	0xd8
 973 0737 18       		.byte	0x18
 974 0738 11       		.uleb128 0x11
 975 0739 6E050000 		.4byte	.LASF137
 976 073d 06       		.byte	0x6
 977 073e 8502     		.2byte	0x285
 978 0740 C4060000 		.4byte	0x6c4
 979 0744 1C       		.byte	0x1c
 980 0745 11       		.uleb128 0x11
 981 0746 CA0A0000 		.4byte	.LASF150
 982 074a 06       		.byte	0x6
 983 074b 8802     		.2byte	0x288
 984 074d CD000000 		.4byte	0xcd
 985 0751 20       		.byte	0x20
 986 0752 00       		.byte	0
 987 0753 08       		.uleb128 0x8
 988 0754 A4050000 		.4byte	.LASF151
 989 0758 06       		.byte	0x6
 990 0759 8B02     		.2byte	0x28b
 991 075b D0060000 		.4byte	0x6d0
 992 075f 08       		.uleb128 0x8
 993 0760 FB040000 		.4byte	.LASF152
 994 0764 07       		.byte	0x7
 995 0765 D901     		.2byte	0x1d9
 996 0767 62050000 		.4byte	0x562
 997 076b 10       		.uleb128 0x10
 998 076c 380C0000 		.4byte	.LASF153
 999 0770 38       		.byte	0x38
 1000 0771 07       		.byte	0x7
 1001 0772 7502     		.2byte	0x275
 1002 0774 2F080000 		.4byte	0x82f
 1003 0778 11       		.uleb128 0x11
 1004 0779 3E050000 		.4byte	.LASF154
 1005 077d 07       		.byte	0x7
 1006 077e 7802     		.2byte	0x278
 1007 0780 D8000000 		.4byte	0xd8
 1008 0784 00       		.byte	0
 1009 0785 11       		.uleb128 0x11
 1010 0786 D3060000 		.4byte	.LASF155
 1011 078a 07       		.byte	0x7
 1012 078b 7902     		.2byte	0x279
 1013 078d D8000000 		.4byte	0xd8
 1014 0791 04       		.byte	0x4
 1015 0792 11       		.uleb128 0x11
 1016 0793 AF010000 		.4byte	.LASF156
 1017 0797 07       		.byte	0x7
 1018 0798 7B02     		.2byte	0x27b
 1019 079a 21050000 		.4byte	0x521
 1020 079e 08       		.byte	0x8
 1021 079f 11       		.uleb128 0x11
 1022 07a0 A8040000 		.4byte	.LASF157
 1023 07a4 07       		.byte	0x7
 1024 07a5 7C02     		.2byte	0x27c
 1025 07a7 CD000000 		.4byte	0xcd
 1026 07ab 0C       		.byte	0xc
ARM GAS  C:\Users\nicpa\AppData\Local\Temp\ccLoznm3.s 			page 19


 1027 07ac 11       		.uleb128 0x11
 1028 07ad 4B0A0000 		.4byte	.LASF158
 1029 07b1 07       		.byte	0x7
 1030 07b2 7D02     		.2byte	0x27d
 1031 07b4 D8000000 		.4byte	0xd8
 1032 07b8 10       		.byte	0x10
 1033 07b9 11       		.uleb128 0x11
 1034 07ba C60B0000 		.4byte	.LASF159
 1035 07be 07       		.byte	0x7
 1036 07bf 7E02     		.2byte	0x27e
 1037 07c1 D8000000 		.4byte	0xd8
 1038 07c5 14       		.byte	0x14
 1039 07c6 11       		.uleb128 0x11
 1040 07c7 D20A0000 		.4byte	.LASF144
 1041 07cb 07       		.byte	0x7
 1042 07cc 8002     		.2byte	0x280
 1043 07ce 21050000 		.4byte	0x521
 1044 07d2 18       		.byte	0x18
 1045 07d3 11       		.uleb128 0x11
 1046 07d4 1A000000 		.4byte	.LASF145
 1047 07d8 07       		.byte	0x7
 1048 07d9 8102     		.2byte	0x281
 1049 07db CD000000 		.4byte	0xcd
 1050 07df 1C       		.byte	0x1c
 1051 07e0 11       		.uleb128 0x11
 1052 07e1 3C040000 		.4byte	.LASF146
 1053 07e5 07       		.byte	0x7
 1054 07e6 8202     		.2byte	0x282
 1055 07e8 D8000000 		.4byte	0xd8
 1056 07ec 20       		.byte	0x20
 1057 07ed 11       		.uleb128 0x11
 1058 07ee DC010000 		.4byte	.LASF147
 1059 07f2 07       		.byte	0x7
 1060 07f3 8402     		.2byte	0x284
 1061 07f5 21050000 		.4byte	0x521
 1062 07f9 24       		.byte	0x24
 1063 07fa 11       		.uleb128 0x11
 1064 07fb 68040000 		.4byte	.LASF148
 1065 07ff 07       		.byte	0x7
 1066 0800 8502     		.2byte	0x285
 1067 0802 CD000000 		.4byte	0xcd
 1068 0806 28       		.byte	0x28
 1069 0807 11       		.uleb128 0x11
 1070 0808 9A020000 		.4byte	.LASF160
 1071 080c 07       		.byte	0x7
 1072 080d 8602     		.2byte	0x286
 1073 080f D8000000 		.4byte	0xd8
 1074 0813 2C       		.byte	0x2c
 1075 0814 11       		.uleb128 0x11
 1076 0815 6E050000 		.4byte	.LASF137
 1077 0819 07       		.byte	0x7
 1078 081a 8B02     		.2byte	0x28b
 1079 081c 5F070000 		.4byte	0x75f
 1080 0820 30       		.byte	0x30
 1081 0821 11       		.uleb128 0x11
 1082 0822 CA0A0000 		.4byte	.LASF150
 1083 0826 07       		.byte	0x7
ARM GAS  C:\Users\nicpa\AppData\Local\Temp\ccLoznm3.s 			page 20


 1084 0827 8E02     		.2byte	0x28e
 1085 0829 CD000000 		.4byte	0xcd
 1086 082d 34       		.byte	0x34
 1087 082e 00       		.byte	0
 1088 082f 08       		.uleb128 0x8
 1089 0830 F80A0000 		.4byte	.LASF161
 1090 0834 07       		.byte	0x7
 1091 0835 9102     		.2byte	0x291
 1092 0837 6B070000 		.4byte	0x76b
 1093 083b 12       		.uleb128 0x12
 1094 083c 33060000 		.4byte	.LASF162
 1095 0840 4C       		.byte	0x4c
 1096 0841 08       		.byte	0x8
 1097 0842 2F       		.byte	0x2f
 1098 0843 2C090000 		.4byte	0x92c
 1099 0847 07       		.uleb128 0x7
 1100 0848 59010000 		.4byte	.LASF163
 1101 084c 08       		.byte	0x8
 1102 084d 31       		.byte	0x31
 1103 084e CD000000 		.4byte	0xcd
 1104 0852 00       		.byte	0
 1105 0853 07       		.uleb128 0x7
 1106 0854 90010000 		.4byte	.LASF164
 1107 0858 08       		.byte	0x8
 1108 0859 33       		.byte	0x33
 1109 085a CD000000 		.4byte	0xcd
 1110 085e 04       		.byte	0x4
 1111 085f 07       		.uleb128 0x7
 1112 0860 12000000 		.4byte	.LASF165
 1113 0864 08       		.byte	0x8
 1114 0865 34       		.byte	0x34
 1115 0866 CD000000 		.4byte	0xcd
 1116 086a 08       		.byte	0x8
 1117 086b 07       		.uleb128 0x7
 1118 086c 2C010000 		.4byte	.LASF166
 1119 0870 08       		.byte	0x8
 1120 0871 35       		.byte	0x35
 1121 0872 CD000000 		.4byte	0xcd
 1122 0876 0C       		.byte	0xc
 1123 0877 07       		.uleb128 0x7
 1124 0878 52090000 		.4byte	.LASF167
 1125 087c 08       		.byte	0x8
 1126 087d 37       		.byte	0x37
 1127 087e CD000000 		.4byte	0xcd
 1128 0882 10       		.byte	0x10
 1129 0883 07       		.uleb128 0x7
 1130 0884 C4090000 		.4byte	.LASF168
 1131 0888 08       		.byte	0x8
 1132 0889 38       		.byte	0x38
 1133 088a CD000000 		.4byte	0xcd
 1134 088e 14       		.byte	0x14
 1135 088f 07       		.uleb128 0x7
 1136 0890 CD090000 		.4byte	.LASF169
 1137 0894 08       		.byte	0x8
 1138 0895 39       		.byte	0x39
 1139 0896 CD000000 		.4byte	0xcd
 1140 089a 18       		.byte	0x18
ARM GAS  C:\Users\nicpa\AppData\Local\Temp\ccLoznm3.s 			page 21


 1141 089b 07       		.uleb128 0x7
 1142 089c BD080000 		.4byte	.LASF170
 1143 08a0 08       		.byte	0x8
 1144 08a1 3A       		.byte	0x3a
 1145 08a2 29050000 		.4byte	0x529
 1146 08a6 1C       		.byte	0x1c
 1147 08a7 07       		.uleb128 0x7
 1148 08a8 590A0000 		.4byte	.LASF171
 1149 08ac 08       		.byte	0x8
 1150 08ad 3C       		.byte	0x3c
 1151 08ae CD000000 		.4byte	0xcd
 1152 08b2 20       		.byte	0x20
 1153 08b3 07       		.uleb128 0x7
 1154 08b4 CE030000 		.4byte	.LASF172
 1155 08b8 08       		.byte	0x8
 1156 08b9 3D       		.byte	0x3d
 1157 08ba CD000000 		.4byte	0xcd
 1158 08be 24       		.byte	0x24
 1159 08bf 07       		.uleb128 0x7
 1160 08c0 6C010000 		.4byte	.LASF173
 1161 08c4 08       		.byte	0x8
 1162 08c5 3F       		.byte	0x3f
 1163 08c6 CD000000 		.4byte	0xcd
 1164 08ca 28       		.byte	0x28
 1165 08cb 07       		.uleb128 0x7
 1166 08cc B60B0000 		.4byte	.LASF174
 1167 08d0 08       		.byte	0x8
 1168 08d1 40       		.byte	0x40
 1169 08d2 CD000000 		.4byte	0xcd
 1170 08d6 2C       		.byte	0x2c
 1171 08d7 07       		.uleb128 0x7
 1172 08d8 6A0A0000 		.4byte	.LASF175
 1173 08dc 08       		.byte	0x8
 1174 08dd 42       		.byte	0x42
 1175 08de CD000000 		.4byte	0xcd
 1176 08e2 30       		.byte	0x30
 1177 08e3 07       		.uleb128 0x7
 1178 08e4 4E080000 		.4byte	.LASF176
 1179 08e8 08       		.byte	0x8
 1180 08e9 43       		.byte	0x43
 1181 08ea CD000000 		.4byte	0xcd
 1182 08ee 34       		.byte	0x34
 1183 08ef 07       		.uleb128 0x7
 1184 08f0 860C0000 		.4byte	.LASF177
 1185 08f4 08       		.byte	0x8
 1186 08f5 45       		.byte	0x45
 1187 08f6 CD000000 		.4byte	0xcd
 1188 08fa 38       		.byte	0x38
 1189 08fb 07       		.uleb128 0x7
 1190 08fc 3B010000 		.4byte	.LASF178
 1191 0900 08       		.byte	0x8
 1192 0901 46       		.byte	0x46
 1193 0902 CD000000 		.4byte	0xcd
 1194 0906 3C       		.byte	0x3c
 1195 0907 07       		.uleb128 0x7
 1196 0908 920A0000 		.4byte	.LASF179
 1197 090c 08       		.byte	0x8
ARM GAS  C:\Users\nicpa\AppData\Local\Temp\ccLoznm3.s 			page 22


 1198 090d 48       		.byte	0x48
 1199 090e CD000000 		.4byte	0xcd
 1200 0912 40       		.byte	0x40
 1201 0913 07       		.uleb128 0x7
 1202 0914 D0050000 		.4byte	.LASF180
 1203 0918 08       		.byte	0x8
 1204 0919 49       		.byte	0x49
 1205 091a CD000000 		.4byte	0xcd
 1206 091e 44       		.byte	0x44
 1207 091f 07       		.uleb128 0x7
 1208 0920 D6090000 		.4byte	.LASF181
 1209 0924 08       		.byte	0x8
 1210 0925 4B       		.byte	0x4b
 1211 0926 CD000000 		.4byte	0xcd
 1212 092a 48       		.byte	0x48
 1213 092b 00       		.byte	0
 1214 092c 04       		.uleb128 0x4
 1215 092d 50020000 		.4byte	.LASF182
 1216 0931 08       		.byte	0x8
 1217 0932 4C       		.byte	0x4c
 1218 0933 3B080000 		.4byte	0x83b
 1219 0937 13       		.uleb128 0x13
 1220 0938 EF070000 		.4byte	.LASF183
 1221 093c 03       		.byte	0x3
 1222 093d A7       		.byte	0xa7
 1223 093e 42090000 		.4byte	0x942
 1224 0942 0A       		.uleb128 0xa
 1225 0943 04       		.byte	0x4
 1226 0944 48090000 		.4byte	0x948
 1227 0948 14       		.uleb128 0x14
 1228 0949 F5040000 		.4byte	0x4f5
 1229 094d 15       		.uleb128 0x15
 1230 094e 87080000 		.4byte	.LASF184
 1231 0952 09       		.byte	0x9
 1232 0953 0108     		.2byte	0x801
 1233 0955 59090000 		.4byte	0x959
 1234 0959 05       		.uleb128 0x5
 1235 095a C2000000 		.4byte	0xc2
 1236 095e 13       		.uleb128 0x13
 1237 095f 200B0000 		.4byte	.LASF185
 1238 0963 0A       		.byte	0xa
 1239 0964 5E       		.byte	0x5e
 1240 0965 53070000 		.4byte	0x753
 1241 0969 13       		.uleb128 0x13
 1242 096a 770B0000 		.4byte	.LASF186
 1243 096e 0B       		.byte	0xb
 1244 096f 1F       		.byte	0x1f
 1245 0970 74090000 		.4byte	0x974
 1246 0974 14       		.uleb128 0x14
 1247 0975 2C090000 		.4byte	0x92c
 1248 0979 13       		.uleb128 0x13
 1249 097a CC020000 		.4byte	.LASF187
 1250 097e 0C       		.byte	0xc
 1251 097f 7F       		.byte	0x7f
 1252 0980 B8060000 		.4byte	0x6b8
 1253 0984 13       		.uleb128 0x13
 1254 0985 2A080000 		.4byte	.LASF188
ARM GAS  C:\Users\nicpa\AppData\Local\Temp\ccLoznm3.s 			page 23


 1255 0989 0D       		.byte	0xd
 1256 098a 7F       		.byte	0x7f
 1257 098b B8060000 		.4byte	0x6b8
 1258 098f 13       		.uleb128 0x13
 1259 0990 1A050000 		.4byte	.LASF189
 1260 0994 0E       		.byte	0xe
 1261 0995 87       		.byte	0x87
 1262 0996 2F080000 		.4byte	0x82f
 1263 099a 16       		.uleb128 0x16
 1264 099b CD070000 		.4byte	.LASF190
 1265 099f 0F       		.byte	0xf
 1266 09a0 0D       		.byte	0xd
 1267 09a1 AB090000 		.4byte	0x9ab
 1268 09a5 05       		.uleb128 0x5
 1269 09a6 03       		.byte	0x3
 1270 09a7 00000000 		.4byte	PAGE_MENU
 1271 09ab 14       		.uleb128 0x14
 1272 09ac A1000000 		.4byte	0xa1
 1273 09b0 16       		.uleb128 0x16
 1274 09b1 1B080000 		.4byte	.LASF191
 1275 09b5 0F       		.byte	0xf
 1276 09b6 0F       		.byte	0xf
 1277 09b7 AB090000 		.4byte	0x9ab
 1278 09bb 05       		.uleb128 0x5
 1279 09bc 03       		.byte	0x3
 1280 09bd 00000000 		.4byte	PAGE_SIGNAL_IR
 1281 09c1 16       		.uleb128 0x16
 1282 09c2 42020000 		.4byte	.LASF192
 1283 09c6 0F       		.byte	0xf
 1284 09c7 0E       		.byte	0xe
 1285 09c8 AB090000 		.4byte	0x9ab
 1286 09cc 05       		.uleb128 0x5
 1287 09cd 03       		.byte	0x3
 1288 09ce 00000000 		.4byte	PAGE_SIGNAL_R
 1289 09d2 16       		.uleb128 0x16
 1290 09d3 060C0000 		.4byte	.LASF193
 1291 09d7 0F       		.byte	0xf
 1292 09d8 11       		.byte	0x11
 1293 09d9 AB090000 		.4byte	0x9ab
 1294 09dd 05       		.uleb128 0x5
 1295 09de 03       		.byte	0x3
 1296 09df 00000000 		.4byte	PAGE_HR
 1297 09e3 16       		.uleb128 0x16
 1298 09e4 D40B0000 		.4byte	.LASF194
 1299 09e8 0F       		.byte	0xf
 1300 09e9 10       		.byte	0x10
 1301 09ea AB090000 		.4byte	0x9ab
 1302 09ee 05       		.uleb128 0x5
 1303 09ef 03       		.byte	0x3
 1304 09f0 00000000 		.4byte	PAGE_LED
 1305 09f4 16       		.uleb128 0x16
 1306 09f5 0F060000 		.4byte	.LASF195
 1307 09f9 10       		.byte	0x10
 1308 09fa 27       		.byte	0x27
 1309 09fb A1000000 		.4byte	0xa1
 1310 09ff 05       		.uleb128 0x5
 1311 0a00 03       		.byte	0x3
ARM GAS  C:\Users\nicpa\AppData\Local\Temp\ccLoznm3.s 			page 24


 1312 0a01 00000000 		.4byte	currentpage
 1313 0a05 16       		.uleb128 0x16
 1314 0a06 29090000 		.4byte	.LASF196
 1315 0a0a 10       		.byte	0x10
 1316 0a0b 28       		.byte	0x28
 1317 0a0c A1000000 		.4byte	0xa1
 1318 0a10 05       		.uleb128 0x5
 1319 0a11 03       		.byte	0x3
 1320 0a12 00000000 		.4byte	currenttouch
 1321 0a16 16       		.uleb128 0x16
 1322 0a17 E8070000 		.4byte	.LASF197
 1323 0a1b 10       		.byte	0x10
 1324 0a1c 29       		.byte	0x29
 1325 0a1d 29050000 		.4byte	0x529
 1326 0a21 05       		.uleb128 0x5
 1327 0a22 03       		.byte	0x3
 1328 0a23 00000000 		.4byte	alerte
 1329 0a27 17       		.uleb128 0x17
 1330 0a28 4C454400 		.ascii	"LED\000"
 1331 0a2c 10       		.byte	0x10
 1332 0a2d 2C       		.byte	0x2c
 1333 0a2e CD000000 		.4byte	0xcd
 1334 0a32 05       		.uleb128 0x5
 1335 0a33 03       		.byte	0x3
 1336 0a34 00000000 		.4byte	LED
 1337 0a38 16       		.uleb128 0x16
 1338 0a39 E2010000 		.4byte	.LASF198
 1339 0a3d 10       		.byte	0x10
 1340 0a3e 2F       		.byte	0x2f
 1341 0a3f 29050000 		.4byte	0x529
 1342 0a43 05       		.uleb128 0x5
 1343 0a44 03       		.byte	0x3
 1344 0a45 00000000 		.4byte	maxormin
 1345 0a49 16       		.uleb128 0x16
 1346 0a4a DC060000 		.4byte	.LASF199
 1347 0a4e 10       		.byte	0x10
 1348 0a4f 30       		.byte	0x30
 1349 0a50 CD000000 		.4byte	0xcd
 1350 0a54 05       		.uleb128 0x5
 1351 0a55 03       		.byte	0x3
 1352 0a56 00000000 		.4byte	hrmax
 1353 0a5a 16       		.uleb128 0x16
 1354 0a5b 24000000 		.4byte	.LASF200
 1355 0a5f 10       		.byte	0x10
 1356 0a60 31       		.byte	0x31
 1357 0a61 CD000000 		.4byte	0xcd
 1358 0a65 05       		.uleb128 0x5
 1359 0a66 03       		.byte	0x3
 1360 0a67 00000000 		.4byte	hrmin
 1361 0a6b 00       		.byte	0
 1362              		.section	.debug_abbrev,"",%progbits
 1363              	.Ldebug_abbrev0:
 1364 0000 01       		.uleb128 0x1
 1365 0001 11       		.uleb128 0x11
 1366 0002 01       		.byte	0x1
 1367 0003 25       		.uleb128 0x25
 1368 0004 0E       		.uleb128 0xe
ARM GAS  C:\Users\nicpa\AppData\Local\Temp\ccLoznm3.s 			page 25


 1369 0005 13       		.uleb128 0x13
 1370 0006 0B       		.uleb128 0xb
 1371 0007 03       		.uleb128 0x3
 1372 0008 0E       		.uleb128 0xe
 1373 0009 1B       		.uleb128 0x1b
 1374 000a 0E       		.uleb128 0xe
 1375 000b 10       		.uleb128 0x10
 1376 000c 17       		.uleb128 0x17
 1377 000d 00       		.byte	0
 1378 000e 00       		.byte	0
 1379 000f 02       		.uleb128 0x2
 1380 0010 24       		.uleb128 0x24
 1381 0011 00       		.byte	0
 1382 0012 0B       		.uleb128 0xb
 1383 0013 0B       		.uleb128 0xb
 1384 0014 3E       		.uleb128 0x3e
 1385 0015 0B       		.uleb128 0xb
 1386 0016 03       		.uleb128 0x3
 1387 0017 08       		.uleb128 0x8
 1388 0018 00       		.byte	0
 1389 0019 00       		.byte	0
 1390 001a 03       		.uleb128 0x3
 1391 001b 24       		.uleb128 0x24
 1392 001c 00       		.byte	0
 1393 001d 0B       		.uleb128 0xb
 1394 001e 0B       		.uleb128 0xb
 1395 001f 3E       		.uleb128 0x3e
 1396 0020 0B       		.uleb128 0xb
 1397 0021 03       		.uleb128 0x3
 1398 0022 0E       		.uleb128 0xe
 1399 0023 00       		.byte	0
 1400 0024 00       		.byte	0
 1401 0025 04       		.uleb128 0x4
 1402 0026 16       		.uleb128 0x16
 1403 0027 00       		.byte	0
 1404 0028 03       		.uleb128 0x3
 1405 0029 0E       		.uleb128 0xe
 1406 002a 3A       		.uleb128 0x3a
 1407 002b 0B       		.uleb128 0xb
 1408 002c 3B       		.uleb128 0x3b
 1409 002d 0B       		.uleb128 0xb
 1410 002e 49       		.uleb128 0x49
 1411 002f 13       		.uleb128 0x13
 1412 0030 00       		.byte	0
 1413 0031 00       		.byte	0
 1414 0032 05       		.uleb128 0x5
 1415 0033 35       		.uleb128 0x35
 1416 0034 00       		.byte	0
 1417 0035 49       		.uleb128 0x49
 1418 0036 13       		.uleb128 0x13
 1419 0037 00       		.byte	0
 1420 0038 00       		.byte	0
 1421 0039 06       		.uleb128 0x6
 1422 003a 13       		.uleb128 0x13
 1423 003b 01       		.byte	0x1
 1424 003c 0B       		.uleb128 0xb
 1425 003d 0B       		.uleb128 0xb
ARM GAS  C:\Users\nicpa\AppData\Local\Temp\ccLoznm3.s 			page 26


 1426 003e 3A       		.uleb128 0x3a
 1427 003f 0B       		.uleb128 0xb
 1428 0040 3B       		.uleb128 0x3b
 1429 0041 0B       		.uleb128 0xb
 1430 0042 01       		.uleb128 0x1
 1431 0043 13       		.uleb128 0x13
 1432 0044 00       		.byte	0
 1433 0045 00       		.byte	0
 1434 0046 07       		.uleb128 0x7
 1435 0047 0D       		.uleb128 0xd
 1436 0048 00       		.byte	0
 1437 0049 03       		.uleb128 0x3
 1438 004a 0E       		.uleb128 0xe
 1439 004b 3A       		.uleb128 0x3a
 1440 004c 0B       		.uleb128 0xb
 1441 004d 3B       		.uleb128 0x3b
 1442 004e 0B       		.uleb128 0xb
 1443 004f 49       		.uleb128 0x49
 1444 0050 13       		.uleb128 0x13
 1445 0051 38       		.uleb128 0x38
 1446 0052 0B       		.uleb128 0xb
 1447 0053 00       		.byte	0
 1448 0054 00       		.byte	0
 1449 0055 08       		.uleb128 0x8
 1450 0056 16       		.uleb128 0x16
 1451 0057 00       		.byte	0
 1452 0058 03       		.uleb128 0x3
 1453 0059 0E       		.uleb128 0xe
 1454 005a 3A       		.uleb128 0x3a
 1455 005b 0B       		.uleb128 0xb
 1456 005c 3B       		.uleb128 0x3b
 1457 005d 05       		.uleb128 0x5
 1458 005e 49       		.uleb128 0x49
 1459 005f 13       		.uleb128 0x13
 1460 0060 00       		.byte	0
 1461 0061 00       		.byte	0
 1462 0062 09       		.uleb128 0x9
 1463 0063 0F       		.uleb128 0xf
 1464 0064 00       		.byte	0
 1465 0065 0B       		.uleb128 0xb
 1466 0066 0B       		.uleb128 0xb
 1467 0067 00       		.byte	0
 1468 0068 00       		.byte	0
 1469 0069 0A       		.uleb128 0xa
 1470 006a 0F       		.uleb128 0xf
 1471 006b 00       		.byte	0
 1472 006c 0B       		.uleb128 0xb
 1473 006d 0B       		.uleb128 0xb
 1474 006e 49       		.uleb128 0x49
 1475 006f 13       		.uleb128 0x13
 1476 0070 00       		.byte	0
 1477 0071 00       		.byte	0
 1478 0072 0B       		.uleb128 0xb
 1479 0073 04       		.uleb128 0x4
 1480 0074 01       		.byte	0x1
 1481 0075 0B       		.uleb128 0xb
 1482 0076 0B       		.uleb128 0xb
ARM GAS  C:\Users\nicpa\AppData\Local\Temp\ccLoznm3.s 			page 27


 1483 0077 49       		.uleb128 0x49
 1484 0078 13       		.uleb128 0x13
 1485 0079 3A       		.uleb128 0x3a
 1486 007a 0B       		.uleb128 0xb
 1487 007b 3B       		.uleb128 0x3b
 1488 007c 05       		.uleb128 0x5
 1489 007d 01       		.uleb128 0x1
 1490 007e 13       		.uleb128 0x13
 1491 007f 00       		.byte	0
 1492 0080 00       		.byte	0
 1493 0081 0C       		.uleb128 0xc
 1494 0082 28       		.uleb128 0x28
 1495 0083 00       		.byte	0
 1496 0084 03       		.uleb128 0x3
 1497 0085 0E       		.uleb128 0xe
 1498 0086 1C       		.uleb128 0x1c
 1499 0087 0B       		.uleb128 0xb
 1500 0088 00       		.byte	0
 1501 0089 00       		.byte	0
 1502 008a 0D       		.uleb128 0xd
 1503 008b 15       		.uleb128 0x15
 1504 008c 01       		.byte	0x1
 1505 008d 27       		.uleb128 0x27
 1506 008e 19       		.uleb128 0x19
 1507 008f 01       		.uleb128 0x1
 1508 0090 13       		.uleb128 0x13
 1509 0091 00       		.byte	0
 1510 0092 00       		.byte	0
 1511 0093 0E       		.uleb128 0xe
 1512 0094 05       		.uleb128 0x5
 1513 0095 00       		.byte	0
 1514 0096 49       		.uleb128 0x49
 1515 0097 13       		.uleb128 0x13
 1516 0098 00       		.byte	0
 1517 0099 00       		.byte	0
 1518 009a 0F       		.uleb128 0xf
 1519 009b 15       		.uleb128 0x15
 1520 009c 01       		.byte	0x1
 1521 009d 27       		.uleb128 0x27
 1522 009e 19       		.uleb128 0x19
 1523 009f 49       		.uleb128 0x49
 1524 00a0 13       		.uleb128 0x13
 1525 00a1 01       		.uleb128 0x1
 1526 00a2 13       		.uleb128 0x13
 1527 00a3 00       		.byte	0
 1528 00a4 00       		.byte	0
 1529 00a5 10       		.uleb128 0x10
 1530 00a6 13       		.uleb128 0x13
 1531 00a7 01       		.byte	0x1
 1532 00a8 03       		.uleb128 0x3
 1533 00a9 0E       		.uleb128 0xe
 1534 00aa 0B       		.uleb128 0xb
 1535 00ab 0B       		.uleb128 0xb
 1536 00ac 3A       		.uleb128 0x3a
 1537 00ad 0B       		.uleb128 0xb
 1538 00ae 3B       		.uleb128 0x3b
 1539 00af 05       		.uleb128 0x5
ARM GAS  C:\Users\nicpa\AppData\Local\Temp\ccLoznm3.s 			page 28


 1540 00b0 01       		.uleb128 0x1
 1541 00b1 13       		.uleb128 0x13
 1542 00b2 00       		.byte	0
 1543 00b3 00       		.byte	0
 1544 00b4 11       		.uleb128 0x11
 1545 00b5 0D       		.uleb128 0xd
 1546 00b6 00       		.byte	0
 1547 00b7 03       		.uleb128 0x3
 1548 00b8 0E       		.uleb128 0xe
 1549 00b9 3A       		.uleb128 0x3a
 1550 00ba 0B       		.uleb128 0xb
 1551 00bb 3B       		.uleb128 0x3b
 1552 00bc 05       		.uleb128 0x5
 1553 00bd 49       		.uleb128 0x49
 1554 00be 13       		.uleb128 0x13
 1555 00bf 38       		.uleb128 0x38
 1556 00c0 0B       		.uleb128 0xb
 1557 00c1 00       		.byte	0
 1558 00c2 00       		.byte	0
 1559 00c3 12       		.uleb128 0x12
 1560 00c4 13       		.uleb128 0x13
 1561 00c5 01       		.byte	0x1
 1562 00c6 03       		.uleb128 0x3
 1563 00c7 0E       		.uleb128 0xe
 1564 00c8 0B       		.uleb128 0xb
 1565 00c9 0B       		.uleb128 0xb
 1566 00ca 3A       		.uleb128 0x3a
 1567 00cb 0B       		.uleb128 0xb
 1568 00cc 3B       		.uleb128 0x3b
 1569 00cd 0B       		.uleb128 0xb
 1570 00ce 01       		.uleb128 0x1
 1571 00cf 13       		.uleb128 0x13
 1572 00d0 00       		.byte	0
 1573 00d1 00       		.byte	0
 1574 00d2 13       		.uleb128 0x13
 1575 00d3 34       		.uleb128 0x34
 1576 00d4 00       		.byte	0
 1577 00d5 03       		.uleb128 0x3
 1578 00d6 0E       		.uleb128 0xe
 1579 00d7 3A       		.uleb128 0x3a
 1580 00d8 0B       		.uleb128 0xb
 1581 00d9 3B       		.uleb128 0x3b
 1582 00da 0B       		.uleb128 0xb
 1583 00db 49       		.uleb128 0x49
 1584 00dc 13       		.uleb128 0x13
 1585 00dd 3F       		.uleb128 0x3f
 1586 00de 19       		.uleb128 0x19
 1587 00df 3C       		.uleb128 0x3c
 1588 00e0 19       		.uleb128 0x19
 1589 00e1 00       		.byte	0
 1590 00e2 00       		.byte	0
 1591 00e3 14       		.uleb128 0x14
 1592 00e4 26       		.uleb128 0x26
 1593 00e5 00       		.byte	0
 1594 00e6 49       		.uleb128 0x49
 1595 00e7 13       		.uleb128 0x13
 1596 00e8 00       		.byte	0
ARM GAS  C:\Users\nicpa\AppData\Local\Temp\ccLoznm3.s 			page 29


 1597 00e9 00       		.byte	0
 1598 00ea 15       		.uleb128 0x15
 1599 00eb 34       		.uleb128 0x34
 1600 00ec 00       		.byte	0
 1601 00ed 03       		.uleb128 0x3
 1602 00ee 0E       		.uleb128 0xe
 1603 00ef 3A       		.uleb128 0x3a
 1604 00f0 0B       		.uleb128 0xb
 1605 00f1 3B       		.uleb128 0x3b
 1606 00f2 05       		.uleb128 0x5
 1607 00f3 49       		.uleb128 0x49
 1608 00f4 13       		.uleb128 0x13
 1609 00f5 3F       		.uleb128 0x3f
 1610 00f6 19       		.uleb128 0x19
 1611 00f7 3C       		.uleb128 0x3c
 1612 00f8 19       		.uleb128 0x19
 1613 00f9 00       		.byte	0
 1614 00fa 00       		.byte	0
 1615 00fb 16       		.uleb128 0x16
 1616 00fc 34       		.uleb128 0x34
 1617 00fd 00       		.byte	0
 1618 00fe 03       		.uleb128 0x3
 1619 00ff 0E       		.uleb128 0xe
 1620 0100 3A       		.uleb128 0x3a
 1621 0101 0B       		.uleb128 0xb
 1622 0102 3B       		.uleb128 0x3b
 1623 0103 0B       		.uleb128 0xb
 1624 0104 49       		.uleb128 0x49
 1625 0105 13       		.uleb128 0x13
 1626 0106 3F       		.uleb128 0x3f
 1627 0107 19       		.uleb128 0x19
 1628 0108 02       		.uleb128 0x2
 1629 0109 18       		.uleb128 0x18
 1630 010a 00       		.byte	0
 1631 010b 00       		.byte	0
 1632 010c 17       		.uleb128 0x17
 1633 010d 34       		.uleb128 0x34
 1634 010e 00       		.byte	0
 1635 010f 03       		.uleb128 0x3
 1636 0110 08       		.uleb128 0x8
 1637 0111 3A       		.uleb128 0x3a
 1638 0112 0B       		.uleb128 0xb
 1639 0113 3B       		.uleb128 0x3b
 1640 0114 0B       		.uleb128 0xb
 1641 0115 49       		.uleb128 0x49
 1642 0116 13       		.uleb128 0x13
 1643 0117 3F       		.uleb128 0x3f
 1644 0118 19       		.uleb128 0x19
 1645 0119 02       		.uleb128 0x2
 1646 011a 18       		.uleb128 0x18
 1647 011b 00       		.byte	0
 1648 011c 00       		.byte	0
 1649 011d 00       		.byte	0
 1650              		.section	.debug_aranges,"",%progbits
 1651 0000 14000000 		.4byte	0x14
 1652 0004 0200     		.2byte	0x2
 1653 0006 00000000 		.4byte	.Ldebug_info0
ARM GAS  C:\Users\nicpa\AppData\Local\Temp\ccLoznm3.s 			page 30


 1654 000a 04       		.byte	0x4
 1655 000b 00       		.byte	0
 1656 000c 0000     		.2byte	0
 1657 000e 0000     		.2byte	0
 1658 0010 00000000 		.4byte	0
 1659 0014 00000000 		.4byte	0
 1660              		.section	.debug_line,"",%progbits
 1661              	.Ldebug_line0:
 1662 0000 F7020000 		.section	.debug_str,"MS",%progbits,1
 1662      0200F102 
 1662      00000201 
 1662      FB0E0D00 
 1662      01010101 
 1663              	.LASF56:
 1664 0000 70726F74 		.ascii	"protBusMasterMask\000"
 1664      4275734D 
 1664      61737465 
 1664      724D6173 
 1664      6B00
 1665              	.LASF165:
 1666 0012 72756E4D 		.ascii	"runMode\000"
 1666      6F646500 
 1667              	.LASF145:
 1668 001a 72784275 		.ascii	"rxBufSize\000"
 1668      6653697A 
 1668      6500
 1669              	.LASF200:
 1670 0024 68726D69 		.ascii	"hrmin\000"
 1670      6E00
 1671              	.LASF66:
 1672 002a 666C6173 		.ascii	"flashCtlMainWs3Freq\000"
 1672      6843746C 
 1672      4D61696E 
 1672      57733346 
 1672      72657100 
 1673              	.LASF88:
 1674 003e 6770696F 		.ascii	"gpioPrtCfgInOffset\000"
 1674      50727443 
 1674      6667496E 
 1674      4F666673 
 1674      657400
 1675              	.LASF124:
 1676 0051 6D617374 		.ascii	"masterBuffer\000"
 1676      65724275 
 1676      66666572 
 1676      00
 1677              	.LASF32:
 1678 005e 63727970 		.ascii	"cryptoVersion\000"
 1678      746F5665 
 1678      7273696F 
 1678      6E00
 1679              	.LASF70:
 1680 006c 64774368 		.ascii	"dwChCtlPrioPos\000"
 1680      43746C50 
 1680      72696F50 
 1680      6F7300
 1681              	.LASF203:
ARM GAS  C:\Users\nicpa\AppData\Local\Temp\ccLoznm3.s 			page 31


 1682 007b 433A5C55 		.ascii	"C:\\Users\\nicpa\\OneDrive\\Documents\\PolyDoc\\GBM"
 1682      73657273 
 1682      5C6E6963 
 1682      70615C4F 
 1682      6E654472 
 1683 00a8 32313030 		.ascii	"2100FINAL\\Laboratoire3\\Laboratoire3.cydsn\000"
 1683      46494E41 
 1683      4C5C4C61 
 1683      626F7261 
 1683      746F6972 
 1684              	.LASF104:
 1685 00d2 63707573 		.ascii	"cpussRam2Ctl0\000"
 1685      7352616D 
 1685      3243746C 
 1685      3000
 1686              	.LASF41:
 1687 00e0 63707573 		.ascii	"cpussIpcIrqNr\000"
 1687      73497063 
 1687      4972714E 
 1687      7200
 1688              	.LASF5:
 1689 00ee 5F5F7569 		.ascii	"__uint8_t\000"
 1689      6E74385F 
 1689      7400
 1690              	.LASF128:
 1691 00f8 736C6176 		.ascii	"slaveStatus\000"
 1691      65537461 
 1691      74757300 
 1692              	.LASF43:
 1693 0104 63707573 		.ascii	"cpussFlashPaSize\000"
 1693      73466C61 
 1693      73685061 
 1693      53697A65 
 1693      00
 1694              	.LASF92:
 1695 0115 63707573 		.ascii	"cpussCm4ClockCtlOffset\000"
 1695      73436D34 
 1695      436C6F63 
 1695      6B43746C 
 1695      4F666673 
 1696              	.LASF166:
 1697 012c 636F756E 		.ascii	"countDirection\000"
 1697      74446972 
 1697      65637469 
 1697      6F6E00
 1698              	.LASF178:
 1699 013b 73746F70 		.ascii	"stopInputMode\000"
 1699      496E7075 
 1699      744D6F64 
 1699      6500
 1700              	.LASF21:
 1701 0149 63707573 		.ascii	"cpussBase\000"
 1701      73426173 
 1701      6500
 1702              	.LASF109:
 1703 0153 666C6F61 		.ascii	"float\000"
 1703      7400
ARM GAS  C:\Users\nicpa\AppData\Local\Temp\ccLoznm3.s 			page 32


 1704              	.LASF163:
 1705 0159 70657269 		.ascii	"period\000"
 1705      6F6400
 1706              	.LASF50:
 1707 0160 70657269 		.ascii	"periClockNr\000"
 1707      436C6F63 
 1707      6B4E7200 
 1708              	.LASF173:
 1709 016c 63617074 		.ascii	"captureInput\000"
 1709      75726549 
 1709      6E707574 
 1709      00
 1710              	.LASF14:
 1711 0179 6C6F6E67 		.ascii	"long long unsigned int\000"
 1711      206C6F6E 
 1711      6720756E 
 1711      7369676E 
 1711      65642069 
 1712              	.LASF164:
 1713 0190 636C6F63 		.ascii	"clockPrescaler\000"
 1713      6B507265 
 1713      7363616C 
 1713      657200
 1714              	.LASF74:
 1715 019f 70657269 		.ascii	"periTrCmdOffset\000"
 1715      5472436D 
 1715      644F6666 
 1715      73657400 
 1716              	.LASF156:
 1717 01af 72785269 		.ascii	"rxRingBuf\000"
 1717      6E674275 
 1717      6600
 1718              	.LASF98:
 1719 01b9 63707573 		.ascii	"cpussSysTickCtlOffset\000"
 1719      73537973 
 1719      5469636B 
 1719      43746C4F 
 1719      66667365 
 1720              	.LASF121:
 1721 01cf 6D617374 		.ascii	"masterStatus\000"
 1721      65725374 
 1721      61747573 
 1721      00
 1722              	.LASF147:
 1723 01dc 74784275 		.ascii	"txBuf\000"
 1723      6600
 1724              	.LASF198:
 1725 01e2 6D61786F 		.ascii	"maxormin\000"
 1725      726D696E 
 1725      00
 1726              	.LASF59:
 1727 01eb 666C6173 		.ascii	"flashPipeRequired\000"
 1727      68506970 
 1727      65526571 
 1727      75697265 
 1727      6400
 1728              	.LASF135:
ARM GAS  C:\Users\nicpa\AppData\Local\Temp\ccLoznm3.s 			page 33


 1729 01fd 736C6176 		.ascii	"slaveRxBufferSize\000"
 1729      65527842 
 1729      75666665 
 1729      7253697A 
 1729      6500
 1730              	.LASF141:
 1731 020f 63795F73 		.ascii	"cy_stc_scb_i2c_context\000"
 1731      74635F73 
 1731      63625F69 
 1731      32635F63 
 1731      6F6E7465 
 1732              	.LASF63:
 1733 0226 666C6173 		.ascii	"flashCtlMainWs0Freq\000"
 1733      6843746C 
 1733      4D61696E 
 1733      57733046 
 1733      72657100 
 1734              	.LASF16:
 1735 023a 696E7431 		.ascii	"int16_t\000"
 1735      365F7400 
 1736              	.LASF192:
 1737 0242 50414745 		.ascii	"PAGE_SIGNAL_R\000"
 1737      5F534947 
 1737      4E414C5F 
 1737      5200
 1738              	.LASF182:
 1739 0250 63795F73 		.ascii	"cy_stc_tcpwm_counter_config_t\000"
 1739      74635F74 
 1739      6370776D 
 1739      5F636F75 
 1739      6E746572 
 1740              	.LASF142:
 1741 026e 63795F73 		.ascii	"cy_stc_scb_spi_context\000"
 1741      74635F73 
 1741      63625F73 
 1741      70695F63 
 1741      6F6E7465 
 1742              	.LASF79:
 1743 0285 70657269 		.ascii	"periDivCmdTypeSelPos\000"
 1743      44697643 
 1743      6D645479 
 1743      70655365 
 1743      6C506F73 
 1744              	.LASF160:
 1745 029a 74784C65 		.ascii	"txLeftToTransmit\000"
 1745      6674546F 
 1745      5472616E 
 1745      736D6974 
 1745      00
 1746              	.LASF96:
 1747 02ab 63707573 		.ascii	"cpussTrimRamCtlOffset\000"
 1747      73547269 
 1747      6D52616D 
 1747      43746C4F 
 1747      66667365 
 1748              	.LASF37:
 1749 02c1 69706356 		.ascii	"ipcVersion\000"
ARM GAS  C:\Users\nicpa\AppData\Local\Temp\ccLoznm3.s 			page 34


 1749      65727369 
 1749      6F6E00
 1750              	.LASF187:
 1751 02cc 4932435F 		.ascii	"I2C_MAX_context\000"
 1751      4D41585F 
 1751      636F6E74 
 1751      65787400 
 1752              	.LASF99:
 1753 02dc 63707573 		.ascii	"cpussCm0NmiCtlOffset\000"
 1753      73436D30 
 1753      4E6D6943 
 1753      746C4F66 
 1753      66736574 
 1754              	.LASF140:
 1755 02f1 63795F63 		.ascii	"cy_cb_scb_spi_handle_events_t\000"
 1755      625F7363 
 1755      625F7370 
 1755      695F6861 
 1755      6E646C65 
 1756              	.LASF47:
 1757 030f 73727373 		.ascii	"srssNumClkpath\000"
 1757      4E756D43 
 1757      6C6B7061 
 1757      746800
 1758              	.LASF26:
 1759 031e 6873696F 		.ascii	"hsiomBase\000"
 1759      6D426173 
 1759      6500
 1760              	.LASF120:
 1761 0328 73746174 		.ascii	"state\000"
 1761      6500
 1762              	.LASF116:
 1763 032e 63795F63 		.ascii	"cy_cb_scb_i2c_handle_events_t\000"
 1763      625F7363 
 1763      625F6932 
 1763      635F6861 
 1763      6E646C65 
 1764              	.LASF11:
 1765 034c 6C6F6E67 		.ascii	"long int\000"
 1765      20696E74 
 1765      00
 1766              	.LASF123:
 1767 0355 6D617374 		.ascii	"masterRdDir\000"
 1767      65725264 
 1767      44697200 
 1768              	.LASF114:
 1769 0361 43595F53 		.ascii	"CY_SCB_I2C_NAK\000"
 1769      43425F49 
 1769      32435F4E 
 1769      414B00
 1770              	.LASF57:
 1771 0370 63727970 		.ascii	"cryptoMemSize\000"
 1771      746F4D65 
 1771      6D53697A 
 1771      6500
 1772              	.LASF23:
 1773 037e 70657269 		.ascii	"periBase\000"
ARM GAS  C:\Users\nicpa\AppData\Local\Temp\ccLoznm3.s 			page 35


 1773      42617365 
 1773      00
 1774              	.LASF111:
 1775 0387 75696E74 		.ascii	"uint8\000"
 1775      3800
 1776              	.LASF55:
 1777 038d 73797350 		.ascii	"sysPmSimoPresent\000"
 1777      6D53696D 
 1777      6F507265 
 1777      73656E74 
 1777      00
 1778              	.LASF17:
 1779 039e 75696E74 		.ascii	"uint16_t\000"
 1779      31365F74 
 1779      00
 1780              	.LASF110:
 1781 03a7 646F7562 		.ascii	"double\000"
 1781      6C6500
 1782              	.LASF84:
 1783 03ae 70657269 		.ascii	"periDiv16_5CtlOffset\000"
 1783      44697631 
 1783      365F3543 
 1783      746C4F66 
 1783      66736574 
 1784              	.LASF48:
 1785 03c3 73727373 		.ascii	"srssNumPll\000"
 1785      4E756D50 
 1785      6C6C00
 1786              	.LASF172:
 1787 03ce 63617074 		.ascii	"captureInputMode\000"
 1787      75726549 
 1787      6E707574 
 1787      4D6F6465 
 1787      00
 1788              	.LASF82:
 1789 03df 70657269 		.ascii	"periDiv8CtlOffset\000"
 1789      44697638 
 1789      43746C4F 
 1789      66667365 
 1789      7400
 1790              	.LASF89:
 1791 03f1 6770696F 		.ascii	"gpioPrtCfgOutOffset\000"
 1791      50727443 
 1791      66674F75 
 1791      744F6666 
 1791      73657400 
 1792              	.LASF138:
 1793 0405 63624164 		.ascii	"cbAddr\000"
 1793      647200
 1794              	.LASF22:
 1795 040c 666C6173 		.ascii	"flashcBase\000"
 1795      68634261 
 1795      736500
 1796              	.LASF12:
 1797 0417 5F5F7569 		.ascii	"__uint32_t\000"
 1797      6E743332 
 1797      5F7400
ARM GAS  C:\Users\nicpa\AppData\Local\Temp\ccLoznm3.s 			page 36


 1798              	.LASF52:
 1799 0422 70617373 		.ascii	"passSarChannels\000"
 1799      53617243 
 1799      68616E6E 
 1799      656C7300 
 1800              	.LASF6:
 1801 0432 5F5F696E 		.ascii	"__int16_t\000"
 1801      7431365F 
 1801      7400
 1802              	.LASF146:
 1803 043c 72784275 		.ascii	"rxBufIdx\000"
 1803      66496478 
 1803      00
 1804              	.LASF1:
 1805 0445 6C6F6E67 		.ascii	"long long int\000"
 1805      206C6F6E 
 1805      6720696E 
 1805      7400
 1806              	.LASF95:
 1807 0453 63707573 		.ascii	"cpussCm4PwrCtlOffset\000"
 1807      73436D34 
 1807      50777243 
 1807      746C4F66 
 1807      66736574 
 1808              	.LASF148:
 1809 0468 74784275 		.ascii	"txBufSize\000"
 1809      6653697A 
 1809      6500
 1810              	.LASF90:
 1811 0472 6770696F 		.ascii	"gpioPrtCfgSioOffset\000"
 1811      50727443 
 1811      66675369 
 1811      6F4F6666 
 1811      73657400 
 1812              	.LASF94:
 1813 0486 63707573 		.ascii	"cpussCm0StatusOffset\000"
 1813      73436D30 
 1813      53746174 
 1813      75734F66 
 1813      66736574 
 1814              	.LASF0:
 1815 049b 756E7369 		.ascii	"unsigned int\000"
 1815      676E6564 
 1815      20696E74 
 1815      00
 1816              	.LASF157:
 1817 04a8 72785269 		.ascii	"rxRingBufSize\000"
 1817      6E674275 
 1817      6653697A 
 1817      6500
 1818              	.LASF132:
 1819 04b6 736C6176 		.ascii	"slaveTxBufferIdx\000"
 1819      65547842 
 1819      75666665 
 1819      72496478 
 1819      00
 1820              	.LASF129:
ARM GAS  C:\Users\nicpa\AppData\Local\Temp\ccLoznm3.s 			page 37


 1821 04c7 736C6176 		.ascii	"slaveRdBufEmpty\000"
 1821      65526442 
 1821      7566456D 
 1821      70747900 
 1822              	.LASF75:
 1823 04d7 70657269 		.ascii	"periTrCmdGrSelMsk\000"
 1823      5472436D 
 1823      64477253 
 1823      656C4D73 
 1823      6B00
 1824              	.LASF13:
 1825 04e9 6C6F6E67 		.ascii	"long unsigned int\000"
 1825      20756E73 
 1825      69676E65 
 1825      6420696E 
 1825      7400
 1826              	.LASF152:
 1827 04fb 63795F63 		.ascii	"cy_cb_scb_uart_handle_events_t\000"
 1827      625F7363 
 1827      625F7561 
 1827      72745F68 
 1827      616E646C 
 1828              	.LASF189:
 1829 051a 55415254 		.ascii	"UART_context\000"
 1829      5F636F6E 
 1829      74657874 
 1829      00
 1830              	.LASF40:
 1831 0527 63707573 		.ascii	"cpussIpcNr\000"
 1831      73497063 
 1831      4E7200
 1832              	.LASF42:
 1833 0532 63707573 		.ascii	"cpussDwChNr\000"
 1833      73447743 
 1833      684E7200 
 1834              	.LASF154:
 1835 053e 74785374 		.ascii	"txStatus\000"
 1835      61747573 
 1835      00
 1836              	.LASF119:
 1837 0547 75736554 		.ascii	"useTxFifo\000"
 1837      78466966 
 1837      6F00
 1838              	.LASF76:
 1839 0551 70657269 		.ascii	"periTrGrOffset\000"
 1839      54724772 
 1839      4F666673 
 1839      657400
 1840              	.LASF103:
 1841 0560 63707573 		.ascii	"cpussRam1Ctl0\000"
 1841      7352616D 
 1841      3143746C 
 1841      3000
 1842              	.LASF137:
 1843 056e 63624576 		.ascii	"cbEvents\000"
 1843      656E7473 
 1843      00
ARM GAS  C:\Users\nicpa\AppData\Local\Temp\ccLoznm3.s 			page 38


 1844              	.LASF87:
 1845 0577 6770696F 		.ascii	"gpioPrtCfgOffset\000"
 1845      50727443 
 1845      66674F66 
 1845      66736574 
 1845      00
 1846              	.LASF35:
 1847 0588 6770696F 		.ascii	"gpioVersion\000"
 1847      56657273 
 1847      696F6E00 
 1848              	.LASF107:
 1849 0594 63795F73 		.ascii	"cy_stc_device_t\000"
 1849      74635F64 
 1849      65766963 
 1849      655F7400 
 1850              	.LASF151:
 1851 05a4 63795F73 		.ascii	"cy_stc_scb_spi_context_t\000"
 1851      74635F73 
 1851      63625F73 
 1851      70695F63 
 1851      6F6E7465 
 1852              	.LASF7:
 1853 05bd 73686F72 		.ascii	"short int\000"
 1853      7420696E 
 1853      7400
 1854              	.LASF25:
 1855 05c7 70726F74 		.ascii	"protBase\000"
 1855      42617365 
 1855      00
 1856              	.LASF180:
 1857 05d0 636F756E 		.ascii	"countInputMode\000"
 1857      74496E70 
 1857      75744D6F 
 1857      646500
 1858              	.LASF134:
 1859 05df 736C6176 		.ascii	"slaveRxBuffer\000"
 1859      65527842 
 1859      75666665 
 1859      7200
 1860              	.LASF91:
 1861 05ed 63707573 		.ascii	"cpussCm0ClockCtlOffset\000"
 1861      73436D30 
 1861      436C6F63 
 1861      6B43746C 
 1861      4F666673 
 1862              	.LASF30:
 1863 0604 63727970 		.ascii	"cryptoBase\000"
 1863      746F4261 
 1863      736500
 1864              	.LASF195:
 1865 060f 63757272 		.ascii	"currentpage\000"
 1865      656E7470 
 1865      61676500 
 1866              	.LASF115:
 1867 061b 63795F65 		.ascii	"cy_en_scb_i2c_command_t\000"
 1867      6E5F7363 
 1867      625F6932 
ARM GAS  C:\Users\nicpa\AppData\Local\Temp\ccLoznm3.s 			page 39


 1867      635F636F 
 1867      6D6D616E 
 1868              	.LASF162:
 1869 0633 63795F73 		.ascii	"cy_stc_tcpwm_counter_config\000"
 1869      74635F74 
 1869      6370776D 
 1869      5F636F75 
 1869      6E746572 
 1870              	.LASF20:
 1871 064f 73697A65 		.ascii	"sizetype\000"
 1871      74797065 
 1871      00
 1872              	.LASF68:
 1873 0658 64774368 		.ascii	"dwChOffset\000"
 1873      4F666673 
 1873      657400
 1874              	.LASF2:
 1875 0663 6C6F6E67 		.ascii	"long double\000"
 1875      20646F75 
 1875      626C6500 
 1876              	.LASF28:
 1877 066f 70617373 		.ascii	"passBase\000"
 1877      42617365 
 1877      00
 1878              	.LASF126:
 1879 0678 6D617374 		.ascii	"masterBufferIdx\000"
 1879      65724275 
 1879      66666572 
 1879      49647800 
 1880              	.LASF81:
 1881 0688 70657269 		.ascii	"periDivCmdPaTypeSelPos\000"
 1881      44697643 
 1881      6D645061 
 1881      54797065 
 1881      53656C50 
 1882              	.LASF53:
 1883 069f 65704D6F 		.ascii	"epMonitorNr\000"
 1883      6E69746F 
 1883      724E7200 
 1884              	.LASF39:
 1885 06ab 70726F74 		.ascii	"protVersion\000"
 1885      56657273 
 1885      696F6E00 
 1886              	.LASF72:
 1887 06b7 64775374 		.ascii	"dwStatusChIdxPos\000"
 1887      61747573 
 1887      43684964 
 1887      78506F73 
 1887      00
 1888              	.LASF54:
 1889 06c8 75646250 		.ascii	"udbPresent\000"
 1889      72657365 
 1889      6E7400
 1890              	.LASF155:
 1891 06d3 72785374 		.ascii	"rxStatus\000"
 1891      61747573 
 1891      00
ARM GAS  C:\Users\nicpa\AppData\Local\Temp\ccLoznm3.s 			page 40


 1892              	.LASF199:
 1893 06dc 68726D61 		.ascii	"hrmax\000"
 1893      7800
 1894              	.LASF34:
 1895 06e2 666C6173 		.ascii	"flashcVersion\000"
 1895      68635665 
 1895      7273696F 
 1895      6E00
 1896              	.LASF51:
 1897 06f0 736D6966 		.ascii	"smifDeviceNr\000"
 1897      44657669 
 1897      63654E72 
 1897      00
 1898              	.LASF136:
 1899 06fd 736C6176 		.ascii	"slaveRxBufferIdx\000"
 1899      65527842 
 1899      75666665 
 1899      72496478 
 1899      00
 1900              	.LASF201:
 1901 070e 474E5520 		.ascii	"GNU C11 5.4.1 20160609 (release) [ARM/embedded-5-br"
 1901      43313120 
 1901      352E342E 
 1901      31203230 
 1901      31363036 
 1902 0741 616E6368 		.ascii	"anch revision 237715] -mcpu=cortex-m4 -mfloat-abi=s"
 1902      20726576 
 1902      6973696F 
 1902      6E203233 
 1902      37373135 
 1903 0774 6F667466 		.ascii	"oftfp -mfpu=fpv4-sp-d16 -mthumb -g -Og -ffunction-s"
 1903      70202D6D 
 1903      6670753D 
 1903      66707634 
 1903      2D73702D 
 1904 07a7 65637469 		.ascii	"ections -ffat-lto-objects\000"
 1904      6F6E7320 
 1904      2D666661 
 1904      742D6C74 
 1904      6F2D6F62 
 1905              	.LASF38:
 1906 07c1 70657269 		.ascii	"periVersion\000"
 1906      56657273 
 1906      696F6E00 
 1907              	.LASF190:
 1908 07cd 50414745 		.ascii	"PAGE_MENU\000"
 1908      5F4D454E 
 1908      5500
 1909              	.LASF73:
 1910 07d7 64775374 		.ascii	"dwStatusChIdxMsk\000"
 1910      61747573 
 1910      43684964 
 1910      784D736B 
 1910      00
 1911              	.LASF197:
 1912 07e8 616C6572 		.ascii	"alerte\000"
 1912      746500
ARM GAS  C:\Users\nicpa\AppData\Local\Temp\ccLoznm3.s 			page 41


 1913              	.LASF183:
 1914 07ef 63795F64 		.ascii	"cy_device\000"
 1914      65766963 
 1914      6500
 1915              	.LASF101:
 1916 07f9 63707573 		.ascii	"cpussRomCtl\000"
 1916      73526F6D 
 1916      43746C00 
 1917              	.LASF71:
 1918 0805 64774368 		.ascii	"dwChCtlPreemptablePos\000"
 1918      43746C50 
 1918      7265656D 
 1918      70746162 
 1918      6C65506F 
 1919              	.LASF191:
 1920 081b 50414745 		.ascii	"PAGE_SIGNAL_IR\000"
 1920      5F534947 
 1920      4E414C5F 
 1920      495200
 1921              	.LASF188:
 1922 082a 4932436D 		.ascii	"I2Cm_context\000"
 1922      5F636F6E 
 1922      74657874 
 1922      00
 1923              	.LASF24:
 1924 0837 75646242 		.ascii	"udbBase\000"
 1924      61736500 
 1925              	.LASF113:
 1926 083f 43595F53 		.ascii	"CY_SCB_I2C_ACK\000"
 1926      43425F49 
 1926      32435F41 
 1926      434B00
 1927              	.LASF176:
 1928 084e 73746172 		.ascii	"startInputMode\000"
 1928      74496E70 
 1928      75744D6F 
 1928      646500
 1929              	.LASF18:
 1930 085d 696E7433 		.ascii	"int32_t\000"
 1930      325F7400 
 1931              	.LASF4:
 1932 0865 756E7369 		.ascii	"unsigned char\000"
 1932      676E6564 
 1932      20636861 
 1932      7200
 1933              	.LASF67:
 1934 0873 666C6173 		.ascii	"flashCtlMainWs4Freq\000"
 1934      6843746C 
 1934      4D61696E 
 1934      57733446 
 1934      72657100 
 1935              	.LASF184:
 1936 0887 49544D5F 		.ascii	"ITM_RxBuffer\000"
 1936      52784275 
 1936      66666572 
 1936      00
 1937              	.LASF106:
ARM GAS  C:\Users\nicpa\AppData\Local\Temp\ccLoznm3.s 			page 42


 1938 0894 6970634C 		.ascii	"ipcLockStatusOffset\000"
 1938      6F636B53 
 1938      74617475 
 1938      734F6666 
 1938      73657400 
 1939              	.LASF85:
 1940 08a8 70657269 		.ascii	"periDiv24_5CtlOffset\000"
 1940      44697632 
 1940      345F3543 
 1940      746C4F66 
 1940      66736574 
 1941              	.LASF170:
 1942 08bd 656E6162 		.ascii	"enableCompareSwap\000"
 1942      6C65436F 
 1942      6D706172 
 1942      65537761 
 1942      7000
 1943              	.LASF102:
 1944 08cf 63707573 		.ascii	"cpussRam0Ctl0\000"
 1944      7352616D 
 1944      3043746C 
 1944      3000
 1945              	.LASF143:
 1946 08dd 73746174 		.ascii	"status\000"
 1946      757300
 1947              	.LASF125:
 1948 08e4 6D617374 		.ascii	"masterBufferSize\000"
 1948      65724275 
 1948      66666572 
 1948      53697A65 
 1948      00
 1949              	.LASF78:
 1950 08f5 70657269 		.ascii	"periDivCmdDivSelMsk\000"
 1950      44697643 
 1950      6D644469 
 1950      7653656C 
 1950      4D736B00 
 1951              	.LASF65:
 1952 0909 666C6173 		.ascii	"flashCtlMainWs2Freq\000"
 1952      6843746C 
 1952      4D61696E 
 1952      57733246 
 1952      72657100 
 1953              	.LASF122:
 1954 091d 6D617374 		.ascii	"masterPause\000"
 1954      65725061 
 1954      75736500 
 1955              	.LASF196:
 1956 0929 63757272 		.ascii	"currenttouch\000"
 1956      656E7474 
 1956      6F756368 
 1956      00
 1957              	.LASF117:
 1958 0936 63795F63 		.ascii	"cy_cb_scb_i2c_handle_addr_t\000"
 1958      625F7363 
 1958      625F6932 
 1958      635F6861 
ARM GAS  C:\Users\nicpa\AppData\Local\Temp\ccLoznm3.s 			page 43


 1958      6E646C65 
 1959              	.LASF167:
 1960 0952 636F6D70 		.ascii	"compareOrCapture\000"
 1960      6172654F 
 1960      72436170 
 1960      74757265 
 1960      00
 1961              	.LASF127:
 1962 0963 6D617374 		.ascii	"masterNumBytes\000"
 1962      65724E75 
 1962      6D427974 
 1962      657300
 1963              	.LASF133:
 1964 0972 736C6176 		.ascii	"slaveTxBufferCnt\000"
 1964      65547842 
 1964      75666665 
 1964      72436E74 
 1964      00
 1965              	.LASF62:
 1966 0983 666C6173 		.ascii	"flashEraseDelay\000"
 1966      68457261 
 1966      73654465 
 1966      6C617900 
 1967              	.LASF45:
 1968 0993 63707573 		.ascii	"cpussFmIrq\000"
 1968      73466D49 
 1968      727100
 1969              	.LASF77:
 1970 099e 70657269 		.ascii	"periTrGrSize\000"
 1970      54724772 
 1970      53697A65 
 1970      00
 1971              	.LASF139:
 1972 09ab 63795F73 		.ascii	"cy_stc_scb_i2c_context_t\000"
 1972      74635F73 
 1972      63625F69 
 1972      32635F63 
 1972      6F6E7465 
 1973              	.LASF168:
 1974 09c4 636F6D70 		.ascii	"compare0\000"
 1974      61726530 
 1974      00
 1975              	.LASF169:
 1976 09cd 636F6D70 		.ascii	"compare1\000"
 1976      61726531 
 1976      00
 1977              	.LASF181:
 1978 09d6 636F756E 		.ascii	"countInput\000"
 1978      74496E70 
 1978      757400
 1979              	.LASF108:
 1980 09e1 63686172 		.ascii	"char\000"
 1980      00
 1981              	.LASF64:
 1982 09e6 666C6173 		.ascii	"flashCtlMainWs1Freq\000"
 1982      6843746C 
 1982      4D61696E 
ARM GAS  C:\Users\nicpa\AppData\Local\Temp\ccLoznm3.s 			page 44


 1982      57733146 
 1982      72657100 
 1983              	.LASF8:
 1984 09fa 5F5F7569 		.ascii	"__uint16_t\000"
 1984      6E743136 
 1984      5F7400
 1985              	.LASF83:
 1986 0a05 70657269 		.ascii	"periDiv16CtlOffset\000"
 1986      44697631 
 1986      3643746C 
 1986      4F666673 
 1986      657400
 1987              	.LASF10:
 1988 0a18 5F5F696E 		.ascii	"__int32_t\000"
 1988      7433325F 
 1988      7400
 1989              	.LASF33:
 1990 0a22 64775665 		.ascii	"dwVersion\000"
 1990      7273696F 
 1990      6E00
 1991              	.LASF36:
 1992 0a2c 6873696F 		.ascii	"hsiomVersion\000"
 1992      6D566572 
 1992      73696F6E 
 1992      00
 1993              	.LASF61:
 1994 0a39 666C6173 		.ascii	"flashProgramDelay\000"
 1994      6850726F 
 1994      6772616D 
 1994      44656C61 
 1994      7900
 1995              	.LASF158:
 1996 0a4b 72785269 		.ascii	"rxRingBufHead\000"
 1996      6E674275 
 1996      66486561 
 1996      6400
 1997              	.LASF171:
 1998 0a59 696E7465 		.ascii	"interruptSources\000"
 1998      72727570 
 1998      74536F75 
 1998      72636573 
 1998      00
 1999              	.LASF175:
 2000 0a6a 72656C6F 		.ascii	"reloadInput\000"
 2000      6164496E 
 2000      70757400 
 2001              	.LASF9:
 2002 0a76 73686F72 		.ascii	"short unsigned int\000"
 2002      7420756E 
 2002      7369676E 
 2002      65642069 
 2002      6E7400
 2003              	.LASF69:
 2004 0a89 64774368 		.ascii	"dwChSize\000"
 2004      53697A65 
 2004      00
 2005              	.LASF179:
ARM GAS  C:\Users\nicpa\AppData\Local\Temp\ccLoznm3.s 			page 45


 2006 0a92 73746F70 		.ascii	"stopInput\000"
 2006      496E7075 
 2006      7400
 2007              	.LASF105:
 2008 0a9c 69706353 		.ascii	"ipcStructSize\000"
 2008      74727563 
 2008      7453697A 
 2008      6500
 2009              	.LASF118:
 2010 0aaa 75736552 		.ascii	"useRxFifo\000"
 2010      78466966 
 2010      6F00
 2011              	.LASF44:
 2012 0ab4 63707573 		.ascii	"cpussIpc0Irq\000"
 2012      73497063 
 2012      30497271 
 2012      00
 2013              	.LASF27:
 2014 0ac1 6770696F 		.ascii	"gpioBase\000"
 2014      42617365 
 2014      00
 2015              	.LASF150:
 2016 0aca 696E6974 		.ascii	"initKey\000"
 2016      4B657900 
 2017              	.LASF144:
 2018 0ad2 72784275 		.ascii	"rxBuf\000"
 2018      6600
 2019              	.LASF130:
 2020 0ad8 736C6176 		.ascii	"slaveTxBuffer\000"
 2020      65547842 
 2020      75666665 
 2020      7200
 2021              	.LASF131:
 2022 0ae6 736C6176 		.ascii	"slaveTxBufferSize\000"
 2022      65547842 
 2022      75666665 
 2022      7253697A 
 2022      6500
 2023              	.LASF161:
 2024 0af8 63795F73 		.ascii	"cy_stc_scb_uart_context_t\000"
 2024      74635F73 
 2024      63625F75 
 2024      6172745F 
 2024      636F6E74 
 2025              	.LASF49:
 2026 0b12 73727373 		.ascii	"srssNumHfroot\000"
 2026      4E756D48 
 2026      66726F6F 
 2026      7400
 2027              	.LASF185:
 2028 0b20 43595F45 		.ascii	"CY_EINK_SPIM_context\000"
 2028      494E4B5F 
 2028      5350494D 
 2028      5F636F6E 
 2028      74657874 
 2029              	.LASF46:
 2030 0b35 63707573 		.ascii	"cpussNotConnectedIrq\000"
ARM GAS  C:\Users\nicpa\AppData\Local\Temp\ccLoznm3.s 			page 46


 2030      734E6F74 
 2030      436F6E6E 
 2030      65637465 
 2030      64497271 
 2031              	.LASF100:
 2032 0b4a 63707573 		.ascii	"cpussCm4NmiCtlOffset\000"
 2032      73436D34 
 2032      4E6D6943 
 2032      746C4F66 
 2032      66736574 
 2033              	.LASF60:
 2034 0b5f 666C6173 		.ascii	"flashWriteDelay\000"
 2034      68577269 
 2034      74654465 
 2034      6C617900 
 2035              	.LASF15:
 2036 0b6f 75696E74 		.ascii	"uint8_t\000"
 2036      385F7400 
 2037              	.LASF186:
 2038 0b77 43595F45 		.ascii	"CY_EINK_Timer_config\000"
 2038      494E4B5F 
 2038      54696D65 
 2038      725F636F 
 2038      6E666967 
 2039              	.LASF93:
 2040 0b8c 63707573 		.ascii	"cpussCm4StatusOffset\000"
 2040      73436D34 
 2040      53746174 
 2040      75734F66 
 2040      66736574 
 2041              	.LASF86:
 2042 0ba1 6770696F 		.ascii	"gpioPrtIntrCfgOffset\000"
 2042      50727449 
 2042      6E747243 
 2042      66674F66 
 2042      66736574 
 2043              	.LASF174:
 2044 0bb6 72656C6F 		.ascii	"reloadInputMode\000"
 2044      6164496E 
 2044      7075744D 
 2044      6F646500 
 2045              	.LASF159:
 2046 0bc6 72785269 		.ascii	"rxRingBufTail\000"
 2046      6E674275 
 2046      66546169 
 2046      6C00
 2047              	.LASF194:
 2048 0bd4 50414745 		.ascii	"PAGE_LED\000"
 2048      5F4C4544 
 2048      00
 2049              	.LASF97:
 2050 0bdd 63707573 		.ascii	"cpussTrimRomCtlOffset\000"
 2050      73547269 
 2050      6D526F6D 
 2050      43746C4F 
 2050      66667365 
 2051              	.LASF202:
ARM GAS  C:\Users\nicpa\AppData\Local\Temp\ccLoznm3.s 			page 47


 2052 0bf3 676C6F62 		.ascii	"global_variables.c\000"
 2052      616C5F76 
 2052      61726961 
 2052      626C6573 
 2052      2E6300
 2053              	.LASF193:
 2054 0c06 50414745 		.ascii	"PAGE_HR\000"
 2054      5F485200 
 2055              	.LASF3:
 2056 0c0e 7369676E 		.ascii	"signed char\000"
 2056      65642063 
 2056      68617200 
 2057              	.LASF29:
 2058 0c1a 69706342 		.ascii	"ipcBase\000"
 2058      61736500 
 2059              	.LASF80:
 2060 0c22 70657269 		.ascii	"periDivCmdPaDivSelPos\000"
 2060      44697643 
 2060      6D645061 
 2060      44697653 
 2060      656C506F 
 2061              	.LASF153:
 2062 0c38 63795F73 		.ascii	"cy_stc_scb_uart_context\000"
 2062      74635F73 
 2062      63625F75 
 2062      6172745F 
 2062      636F6E74 
 2063              	.LASF112:
 2064 0c50 5F426F6F 		.ascii	"_Bool\000"
 2064      6C00
 2065              	.LASF31:
 2066 0c56 63707573 		.ascii	"cpussVersion\000"
 2066      73566572 
 2066      73696F6E 
 2066      00
 2067              	.LASF19:
 2068 0c63 75696E74 		.ascii	"uint32_t\000"
 2068      33325F74 
 2068      00
 2069              	.LASF58:
 2070 0c6c 666C6173 		.ascii	"flashRwwRequired\000"
 2070      68527777 
 2070      52657175 
 2070      69726564 
 2070      00
 2071              	.LASF149:
 2072 0c7d 74784275 		.ascii	"txBufIdx\000"
 2072      66496478 
 2072      00
 2073              	.LASF177:
 2074 0c86 73746172 		.ascii	"startInput\000"
 2074      74496E70 
 2074      757400
 2075              		.ident	"GCC: (GNU Tools for ARM Embedded Processors) 5.4.1 20160609 (release) [ARM/embedded-5-bran
