ARM GAS  C:\Users\nicpa\AppData\Local\Temp\ccJTz91h.s 			page 1


   1              		.syntax unified
   2              		.cpu cortex-m4
   3              		.eabi_attribute 27, 1
   4              		.fpu fpv4-sp-d16
   5              		.eabi_attribute 20, 1
   6              		.eabi_attribute 21, 1
   7              		.eabi_attribute 23, 3
   8              		.eabi_attribute 24, 1
   9              		.eabi_attribute 25, 1
  10              		.eabi_attribute 26, 1
  11              		.eabi_attribute 30, 1
  12              		.eabi_attribute 34, 1
  13              		.eabi_attribute 18, 4
  14              		.thumb
  15              		.syntax unified
  16              		.file	"GUI_X_RTOS.c"
  17              		.text
  18              	.Ltext0:
  19              		.cfi_sections	.debug_frame
  20              		.section	.text.GUI_X_GetTime,"ax",%progbits
  21              		.align	2
  22              		.global	GUI_X_GetTime
  23              		.thumb
  24              		.thumb_func
  25              		.type	GUI_X_GetTime, %function
  26              	GUI_X_GetTime:
  27              	.LFB137:
  28              		.file 1 "GUI_X_RTOS.c"
   1:GUI_X_RTOS.c  **** /*********************************************************************
   2:GUI_X_RTOS.c  **** *                SEGGER Microcontroller GmbH & Co. KG                *
   3:GUI_X_RTOS.c  **** *        Solutions for real time microcontroller applications        *
   4:GUI_X_RTOS.c  **** **********************************************************************
   5:GUI_X_RTOS.c  **** *                                                                    *
   6:GUI_X_RTOS.c  **** *        (c) 1996 - 2017  SEGGER Microcontroller GmbH & Co. KG       *
   7:GUI_X_RTOS.c  **** *                                                                    *
   8:GUI_X_RTOS.c  **** *        Internet: www.segger.com    Support:  support@segger.com    *
   9:GUI_X_RTOS.c  **** *                                                                    *
  10:GUI_X_RTOS.c  **** **********************************************************************
  11:GUI_X_RTOS.c  **** 
  12:GUI_X_RTOS.c  **** ** emWin V5.46 - Graphical user interface for embedded applications **
  13:GUI_X_RTOS.c  **** All  Intellectual Property rights  in the Software belongs to  SEGGER.
  14:GUI_X_RTOS.c  **** emWin is protected by  international copyright laws.  Knowledge of the
  15:GUI_X_RTOS.c  **** source code may not be used to write a similar product.  This file may
  16:GUI_X_RTOS.c  **** only be used in accordance with the following terms:
  17:GUI_X_RTOS.c  **** 
  18:GUI_X_RTOS.c  **** The software  has been licensed to  Cypress Semiconductor Corporation,
  19:GUI_X_RTOS.c  **** whose registered  office is situated  at 198 Champion Ct. San Jose, CA 
  20:GUI_X_RTOS.c  **** 95134 USA  solely for the  purposes of creating  libraries for Cypress
  21:GUI_X_RTOS.c  **** PSoC3 and  PSoC5 processor-based devices,  sublicensed and distributed
  22:GUI_X_RTOS.c  **** under  the  terms  and  conditions  of  the  Cypress  End User License
  23:GUI_X_RTOS.c  **** Agreement.
  24:GUI_X_RTOS.c  **** Full source code is available at: www.segger.com
  25:GUI_X_RTOS.c  **** 
  26:GUI_X_RTOS.c  **** We appreciate your understanding and fairness.
  27:GUI_X_RTOS.c  **** ----------------------------------------------------------------------
  28:GUI_X_RTOS.c  **** Licensing information
  29:GUI_X_RTOS.c  **** Licensor:                 SEGGER Microcontroller Systems LLC
ARM GAS  C:\Users\nicpa\AppData\Local\Temp\ccJTz91h.s 			page 2


  30:GUI_X_RTOS.c  **** Licensed to:              Cypress Semiconductor Corp, 198 Champion Ct., San Jose, CA 95134, USA
  31:GUI_X_RTOS.c  **** Licensed SEGGER software: emWin
  32:GUI_X_RTOS.c  **** License number:           GUI-00319
  33:GUI_X_RTOS.c  **** License model:            Services and License Agreement, signed June 10th, 2009
  34:GUI_X_RTOS.c  **** Licensed platform:        Any Cypress platform (Initial targets are: PSoC3, PSoC5)
  35:GUI_X_RTOS.c  **** ----------------------------------------------------------------------
  36:GUI_X_RTOS.c  **** Support and Update Agreement (SUA)
  37:GUI_X_RTOS.c  **** SUA period:               2009-06-12 - 2022-07-27
  38:GUI_X_RTOS.c  **** Contact to extend SUA:    sales@segger.com
  39:GUI_X_RTOS.c  **** ----------------------------------------------------------------------
  40:GUI_X_RTOS.c  **** File        : GUI_X_RTOS.c
  41:GUI_X_RTOS.c  **** Purpose     : Config / System dependent externals for GUI
  42:GUI_X_RTOS.c  **** ---------------------------END-OF-HEADER------------------------------
  43:GUI_X_RTOS.c  **** */
  44:GUI_X_RTOS.c  **** 
  45:GUI_X_RTOS.c  **** #include <stdio.h>
  46:GUI_X_RTOS.c  **** #include "FreeRTOS.h"
  47:GUI_X_RTOS.c  **** #include "semphr.h"
  48:GUI_X_RTOS.c  **** #include "task.h"
  49:GUI_X_RTOS.c  **** #include "GUI.h"
  50:GUI_X_RTOS.c  **** 
  51:GUI_X_RTOS.c  **** /*********************************************************************
  52:GUI_X_RTOS.c  **** *
  53:GUI_X_RTOS.c  **** *       Static data
  54:GUI_X_RTOS.c  **** *
  55:GUI_X_RTOS.c  **** **********************************************************************
  56:GUI_X_RTOS.c  **** */
  57:GUI_X_RTOS.c  **** static SemaphoreHandle_t _Semaphore;
  58:GUI_X_RTOS.c  **** 
  59:GUI_X_RTOS.c  **** /*********************************************************************
  60:GUI_X_RTOS.c  **** *
  61:GUI_X_RTOS.c  **** *       Public code
  62:GUI_X_RTOS.c  **** *
  63:GUI_X_RTOS.c  **** **********************************************************************
  64:GUI_X_RTOS.c  **** */
  65:GUI_X_RTOS.c  **** /*********************************************************************
  66:GUI_X_RTOS.c  **** *
  67:GUI_X_RTOS.c  **** *      Timing:
  68:GUI_X_RTOS.c  **** *                 GUI_GetTime()
  69:GUI_X_RTOS.c  **** *                 GUI_Delay(int)
  70:GUI_X_RTOS.c  **** 
  71:GUI_X_RTOS.c  ****   Some timing dependent routines require a GetTime
  72:GUI_X_RTOS.c  ****   and delay funtion. Default time unit (tick), normally is
  73:GUI_X_RTOS.c  ****   1 ms.
  74:GUI_X_RTOS.c  **** */
  75:GUI_X_RTOS.c  **** 
  76:GUI_X_RTOS.c  **** int GUI_X_GetTime(void) {
  29              		.loc 1 76 0
  30              		.cfi_startproc
  31              		@ args = 0, pretend = 0, frame = 0
  32              		@ frame_needed = 0, uses_anonymous_args = 0
  33 0000 08B5     		push	{r3, lr}
  34              		.cfi_def_cfa_offset 8
  35              		.cfi_offset 3, -8
  36              		.cfi_offset 14, -4
  77:GUI_X_RTOS.c  ****   return xTaskGetTickCount() * portTICK_PERIOD_MS;
  37              		.loc 1 77 0
ARM GAS  C:\Users\nicpa\AppData\Local\Temp\ccJTz91h.s 			page 3


  38 0002 FFF7FEFF 		bl	xTaskGetTickCount
  39              	.LVL0:
  78:GUI_X_RTOS.c  **** }
  40              		.loc 1 78 0
  41 0006 08BD     		pop	{r3, pc}
  42              		.cfi_endproc
  43              	.LFE137:
  44              		.size	GUI_X_GetTime, .-GUI_X_GetTime
  45              		.section	.text.GUI_X_Delay,"ax",%progbits
  46              		.align	2
  47              		.global	GUI_X_Delay
  48              		.thumb
  49              		.thumb_func
  50              		.type	GUI_X_Delay, %function
  51              	GUI_X_Delay:
  52              	.LFB138:
  79:GUI_X_RTOS.c  **** 
  80:GUI_X_RTOS.c  **** void GUI_X_Delay(int Period) {
  53              		.loc 1 80 0
  54              		.cfi_startproc
  55              		@ args = 0, pretend = 0, frame = 0
  56              		@ frame_needed = 0, uses_anonymous_args = 0
  57              	.LVL1:
  58 0000 08B5     		push	{r3, lr}
  59              		.cfi_def_cfa_offset 8
  60              		.cfi_offset 3, -8
  61              		.cfi_offset 14, -4
  81:GUI_X_RTOS.c  ****   vTaskDelay(Period / portTICK_PERIOD_MS);
  62              		.loc 1 81 0
  63 0002 FFF7FEFF 		bl	vTaskDelay
  64              	.LVL2:
  65 0006 08BD     		pop	{r3, pc}
  66              		.cfi_endproc
  67              	.LFE138:
  68              		.size	GUI_X_Delay, .-GUI_X_Delay
  69              		.section	.text.GUI_X_ExecIdle,"ax",%progbits
  70              		.align	2
  71              		.global	GUI_X_ExecIdle
  72              		.thumb
  73              		.thumb_func
  74              		.type	GUI_X_ExecIdle, %function
  75              	GUI_X_ExecIdle:
  76              	.LFB139:
  82:GUI_X_RTOS.c  **** }
  83:GUI_X_RTOS.c  **** 
  84:GUI_X_RTOS.c  **** /*********************************************************************
  85:GUI_X_RTOS.c  **** *
  86:GUI_X_RTOS.c  **** *       GUI_X_ExecIdle()
  87:GUI_X_RTOS.c  **** *
  88:GUI_X_RTOS.c  **** */
  89:GUI_X_RTOS.c  **** void GUI_X_ExecIdle(void) {
  77              		.loc 1 89 0
  78              		.cfi_startproc
  79              		@ args = 0, pretend = 0, frame = 0
  80              		@ frame_needed = 0, uses_anonymous_args = 0
  81 0000 08B5     		push	{r3, lr}
  82              		.cfi_def_cfa_offset 8
ARM GAS  C:\Users\nicpa\AppData\Local\Temp\ccJTz91h.s 			page 4


  83              		.cfi_offset 3, -8
  84              		.cfi_offset 14, -4
  90:GUI_X_RTOS.c  ****   vTaskDelay(1 / portTICK_PERIOD_MS);
  85              		.loc 1 90 0
  86 0002 0120     		movs	r0, #1
  87 0004 FFF7FEFF 		bl	vTaskDelay
  88              	.LVL3:
  89 0008 08BD     		pop	{r3, pc}
  90              		.cfi_endproc
  91              	.LFE139:
  92              		.size	GUI_X_ExecIdle, .-GUI_X_ExecIdle
  93 000a 00BF     		.section	.text.GUI_X_InitOS,"ax",%progbits
  94              		.align	2
  95              		.global	GUI_X_InitOS
  96              		.thumb
  97              		.thumb_func
  98              		.type	GUI_X_InitOS, %function
  99              	GUI_X_InitOS:
 100              	.LFB140:
  91:GUI_X_RTOS.c  **** }
  92:GUI_X_RTOS.c  **** 
  93:GUI_X_RTOS.c  **** /*********************************************************************
  94:GUI_X_RTOS.c  **** *
  95:GUI_X_RTOS.c  **** *      Multitasking:
  96:GUI_X_RTOS.c  **** *
  97:GUI_X_RTOS.c  **** *                 GUI_X_InitOS()
  98:GUI_X_RTOS.c  **** *                 GUI_X_GetTaskId()
  99:GUI_X_RTOS.c  **** *                 GUI_X_Lock()
 100:GUI_X_RTOS.c  **** *                 GUI_X_Unlock()
 101:GUI_X_RTOS.c  **** *
 102:GUI_X_RTOS.c  **** * Note:
 103:GUI_X_RTOS.c  **** *   The following routines are required only if emWin is used in a
 104:GUI_X_RTOS.c  **** *   true multi task environment, which means you have more than one
 105:GUI_X_RTOS.c  **** *   thread using the emWin API.
 106:GUI_X_RTOS.c  **** *   In this case the
 107:GUI_X_RTOS.c  **** *                       #define GUI_OS 1
 108:GUI_X_RTOS.c  **** *  needs to be in GUIConf.h
 109:GUI_X_RTOS.c  **** */
 110:GUI_X_RTOS.c  **** void GUI_X_InitOS(void)    { _Semaphore = xSemaphoreCreateMutex(); }
 101              		.loc 1 110 0
 102              		.cfi_startproc
 103              		@ args = 0, pretend = 0, frame = 0
 104              		@ frame_needed = 0, uses_anonymous_args = 0
 105 0000 08B5     		push	{r3, lr}
 106              		.cfi_def_cfa_offset 8
 107              		.cfi_offset 3, -8
 108              		.cfi_offset 14, -4
 109              		.loc 1 110 0
 110 0002 0120     		movs	r0, #1
 111 0004 FFF7FEFF 		bl	xQueueCreateMutex
 112              	.LVL4:
 113 0008 014B     		ldr	r3, .L9
 114 000a 1860     		str	r0, [r3]
 115 000c 08BD     		pop	{r3, pc}
 116              	.L10:
 117 000e 00BF     		.align	2
 118              	.L9:
ARM GAS  C:\Users\nicpa\AppData\Local\Temp\ccJTz91h.s 			page 5


 119 0010 00000000 		.word	.LANCHOR0
 120              		.cfi_endproc
 121              	.LFE140:
 122              		.size	GUI_X_InitOS, .-GUI_X_InitOS
 123              		.section	.text.GUI_X_Unlock,"ax",%progbits
 124              		.align	2
 125              		.global	GUI_X_Unlock
 126              		.thumb
 127              		.thumb_func
 128              		.type	GUI_X_Unlock, %function
 129              	GUI_X_Unlock:
 130              	.LFB141:
 111:GUI_X_RTOS.c  **** void GUI_X_Unlock(void)    { xSemaphoreGive(_Semaphore); }
 131              		.loc 1 111 0
 132              		.cfi_startproc
 133              		@ args = 0, pretend = 0, frame = 0
 134              		@ frame_needed = 0, uses_anonymous_args = 0
 135 0000 08B5     		push	{r3, lr}
 136              		.cfi_def_cfa_offset 8
 137              		.cfi_offset 3, -8
 138              		.cfi_offset 14, -4
 139              		.loc 1 111 0
 140 0002 0023     		movs	r3, #0
 141 0004 1A46     		mov	r2, r3
 142 0006 1946     		mov	r1, r3
 143 0008 0248     		ldr	r0, .L13
 144 000a 0068     		ldr	r0, [r0]
 145 000c FFF7FEFF 		bl	xQueueGenericSend
 146              	.LVL5:
 147 0010 08BD     		pop	{r3, pc}
 148              	.L14:
 149 0012 00BF     		.align	2
 150              	.L13:
 151 0014 00000000 		.word	.LANCHOR0
 152              		.cfi_endproc
 153              	.LFE141:
 154              		.size	GUI_X_Unlock, .-GUI_X_Unlock
 155              		.section	.text.GUI_X_Lock,"ax",%progbits
 156              		.align	2
 157              		.global	GUI_X_Lock
 158              		.thumb
 159              		.thumb_func
 160              		.type	GUI_X_Lock, %function
 161              	GUI_X_Lock:
 162              	.LFB142:
 112:GUI_X_RTOS.c  **** void GUI_X_Lock(void)      { xSemaphoreTake(_Semaphore, portMAX_DELAY);  }
 163              		.loc 1 112 0
 164              		.cfi_startproc
 165              		@ args = 0, pretend = 0, frame = 0
 166              		@ frame_needed = 0, uses_anonymous_args = 0
 167 0000 08B5     		push	{r3, lr}
 168              		.cfi_def_cfa_offset 8
 169              		.cfi_offset 3, -8
 170              		.cfi_offset 14, -4
 171              		.loc 1 112 0
 172 0002 4FF0FF31 		mov	r1, #-1
 173 0006 024B     		ldr	r3, .L17
ARM GAS  C:\Users\nicpa\AppData\Local\Temp\ccJTz91h.s 			page 6


 174 0008 1868     		ldr	r0, [r3]
 175 000a FFF7FEFF 		bl	xQueueSemaphoreTake
 176              	.LVL6:
 177 000e 08BD     		pop	{r3, pc}
 178              	.L18:
 179              		.align	2
 180              	.L17:
 181 0010 00000000 		.word	.LANCHOR0
 182              		.cfi_endproc
 183              	.LFE142:
 184              		.size	GUI_X_Lock, .-GUI_X_Lock
 185              		.section	.text.GUI_X_GetTaskId,"ax",%progbits
 186              		.align	2
 187              		.global	GUI_X_GetTaskId
 188              		.thumb
 189              		.thumb_func
 190              		.type	GUI_X_GetTaskId, %function
 191              	GUI_X_GetTaskId:
 192              	.LFB143:
 113:GUI_X_RTOS.c  **** U32  GUI_X_GetTaskId(void) { return (U32)xTaskGetCurrentTaskHandle(); }
 193              		.loc 1 113 0
 194              		.cfi_startproc
 195              		@ args = 0, pretend = 0, frame = 0
 196              		@ frame_needed = 0, uses_anonymous_args = 0
 197 0000 08B5     		push	{r3, lr}
 198              		.cfi_def_cfa_offset 8
 199              		.cfi_offset 3, -8
 200              		.cfi_offset 14, -4
 201              		.loc 1 113 0
 202 0002 FFF7FEFF 		bl	xTaskGetCurrentTaskHandle
 203              	.LVL7:
 204 0006 08BD     		pop	{r3, pc}
 205              		.cfi_endproc
 206              	.LFE143:
 207              		.size	GUI_X_GetTaskId, .-GUI_X_GetTaskId
 208              		.section	.text.GUI_X_Log,"ax",%progbits
 209              		.align	2
 210              		.global	GUI_X_Log
 211              		.thumb
 212              		.thumb_func
 213              		.type	GUI_X_Log, %function
 214              	GUI_X_Log:
 215              	.LFB144:
 114:GUI_X_RTOS.c  **** 
 115:GUI_X_RTOS.c  **** /*********************************************************************
 116:GUI_X_RTOS.c  **** *
 117:GUI_X_RTOS.c  **** *      Logging: OS dependent
 118:GUI_X_RTOS.c  **** 
 119:GUI_X_RTOS.c  **** Note:
 120:GUI_X_RTOS.c  ****   Logging is used in higher debug levels only. The typical target
 121:GUI_X_RTOS.c  ****   build does not use logging and does therefor not require any of
 122:GUI_X_RTOS.c  ****   the logging routines below. For a release build without logging
 123:GUI_X_RTOS.c  ****   the routines below may be eliminated to save some space.
 124:GUI_X_RTOS.c  ****   (If the linker is not function aware and eliminates unreferenced
 125:GUI_X_RTOS.c  ****   functions automatically)
 126:GUI_X_RTOS.c  **** 
 127:GUI_X_RTOS.c  **** */
ARM GAS  C:\Users\nicpa\AppData\Local\Temp\ccJTz91h.s 			page 7


 128:GUI_X_RTOS.c  **** #define OS_SendString(s) GUI_USE_PARA(s)
 129:GUI_X_RTOS.c  **** void GUI_X_Log     (const char *s) { GUI_USE_PARA(s); }
 216              		.loc 1 129 0
 217              		.cfi_startproc
 218              		@ args = 0, pretend = 0, frame = 0
 219              		@ frame_needed = 0, uses_anonymous_args = 0
 220              		@ link register save eliminated.
 221              	.LVL8:
 222 0000 7047     		bx	lr
 223              		.cfi_endproc
 224              	.LFE144:
 225              		.size	GUI_X_Log, .-GUI_X_Log
 226 0002 00BF     		.section	.text.GUI_X_Warn,"ax",%progbits
 227              		.align	2
 228              		.global	GUI_X_Warn
 229              		.thumb
 230              		.thumb_func
 231              		.type	GUI_X_Warn, %function
 232              	GUI_X_Warn:
 233              	.LFB145:
 130:GUI_X_RTOS.c  **** void GUI_X_Warn    (const char *s) { GUI_USE_PARA(s); }
 234              		.loc 1 130 0
 235              		.cfi_startproc
 236              		@ args = 0, pretend = 0, frame = 0
 237              		@ frame_needed = 0, uses_anonymous_args = 0
 238              		@ link register save eliminated.
 239              	.LVL9:
 240 0000 7047     		bx	lr
 241              		.cfi_endproc
 242              	.LFE145:
 243              		.size	GUI_X_Warn, .-GUI_X_Warn
 244 0002 00BF     		.section	.text.GUI_X_ErrorOut,"ax",%progbits
 245              		.align	2
 246              		.global	GUI_X_ErrorOut
 247              		.thumb
 248              		.thumb_func
 249              		.type	GUI_X_ErrorOut, %function
 250              	GUI_X_ErrorOut:
 251              	.LFB146:
 131:GUI_X_RTOS.c  **** void GUI_X_ErrorOut(const char *s) { GUI_USE_PARA(s); }
 252              		.loc 1 131 0
 253              		.cfi_startproc
 254              		@ args = 0, pretend = 0, frame = 0
 255              		@ frame_needed = 0, uses_anonymous_args = 0
 256              		@ link register save eliminated.
 257              	.LVL10:
 258 0000 7047     		bx	lr
 259              		.cfi_endproc
 260              	.LFE146:
 261              		.size	GUI_X_ErrorOut, .-GUI_X_ErrorOut
 262 0002 00BF     		.section	.text.GUI_X_Init,"ax",%progbits
 263              		.align	2
 264              		.global	GUI_X_Init
 265              		.thumb
 266              		.thumb_func
 267              		.type	GUI_X_Init, %function
 268              	GUI_X_Init:
ARM GAS  C:\Users\nicpa\AppData\Local\Temp\ccJTz91h.s 			page 8


 269              	.LFB147:
 132:GUI_X_RTOS.c  **** 
 133:GUI_X_RTOS.c  **** /*********************************************************************
 134:GUI_X_RTOS.c  **** *
 135:GUI_X_RTOS.c  **** *      GUI_X_Init()
 136:GUI_X_RTOS.c  **** *
 137:GUI_X_RTOS.c  **** * Note:
 138:GUI_X_RTOS.c  **** *   This routine is called from GUI_Init() in any case whether there
 139:GUI_X_RTOS.c  **** *   is an RTOS or not. You can use it for additional initializations
 140:GUI_X_RTOS.c  **** *   needed.
 141:GUI_X_RTOS.c  **** */
 142:GUI_X_RTOS.c  **** 
 143:GUI_X_RTOS.c  **** void GUI_X_Init(void) {
 270              		.loc 1 143 0
 271              		.cfi_startproc
 272              		@ args = 0, pretend = 0, frame = 0
 273              		@ frame_needed = 0, uses_anonymous_args = 0
 274              		@ link register save eliminated.
 275 0000 7047     		bx	lr
 276              		.cfi_endproc
 277              	.LFE147:
 278              		.size	GUI_X_Init, .-GUI_X_Init
 279 0002 00BF     		.bss
 280              		.align	2
 281              		.set	.LANCHOR0,. + 0
 282              		.type	_Semaphore, %object
 283              		.size	_Semaphore, 4
 284              	_Semaphore:
 285 0000 00000000 		.space	4
 286              		.text
 287              	.Letext0:
 288              		.file 2 "c:\\program files (x86)\\cypress\\psoc creator\\4.4\\psoc creator\\import\\gnu\\arm\\5.4.
 289              		.file 3 "c:\\program files (x86)\\cypress\\psoc creator\\4.4\\psoc creator\\import\\gnu\\arm\\5.4.
 290              		.file 4 "Generated_Source\\PSoC6\\pdl\\rtos/FreeRTOS/10.0.1/Source/portable/GCC/CM4F/portmacro.h"
 291              		.file 5 "Generated_Source\\PSoC6\\pdl\\rtos/FreeRTOS/10.0.1/Source/include/queue.h"
 292              		.file 6 "Generated_Source\\PSoC6\\pdl\\rtos/FreeRTOS/10.0.1/Source/include/semphr.h"
 293              		.file 7 "Generated_Source\\PSoC6\\pdl\\rtos/FreeRTOS/10.0.1/Source/include/task.h"
 294              		.file 8 ".\\CMSIS\\Core\\Include/core_cm4.h"
 295              		.section	.debug_info,"",%progbits
 296              	.Ldebug_info0:
 297 0000 FF020000 		.4byte	0x2ff
 298 0004 0400     		.2byte	0x4
 299 0006 00000000 		.4byte	.Ldebug_abbrev0
 300 000a 04       		.byte	0x4
 301 000b 01       		.uleb128 0x1
 302 000c 0A000000 		.4byte	.LASF41
 303 0010 0C       		.byte	0xc
 304 0011 E0010000 		.4byte	.LASF42
 305 0015 C3020000 		.4byte	.LASF43
 306 0019 00000000 		.4byte	.Ldebug_ranges0+0
 307 001d 00000000 		.4byte	0
 308 0021 00000000 		.4byte	.Ldebug_line0
 309 0025 02       		.uleb128 0x2
 310 0026 01       		.byte	0x1
 311 0027 06       		.byte	0x6
 312 0028 B7020000 		.4byte	.LASF0
 313 002c 03       		.uleb128 0x3
ARM GAS  C:\Users\nicpa\AppData\Local\Temp\ccJTz91h.s 			page 9


 314 002d 00000000 		.4byte	.LASF4
 315 0031 02       		.byte	0x2
 316 0032 1D       		.byte	0x1d
 317 0033 37000000 		.4byte	0x37
 318 0037 02       		.uleb128 0x2
 319 0038 01       		.byte	0x1
 320 0039 08       		.byte	0x8
 321 003a 35010000 		.4byte	.LASF1
 322 003e 02       		.uleb128 0x2
 323 003f 02       		.byte	0x2
 324 0040 05       		.byte	0x5
 325 0041 67020000 		.4byte	.LASF2
 326 0045 02       		.uleb128 0x2
 327 0046 02       		.byte	0x2
 328 0047 07       		.byte	0x7
 329 0048 55010000 		.4byte	.LASF3
 330 004c 03       		.uleb128 0x3
 331 004d E7000000 		.4byte	.LASF5
 332 0051 02       		.byte	0x2
 333 0052 3F       		.byte	0x3f
 334 0053 57000000 		.4byte	0x57
 335 0057 02       		.uleb128 0x2
 336 0058 04       		.byte	0x4
 337 0059 05       		.byte	0x5
 338 005a 85020000 		.4byte	.LASF6
 339 005e 03       		.uleb128 0x3
 340 005f B4010000 		.4byte	.LASF7
 341 0063 02       		.byte	0x2
 342 0064 41       		.byte	0x41
 343 0065 69000000 		.4byte	0x69
 344 0069 02       		.uleb128 0x2
 345 006a 04       		.byte	0x4
 346 006b 07       		.byte	0x7
 347 006c 43010000 		.4byte	.LASF8
 348 0070 02       		.uleb128 0x2
 349 0071 08       		.byte	0x8
 350 0072 05       		.byte	0x5
 351 0073 37020000 		.4byte	.LASF9
 352 0077 02       		.uleb128 0x2
 353 0078 08       		.byte	0x8
 354 0079 07       		.byte	0x7
 355 007a FA010000 		.4byte	.LASF10
 356 007e 04       		.uleb128 0x4
 357 007f 04       		.byte	0x4
 358 0080 05       		.byte	0x5
 359 0081 696E7400 		.ascii	"int\000"
 360 0085 02       		.uleb128 0x2
 361 0086 04       		.byte	0x4
 362 0087 07       		.byte	0x7
 363 0088 ED010000 		.4byte	.LASF11
 364 008c 02       		.uleb128 0x2
 365 008d 08       		.byte	0x8
 366 008e 04       		.byte	0x4
 367 008f AB020000 		.4byte	.LASF12
 368 0093 05       		.uleb128 0x5
 369 0094 04       		.byte	0x4
 370 0095 02       		.uleb128 0x2
ARM GAS  C:\Users\nicpa\AppData\Local\Temp\ccJTz91h.s 			page 10


 371 0096 04       		.byte	0x4
 372 0097 07       		.byte	0x7
 373 0098 2E020000 		.4byte	.LASF13
 374 009c 02       		.uleb128 0x2
 375 009d 01       		.byte	0x1
 376 009e 08       		.byte	0x8
 377 009f 45020000 		.4byte	.LASF14
 378 00a3 06       		.uleb128 0x6
 379 00a4 04       		.byte	0x4
 380 00a5 A9000000 		.4byte	0xa9
 381 00a9 07       		.uleb128 0x7
 382 00aa 9C000000 		.4byte	0x9c
 383 00ae 03       		.uleb128 0x3
 384 00af 11020000 		.4byte	.LASF15
 385 00b3 03       		.byte	0x3
 386 00b4 18       		.byte	0x18
 387 00b5 2C000000 		.4byte	0x2c
 388 00b9 03       		.uleb128 0x3
 389 00ba 26020000 		.4byte	.LASF16
 390 00be 03       		.byte	0x3
 391 00bf 2C       		.byte	0x2c
 392 00c0 4C000000 		.4byte	0x4c
 393 00c4 03       		.uleb128 0x3
 394 00c5 7C020000 		.4byte	.LASF17
 395 00c9 03       		.byte	0x3
 396 00ca 30       		.byte	0x30
 397 00cb 5E000000 		.4byte	0x5e
 398 00cf 02       		.uleb128 0x2
 399 00d0 04       		.byte	0x4
 400 00d1 04       		.byte	0x4
 401 00d2 14010000 		.4byte	.LASF18
 402 00d6 02       		.uleb128 0x2
 403 00d7 08       		.byte	0x8
 404 00d8 04       		.byte	0x4
 405 00d9 9B010000 		.4byte	.LASF19
 406 00dd 03       		.uleb128 0x3
 407 00de 40030000 		.4byte	.LASF20
 408 00e2 04       		.byte	0x4
 409 00e3 38       		.byte	0x38
 410 00e4 57000000 		.4byte	0x57
 411 00e8 03       		.uleb128 0x3
 412 00e9 D1000000 		.4byte	.LASF21
 413 00ed 04       		.byte	0x4
 414 00ee 3F       		.byte	0x3f
 415 00ef C4000000 		.4byte	0xc4
 416 00f3 03       		.uleb128 0x3
 417 00f4 06010000 		.4byte	.LASF22
 418 00f8 05       		.byte	0x5
 419 00f9 2E       		.byte	0x2e
 420 00fa 93000000 		.4byte	0x93
 421 00fe 03       		.uleb128 0x3
 422 00ff A2010000 		.4byte	.LASF23
 423 0103 06       		.byte	0x6
 424 0104 25       		.byte	0x25
 425 0105 F3000000 		.4byte	0xf3
 426 0109 08       		.uleb128 0x8
 427 010a 59020000 		.4byte	.LASF29
ARM GAS  C:\Users\nicpa\AppData\Local\Temp\ccJTz91h.s 			page 11


 428 010e 01       		.byte	0x1
 429 010f 4C       		.byte	0x4c
 430 0110 7E000000 		.4byte	0x7e
 431 0114 00000000 		.4byte	.LFB137
 432 0118 08000000 		.4byte	.LFE137-.LFB137
 433 011c 01       		.uleb128 0x1
 434 011d 9C       		.byte	0x9c
 435 011e 2C010000 		.4byte	0x12c
 436 0122 09       		.uleb128 0x9
 437 0123 06000000 		.4byte	.LVL0
 438 0127 BA020000 		.4byte	0x2ba
 439 012b 00       		.byte	0
 440 012c 0A       		.uleb128 0xa
 441 012d 68010000 		.4byte	.LASF24
 442 0131 01       		.byte	0x1
 443 0132 50       		.byte	0x50
 444 0133 00000000 		.4byte	.LFB138
 445 0137 08000000 		.4byte	.LFE138-.LFB138
 446 013b 01       		.uleb128 0x1
 447 013c 9C       		.byte	0x9c
 448 013d 62010000 		.4byte	0x162
 449 0141 0B       		.uleb128 0xb
 450 0142 BD000000 		.4byte	.LASF32
 451 0146 01       		.byte	0x1
 452 0147 50       		.byte	0x50
 453 0148 7E000000 		.4byte	0x7e
 454 014c 00000000 		.4byte	.LLST0
 455 0150 0C       		.uleb128 0xc
 456 0151 06000000 		.4byte	.LVL2
 457 0155 C6020000 		.4byte	0x2c6
 458 0159 0D       		.uleb128 0xd
 459 015a 01       		.uleb128 0x1
 460 015b 50       		.byte	0x50
 461 015c 03       		.uleb128 0x3
 462 015d F3       		.byte	0xf3
 463 015e 01       		.uleb128 0x1
 464 015f 50       		.byte	0x50
 465 0160 00       		.byte	0
 466 0161 00       		.byte	0
 467 0162 0A       		.uleb128 0xa
 468 0163 4A020000 		.4byte	.LASF25
 469 0167 01       		.byte	0x1
 470 0168 59       		.byte	0x59
 471 0169 00000000 		.4byte	.LFB139
 472 016d 0A000000 		.4byte	.LFE139-.LFB139
 473 0171 01       		.uleb128 0x1
 474 0172 9C       		.byte	0x9c
 475 0173 87010000 		.4byte	0x187
 476 0177 0C       		.uleb128 0xc
 477 0178 08000000 		.4byte	.LVL3
 478 017c C6020000 		.4byte	0x2c6
 479 0180 0D       		.uleb128 0xd
 480 0181 01       		.uleb128 0x1
 481 0182 50       		.byte	0x50
 482 0183 01       		.uleb128 0x1
 483 0184 31       		.byte	0x31
 484 0185 00       		.byte	0
ARM GAS  C:\Users\nicpa\AppData\Local\Temp\ccJTz91h.s 			page 12


 485 0186 00       		.byte	0
 486 0187 0A       		.uleb128 0xa
 487 0188 19020000 		.4byte	.LASF26
 488 018c 01       		.byte	0x1
 489 018d 6E       		.byte	0x6e
 490 018e 00000000 		.4byte	.LFB140
 491 0192 14000000 		.4byte	.LFE140-.LFB140
 492 0196 01       		.uleb128 0x1
 493 0197 9C       		.byte	0x9c
 494 0198 AC010000 		.4byte	0x1ac
 495 019c 0C       		.uleb128 0xc
 496 019d 08000000 		.4byte	.LVL4
 497 01a1 D2020000 		.4byte	0x2d2
 498 01a5 0D       		.uleb128 0xd
 499 01a6 01       		.uleb128 0x1
 500 01a7 50       		.byte	0x50
 501 01a8 01       		.uleb128 0x1
 502 01a9 31       		.byte	0x31
 503 01aa 00       		.byte	0
 504 01ab 00       		.byte	0
 505 01ac 0A       		.uleb128 0xa
 506 01ad C4000000 		.4byte	.LASF27
 507 01b1 01       		.byte	0x1
 508 01b2 6F       		.byte	0x6f
 509 01b3 00000000 		.4byte	.LFB141
 510 01b7 18000000 		.4byte	.LFE141-.LFB141
 511 01bb 01       		.uleb128 0x1
 512 01bc 9C       		.byte	0x9c
 513 01bd DB010000 		.4byte	0x1db
 514 01c1 0C       		.uleb128 0xc
 515 01c2 10000000 		.4byte	.LVL5
 516 01c6 DE020000 		.4byte	0x2de
 517 01ca 0D       		.uleb128 0xd
 518 01cb 01       		.uleb128 0x1
 519 01cc 51       		.byte	0x51
 520 01cd 01       		.uleb128 0x1
 521 01ce 30       		.byte	0x30
 522 01cf 0D       		.uleb128 0xd
 523 01d0 01       		.uleb128 0x1
 524 01d1 52       		.byte	0x52
 525 01d2 01       		.uleb128 0x1
 526 01d3 30       		.byte	0x30
 527 01d4 0D       		.uleb128 0xd
 528 01d5 01       		.uleb128 0x1
 529 01d6 53       		.byte	0x53
 530 01d7 01       		.uleb128 0x1
 531 01d8 30       		.byte	0x30
 532 01d9 00       		.byte	0
 533 01da 00       		.byte	0
 534 01db 0A       		.uleb128 0xa
 535 01dc 71020000 		.4byte	.LASF28
 536 01e0 01       		.byte	0x1
 537 01e1 70       		.byte	0x70
 538 01e2 00000000 		.4byte	.LFB142
 539 01e6 14000000 		.4byte	.LFE142-.LFB142
 540 01ea 01       		.uleb128 0x1
 541 01eb 9C       		.byte	0x9c
ARM GAS  C:\Users\nicpa\AppData\Local\Temp\ccJTz91h.s 			page 13


 542 01ec 01020000 		.4byte	0x201
 543 01f0 0C       		.uleb128 0xc
 544 01f1 0E000000 		.4byte	.LVL6
 545 01f5 EA020000 		.4byte	0x2ea
 546 01f9 0D       		.uleb128 0xd
 547 01fa 01       		.uleb128 0x1
 548 01fb 51       		.byte	0x51
 549 01fc 02       		.uleb128 0x2
 550 01fd 09       		.byte	0x9
 551 01fe FF       		.byte	0xff
 552 01ff 00       		.byte	0
 553 0200 00       		.byte	0
 554 0201 08       		.uleb128 0x8
 555 0202 25010000 		.4byte	.LASF30
 556 0206 01       		.byte	0x1
 557 0207 71       		.byte	0x71
 558 0208 69000000 		.4byte	0x69
 559 020c 00000000 		.4byte	.LFB143
 560 0210 08000000 		.4byte	.LFE143-.LFB143
 561 0214 01       		.uleb128 0x1
 562 0215 9C       		.byte	0x9c
 563 0216 24020000 		.4byte	0x224
 564 021a 09       		.uleb128 0x9
 565 021b 06000000 		.4byte	.LVL7
 566 021f F6020000 		.4byte	0x2f6
 567 0223 00       		.byte	0
 568 0224 0A       		.uleb128 0xa
 569 0225 F1000000 		.4byte	.LASF31
 570 0229 01       		.byte	0x1
 571 022a 81       		.byte	0x81
 572 022b 00000000 		.4byte	.LFB144
 573 022f 02000000 		.4byte	.LFE144-.LFB144
 574 0233 01       		.uleb128 0x1
 575 0234 9C       		.byte	0x9c
 576 0235 45020000 		.4byte	0x245
 577 0239 0E       		.uleb128 0xe
 578 023a 7300     		.ascii	"s\000"
 579 023c 01       		.byte	0x1
 580 023d 81       		.byte	0x81
 581 023e A3000000 		.4byte	0xa3
 582 0242 01       		.uleb128 0x1
 583 0243 50       		.byte	0x50
 584 0244 00       		.byte	0
 585 0245 0A       		.uleb128 0xa
 586 0246 1A010000 		.4byte	.LASF33
 587 024a 01       		.byte	0x1
 588 024b 82       		.byte	0x82
 589 024c 00000000 		.4byte	.LFB145
 590 0250 02000000 		.4byte	.LFE145-.LFB145
 591 0254 01       		.uleb128 0x1
 592 0255 9C       		.byte	0x9c
 593 0256 66020000 		.4byte	0x266
 594 025a 0E       		.uleb128 0xe
 595 025b 7300     		.ascii	"s\000"
 596 025d 01       		.byte	0x1
 597 025e 82       		.byte	0x82
 598 025f A3000000 		.4byte	0xa3
ARM GAS  C:\Users\nicpa\AppData\Local\Temp\ccJTz91h.s 			page 14


 599 0263 01       		.uleb128 0x1
 600 0264 50       		.byte	0x50
 601 0265 00       		.byte	0
 602 0266 0A       		.uleb128 0xa
 603 0267 D1010000 		.4byte	.LASF34
 604 026b 01       		.byte	0x1
 605 026c 83       		.byte	0x83
 606 026d 00000000 		.4byte	.LFB146
 607 0271 02000000 		.4byte	.LFE146-.LFB146
 608 0275 01       		.uleb128 0x1
 609 0276 9C       		.byte	0x9c
 610 0277 87020000 		.4byte	0x287
 611 027b 0E       		.uleb128 0xe
 612 027c 7300     		.ascii	"s\000"
 613 027e 01       		.byte	0x1
 614 027f 83       		.byte	0x83
 615 0280 A3000000 		.4byte	0xa3
 616 0284 01       		.uleb128 0x1
 617 0285 50       		.byte	0x50
 618 0286 00       		.byte	0
 619 0287 0F       		.uleb128 0xf
 620 0288 DC000000 		.4byte	.LASF44
 621 028c 01       		.byte	0x1
 622 028d 8F       		.byte	0x8f
 623 028e 00000000 		.4byte	.LFB147
 624 0292 02000000 		.4byte	.LFE147-.LFB147
 625 0296 01       		.uleb128 0x1
 626 0297 9C       		.byte	0x9c
 627 0298 10       		.uleb128 0x10
 628 0299 FB000000 		.4byte	.LASF45
 629 029d 01       		.byte	0x1
 630 029e 39       		.byte	0x39
 631 029f FE000000 		.4byte	0xfe
 632 02a3 05       		.uleb128 0x5
 633 02a4 03       		.byte	0x3
 634 02a5 00000000 		.4byte	_Semaphore
 635 02a9 11       		.uleb128 0x11
 636 02aa 74010000 		.4byte	.LASF46
 637 02ae 08       		.byte	0x8
 638 02af 0108     		.2byte	0x801
 639 02b1 B5020000 		.4byte	0x2b5
 640 02b5 12       		.uleb128 0x12
 641 02b6 B9000000 		.4byte	0xb9
 642 02ba 13       		.uleb128 0x13
 643 02bb 2E030000 		.4byte	.LASF35
 644 02bf 2E030000 		.4byte	.LASF35
 645 02c3 07       		.byte	0x7
 646 02c4 3E05     		.2byte	0x53e
 647 02c6 13       		.uleb128 0x13
 648 02c7 8E020000 		.4byte	.LASF36
 649 02cb 8E020000 		.4byte	.LASF36
 650 02cf 07       		.byte	0x7
 651 02d0 ED02     		.2byte	0x2ed
 652 02d2 13       		.uleb128 0x13
 653 02d3 99020000 		.4byte	.LASF37
 654 02d7 99020000 		.4byte	.LASF37
 655 02db 05       		.byte	0x5
ARM GAS  C:\Users\nicpa\AppData\Local\Temp\ccJTz91h.s 			page 15


 656 02dc 8405     		.2byte	0x584
 657 02de 13       		.uleb128 0x13
 658 02df BF010000 		.4byte	.LASF38
 659 02e3 BF010000 		.4byte	.LASF38
 660 02e7 05       		.byte	0x5
 661 02e8 8802     		.2byte	0x288
 662 02ea 13       		.uleb128 0x13
 663 02eb 1A030000 		.4byte	.LASF39
 664 02ef 1A030000 		.4byte	.LASF39
 665 02f3 05       		.byte	0x5
 666 02f4 8805     		.2byte	0x588
 667 02f6 13       		.uleb128 0x13
 668 02f7 81010000 		.4byte	.LASF40
 669 02fb 81010000 		.4byte	.LASF40
 670 02ff 07       		.byte	0x7
 671 0300 BB08     		.2byte	0x8bb
 672 0302 00       		.byte	0
 673              		.section	.debug_abbrev,"",%progbits
 674              	.Ldebug_abbrev0:
 675 0000 01       		.uleb128 0x1
 676 0001 11       		.uleb128 0x11
 677 0002 01       		.byte	0x1
 678 0003 25       		.uleb128 0x25
 679 0004 0E       		.uleb128 0xe
 680 0005 13       		.uleb128 0x13
 681 0006 0B       		.uleb128 0xb
 682 0007 03       		.uleb128 0x3
 683 0008 0E       		.uleb128 0xe
 684 0009 1B       		.uleb128 0x1b
 685 000a 0E       		.uleb128 0xe
 686 000b 55       		.uleb128 0x55
 687 000c 17       		.uleb128 0x17
 688 000d 11       		.uleb128 0x11
 689 000e 01       		.uleb128 0x1
 690 000f 10       		.uleb128 0x10
 691 0010 17       		.uleb128 0x17
 692 0011 00       		.byte	0
 693 0012 00       		.byte	0
 694 0013 02       		.uleb128 0x2
 695 0014 24       		.uleb128 0x24
 696 0015 00       		.byte	0
 697 0016 0B       		.uleb128 0xb
 698 0017 0B       		.uleb128 0xb
 699 0018 3E       		.uleb128 0x3e
 700 0019 0B       		.uleb128 0xb
 701 001a 03       		.uleb128 0x3
 702 001b 0E       		.uleb128 0xe
 703 001c 00       		.byte	0
 704 001d 00       		.byte	0
 705 001e 03       		.uleb128 0x3
 706 001f 16       		.uleb128 0x16
 707 0020 00       		.byte	0
 708 0021 03       		.uleb128 0x3
 709 0022 0E       		.uleb128 0xe
 710 0023 3A       		.uleb128 0x3a
 711 0024 0B       		.uleb128 0xb
 712 0025 3B       		.uleb128 0x3b
ARM GAS  C:\Users\nicpa\AppData\Local\Temp\ccJTz91h.s 			page 16


 713 0026 0B       		.uleb128 0xb
 714 0027 49       		.uleb128 0x49
 715 0028 13       		.uleb128 0x13
 716 0029 00       		.byte	0
 717 002a 00       		.byte	0
 718 002b 04       		.uleb128 0x4
 719 002c 24       		.uleb128 0x24
 720 002d 00       		.byte	0
 721 002e 0B       		.uleb128 0xb
 722 002f 0B       		.uleb128 0xb
 723 0030 3E       		.uleb128 0x3e
 724 0031 0B       		.uleb128 0xb
 725 0032 03       		.uleb128 0x3
 726 0033 08       		.uleb128 0x8
 727 0034 00       		.byte	0
 728 0035 00       		.byte	0
 729 0036 05       		.uleb128 0x5
 730 0037 0F       		.uleb128 0xf
 731 0038 00       		.byte	0
 732 0039 0B       		.uleb128 0xb
 733 003a 0B       		.uleb128 0xb
 734 003b 00       		.byte	0
 735 003c 00       		.byte	0
 736 003d 06       		.uleb128 0x6
 737 003e 0F       		.uleb128 0xf
 738 003f 00       		.byte	0
 739 0040 0B       		.uleb128 0xb
 740 0041 0B       		.uleb128 0xb
 741 0042 49       		.uleb128 0x49
 742 0043 13       		.uleb128 0x13
 743 0044 00       		.byte	0
 744 0045 00       		.byte	0
 745 0046 07       		.uleb128 0x7
 746 0047 26       		.uleb128 0x26
 747 0048 00       		.byte	0
 748 0049 49       		.uleb128 0x49
 749 004a 13       		.uleb128 0x13
 750 004b 00       		.byte	0
 751 004c 00       		.byte	0
 752 004d 08       		.uleb128 0x8
 753 004e 2E       		.uleb128 0x2e
 754 004f 01       		.byte	0x1
 755 0050 3F       		.uleb128 0x3f
 756 0051 19       		.uleb128 0x19
 757 0052 03       		.uleb128 0x3
 758 0053 0E       		.uleb128 0xe
 759 0054 3A       		.uleb128 0x3a
 760 0055 0B       		.uleb128 0xb
 761 0056 3B       		.uleb128 0x3b
 762 0057 0B       		.uleb128 0xb
 763 0058 27       		.uleb128 0x27
 764 0059 19       		.uleb128 0x19
 765 005a 49       		.uleb128 0x49
 766 005b 13       		.uleb128 0x13
 767 005c 11       		.uleb128 0x11
 768 005d 01       		.uleb128 0x1
 769 005e 12       		.uleb128 0x12
ARM GAS  C:\Users\nicpa\AppData\Local\Temp\ccJTz91h.s 			page 17


 770 005f 06       		.uleb128 0x6
 771 0060 40       		.uleb128 0x40
 772 0061 18       		.uleb128 0x18
 773 0062 9742     		.uleb128 0x2117
 774 0064 19       		.uleb128 0x19
 775 0065 01       		.uleb128 0x1
 776 0066 13       		.uleb128 0x13
 777 0067 00       		.byte	0
 778 0068 00       		.byte	0
 779 0069 09       		.uleb128 0x9
 780 006a 898201   		.uleb128 0x4109
 781 006d 00       		.byte	0
 782 006e 11       		.uleb128 0x11
 783 006f 01       		.uleb128 0x1
 784 0070 31       		.uleb128 0x31
 785 0071 13       		.uleb128 0x13
 786 0072 00       		.byte	0
 787 0073 00       		.byte	0
 788 0074 0A       		.uleb128 0xa
 789 0075 2E       		.uleb128 0x2e
 790 0076 01       		.byte	0x1
 791 0077 3F       		.uleb128 0x3f
 792 0078 19       		.uleb128 0x19
 793 0079 03       		.uleb128 0x3
 794 007a 0E       		.uleb128 0xe
 795 007b 3A       		.uleb128 0x3a
 796 007c 0B       		.uleb128 0xb
 797 007d 3B       		.uleb128 0x3b
 798 007e 0B       		.uleb128 0xb
 799 007f 27       		.uleb128 0x27
 800 0080 19       		.uleb128 0x19
 801 0081 11       		.uleb128 0x11
 802 0082 01       		.uleb128 0x1
 803 0083 12       		.uleb128 0x12
 804 0084 06       		.uleb128 0x6
 805 0085 40       		.uleb128 0x40
 806 0086 18       		.uleb128 0x18
 807 0087 9742     		.uleb128 0x2117
 808 0089 19       		.uleb128 0x19
 809 008a 01       		.uleb128 0x1
 810 008b 13       		.uleb128 0x13
 811 008c 00       		.byte	0
 812 008d 00       		.byte	0
 813 008e 0B       		.uleb128 0xb
 814 008f 05       		.uleb128 0x5
 815 0090 00       		.byte	0
 816 0091 03       		.uleb128 0x3
 817 0092 0E       		.uleb128 0xe
 818 0093 3A       		.uleb128 0x3a
 819 0094 0B       		.uleb128 0xb
 820 0095 3B       		.uleb128 0x3b
 821 0096 0B       		.uleb128 0xb
 822 0097 49       		.uleb128 0x49
 823 0098 13       		.uleb128 0x13
 824 0099 02       		.uleb128 0x2
 825 009a 17       		.uleb128 0x17
 826 009b 00       		.byte	0
ARM GAS  C:\Users\nicpa\AppData\Local\Temp\ccJTz91h.s 			page 18


 827 009c 00       		.byte	0
 828 009d 0C       		.uleb128 0xc
 829 009e 898201   		.uleb128 0x4109
 830 00a1 01       		.byte	0x1
 831 00a2 11       		.uleb128 0x11
 832 00a3 01       		.uleb128 0x1
 833 00a4 31       		.uleb128 0x31
 834 00a5 13       		.uleb128 0x13
 835 00a6 00       		.byte	0
 836 00a7 00       		.byte	0
 837 00a8 0D       		.uleb128 0xd
 838 00a9 8A8201   		.uleb128 0x410a
 839 00ac 00       		.byte	0
 840 00ad 02       		.uleb128 0x2
 841 00ae 18       		.uleb128 0x18
 842 00af 9142     		.uleb128 0x2111
 843 00b1 18       		.uleb128 0x18
 844 00b2 00       		.byte	0
 845 00b3 00       		.byte	0
 846 00b4 0E       		.uleb128 0xe
 847 00b5 05       		.uleb128 0x5
 848 00b6 00       		.byte	0
 849 00b7 03       		.uleb128 0x3
 850 00b8 08       		.uleb128 0x8
 851 00b9 3A       		.uleb128 0x3a
 852 00ba 0B       		.uleb128 0xb
 853 00bb 3B       		.uleb128 0x3b
 854 00bc 0B       		.uleb128 0xb
 855 00bd 49       		.uleb128 0x49
 856 00be 13       		.uleb128 0x13
 857 00bf 02       		.uleb128 0x2
 858 00c0 18       		.uleb128 0x18
 859 00c1 00       		.byte	0
 860 00c2 00       		.byte	0
 861 00c3 0F       		.uleb128 0xf
 862 00c4 2E       		.uleb128 0x2e
 863 00c5 00       		.byte	0
 864 00c6 3F       		.uleb128 0x3f
 865 00c7 19       		.uleb128 0x19
 866 00c8 03       		.uleb128 0x3
 867 00c9 0E       		.uleb128 0xe
 868 00ca 3A       		.uleb128 0x3a
 869 00cb 0B       		.uleb128 0xb
 870 00cc 3B       		.uleb128 0x3b
 871 00cd 0B       		.uleb128 0xb
 872 00ce 27       		.uleb128 0x27
 873 00cf 19       		.uleb128 0x19
 874 00d0 11       		.uleb128 0x11
 875 00d1 01       		.uleb128 0x1
 876 00d2 12       		.uleb128 0x12
 877 00d3 06       		.uleb128 0x6
 878 00d4 40       		.uleb128 0x40
 879 00d5 18       		.uleb128 0x18
 880 00d6 9742     		.uleb128 0x2117
 881 00d8 19       		.uleb128 0x19
 882 00d9 00       		.byte	0
 883 00da 00       		.byte	0
ARM GAS  C:\Users\nicpa\AppData\Local\Temp\ccJTz91h.s 			page 19


 884 00db 10       		.uleb128 0x10
 885 00dc 34       		.uleb128 0x34
 886 00dd 00       		.byte	0
 887 00de 03       		.uleb128 0x3
 888 00df 0E       		.uleb128 0xe
 889 00e0 3A       		.uleb128 0x3a
 890 00e1 0B       		.uleb128 0xb
 891 00e2 3B       		.uleb128 0x3b
 892 00e3 0B       		.uleb128 0xb
 893 00e4 49       		.uleb128 0x49
 894 00e5 13       		.uleb128 0x13
 895 00e6 02       		.uleb128 0x2
 896 00e7 18       		.uleb128 0x18
 897 00e8 00       		.byte	0
 898 00e9 00       		.byte	0
 899 00ea 11       		.uleb128 0x11
 900 00eb 34       		.uleb128 0x34
 901 00ec 00       		.byte	0
 902 00ed 03       		.uleb128 0x3
 903 00ee 0E       		.uleb128 0xe
 904 00ef 3A       		.uleb128 0x3a
 905 00f0 0B       		.uleb128 0xb
 906 00f1 3B       		.uleb128 0x3b
 907 00f2 05       		.uleb128 0x5
 908 00f3 49       		.uleb128 0x49
 909 00f4 13       		.uleb128 0x13
 910 00f5 3F       		.uleb128 0x3f
 911 00f6 19       		.uleb128 0x19
 912 00f7 3C       		.uleb128 0x3c
 913 00f8 19       		.uleb128 0x19
 914 00f9 00       		.byte	0
 915 00fa 00       		.byte	0
 916 00fb 12       		.uleb128 0x12
 917 00fc 35       		.uleb128 0x35
 918 00fd 00       		.byte	0
 919 00fe 49       		.uleb128 0x49
 920 00ff 13       		.uleb128 0x13
 921 0100 00       		.byte	0
 922 0101 00       		.byte	0
 923 0102 13       		.uleb128 0x13
 924 0103 2E       		.uleb128 0x2e
 925 0104 00       		.byte	0
 926 0105 3F       		.uleb128 0x3f
 927 0106 19       		.uleb128 0x19
 928 0107 3C       		.uleb128 0x3c
 929 0108 19       		.uleb128 0x19
 930 0109 6E       		.uleb128 0x6e
 931 010a 0E       		.uleb128 0xe
 932 010b 03       		.uleb128 0x3
 933 010c 0E       		.uleb128 0xe
 934 010d 3A       		.uleb128 0x3a
 935 010e 0B       		.uleb128 0xb
 936 010f 3B       		.uleb128 0x3b
 937 0110 05       		.uleb128 0x5
 938 0111 00       		.byte	0
 939 0112 00       		.byte	0
 940 0113 00       		.byte	0
ARM GAS  C:\Users\nicpa\AppData\Local\Temp\ccJTz91h.s 			page 20


 941              		.section	.debug_loc,"",%progbits
 942              	.Ldebug_loc0:
 943              	.LLST0:
 944 0000 00000000 		.4byte	.LVL1
 945 0004 05000000 		.4byte	.LVL2-1
 946 0008 0100     		.2byte	0x1
 947 000a 50       		.byte	0x50
 948 000b 05000000 		.4byte	.LVL2-1
 949 000f 08000000 		.4byte	.LFE138
 950 0013 0400     		.2byte	0x4
 951 0015 F3       		.byte	0xf3
 952 0016 01       		.uleb128 0x1
 953 0017 50       		.byte	0x50
 954 0018 9F       		.byte	0x9f
 955 0019 00000000 		.4byte	0
 956 001d 00000000 		.4byte	0
 957              		.section	.debug_aranges,"",%progbits
 958 0000 6C000000 		.4byte	0x6c
 959 0004 0200     		.2byte	0x2
 960 0006 00000000 		.4byte	.Ldebug_info0
 961 000a 04       		.byte	0x4
 962 000b 00       		.byte	0
 963 000c 0000     		.2byte	0
 964 000e 0000     		.2byte	0
 965 0010 00000000 		.4byte	.LFB137
 966 0014 08000000 		.4byte	.LFE137-.LFB137
 967 0018 00000000 		.4byte	.LFB138
 968 001c 08000000 		.4byte	.LFE138-.LFB138
 969 0020 00000000 		.4byte	.LFB139
 970 0024 0A000000 		.4byte	.LFE139-.LFB139
 971 0028 00000000 		.4byte	.LFB140
 972 002c 14000000 		.4byte	.LFE140-.LFB140
 973 0030 00000000 		.4byte	.LFB141
 974 0034 18000000 		.4byte	.LFE141-.LFB141
 975 0038 00000000 		.4byte	.LFB142
 976 003c 14000000 		.4byte	.LFE142-.LFB142
 977 0040 00000000 		.4byte	.LFB143
 978 0044 08000000 		.4byte	.LFE143-.LFB143
 979 0048 00000000 		.4byte	.LFB144
 980 004c 02000000 		.4byte	.LFE144-.LFB144
 981 0050 00000000 		.4byte	.LFB145
 982 0054 02000000 		.4byte	.LFE145-.LFB145
 983 0058 00000000 		.4byte	.LFB146
 984 005c 02000000 		.4byte	.LFE146-.LFB146
 985 0060 00000000 		.4byte	.LFB147
 986 0064 02000000 		.4byte	.LFE147-.LFB147
 987 0068 00000000 		.4byte	0
 988 006c 00000000 		.4byte	0
 989              		.section	.debug_ranges,"",%progbits
 990              	.Ldebug_ranges0:
 991 0000 00000000 		.4byte	.LFB137
 992 0004 08000000 		.4byte	.LFE137
 993 0008 00000000 		.4byte	.LFB138
 994 000c 08000000 		.4byte	.LFE138
 995 0010 00000000 		.4byte	.LFB139
 996 0014 0A000000 		.4byte	.LFE139
 997 0018 00000000 		.4byte	.LFB140
ARM GAS  C:\Users\nicpa\AppData\Local\Temp\ccJTz91h.s 			page 21


 998 001c 14000000 		.4byte	.LFE140
 999 0020 00000000 		.4byte	.LFB141
 1000 0024 18000000 		.4byte	.LFE141
 1001 0028 00000000 		.4byte	.LFB142
 1002 002c 14000000 		.4byte	.LFE142
 1003 0030 00000000 		.4byte	.LFB143
 1004 0034 08000000 		.4byte	.LFE143
 1005 0038 00000000 		.4byte	.LFB144
 1006 003c 02000000 		.4byte	.LFE144
 1007 0040 00000000 		.4byte	.LFB145
 1008 0044 02000000 		.4byte	.LFE145
 1009 0048 00000000 		.4byte	.LFB146
 1010 004c 02000000 		.4byte	.LFE146
 1011 0050 00000000 		.4byte	.LFB147
 1012 0054 02000000 		.4byte	.LFE147
 1013 0058 00000000 		.4byte	0
 1014 005c 00000000 		.4byte	0
 1015              		.section	.debug_line,"",%progbits
 1016              	.Ldebug_line0:
 1017 0000 B9020000 		.section	.debug_str,"MS",%progbits,1
 1017      0200FB01 
 1017      00000201 
 1017      FB0E0D00 
 1017      01010101 
 1018              	.LASF4:
 1019 0000 5F5F7569 		.ascii	"__uint8_t\000"
 1019      6E74385F 
 1019      7400
 1020              	.LASF41:
 1021 000a 474E5520 		.ascii	"GNU C11 5.4.1 20160609 (release) [ARM/embedded-5-br"
 1021      43313120 
 1021      352E342E 
 1021      31203230 
 1021      31363036 
 1022 003d 616E6368 		.ascii	"anch revision 237715] -mcpu=cortex-m4 -mfloat-abi=s"
 1022      20726576 
 1022      6973696F 
 1022      6E203233 
 1022      37373135 
 1023 0070 6F667466 		.ascii	"oftfp -mfpu=fpv4-sp-d16 -mthumb -g -Og -ffunction-s"
 1023      70202D6D 
 1023      6670753D 
 1023      66707634 
 1023      2D73702D 
 1024 00a3 65637469 		.ascii	"ections -ffat-lto-objects\000"
 1024      6F6E7320 
 1024      2D666661 
 1024      742D6C74 
 1024      6F2D6F62 
 1025              	.LASF32:
 1026 00bd 50657269 		.ascii	"Period\000"
 1026      6F6400
 1027              	.LASF27:
 1028 00c4 4755495F 		.ascii	"GUI_X_Unlock\000"
 1028      585F556E 
 1028      6C6F636B 
 1028      00
ARM GAS  C:\Users\nicpa\AppData\Local\Temp\ccJTz91h.s 			page 22


 1029              	.LASF21:
 1030 00d1 5469636B 		.ascii	"TickType_t\000"
 1030      54797065 
 1030      5F7400
 1031              	.LASF44:
 1032 00dc 4755495F 		.ascii	"GUI_X_Init\000"
 1032      585F496E 
 1032      697400
 1033              	.LASF5:
 1034 00e7 5F5F696E 		.ascii	"__int32_t\000"
 1034      7433325F 
 1034      7400
 1035              	.LASF31:
 1036 00f1 4755495F 		.ascii	"GUI_X_Log\000"
 1036      585F4C6F 
 1036      6700
 1037              	.LASF45:
 1038 00fb 5F53656D 		.ascii	"_Semaphore\000"
 1038      6170686F 
 1038      726500
 1039              	.LASF22:
 1040 0106 51756575 		.ascii	"QueueHandle_t\000"
 1040      6548616E 
 1040      646C655F 
 1040      7400
 1041              	.LASF18:
 1042 0114 666C6F61 		.ascii	"float\000"
 1042      7400
 1043              	.LASF33:
 1044 011a 4755495F 		.ascii	"GUI_X_Warn\000"
 1044      585F5761 
 1044      726E00
 1045              	.LASF30:
 1046 0125 4755495F 		.ascii	"GUI_X_GetTaskId\000"
 1046      585F4765 
 1046      74546173 
 1046      6B496400 
 1047              	.LASF1:
 1048 0135 756E7369 		.ascii	"unsigned char\000"
 1048      676E6564 
 1048      20636861 
 1048      7200
 1049              	.LASF8:
 1050 0143 6C6F6E67 		.ascii	"long unsigned int\000"
 1050      20756E73 
 1050      69676E65 
 1050      6420696E 
 1050      7400
 1051              	.LASF3:
 1052 0155 73686F72 		.ascii	"short unsigned int\000"
 1052      7420756E 
 1052      7369676E 
 1052      65642069 
 1052      6E7400
 1053              	.LASF24:
 1054 0168 4755495F 		.ascii	"GUI_X_Delay\000"
 1054      585F4465 
ARM GAS  C:\Users\nicpa\AppData\Local\Temp\ccJTz91h.s 			page 23


 1054      6C617900 
 1055              	.LASF46:
 1056 0174 49544D5F 		.ascii	"ITM_RxBuffer\000"
 1056      52784275 
 1056      66666572 
 1056      00
 1057              	.LASF40:
 1058 0181 78546173 		.ascii	"xTaskGetCurrentTaskHandle\000"
 1058      6B476574 
 1058      43757272 
 1058      656E7454 
 1058      61736B48 
 1059              	.LASF19:
 1060 019b 646F7562 		.ascii	"double\000"
 1060      6C6500
 1061              	.LASF23:
 1062 01a2 53656D61 		.ascii	"SemaphoreHandle_t\000"
 1062      70686F72 
 1062      6548616E 
 1062      646C655F 
 1062      7400
 1063              	.LASF7:
 1064 01b4 5F5F7569 		.ascii	"__uint32_t\000"
 1064      6E743332 
 1064      5F7400
 1065              	.LASF38:
 1066 01bf 78517565 		.ascii	"xQueueGenericSend\000"
 1066      75654765 
 1066      6E657269 
 1066      6353656E 
 1066      6400
 1067              	.LASF34:
 1068 01d1 4755495F 		.ascii	"GUI_X_ErrorOut\000"
 1068      585F4572 
 1068      726F724F 
 1068      757400
 1069              	.LASF42:
 1070 01e0 4755495F 		.ascii	"GUI_X_RTOS.c\000"
 1070      585F5254 
 1070      4F532E63 
 1070      00
 1071              	.LASF11:
 1072 01ed 756E7369 		.ascii	"unsigned int\000"
 1072      676E6564 
 1072      20696E74 
 1072      00
 1073              	.LASF10:
 1074 01fa 6C6F6E67 		.ascii	"long long unsigned int\000"
 1074      206C6F6E 
 1074      6720756E 
 1074      7369676E 
 1074      65642069 
 1075              	.LASF15:
 1076 0211 75696E74 		.ascii	"uint8_t\000"
 1076      385F7400 
 1077              	.LASF26:
 1078 0219 4755495F 		.ascii	"GUI_X_InitOS\000"
ARM GAS  C:\Users\nicpa\AppData\Local\Temp\ccJTz91h.s 			page 24


 1078      585F496E 
 1078      69744F53 
 1078      00
 1079              	.LASF16:
 1080 0226 696E7433 		.ascii	"int32_t\000"
 1080      325F7400 
 1081              	.LASF13:
 1082 022e 73697A65 		.ascii	"sizetype\000"
 1082      74797065 
 1082      00
 1083              	.LASF9:
 1084 0237 6C6F6E67 		.ascii	"long long int\000"
 1084      206C6F6E 
 1084      6720696E 
 1084      7400
 1085              	.LASF14:
 1086 0245 63686172 		.ascii	"char\000"
 1086      00
 1087              	.LASF25:
 1088 024a 4755495F 		.ascii	"GUI_X_ExecIdle\000"
 1088      585F4578 
 1088      65634964 
 1088      6C6500
 1089              	.LASF29:
 1090 0259 4755495F 		.ascii	"GUI_X_GetTime\000"
 1090      585F4765 
 1090      7454696D 
 1090      6500
 1091              	.LASF2:
 1092 0267 73686F72 		.ascii	"short int\000"
 1092      7420696E 
 1092      7400
 1093              	.LASF28:
 1094 0271 4755495F 		.ascii	"GUI_X_Lock\000"
 1094      585F4C6F 
 1094      636B00
 1095              	.LASF17:
 1096 027c 75696E74 		.ascii	"uint32_t\000"
 1096      33325F74 
 1096      00
 1097              	.LASF6:
 1098 0285 6C6F6E67 		.ascii	"long int\000"
 1098      20696E74 
 1098      00
 1099              	.LASF36:
 1100 028e 76546173 		.ascii	"vTaskDelay\000"
 1100      6B44656C 
 1100      617900
 1101              	.LASF37:
 1102 0299 78517565 		.ascii	"xQueueCreateMutex\000"
 1102      75654372 
 1102      65617465 
 1102      4D757465 
 1102      7800
 1103              	.LASF12:
 1104 02ab 6C6F6E67 		.ascii	"long double\000"
 1104      20646F75 
ARM GAS  C:\Users\nicpa\AppData\Local\Temp\ccJTz91h.s 			page 25


 1104      626C6500 
 1105              	.LASF0:
 1106 02b7 7369676E 		.ascii	"signed char\000"
 1106      65642063 
 1106      68617200 
 1107              	.LASF43:
 1108 02c3 433A5C55 		.ascii	"C:\\Users\\nicpa\\OneDrive\\Documents\\PolyDoc\\GBM"
 1108      73657273 
 1108      5C6E6963 
 1108      70615C4F 
 1108      6E654472 
 1109 02f0 32313030 		.ascii	"2100FINAL\\Laboratoire3\\Laboratoire3.cydsn\000"
 1109      46494E41 
 1109      4C5C4C61 
 1109      626F7261 
 1109      746F6972 
 1110              	.LASF39:
 1111 031a 78517565 		.ascii	"xQueueSemaphoreTake\000"
 1111      75655365 
 1111      6D617068 
 1111      6F726554 
 1111      616B6500 
 1112              	.LASF35:
 1113 032e 78546173 		.ascii	"xTaskGetTickCount\000"
 1113      6B476574 
 1113      5469636B 
 1113      436F756E 
 1113      7400
 1114              	.LASF20:
 1115 0340 42617365 		.ascii	"BaseType_t\000"
 1115      54797065 
 1115      5F7400
 1116              		.ident	"GCC: (GNU Tools for ARM Embedded Processors) 5.4.1 20160609 (release) [ARM/embedded-5-bran
