ARM GAS  C:\Users\nicpa\AppData\Local\Temp\ccVDkpUd.s 			page 1


   1              		.syntax unified
   2              		.cpu cortex-m4
   3              		.eabi_attribute 27, 1
   4              		.fpu fpv4-sp-d16
   5              		.eabi_attribute 20, 1
   6              		.eabi_attribute 21, 1
   7              		.eabi_attribute 23, 3
   8              		.eabi_attribute 24, 1
   9              		.eabi_attribute 25, 1
  10              		.eabi_attribute 26, 1
  11              		.eabi_attribute 30, 1
  12              		.eabi_attribute 34, 1
  13              		.eabi_attribute 18, 4
  14              		.thumb
  15              		.syntax unified
  16              		.file	"LCDConf.c"
  17              		.text
  18              	.Ltext0:
  19              		.cfi_sections	.debug_frame
  20              		.section	.text.LCD_X_Config,"ax",%progbits
  21              		.align	2
  22              		.global	LCD_X_Config
  23              		.thumb
  24              		.thumb_func
  25              		.type	LCD_X_Config, %function
  26              	LCD_X_Config:
  27              	.LFB132:
  28              		.file 1 "LCDConf.c"
   1:LCDConf.c     **** /*********************************************************************
   2:LCDConf.c     **** *                SEGGER Microcontroller GmbH & Co. KG                *
   3:LCDConf.c     **** *        Solutions for real time microcontroller applications        *
   4:LCDConf.c     **** **********************************************************************
   5:LCDConf.c     **** *                                                                    *
   6:LCDConf.c     **** *        (c) 1996 - 2017  SEGGER Microcontroller GmbH & Co. KG       *
   7:LCDConf.c     **** *                                                                    *
   8:LCDConf.c     **** *        Internet: www.segger.com    Support:  support@segger.com    *
   9:LCDConf.c     **** *                                                                    *
  10:LCDConf.c     **** **********************************************************************
  11:LCDConf.c     **** 
  12:LCDConf.c     **** ** emWin V5.46 - Graphical user interface for embedded applications **
  13:LCDConf.c     **** All  Intellectual Property rights  in the Software belongs to  SEGGER.
  14:LCDConf.c     **** emWin is protected by  international copyright laws.  Knowledge of the
  15:LCDConf.c     **** source code may not be used to write a similar product.  This file may
  16:LCDConf.c     **** only be used in accordance with the following terms:
  17:LCDConf.c     **** 
  18:LCDConf.c     **** The software  has been licensed to  Cypress Semiconductor Corporation,
  19:LCDConf.c     **** whose registered  office is situated  at 198 Champion Ct. San Jose, CA 
  20:LCDConf.c     **** 95134 USA  solely for the  purposes of creating  libraries for Cypress
  21:LCDConf.c     **** PSoC3 and  PSoC5 processor-based devices,  sublicensed and distributed
  22:LCDConf.c     **** under  the  terms  and  conditions  of  the  Cypress  End User License
  23:LCDConf.c     **** Agreement.
  24:LCDConf.c     **** Full source code is available at: www.segger.com
  25:LCDConf.c     **** 
  26:LCDConf.c     **** We appreciate your understanding and fairness.
  27:LCDConf.c     **** ----------------------------------------------------------------------
  28:LCDConf.c     **** Licensing information
  29:LCDConf.c     **** Licensor:                 SEGGER Microcontroller Systems LLC
ARM GAS  C:\Users\nicpa\AppData\Local\Temp\ccVDkpUd.s 			page 2


  30:LCDConf.c     **** Licensed to:              Cypress Semiconductor Corp, 198 Champion Ct., San Jose, CA 95134, USA
  31:LCDConf.c     **** Licensed SEGGER software: emWin
  32:LCDConf.c     **** License number:           GUI-00319
  33:LCDConf.c     **** License model:            Services and License Agreement, signed June 10th, 2009
  34:LCDConf.c     **** Licensed platform:        Any Cypress platform (Initial targets are: PSoC3, PSoC5)
  35:LCDConf.c     **** ----------------------------------------------------------------------
  36:LCDConf.c     **** Support and Update Agreement (SUA)
  37:LCDConf.c     **** SUA period:               2009-06-12 - 2022-07-27
  38:LCDConf.c     **** Contact to extend SUA:    sales@segger.com
  39:LCDConf.c     **** ----------------------------------------------------------------------
  40:LCDConf.c     **** File        : LCDConf.c
  41:LCDConf.c     **** Purpose     : Display configuration file for GUIDRV_Bitplains to be
  42:LCDConf.c     ****               used without any display controller. This implementation
  43:LCDConf.c     ****               has been written and tested with the RSKR32C111 with
  44:LCDConf.c     ****               Visualization Add On.
  45:LCDConf.c     **** ---------------------------END-OF-HEADER------------------------------
  46:LCDConf.c     **** */
  47:LCDConf.c     **** 
  48:LCDConf.c     **** #include <stddef.h>
  49:LCDConf.c     **** #include "syslib/cy_syslib.h"
  50:LCDConf.c     **** 
  51:LCDConf.c     **** #include "GUI.h"
  52:LCDConf.c     **** 
  53:LCDConf.c     **** #include "GUIDRV_BitPlains.h"
  54:LCDConf.c     **** 
  55:LCDConf.c     **** /*********************************************************************
  56:LCDConf.c     **** *
  57:LCDConf.c     **** *       Layer configuration
  58:LCDConf.c     **** *
  59:LCDConf.c     **** **********************************************************************
  60:LCDConf.c     **** */
  61:LCDConf.c     **** //
  62:LCDConf.c     **** // Physical display size
  63:LCDConf.c     **** //
  64:LCDConf.c     **** #define XSIZE_PHYS 264
  65:LCDConf.c     **** #define YSIZE_PHYS 176
  66:LCDConf.c     **** 
  67:LCDConf.c     **** //
  68:LCDConf.c     **** // Initial color conversion API
  69:LCDConf.c     **** //
  70:LCDConf.c     **** #define COLOR_CONVERSION GUICC_1
  71:LCDConf.c     **** 
  72:LCDConf.c     **** /*********************************************************************
  73:LCDConf.c     **** *
  74:LCDConf.c     **** *       Configuration checking
  75:LCDConf.c     **** *
  76:LCDConf.c     **** **********************************************************************
  77:LCDConf.c     **** */
  78:LCDConf.c     **** //
  79:LCDConf.c     **** // Checking display driver configuration
  80:LCDConf.c     **** //
  81:LCDConf.c     **** #ifndef   XSIZE_PHYS
  82:LCDConf.c     ****   #error Physical X size of display is not defined!
  83:LCDConf.c     **** #endif
  84:LCDConf.c     **** #ifndef   YSIZE_PHYS
  85:LCDConf.c     ****   #error Physical Y size of display is not defined!
  86:LCDConf.c     **** #endif
ARM GAS  C:\Users\nicpa\AppData\Local\Temp\ccVDkpUd.s 			page 3


  87:LCDConf.c     **** #ifndef   COLOR_CONVERSION
  88:LCDConf.c     ****   #error Color conversion not defined!
  89:LCDConf.c     **** #endif
  90:LCDConf.c     **** 
  91:LCDConf.c     **** //
  92:LCDConf.c     **** // Number of bytes per line
  93:LCDConf.c     **** //
  94:LCDConf.c     **** #define BYTES_PER_LINE ((XSIZE_PHYS + 7) >> 3)
  95:LCDConf.c     **** 
  96:LCDConf.c     **** /*********************************************************************
  97:LCDConf.c     **** *
  98:LCDConf.c     **** *       Static data
  99:LCDConf.c     **** *
 100:LCDConf.c     **** **********************************************************************
 101:LCDConf.c     **** */
 102:LCDConf.c     **** //
 103:LCDConf.c     **** // Data arrays to be used by the display driver
 104:LCDConf.c     **** //
 105:LCDConf.c     **** static U8 _aPlain_0[BYTES_PER_LINE * YSIZE_PHYS];
 106:LCDConf.c     **** 
 107:LCDConf.c     **** //
 108:LCDConf.c     **** // Structure to be passed to the driver
 109:LCDConf.c     **** //
 110:LCDConf.c     **** static struct {
 111:LCDConf.c     ****   U8 * apVRAM[8];
 112:LCDConf.c     **** } _VRAM_Desc = {{
 113:LCDConf.c     ****   _aPlain_0,
 114:LCDConf.c     **** }};
 115:LCDConf.c     **** 
 116:LCDConf.c     **** /*********************************************************************
 117:LCDConf.c     **** *
 118:LCDConf.c     **** *       Public code
 119:LCDConf.c     **** *
 120:LCDConf.c     **** **********************************************************************
 121:LCDConf.c     **** */
 122:LCDConf.c     **** /*********************************************************************
 123:LCDConf.c     **** *
 124:LCDConf.c     **** *       LCD_X_Config
 125:LCDConf.c     **** *
 126:LCDConf.c     **** * Purpose:
 127:LCDConf.c     **** *   Called during the initialization process in order to set up the
 128:LCDConf.c     **** *   display driver configuration.
 129:LCDConf.c     **** *   
 130:LCDConf.c     **** */
 131:LCDConf.c     **** void LCD_X_Config(void) {
  29              		.loc 1 131 0
  30              		.cfi_startproc
  31              		@ args = 0, pretend = 0, frame = 8
  32              		@ frame_needed = 0, uses_anonymous_args = 0
  33 0000 10B5     		push	{r4, lr}
  34              		.cfi_def_cfa_offset 8
  35              		.cfi_offset 4, -8
  36              		.cfi_offset 14, -4
  37 0002 82B0     		sub	sp, sp, #8
  38              		.cfi_def_cfa_offset 16
 132:LCDConf.c     **** 	
 133:LCDConf.c     **** 	GUI_DEVICE * pDevice;
ARM GAS  C:\Users\nicpa\AppData\Local\Temp\ccVDkpUd.s 			page 4


 134:LCDConf.c     **** 	CONFIG_BITPLAINS Config;
 135:LCDConf.c     **** 	
 136:LCDConf.c     **** 	Config.Mirror = 1;
  39              		.loc 1 136 0
  40 0004 02AC     		add	r4, sp, #8
  41 0006 0123     		movs	r3, #1
  42 0008 44F8043D 		str	r3, [r4, #-4]!
 137:LCDConf.c     **** 	
 138:LCDConf.c     **** 	
 139:LCDConf.c     ****   //
 140:LCDConf.c     ****   // Set display driver and color conversion for 1st layer
 141:LCDConf.c     ****   //
 142:LCDConf.c     ****   pDevice = GUI_DEVICE_CreateAndLink(GUIDRV_BITPLAINS, COLOR_CONVERSION, 0, 0);
  43              		.loc 1 142 0
  44 000c 0023     		movs	r3, #0
  45 000e 1A46     		mov	r2, r3
  46 0010 1449     		ldr	r1, .L5
  47 0012 1548     		ldr	r0, .L5+4
  48 0014 FFF7FEFF 		bl	GUI_DEVICE_CreateAndLink
  49              	.LVL0:
 143:LCDConf.c     ****   GUIDRV_BitPlains_Config(pDevice, &Config);
  50              		.loc 1 143 0
  51 0018 2146     		mov	r1, r4
  52 001a FFF7FEFF 		bl	GUIDRV_BitPlains_Config
  53              	.LVL1:
 144:LCDConf.c     **** 
 145:LCDConf.c     ****   //
 146:LCDConf.c     ****   // Display driver configuration
 147:LCDConf.c     ****   //
 148:LCDConf.c     ****   if (LCD_GetSwapXY()) {
  54              		.loc 1 148 0
  55 001e FFF7FEFF 		bl	LCD_GetSwapXY
  56              	.LVL2:
  57 0022 60B1     		cbz	r0, .L2
 149:LCDConf.c     ****     LCD_SetSizeEx (0, YSIZE_PHYS, XSIZE_PHYS);
  58              		.loc 1 149 0
  59 0024 4FF48472 		mov	r2, #264
  60 0028 B021     		movs	r1, #176
  61 002a 0020     		movs	r0, #0
  62 002c FFF7FEFF 		bl	LCD_SetSizeEx
  63              	.LVL3:
 150:LCDConf.c     ****     LCD_SetVSizeEx(0, YSIZE_PHYS, XSIZE_PHYS);
  64              		.loc 1 150 0
  65 0030 4FF48472 		mov	r2, #264
  66 0034 B021     		movs	r1, #176
  67 0036 0020     		movs	r0, #0
  68 0038 FFF7FEFF 		bl	LCD_SetVSizeEx
  69              	.LVL4:
  70 003c 0BE0     		b	.L3
  71              	.L2:
 151:LCDConf.c     ****   } else {
 152:LCDConf.c     ****     LCD_SetSizeEx (0, XSIZE_PHYS, YSIZE_PHYS);
  72              		.loc 1 152 0
  73 003e B022     		movs	r2, #176
  74 0040 4FF48471 		mov	r1, #264
  75 0044 0020     		movs	r0, #0
  76 0046 FFF7FEFF 		bl	LCD_SetSizeEx
ARM GAS  C:\Users\nicpa\AppData\Local\Temp\ccVDkpUd.s 			page 5


  77              	.LVL5:
 153:LCDConf.c     ****     LCD_SetVSizeEx(0, XSIZE_PHYS, YSIZE_PHYS);
  78              		.loc 1 153 0
  79 004a B022     		movs	r2, #176
  80 004c 4FF48471 		mov	r1, #264
  81 0050 0020     		movs	r0, #0
  82 0052 FFF7FEFF 		bl	LCD_SetVSizeEx
  83              	.LVL6:
  84              	.L3:
 154:LCDConf.c     ****   }
 155:LCDConf.c     ****   //
 156:LCDConf.c     ****   // Initialize VRAM access off driver
 157:LCDConf.c     ****   //
 158:LCDConf.c     ****   LCD_SetVRAMAddrEx(0, (void *)&_VRAM_Desc);
  85              		.loc 1 158 0
  86 0056 0549     		ldr	r1, .L5+8
  87 0058 0020     		movs	r0, #0
  88 005a FFF7FEFF 		bl	LCD_SetVRAMAddrEx
  89              	.LVL7:
 159:LCDConf.c     **** }
  90              		.loc 1 159 0
  91 005e 02B0     		add	sp, sp, #8
  92              		.cfi_def_cfa_offset 8
  93              		@ sp needed
  94 0060 10BD     		pop	{r4, pc}
  95              	.L6:
  96 0062 00BF     		.align	2
  97              	.L5:
  98 0064 00000000 		.word	LCD_API_ColorConv_1
  99 0068 00000000 		.word	GUIDRV_BitPlains_API
 100 006c 00000000 		.word	.LANCHOR0
 101              		.cfi_endproc
 102              	.LFE132:
 103              		.size	LCD_X_Config, .-LCD_X_Config
 104              		.section	.text.LCD_X_DisplayDriver,"ax",%progbits
 105              		.align	2
 106              		.global	LCD_X_DisplayDriver
 107              		.thumb
 108              		.thumb_func
 109              		.type	LCD_X_DisplayDriver, %function
 110              	LCD_X_DisplayDriver:
 111              	.LFB133:
 160:LCDConf.c     **** 
 161:LCDConf.c     **** /*********************************************************************
 162:LCDConf.c     **** *
 163:LCDConf.c     **** *       LCD_X_DisplayDriver
 164:LCDConf.c     **** *
 165:LCDConf.c     **** * Purpose:
 166:LCDConf.c     **** *   This function is called by the display driver for several purposes.
 167:LCDConf.c     **** *   To support the according task the routine needs to be adapted to
 168:LCDConf.c     **** *   the display controller. Please note that the commands marked with
 169:LCDConf.c     **** *   'optional' are not cogently required and should only be adapted if 
 170:LCDConf.c     **** *   the display controller supports these features.
 171:LCDConf.c     **** *
 172:LCDConf.c     **** * Parameter:
 173:LCDConf.c     **** *   LayerIndex - Index of layer to be configured
 174:LCDConf.c     **** *   Cmd        - Please refer to the details in the switch statement below
ARM GAS  C:\Users\nicpa\AppData\Local\Temp\ccVDkpUd.s 			page 6


 175:LCDConf.c     **** *   pData      - Pointer to a LCD_X_DATA structure
 176:LCDConf.c     **** *
 177:LCDConf.c     **** * Return Value:
 178:LCDConf.c     **** *   < -1 - Error
 179:LCDConf.c     **** *     -1 - Command not handled
 180:LCDConf.c     **** *      0 - Ok
 181:LCDConf.c     **** */
 182:LCDConf.c     **** int LCD_X_DisplayDriver(unsigned LayerIndex, unsigned Cmd, void * p) {
 112              		.loc 1 182 0
 113              		.cfi_startproc
 114              		@ args = 0, pretend = 0, frame = 0
 115              		@ frame_needed = 0, uses_anonymous_args = 0
 116              		@ link register save eliminated.
 117              	.LVL8:
 183:LCDConf.c     ****   int r;
 184:LCDConf.c     ****   GUI_USE_PARA(LayerIndex);
 185:LCDConf.c     ****   GUI_USE_PARA(p);
 186:LCDConf.c     **** 
 187:LCDConf.c     ****   switch (Cmd) {
 118              		.loc 1 187 0
 119 0000 0129     		cmp	r1, #1
 120 0002 01D1     		bne	.L11
 188:LCDConf.c     ****   case LCD_X_INITCONTROLLER: {
 189:LCDConf.c     **** 	//
 190:LCDConf.c     ****     // Called during the initialization process in order to set up the
 191:LCDConf.c     ****     // display controller and put it into operation. If the display
 192:LCDConf.c     ****     // controller is not initialized by any external routine this needs
 193:LCDConf.c     ****     // to be adapted by the customer...
 194:LCDConf.c     ****     //
 195:LCDConf.c     ****     return 0;
 121              		.loc 1 195 0
 122 0004 0020     		movs	r0, #0
 123              	.LVL9:
 124 0006 7047     		bx	lr
 125              	.LVL10:
 126              	.L11:
 196:LCDConf.c     ****   }
 197:LCDConf.c     ****   default:
 198:LCDConf.c     ****     r = -1;
 199:LCDConf.c     ****   }
 200:LCDConf.c     ****   return r;
 127              		.loc 1 200 0
 128 0008 4FF0FF30 		mov	r0, #-1
 129              	.LVL11:
 201:LCDConf.c     **** }
 130              		.loc 1 201 0
 131 000c 7047     		bx	lr
 132              		.cfi_endproc
 133              	.LFE133:
 134              		.size	LCD_X_DisplayDriver, .-LCD_X_DisplayDriver
 135 000e 00BF     		.section	.text.LCD_GetDisplayBuffer,"ax",%progbits
 136              		.align	2
 137              		.global	LCD_GetDisplayBuffer
 138              		.thumb
 139              		.thumb_func
 140              		.type	LCD_GetDisplayBuffer, %function
 141              	LCD_GetDisplayBuffer:
ARM GAS  C:\Users\nicpa\AppData\Local\Temp\ccVDkpUd.s 			page 7


 142              	.LFB134:
 202:LCDConf.c     **** 
 203:LCDConf.c     **** /*********************************************************************
 204:LCDConf.c     **** *
 205:LCDConf.c     **** *       LCD_GetDisplayBuffer
 206:LCDConf.c     **** *
 207:LCDConf.c     **** * Purpose:
 208:LCDConf.c     **** *   This function returns the pointer to EmWin's dispay buffer
 209:LCDConf.c     **** 
 210:LCDConf.c     **** * Parameter:
 211:LCDConf.c     **** *   None
 212:LCDConf.c     **** *
 213:LCDConf.c     **** * Return Value:
 214:LCDConf.c     **** *   U8* - Pointer to the EmWin's display buffer
 215:LCDConf.c     **** */
 216:LCDConf.c     **** U8* LCD_GetDisplayBuffer(void)
 217:LCDConf.c     **** {
 143              		.loc 1 217 0
 144              		.cfi_startproc
 145              		@ args = 0, pretend = 0, frame = 0
 146              		@ frame_needed = 0, uses_anonymous_args = 0
 147              		@ link register save eliminated.
 218:LCDConf.c     ****   /* Copy the Bitplains display buffer to user memory */
 219:LCDConf.c     ****   return _aPlain_0;
 220:LCDConf.c     **** }
 148              		.loc 1 220 0
 149 0000 0048     		ldr	r0, .L13
 150 0002 7047     		bx	lr
 151              	.L14:
 152              		.align	2
 153              	.L13:
 154 0004 00000000 		.word	.LANCHOR1
 155              		.cfi_endproc
 156              	.LFE134:
 157              		.size	LCD_GetDisplayBuffer, .-LCD_GetDisplayBuffer
 158              		.data
 159              		.align	2
 160              		.set	.LANCHOR0,. + 0
 161              		.type	_VRAM_Desc, %object
 162              		.size	_VRAM_Desc, 32
 163              	_VRAM_Desc:
 164 0000 00000000 		.word	_aPlain_0
 165 0004 00000000 		.space	28
 165      00000000 
 165      00000000 
 165      00000000 
 165      00000000 
 166              		.bss
 167              		.align	2
 168              		.set	.LANCHOR1,. + 0
 169              		.type	_aPlain_0, %object
 170              		.size	_aPlain_0, 5808
 171              	_aPlain_0:
 172 0000 00000000 		.space	5808
 172      00000000 
 172      00000000 
 172      00000000 
ARM GAS  C:\Users\nicpa\AppData\Local\Temp\ccVDkpUd.s 			page 8


 172      00000000 
 173              		.text
 174              	.Letext0:
 175              		.file 2 "c:\\program files (x86)\\cypress\\psoc creator\\4.4\\psoc creator\\import\\gnu\\arm\\5.4.
 176              		.file 3 "c:\\program files (x86)\\cypress\\psoc creator\\4.4\\psoc creator\\import\\gnu\\arm\\5.4.
 177              		.file 4 "Generated_Source\\PSoC6\\pdl\\middleware/emWin/code/include/LCD.h"
 178              		.file 5 "Generated_Source\\PSoC6\\pdl\\middleware/emWin/code/include/GUI.h"
 179              		.file 6 "Generated_Source\\PSoC6\\pdl\\middleware/emWin/code/drivers/BitPlains/GUIDRV_BitPlains.h"
 180              		.file 7 ".\\CMSIS\\Core\\Include/core_cm4.h"
 181              		.section	.debug_info,"",%progbits
 182              	.Ldebug_info0:
 183 0000 22070000 		.4byte	0x722
 184 0004 0400     		.2byte	0x4
 185 0006 00000000 		.4byte	.Ldebug_abbrev0
 186 000a 04       		.byte	0x4
 187 000b 01       		.uleb128 0x1
 188 000c EB000000 		.4byte	.LASF71
 189 0010 0C       		.byte	0xc
 190 0011 E7020000 		.4byte	.LASF72
 191 0015 53000000 		.4byte	.LASF73
 192 0019 00000000 		.4byte	.Ldebug_ranges0+0
 193 001d 00000000 		.4byte	0
 194 0021 00000000 		.4byte	.Ldebug_line0
 195 0025 02       		.uleb128 0x2
 196 0026 04       		.byte	0x4
 197 0027 05       		.byte	0x5
 198 0028 696E7400 		.ascii	"int\000"
 199 002c 03       		.uleb128 0x3
 200 002d 04       		.byte	0x4
 201 002e 07       		.byte	0x7
 202 002f 3C030000 		.4byte	.LASF0
 203 0033 03       		.uleb128 0x3
 204 0034 08       		.byte	0x8
 205 0035 05       		.byte	0x5
 206 0036 48020000 		.4byte	.LASF1
 207 003a 03       		.uleb128 0x3
 208 003b 08       		.byte	0x8
 209 003c 04       		.byte	0x4
 210 003d DB020000 		.4byte	.LASF2
 211 0041 03       		.uleb128 0x3
 212 0042 01       		.byte	0x1
 213 0043 06       		.byte	0x6
 214 0044 FA020000 		.4byte	.LASF3
 215 0048 03       		.uleb128 0x3
 216 0049 01       		.byte	0x1
 217 004a 08       		.byte	0x8
 218 004b C4020000 		.4byte	.LASF4
 219 004f 03       		.uleb128 0x3
 220 0050 02       		.byte	0x2
 221 0051 05       		.byte	0x5
 222 0052 AA000000 		.4byte	.LASF5
 223 0056 03       		.uleb128 0x3
 224 0057 02       		.byte	0x2
 225 0058 07       		.byte	0x7
 226 0059 B0030000 		.4byte	.LASF6
 227 005d 04       		.uleb128 0x4
 228 005e 34040000 		.4byte	.LASF8
ARM GAS  C:\Users\nicpa\AppData\Local\Temp\ccVDkpUd.s 			page 9


 229 0062 02       		.byte	0x2
 230 0063 3F       		.byte	0x3f
 231 0064 68000000 		.4byte	0x68
 232 0068 03       		.uleb128 0x3
 233 0069 04       		.byte	0x4
 234 006a 05       		.byte	0x5
 235 006b 71020000 		.4byte	.LASF7
 236 006f 04       		.uleb128 0x4
 237 0070 9E010000 		.4byte	.LASF9
 238 0074 02       		.byte	0x2
 239 0075 41       		.byte	0x41
 240 0076 7A000000 		.4byte	0x7a
 241 007a 03       		.uleb128 0x3
 242 007b 04       		.byte	0x4
 243 007c 07       		.byte	0x7
 244 007d 09040000 		.4byte	.LASF10
 245 0081 03       		.uleb128 0x3
 246 0082 08       		.byte	0x8
 247 0083 07       		.byte	0x7
 248 0084 06030000 		.4byte	.LASF11
 249 0088 04       		.uleb128 0x4
 250 0089 9D030000 		.4byte	.LASF12
 251 008d 03       		.byte	0x3
 252 008e 2C       		.byte	0x2c
 253 008f 5D000000 		.4byte	0x5d
 254 0093 04       		.uleb128 0x4
 255 0094 1D030000 		.4byte	.LASF13
 256 0098 03       		.byte	0x3
 257 0099 30       		.byte	0x30
 258 009a 6F000000 		.4byte	0x6f
 259 009e 03       		.uleb128 0x3
 260 009f 04       		.byte	0x4
 261 00a0 07       		.byte	0x7
 262 00a1 B4000000 		.4byte	.LASF14
 263 00a5 05       		.uleb128 0x5
 264 00a6 04       		.byte	0x4
 265 00a7 AB000000 		.4byte	0xab
 266 00ab 06       		.uleb128 0x6
 267 00ac 03       		.uleb128 0x3
 268 00ad 01       		.byte	0x1
 269 00ae 08       		.byte	0x8
 270 00af 78030000 		.4byte	.LASF15
 271 00b3 03       		.uleb128 0x3
 272 00b4 04       		.byte	0x4
 273 00b5 04       		.byte	0x4
 274 00b6 22020000 		.4byte	.LASF16
 275 00ba 03       		.uleb128 0x3
 276 00bb 08       		.byte	0x8
 277 00bc 04       		.byte	0x4
 278 00bd 1B040000 		.4byte	.LASF17
 279 00c1 04       		.uleb128 0x4
 280 00c2 CD010000 		.4byte	.LASF18
 281 00c6 04       		.byte	0x4
 282 00c7 6A       		.byte	0x6a
 283 00c8 7A000000 		.4byte	0x7a
 284 00cc 07       		.uleb128 0x7
 285 00cd 08       		.byte	0x8
ARM GAS  C:\Users\nicpa\AppData\Local\Temp\ccVDkpUd.s 			page 10


 286 00ce 04       		.byte	0x4
 287 00cf 71       		.byte	0x71
 288 00d0 01010000 		.4byte	0x101
 289 00d4 08       		.uleb128 0x8
 290 00d5 783000   		.ascii	"x0\000"
 291 00d8 04       		.byte	0x4
 292 00d9 71       		.byte	0x71
 293 00da 4F000000 		.4byte	0x4f
 294 00de 00       		.byte	0
 295 00df 08       		.uleb128 0x8
 296 00e0 793000   		.ascii	"y0\000"
 297 00e3 04       		.byte	0x4
 298 00e4 71       		.byte	0x71
 299 00e5 4F000000 		.4byte	0x4f
 300 00e9 02       		.byte	0x2
 301 00ea 08       		.uleb128 0x8
 302 00eb 783100   		.ascii	"x1\000"
 303 00ee 04       		.byte	0x4
 304 00ef 71       		.byte	0x71
 305 00f0 4F000000 		.4byte	0x4f
 306 00f4 04       		.byte	0x4
 307 00f5 08       		.uleb128 0x8
 308 00f6 793100   		.ascii	"y1\000"
 309 00f9 04       		.byte	0x4
 310 00fa 71       		.byte	0x71
 311 00fb 4F000000 		.4byte	0x4f
 312 00ff 06       		.byte	0x6
 313 0100 00       		.byte	0
 314 0101 04       		.uleb128 0x4
 315 0102 F1020000 		.4byte	.LASF19
 316 0106 04       		.byte	0x4
 317 0107 71       		.byte	0x71
 318 0108 CC000000 		.4byte	0xcc
 319 010c 04       		.uleb128 0x4
 320 010d AA040000 		.4byte	.LASF20
 321 0111 04       		.byte	0x4
 322 0112 88       		.byte	0x88
 323 0113 17010000 		.4byte	0x117
 324 0117 09       		.uleb128 0x9
 325 0118 C1000000 		.4byte	0xc1
 326 011c 26010000 		.4byte	0x126
 327 0120 0A       		.uleb128 0xa
 328 0121 7A000000 		.4byte	0x7a
 329 0125 00       		.byte	0
 330 0126 04       		.uleb128 0x4
 331 0127 E0040000 		.4byte	.LASF21
 332 012b 04       		.byte	0x4
 333 012c 89       		.byte	0x89
 334 012d 31010000 		.4byte	0x131
 335 0131 09       		.uleb128 0x9
 336 0132 7A000000 		.4byte	0x7a
 337 0136 40010000 		.4byte	0x140
 338 013a 0A       		.uleb128 0xa
 339 013b C1000000 		.4byte	0xc1
 340 013f 00       		.byte	0
 341 0140 04       		.uleb128 0x4
 342 0141 5C020000 		.4byte	.LASF22
ARM GAS  C:\Users\nicpa\AppData\Local\Temp\ccVDkpUd.s 			page 11


 343 0145 04       		.byte	0x4
 344 0146 8A       		.byte	0x8a
 345 0147 4B010000 		.4byte	0x14b
 346 014b 0B       		.uleb128 0xb
 347 014c 7A000000 		.4byte	0x7a
 348 0150 04       		.uleb128 0x4
 349 0151 7E040000 		.4byte	.LASF23
 350 0155 04       		.byte	0x4
 351 0156 8C       		.byte	0x8c
 352 0157 5B010000 		.4byte	0x15b
 353 015b 0C       		.uleb128 0xc
 354 015c 75010000 		.4byte	0x175
 355 0160 0A       		.uleb128 0xa
 356 0161 75010000 		.4byte	0x175
 357 0165 0A       		.uleb128 0xa
 358 0166 77010000 		.4byte	0x177
 359 016a 0A       		.uleb128 0xa
 360 016b 7A000000 		.4byte	0x7a
 361 016f 0A       		.uleb128 0xa
 362 0170 48000000 		.4byte	0x48
 363 0174 00       		.byte	0
 364 0175 0D       		.uleb128 0xd
 365 0176 04       		.byte	0x4
 366 0177 05       		.uleb128 0x5
 367 0178 04       		.byte	0x4
 368 0179 C1000000 		.4byte	0xc1
 369 017d 04       		.uleb128 0x4
 370 017e 52040000 		.4byte	.LASF24
 371 0182 04       		.byte	0x4
 372 0183 8D       		.byte	0x8d
 373 0184 88010000 		.4byte	0x188
 374 0188 0C       		.uleb128 0xc
 375 0189 A2010000 		.4byte	0x1a2
 376 018d 0A       		.uleb128 0xa
 377 018e 77010000 		.4byte	0x177
 378 0192 0A       		.uleb128 0xa
 379 0193 75010000 		.4byte	0x175
 380 0197 0A       		.uleb128 0xa
 381 0198 7A000000 		.4byte	0x7a
 382 019c 0A       		.uleb128 0xa
 383 019d 48000000 		.4byte	0x48
 384 01a1 00       		.byte	0
 385 01a2 07       		.uleb128 0x7
 386 01a3 18       		.byte	0x18
 387 01a4 04       		.byte	0x4
 388 01a5 93       		.byte	0x93
 389 01a6 F3010000 		.4byte	0x1f3
 390 01aa 0E       		.uleb128 0xe
 391 01ab 6A030000 		.4byte	.LASF25
 392 01af 04       		.byte	0x4
 393 01b0 94       		.byte	0x94
 394 01b1 F3010000 		.4byte	0x1f3
 395 01b5 00       		.byte	0
 396 01b6 0E       		.uleb128 0xe
 397 01b7 2E030000 		.4byte	.LASF26
 398 01bb 04       		.byte	0x4
 399 01bc 95       		.byte	0x95
ARM GAS  C:\Users\nicpa\AppData\Local\Temp\ccVDkpUd.s 			page 12


 400 01bd F9010000 		.4byte	0x1f9
 401 01c1 04       		.byte	0x4
 402 01c2 0E       		.uleb128 0xe
 403 01c3 D7010000 		.4byte	.LASF27
 404 01c7 04       		.byte	0x4
 405 01c8 96       		.byte	0x96
 406 01c9 FF010000 		.4byte	0x1ff
 407 01cd 08       		.byte	0x8
 408 01ce 0E       		.uleb128 0xe
 409 01cf 26030000 		.4byte	.LASF28
 410 01d3 04       		.byte	0x4
 411 01d4 97       		.byte	0x97
 412 01d5 25000000 		.4byte	0x25
 413 01d9 0C       		.byte	0xc
 414 01da 0E       		.uleb128 0xe
 415 01db E6010000 		.4byte	.LASF29
 416 01df 04       		.byte	0x4
 417 01e0 98       		.byte	0x98
 418 01e1 05020000 		.4byte	0x205
 419 01e5 10       		.byte	0x10
 420 01e6 0E       		.uleb128 0xe
 421 01e7 22040000 		.4byte	.LASF30
 422 01eb 04       		.byte	0x4
 423 01ec 99       		.byte	0x99
 424 01ed 0B020000 		.4byte	0x20b
 425 01f1 14       		.byte	0x14
 426 01f2 00       		.byte	0
 427 01f3 05       		.uleb128 0x5
 428 01f4 04       		.byte	0x4
 429 01f5 26010000 		.4byte	0x126
 430 01f9 05       		.uleb128 0x5
 431 01fa 04       		.byte	0x4
 432 01fb 0C010000 		.4byte	0x10c
 433 01ff 05       		.uleb128 0x5
 434 0200 04       		.byte	0x4
 435 0201 40010000 		.4byte	0x140
 436 0205 05       		.uleb128 0x5
 437 0206 04       		.byte	0x4
 438 0207 7D010000 		.4byte	0x17d
 439 020b 05       		.uleb128 0x5
 440 020c 04       		.byte	0x4
 441 020d 50010000 		.4byte	0x150
 442 0211 04       		.uleb128 0x4
 443 0212 8A020000 		.4byte	.LASF31
 444 0216 04       		.byte	0x4
 445 0217 9A       		.byte	0x9a
 446 0218 A2010000 		.4byte	0x1a2
 447 021c 05       		.uleb128 0x5
 448 021d 04       		.byte	0x4
 449 021e 01010000 		.4byte	0x101
 450 0222 0F       		.uleb128 0xf
 451 0223 A5030000 		.4byte	.LASF32
 452 0227 04       		.byte	0x4
 453 0228 4301     		.2byte	0x143
 454 022a 2E020000 		.4byte	0x22e
 455 022e 10       		.uleb128 0x10
 456 022f A5030000 		.4byte	.LASF32
ARM GAS  C:\Users\nicpa\AppData\Local\Temp\ccVDkpUd.s 			page 13


 457 0233 1C       		.byte	0x1c
 458 0234 05       		.byte	0x5
 459 0235 B0       		.byte	0xb0
 460 0236 8D020000 		.4byte	0x28d
 461 023a 0E       		.uleb128 0xe
 462 023b 56020000 		.4byte	.LASF33
 463 023f 05       		.byte	0x5
 464 0240 B4       		.byte	0xb4
 465 0241 96030000 		.4byte	0x396
 466 0245 00       		.byte	0
 467 0246 0E       		.uleb128 0xe
 468 0247 0A020000 		.4byte	.LASF34
 469 024b 05       		.byte	0x5
 470 024c B5       		.byte	0xb5
 471 024d 96030000 		.4byte	0x396
 472 0251 04       		.byte	0x4
 473 0252 08       		.uleb128 0x8
 474 0253 7500     		.ascii	"u\000"
 475 0255 05       		.byte	0x5
 476 0256 BC       		.byte	0xbc
 477 0257 B6040000 		.4byte	0x4b6
 478 025b 08       		.byte	0x8
 479 025c 0E       		.uleb128 0xe
 480 025d B3010000 		.4byte	.LASF35
 481 0261 05       		.byte	0x5
 482 0262 C0       		.byte	0xc0
 483 0263 D5040000 		.4byte	0x4d5
 484 0267 0C       		.byte	0xc
 485 0268 0E       		.uleb128 0xe
 486 0269 00000000 		.4byte	.LASF36
 487 026d 05       		.byte	0x5
 488 026e C1       		.byte	0xc1
 489 026f 4D030000 		.4byte	0x34d
 490 0273 10       		.byte	0x10
 491 0274 0E       		.uleb128 0xe
 492 0275 1C020000 		.4byte	.LASF37
 493 0279 05       		.byte	0x5
 494 027a C2       		.byte	0xc2
 495 027b 56000000 		.4byte	0x56
 496 027f 14       		.byte	0x14
 497 0280 0E       		.uleb128 0xe
 498 0281 3D020000 		.4byte	.LASF38
 499 0285 05       		.byte	0x5
 500 0286 C3       		.byte	0xc3
 501 0287 25000000 		.4byte	0x25
 502 028b 18       		.byte	0x18
 503 028c 00       		.byte	0
 504 028d 0F       		.uleb128 0xf
 505 028e BE010000 		.4byte	.LASF39
 506 0292 04       		.byte	0x4
 507 0293 4401     		.2byte	0x144
 508 0295 99020000 		.4byte	0x299
 509 0299 10       		.uleb128 0x10
 510 029a BE010000 		.4byte	.LASF39
 511 029e 34       		.byte	0x34
 512 029f 05       		.byte	0x5
 513 02a0 6A       		.byte	0x6a
ARM GAS  C:\Users\nicpa\AppData\Local\Temp\ccVDkpUd.s 			page 14


 514 02a1 42030000 		.4byte	0x342
 515 02a5 0E       		.uleb128 0xe
 516 02a6 8C030000 		.4byte	.LASF40
 517 02aa 05       		.byte	0x5
 518 02ab 6E       		.byte	0x6e
 519 02ac 25000000 		.4byte	0x25
 520 02b0 00       		.byte	0
 521 02b1 0E       		.uleb128 0xe
 522 02b2 E4030000 		.4byte	.LASF41
 523 02b6 05       		.byte	0x5
 524 02b7 72       		.byte	0x72
 525 02b8 A7030000 		.4byte	0x3a7
 526 02bc 04       		.byte	0x4
 527 02bd 0E       		.uleb128 0xe
 528 02be 10020000 		.4byte	.LASF42
 529 02c2 05       		.byte	0x5
 530 02c3 73       		.byte	0x73
 531 02c4 C7030000 		.4byte	0x3c7
 532 02c8 08       		.byte	0x8
 533 02c9 0E       		.uleb128 0xe
 534 02ca DF000000 		.4byte	.LASF43
 535 02ce 05       		.byte	0x5
 536 02cf 74       		.byte	0x74
 537 02d0 C7030000 		.4byte	0x3c7
 538 02d4 0C       		.byte	0xc
 539 02d5 0E       		.uleb128 0xe
 540 02d6 3E000000 		.4byte	.LASF44
 541 02da 05       		.byte	0x5
 542 02db 75       		.byte	0x75
 543 02dc EC030000 		.4byte	0x3ec
 544 02e0 10       		.byte	0x10
 545 02e1 0E       		.uleb128 0xe
 546 02e2 7A020000 		.4byte	.LASF45
 547 02e6 05       		.byte	0x5
 548 02e7 76       		.byte	0x76
 549 02e8 0B040000 		.4byte	0x40b
 550 02ec 14       		.byte	0x14
 551 02ed 0E       		.uleb128 0xe
 552 02ee 49030000 		.4byte	.LASF46
 553 02f2 05       		.byte	0x5
 554 02f3 77       		.byte	0x77
 555 02f4 2B040000 		.4byte	0x42b
 556 02f8 18       		.byte	0x18
 557 02f9 0E       		.uleb128 0xe
 558 02fa 3E040000 		.4byte	.LASF47
 559 02fe 05       		.byte	0x5
 560 02ff 78       		.byte	0x78
 561 0300 46040000 		.4byte	0x446
 562 0304 1C       		.byte	0x1c
 563 0305 0E       		.uleb128 0xe
 564 0306 49040000 		.4byte	.LASF48
 565 030a 05       		.byte	0x5
 566 030b 7C       		.byte	0x7c
 567 030c 46040000 		.4byte	0x446
 568 0310 20       		.byte	0x20
 569 0311 0E       		.uleb128 0xe
 570 0312 F1030000 		.4byte	.LASF49
ARM GAS  C:\Users\nicpa\AppData\Local\Temp\ccVDkpUd.s 			page 15


 571 0316 05       		.byte	0x5
 572 0317 80       		.byte	0x80
 573 0318 66040000 		.4byte	0x466
 574 031c 24       		.byte	0x24
 575 031d 0E       		.uleb128 0xe
 576 031e D3040000 		.4byte	.LASF50
 577 0322 05       		.byte	0x5
 578 0323 81       		.byte	0x81
 579 0324 80040000 		.4byte	0x480
 580 0328 28       		.byte	0x28
 581 0329 0E       		.uleb128 0xe
 582 032a BD000000 		.4byte	.LASF51
 583 032e 05       		.byte	0x5
 584 032f 82       		.byte	0x82
 585 0330 9A040000 		.4byte	0x49a
 586 0334 2C       		.byte	0x2c
 587 0335 0E       		.uleb128 0xe
 588 0336 A9010000 		.4byte	.LASF52
 589 033a 05       		.byte	0x5
 590 033b 83       		.byte	0x83
 591 033c B0040000 		.4byte	0x4b0
 592 0340 30       		.byte	0x30
 593 0341 00       		.byte	0
 594 0342 05       		.uleb128 0x5
 595 0343 04       		.byte	0x4
 596 0344 48030000 		.4byte	0x348
 597 0348 11       		.uleb128 0x11
 598 0349 48000000 		.4byte	0x48
 599 034d 05       		.uleb128 0x5
 600 034e 04       		.byte	0x4
 601 034f 53030000 		.4byte	0x353
 602 0353 11       		.uleb128 0x11
 603 0354 11020000 		.4byte	0x211
 604 0358 05       		.uleb128 0x5
 605 0359 04       		.byte	0x4
 606 035a 48000000 		.4byte	0x48
 607 035e 0C       		.uleb128 0xc
 608 035f 96030000 		.4byte	0x396
 609 0363 0A       		.uleb128 0xa
 610 0364 96030000 		.4byte	0x396
 611 0368 0A       		.uleb128 0xa
 612 0369 25000000 		.4byte	0x25
 613 036d 0A       		.uleb128 0xa
 614 036e 25000000 		.4byte	0x25
 615 0372 0A       		.uleb128 0xa
 616 0373 25000000 		.4byte	0x25
 617 0377 0A       		.uleb128 0xa
 618 0378 25000000 		.4byte	0x25
 619 037c 0A       		.uleb128 0xa
 620 037d 25000000 		.4byte	0x25
 621 0381 0A       		.uleb128 0xa
 622 0382 25000000 		.4byte	0x25
 623 0386 0A       		.uleb128 0xa
 624 0387 42030000 		.4byte	0x342
 625 038b 0A       		.uleb128 0xa
 626 038c 25000000 		.4byte	0x25
 627 0390 0A       		.uleb128 0xa
ARM GAS  C:\Users\nicpa\AppData\Local\Temp\ccVDkpUd.s 			page 16


 628 0391 9C030000 		.4byte	0x39c
 629 0395 00       		.byte	0
 630 0396 05       		.uleb128 0x5
 631 0397 04       		.byte	0x4
 632 0398 22020000 		.4byte	0x222
 633 039c 05       		.uleb128 0x5
 634 039d 04       		.byte	0x4
 635 039e A2030000 		.4byte	0x3a2
 636 03a2 11       		.uleb128 0x11
 637 03a3 7A000000 		.4byte	0x7a
 638 03a7 05       		.uleb128 0x5
 639 03a8 04       		.byte	0x4
 640 03a9 5E030000 		.4byte	0x35e
 641 03ad 0C       		.uleb128 0xc
 642 03ae C7030000 		.4byte	0x3c7
 643 03b2 0A       		.uleb128 0xa
 644 03b3 96030000 		.4byte	0x396
 645 03b7 0A       		.uleb128 0xa
 646 03b8 25000000 		.4byte	0x25
 647 03bc 0A       		.uleb128 0xa
 648 03bd 25000000 		.4byte	0x25
 649 03c1 0A       		.uleb128 0xa
 650 03c2 25000000 		.4byte	0x25
 651 03c6 00       		.byte	0
 652 03c7 05       		.uleb128 0x5
 653 03c8 04       		.byte	0x4
 654 03c9 AD030000 		.4byte	0x3ad
 655 03cd 0C       		.uleb128 0xc
 656 03ce EC030000 		.4byte	0x3ec
 657 03d2 0A       		.uleb128 0xa
 658 03d3 96030000 		.4byte	0x396
 659 03d7 0A       		.uleb128 0xa
 660 03d8 25000000 		.4byte	0x25
 661 03dc 0A       		.uleb128 0xa
 662 03dd 25000000 		.4byte	0x25
 663 03e1 0A       		.uleb128 0xa
 664 03e2 25000000 		.4byte	0x25
 665 03e6 0A       		.uleb128 0xa
 666 03e7 25000000 		.4byte	0x25
 667 03eb 00       		.byte	0
 668 03ec 05       		.uleb128 0x5
 669 03ed 04       		.byte	0x4
 670 03ee CD030000 		.4byte	0x3cd
 671 03f2 09       		.uleb128 0x9
 672 03f3 7A000000 		.4byte	0x7a
 673 03f7 0B040000 		.4byte	0x40b
 674 03fb 0A       		.uleb128 0xa
 675 03fc 96030000 		.4byte	0x396
 676 0400 0A       		.uleb128 0xa
 677 0401 25000000 		.4byte	0x25
 678 0405 0A       		.uleb128 0xa
 679 0406 25000000 		.4byte	0x25
 680 040a 00       		.byte	0
 681 040b 05       		.uleb128 0x5
 682 040c 04       		.byte	0x4
 683 040d F2030000 		.4byte	0x3f2
 684 0411 0C       		.uleb128 0xc
ARM GAS  C:\Users\nicpa\AppData\Local\Temp\ccVDkpUd.s 			page 17


 685 0412 2B040000 		.4byte	0x42b
 686 0416 0A       		.uleb128 0xa
 687 0417 96030000 		.4byte	0x396
 688 041b 0A       		.uleb128 0xa
 689 041c 25000000 		.4byte	0x25
 690 0420 0A       		.uleb128 0xa
 691 0421 25000000 		.4byte	0x25
 692 0425 0A       		.uleb128 0xa
 693 0426 7A000000 		.4byte	0x7a
 694 042a 00       		.byte	0
 695 042b 05       		.uleb128 0x5
 696 042c 04       		.byte	0x4
 697 042d 11040000 		.4byte	0x411
 698 0431 0C       		.uleb128 0xc
 699 0432 46040000 		.4byte	0x446
 700 0436 0A       		.uleb128 0xa
 701 0437 96030000 		.4byte	0x396
 702 043b 0A       		.uleb128 0xa
 703 043c 25000000 		.4byte	0x25
 704 0440 0A       		.uleb128 0xa
 705 0441 25000000 		.4byte	0x25
 706 0445 00       		.byte	0
 707 0446 05       		.uleb128 0x5
 708 0447 04       		.byte	0x4
 709 0448 31040000 		.4byte	0x431
 710 044c 09       		.uleb128 0x9
 711 044d A5000000 		.4byte	0xa5
 712 0451 60040000 		.4byte	0x460
 713 0455 0A       		.uleb128 0xa
 714 0456 60040000 		.4byte	0x460
 715 045a 0A       		.uleb128 0xa
 716 045b 25000000 		.4byte	0x25
 717 045f 00       		.byte	0
 718 0460 05       		.uleb128 0x5
 719 0461 04       		.byte	0x4
 720 0462 96030000 		.4byte	0x396
 721 0466 05       		.uleb128 0x5
 722 0467 04       		.byte	0x4
 723 0468 4C040000 		.4byte	0x44c
 724 046c 09       		.uleb128 0x9
 725 046d 68000000 		.4byte	0x68
 726 0471 80040000 		.4byte	0x480
 727 0475 0A       		.uleb128 0xa
 728 0476 96030000 		.4byte	0x396
 729 047a 0A       		.uleb128 0xa
 730 047b 25000000 		.4byte	0x25
 731 047f 00       		.byte	0
 732 0480 05       		.uleb128 0x5
 733 0481 04       		.byte	0x4
 734 0482 6C040000 		.4byte	0x46c
 735 0486 09       		.uleb128 0x9
 736 0487 75010000 		.4byte	0x175
 737 048b 9A040000 		.4byte	0x49a
 738 048f 0A       		.uleb128 0xa
 739 0490 96030000 		.4byte	0x396
 740 0494 0A       		.uleb128 0xa
 741 0495 25000000 		.4byte	0x25
ARM GAS  C:\Users\nicpa\AppData\Local\Temp\ccVDkpUd.s 			page 18


 742 0499 00       		.byte	0
 743 049a 05       		.uleb128 0x5
 744 049b 04       		.byte	0x4
 745 049c 86040000 		.4byte	0x486
 746 04a0 0C       		.uleb128 0xc
 747 04a1 B0040000 		.4byte	0x4b0
 748 04a5 0A       		.uleb128 0xa
 749 04a6 96030000 		.4byte	0x396
 750 04aa 0A       		.uleb128 0xa
 751 04ab 1C020000 		.4byte	0x21c
 752 04af 00       		.byte	0
 753 04b0 05       		.uleb128 0x5
 754 04b1 04       		.byte	0x4
 755 04b2 A0040000 		.4byte	0x4a0
 756 04b6 12       		.uleb128 0x12
 757 04b7 04       		.byte	0x4
 758 04b8 05       		.byte	0x5
 759 04b9 B9       		.byte	0xb9
 760 04ba D5040000 		.4byte	0x4d5
 761 04be 13       		.uleb128 0x13
 762 04bf D2020000 		.4byte	.LASF53
 763 04c3 05       		.byte	0x5
 764 04c4 BA       		.byte	0xba
 765 04c5 68000000 		.4byte	0x68
 766 04c9 13       		.uleb128 0x13
 767 04ca DB030000 		.4byte	.LASF54
 768 04ce 05       		.byte	0x5
 769 04cf BB       		.byte	0xbb
 770 04d0 75010000 		.4byte	0x175
 771 04d4 00       		.byte	0
 772 04d5 05       		.uleb128 0x5
 773 04d6 04       		.byte	0x4
 774 04d7 DB040000 		.4byte	0x4db
 775 04db 11       		.uleb128 0x11
 776 04dc 8D020000 		.4byte	0x28d
 777 04e0 07       		.uleb128 0x7
 778 04e1 04       		.byte	0x4
 779 04e2 06       		.byte	0x6
 780 04e3 38       		.byte	0x38
 781 04e4 F5040000 		.4byte	0x4f5
 782 04e8 0E       		.uleb128 0xe
 783 04e9 29000000 		.4byte	.LASF55
 784 04ed 06       		.byte	0x6
 785 04ee 39       		.byte	0x39
 786 04ef 25000000 		.4byte	0x25
 787 04f3 00       		.byte	0
 788 04f4 00       		.byte	0
 789 04f5 04       		.uleb128 0x4
 790 04f6 59030000 		.4byte	.LASF56
 791 04fa 06       		.byte	0x6
 792 04fb 3A       		.byte	0x3a
 793 04fc E0040000 		.4byte	0x4e0
 794 0500 14       		.uleb128 0x14
 795 0501 58030000 		.4byte	0x358
 796 0505 10050000 		.4byte	0x510
 797 0509 15       		.uleb128 0x15
 798 050a 9E000000 		.4byte	0x9e
ARM GAS  C:\Users\nicpa\AppData\Local\Temp\ccVDkpUd.s 			page 19


 799 050e 07       		.byte	0x7
 800 050f 00       		.byte	0
 801 0510 07       		.uleb128 0x7
 802 0511 20       		.byte	0x20
 803 0512 01       		.byte	0x1
 804 0513 6E       		.byte	0x6e
 805 0514 25050000 		.4byte	0x525
 806 0518 0E       		.uleb128 0xe
 807 0519 9D020000 		.4byte	.LASF57
 808 051d 01       		.byte	0x1
 809 051e 6F       		.byte	0x6f
 810 051f 00050000 		.4byte	0x500
 811 0523 00       		.byte	0
 812 0524 00       		.byte	0
 813 0525 16       		.uleb128 0x16
 814 0526 1C000000 		.4byte	.LASF74
 815 052a 01       		.byte	0x1
 816 052b 83       		.byte	0x83
 817 052c 00000000 		.4byte	.LFB132
 818 0530 70000000 		.4byte	.LFE132-.LFB132
 819 0534 01       		.uleb128 0x1
 820 0535 9C       		.byte	0x9c
 821 0536 25060000 		.4byte	0x625
 822 053a 17       		.uleb128 0x17
 823 053b CB040000 		.4byte	.LASF58
 824 053f 01       		.byte	0x1
 825 0540 85       		.byte	0x85
 826 0541 96030000 		.4byte	0x396
 827 0545 00000000 		.4byte	.LLST0
 828 0549 18       		.uleb128 0x18
 829 054a BD020000 		.4byte	.LASF59
 830 054e 01       		.byte	0x1
 831 054f 86       		.byte	0x86
 832 0550 F5040000 		.4byte	0x4f5
 833 0554 02       		.uleb128 0x2
 834 0555 91       		.byte	0x91
 835 0556 74       		.sleb128 -12
 836 0557 19       		.uleb128 0x19
 837 0558 18000000 		.4byte	.LVL0
 838 055c DE060000 		.4byte	0x6de
 839 0560 6F050000 		.4byte	0x56f
 840 0564 1A       		.uleb128 0x1a
 841 0565 01       		.uleb128 0x1
 842 0566 52       		.byte	0x52
 843 0567 01       		.uleb128 0x1
 844 0568 30       		.byte	0x30
 845 0569 1A       		.uleb128 0x1a
 846 056a 01       		.uleb128 0x1
 847 056b 53       		.byte	0x53
 848 056c 01       		.uleb128 0x1
 849 056d 30       		.byte	0x30
 850 056e 00       		.byte	0
 851 056f 19       		.uleb128 0x19
 852 0570 1E000000 		.4byte	.LVL1
 853 0574 EA060000 		.4byte	0x6ea
 854 0578 83050000 		.4byte	0x583
 855 057c 1A       		.uleb128 0x1a
ARM GAS  C:\Users\nicpa\AppData\Local\Temp\ccVDkpUd.s 			page 20


 856 057d 01       		.uleb128 0x1
 857 057e 51       		.byte	0x51
 858 057f 02       		.uleb128 0x2
 859 0580 74       		.byte	0x74
 860 0581 00       		.sleb128 0
 861 0582 00       		.byte	0
 862 0583 1B       		.uleb128 0x1b
 863 0584 22000000 		.4byte	.LVL2
 864 0588 F5060000 		.4byte	0x6f5
 865 058c 19       		.uleb128 0x19
 866 058d 30000000 		.4byte	.LVL3
 867 0591 01070000 		.4byte	0x701
 868 0595 AC050000 		.4byte	0x5ac
 869 0599 1A       		.uleb128 0x1a
 870 059a 01       		.uleb128 0x1
 871 059b 50       		.byte	0x50
 872 059c 01       		.uleb128 0x1
 873 059d 30       		.byte	0x30
 874 059e 1A       		.uleb128 0x1a
 875 059f 01       		.uleb128 0x1
 876 05a0 51       		.byte	0x51
 877 05a1 02       		.uleb128 0x2
 878 05a2 08       		.byte	0x8
 879 05a3 B0       		.byte	0xb0
 880 05a4 1A       		.uleb128 0x1a
 881 05a5 01       		.uleb128 0x1
 882 05a6 52       		.byte	0x52
 883 05a7 03       		.uleb128 0x3
 884 05a8 0A       		.byte	0xa
 885 05a9 0801     		.2byte	0x108
 886 05ab 00       		.byte	0
 887 05ac 19       		.uleb128 0x19
 888 05ad 3C000000 		.4byte	.LVL4
 889 05b1 0D070000 		.4byte	0x70d
 890 05b5 CC050000 		.4byte	0x5cc
 891 05b9 1A       		.uleb128 0x1a
 892 05ba 01       		.uleb128 0x1
 893 05bb 50       		.byte	0x50
 894 05bc 01       		.uleb128 0x1
 895 05bd 30       		.byte	0x30
 896 05be 1A       		.uleb128 0x1a
 897 05bf 01       		.uleb128 0x1
 898 05c0 51       		.byte	0x51
 899 05c1 02       		.uleb128 0x2
 900 05c2 08       		.byte	0x8
 901 05c3 B0       		.byte	0xb0
 902 05c4 1A       		.uleb128 0x1a
 903 05c5 01       		.uleb128 0x1
 904 05c6 52       		.byte	0x52
 905 05c7 03       		.uleb128 0x3
 906 05c8 0A       		.byte	0xa
 907 05c9 0801     		.2byte	0x108
 908 05cb 00       		.byte	0
 909 05cc 19       		.uleb128 0x19
 910 05cd 4A000000 		.4byte	.LVL5
 911 05d1 01070000 		.4byte	0x701
 912 05d5 EC050000 		.4byte	0x5ec
ARM GAS  C:\Users\nicpa\AppData\Local\Temp\ccVDkpUd.s 			page 21


 913 05d9 1A       		.uleb128 0x1a
 914 05da 01       		.uleb128 0x1
 915 05db 50       		.byte	0x50
 916 05dc 01       		.uleb128 0x1
 917 05dd 30       		.byte	0x30
 918 05de 1A       		.uleb128 0x1a
 919 05df 01       		.uleb128 0x1
 920 05e0 51       		.byte	0x51
 921 05e1 03       		.uleb128 0x3
 922 05e2 0A       		.byte	0xa
 923 05e3 0801     		.2byte	0x108
 924 05e5 1A       		.uleb128 0x1a
 925 05e6 01       		.uleb128 0x1
 926 05e7 52       		.byte	0x52
 927 05e8 02       		.uleb128 0x2
 928 05e9 08       		.byte	0x8
 929 05ea B0       		.byte	0xb0
 930 05eb 00       		.byte	0
 931 05ec 19       		.uleb128 0x19
 932 05ed 56000000 		.4byte	.LVL6
 933 05f1 0D070000 		.4byte	0x70d
 934 05f5 0C060000 		.4byte	0x60c
 935 05f9 1A       		.uleb128 0x1a
 936 05fa 01       		.uleb128 0x1
 937 05fb 50       		.byte	0x50
 938 05fc 01       		.uleb128 0x1
 939 05fd 30       		.byte	0x30
 940 05fe 1A       		.uleb128 0x1a
 941 05ff 01       		.uleb128 0x1
 942 0600 51       		.byte	0x51
 943 0601 03       		.uleb128 0x3
 944 0602 0A       		.byte	0xa
 945 0603 0801     		.2byte	0x108
 946 0605 1A       		.uleb128 0x1a
 947 0606 01       		.uleb128 0x1
 948 0607 52       		.byte	0x52
 949 0608 02       		.uleb128 0x2
 950 0609 08       		.byte	0x8
 951 060a B0       		.byte	0xb0
 952 060b 00       		.byte	0
 953 060c 1C       		.uleb128 0x1c
 954 060d 5E000000 		.4byte	.LVL7
 955 0611 19070000 		.4byte	0x719
 956 0615 1A       		.uleb128 0x1a
 957 0616 01       		.uleb128 0x1
 958 0617 50       		.byte	0x50
 959 0618 01       		.uleb128 0x1
 960 0619 30       		.byte	0x30
 961 061a 1A       		.uleb128 0x1a
 962 061b 01       		.uleb128 0x1
 963 061c 51       		.byte	0x51
 964 061d 05       		.uleb128 0x5
 965 061e 03       		.byte	0x3
 966 061f 00000000 		.4byte	.LANCHOR0
 967 0623 00       		.byte	0
 968 0624 00       		.byte	0
 969 0625 1D       		.uleb128 0x1d
ARM GAS  C:\Users\nicpa\AppData\Local\Temp\ccVDkpUd.s 			page 22


 970 0626 6A040000 		.4byte	.LASF75
 971 062a 01       		.byte	0x1
 972 062b B6       		.byte	0xb6
 973 062c 25000000 		.4byte	0x25
 974 0630 00000000 		.4byte	.LFB133
 975 0634 0E000000 		.4byte	.LFE133-.LFB133
 976 0638 01       		.uleb128 0x1
 977 0639 9C       		.byte	0x9c
 978 063a 6F060000 		.4byte	0x66f
 979 063e 1E       		.uleb128 0x1e
 980 063f 3D020000 		.4byte	.LASF38
 981 0643 01       		.byte	0x1
 982 0644 B6       		.byte	0xb6
 983 0645 2C000000 		.4byte	0x2c
 984 0649 13000000 		.4byte	.LLST1
 985 064d 1F       		.uleb128 0x1f
 986 064e 436D6400 		.ascii	"Cmd\000"
 987 0652 01       		.byte	0x1
 988 0653 B6       		.byte	0xb6
 989 0654 2C000000 		.4byte	0x2c
 990 0658 01       		.uleb128 0x1
 991 0659 51       		.byte	0x51
 992 065a 1F       		.uleb128 0x1f
 993 065b 7000     		.ascii	"p\000"
 994 065d 01       		.byte	0x1
 995 065e B6       		.byte	0xb6
 996 065f 75010000 		.4byte	0x175
 997 0663 01       		.uleb128 0x1
 998 0664 52       		.byte	0x52
 999 0665 20       		.uleb128 0x20
 1000 0666 7200     		.ascii	"r\000"
 1001 0668 01       		.byte	0x1
 1002 0669 B7       		.byte	0xb7
 1003 066a 25000000 		.4byte	0x25
 1004 066e 00       		.byte	0
 1005 066f 21       		.uleb128 0x21
 1006 0670 CA000000 		.4byte	.LASF76
 1007 0674 01       		.byte	0x1
 1008 0675 D8       		.byte	0xd8
 1009 0676 58030000 		.4byte	0x358
 1010 067a 00000000 		.4byte	.LFB134
 1011 067e 08000000 		.4byte	.LFE134-.LFB134
 1012 0682 01       		.uleb128 0x1
 1013 0683 9C       		.byte	0x9c
 1014 0684 14       		.uleb128 0x14
 1015 0685 48000000 		.4byte	0x48
 1016 0689 95060000 		.4byte	0x695
 1017 068d 22       		.uleb128 0x22
 1018 068e 9E000000 		.4byte	0x9e
 1019 0692 AF16     		.2byte	0x16af
 1020 0694 00       		.byte	0
 1021 0695 18       		.uleb128 0x18
 1022 0696 49000000 		.4byte	.LASF60
 1023 069a 01       		.byte	0x1
 1024 069b 69       		.byte	0x69
 1025 069c 84060000 		.4byte	0x684
 1026 06a0 05       		.uleb128 0x5
ARM GAS  C:\Users\nicpa\AppData\Local\Temp\ccVDkpUd.s 			page 23


 1027 06a1 03       		.byte	0x3
 1028 06a2 00000000 		.4byte	_aPlain_0
 1029 06a6 18       		.uleb128 0x18
 1030 06a7 FE030000 		.4byte	.LASF61
 1031 06ab 01       		.byte	0x1
 1032 06ac 70       		.byte	0x70
 1033 06ad 10050000 		.4byte	0x510
 1034 06b1 05       		.uleb128 0x5
 1035 06b2 03       		.byte	0x3
 1036 06b3 00000000 		.4byte	_VRAM_Desc
 1037 06b7 23       		.uleb128 0x23
 1038 06b8 BE040000 		.4byte	.LASF62
 1039 06bc 07       		.byte	0x7
 1040 06bd 0108     		.2byte	0x801
 1041 06bf C3060000 		.4byte	0x6c3
 1042 06c3 24       		.uleb128 0x24
 1043 06c4 88000000 		.4byte	0x88
 1044 06c8 25       		.uleb128 0x25
 1045 06c9 96040000 		.4byte	.LASF63
 1046 06cd 04       		.byte	0x4
 1047 06ce 9D       		.byte	0x9d
 1048 06cf 53030000 		.4byte	0x353
 1049 06d3 25       		.uleb128 0x25
 1050 06d4 28020000 		.4byte	.LASF64
 1051 06d8 06       		.byte	0x6
 1052 06d9 49       		.byte	0x49
 1053 06da DB040000 		.4byte	0x4db
 1054 06de 26       		.uleb128 0x26
 1055 06df A4020000 		.4byte	.LASF65
 1056 06e3 A4020000 		.4byte	.LASF65
 1057 06e7 05       		.byte	0x5
 1058 06e8 2201     		.2byte	0x122
 1059 06ea 27       		.uleb128 0x27
 1060 06eb C3030000 		.4byte	.LASF66
 1061 06ef C3030000 		.4byte	.LASF66
 1062 06f3 06       		.byte	0x6
 1063 06f4 5C       		.byte	0x5c
 1064 06f5 26       		.uleb128 0x26
 1065 06f6 30000000 		.4byte	.LASF67
 1066 06fa 30000000 		.4byte	.LASF67
 1067 06fe 04       		.byte	0x4
 1068 06ff 8F01     		.2byte	0x18f
 1069 0701 26       		.uleb128 0x26
 1070 0702 0E000000 		.4byte	.LASF68
 1071 0706 0E000000 		.4byte	.LASF68
 1072 070a 04       		.byte	0x4
 1073 070b 4902     		.2byte	0x249
 1074 070d 26       		.uleb128 0x26
 1075 070e 7D030000 		.4byte	.LASF69
 1076 0712 7D030000 		.4byte	.LASF69
 1077 0716 04       		.byte	0x4
 1078 0717 4C02     		.2byte	0x24c
 1079 0719 26       		.uleb128 0x26
 1080 071a F8010000 		.4byte	.LASF70
 1081 071e F8010000 		.4byte	.LASF70
 1082 0722 04       		.byte	0x4
 1083 0723 4B02     		.2byte	0x24b
ARM GAS  C:\Users\nicpa\AppData\Local\Temp\ccVDkpUd.s 			page 24


 1084 0725 00       		.byte	0
 1085              		.section	.debug_abbrev,"",%progbits
 1086              	.Ldebug_abbrev0:
 1087 0000 01       		.uleb128 0x1
 1088 0001 11       		.uleb128 0x11
 1089 0002 01       		.byte	0x1
 1090 0003 25       		.uleb128 0x25
 1091 0004 0E       		.uleb128 0xe
 1092 0005 13       		.uleb128 0x13
 1093 0006 0B       		.uleb128 0xb
 1094 0007 03       		.uleb128 0x3
 1095 0008 0E       		.uleb128 0xe
 1096 0009 1B       		.uleb128 0x1b
 1097 000a 0E       		.uleb128 0xe
 1098 000b 55       		.uleb128 0x55
 1099 000c 17       		.uleb128 0x17
 1100 000d 11       		.uleb128 0x11
 1101 000e 01       		.uleb128 0x1
 1102 000f 10       		.uleb128 0x10
 1103 0010 17       		.uleb128 0x17
 1104 0011 00       		.byte	0
 1105 0012 00       		.byte	0
 1106 0013 02       		.uleb128 0x2
 1107 0014 24       		.uleb128 0x24
 1108 0015 00       		.byte	0
 1109 0016 0B       		.uleb128 0xb
 1110 0017 0B       		.uleb128 0xb
 1111 0018 3E       		.uleb128 0x3e
 1112 0019 0B       		.uleb128 0xb
 1113 001a 03       		.uleb128 0x3
 1114 001b 08       		.uleb128 0x8
 1115 001c 00       		.byte	0
 1116 001d 00       		.byte	0
 1117 001e 03       		.uleb128 0x3
 1118 001f 24       		.uleb128 0x24
 1119 0020 00       		.byte	0
 1120 0021 0B       		.uleb128 0xb
 1121 0022 0B       		.uleb128 0xb
 1122 0023 3E       		.uleb128 0x3e
 1123 0024 0B       		.uleb128 0xb
 1124 0025 03       		.uleb128 0x3
 1125 0026 0E       		.uleb128 0xe
 1126 0027 00       		.byte	0
 1127 0028 00       		.byte	0
 1128 0029 04       		.uleb128 0x4
 1129 002a 16       		.uleb128 0x16
 1130 002b 00       		.byte	0
 1131 002c 03       		.uleb128 0x3
 1132 002d 0E       		.uleb128 0xe
 1133 002e 3A       		.uleb128 0x3a
 1134 002f 0B       		.uleb128 0xb
 1135 0030 3B       		.uleb128 0x3b
 1136 0031 0B       		.uleb128 0xb
 1137 0032 49       		.uleb128 0x49
 1138 0033 13       		.uleb128 0x13
 1139 0034 00       		.byte	0
 1140 0035 00       		.byte	0
ARM GAS  C:\Users\nicpa\AppData\Local\Temp\ccVDkpUd.s 			page 25


 1141 0036 05       		.uleb128 0x5
 1142 0037 0F       		.uleb128 0xf
 1143 0038 00       		.byte	0
 1144 0039 0B       		.uleb128 0xb
 1145 003a 0B       		.uleb128 0xb
 1146 003b 49       		.uleb128 0x49
 1147 003c 13       		.uleb128 0x13
 1148 003d 00       		.byte	0
 1149 003e 00       		.byte	0
 1150 003f 06       		.uleb128 0x6
 1151 0040 15       		.uleb128 0x15
 1152 0041 00       		.byte	0
 1153 0042 27       		.uleb128 0x27
 1154 0043 19       		.uleb128 0x19
 1155 0044 00       		.byte	0
 1156 0045 00       		.byte	0
 1157 0046 07       		.uleb128 0x7
 1158 0047 13       		.uleb128 0x13
 1159 0048 01       		.byte	0x1
 1160 0049 0B       		.uleb128 0xb
 1161 004a 0B       		.uleb128 0xb
 1162 004b 3A       		.uleb128 0x3a
 1163 004c 0B       		.uleb128 0xb
 1164 004d 3B       		.uleb128 0x3b
 1165 004e 0B       		.uleb128 0xb
 1166 004f 01       		.uleb128 0x1
 1167 0050 13       		.uleb128 0x13
 1168 0051 00       		.byte	0
 1169 0052 00       		.byte	0
 1170 0053 08       		.uleb128 0x8
 1171 0054 0D       		.uleb128 0xd
 1172 0055 00       		.byte	0
 1173 0056 03       		.uleb128 0x3
 1174 0057 08       		.uleb128 0x8
 1175 0058 3A       		.uleb128 0x3a
 1176 0059 0B       		.uleb128 0xb
 1177 005a 3B       		.uleb128 0x3b
 1178 005b 0B       		.uleb128 0xb
 1179 005c 49       		.uleb128 0x49
 1180 005d 13       		.uleb128 0x13
 1181 005e 38       		.uleb128 0x38
 1182 005f 0B       		.uleb128 0xb
 1183 0060 00       		.byte	0
 1184 0061 00       		.byte	0
 1185 0062 09       		.uleb128 0x9
 1186 0063 15       		.uleb128 0x15
 1187 0064 01       		.byte	0x1
 1188 0065 27       		.uleb128 0x27
 1189 0066 19       		.uleb128 0x19
 1190 0067 49       		.uleb128 0x49
 1191 0068 13       		.uleb128 0x13
 1192 0069 01       		.uleb128 0x1
 1193 006a 13       		.uleb128 0x13
 1194 006b 00       		.byte	0
 1195 006c 00       		.byte	0
 1196 006d 0A       		.uleb128 0xa
 1197 006e 05       		.uleb128 0x5
ARM GAS  C:\Users\nicpa\AppData\Local\Temp\ccVDkpUd.s 			page 26


 1198 006f 00       		.byte	0
 1199 0070 49       		.uleb128 0x49
 1200 0071 13       		.uleb128 0x13
 1201 0072 00       		.byte	0
 1202 0073 00       		.byte	0
 1203 0074 0B       		.uleb128 0xb
 1204 0075 15       		.uleb128 0x15
 1205 0076 00       		.byte	0
 1206 0077 27       		.uleb128 0x27
 1207 0078 19       		.uleb128 0x19
 1208 0079 49       		.uleb128 0x49
 1209 007a 13       		.uleb128 0x13
 1210 007b 00       		.byte	0
 1211 007c 00       		.byte	0
 1212 007d 0C       		.uleb128 0xc
 1213 007e 15       		.uleb128 0x15
 1214 007f 01       		.byte	0x1
 1215 0080 27       		.uleb128 0x27
 1216 0081 19       		.uleb128 0x19
 1217 0082 01       		.uleb128 0x1
 1218 0083 13       		.uleb128 0x13
 1219 0084 00       		.byte	0
 1220 0085 00       		.byte	0
 1221 0086 0D       		.uleb128 0xd
 1222 0087 0F       		.uleb128 0xf
 1223 0088 00       		.byte	0
 1224 0089 0B       		.uleb128 0xb
 1225 008a 0B       		.uleb128 0xb
 1226 008b 00       		.byte	0
 1227 008c 00       		.byte	0
 1228 008d 0E       		.uleb128 0xe
 1229 008e 0D       		.uleb128 0xd
 1230 008f 00       		.byte	0
 1231 0090 03       		.uleb128 0x3
 1232 0091 0E       		.uleb128 0xe
 1233 0092 3A       		.uleb128 0x3a
 1234 0093 0B       		.uleb128 0xb
 1235 0094 3B       		.uleb128 0x3b
 1236 0095 0B       		.uleb128 0xb
 1237 0096 49       		.uleb128 0x49
 1238 0097 13       		.uleb128 0x13
 1239 0098 38       		.uleb128 0x38
 1240 0099 0B       		.uleb128 0xb
 1241 009a 00       		.byte	0
 1242 009b 00       		.byte	0
 1243 009c 0F       		.uleb128 0xf
 1244 009d 16       		.uleb128 0x16
 1245 009e 00       		.byte	0
 1246 009f 03       		.uleb128 0x3
 1247 00a0 0E       		.uleb128 0xe
 1248 00a1 3A       		.uleb128 0x3a
 1249 00a2 0B       		.uleb128 0xb
 1250 00a3 3B       		.uleb128 0x3b
 1251 00a4 05       		.uleb128 0x5
 1252 00a5 49       		.uleb128 0x49
 1253 00a6 13       		.uleb128 0x13
 1254 00a7 00       		.byte	0
ARM GAS  C:\Users\nicpa\AppData\Local\Temp\ccVDkpUd.s 			page 27


 1255 00a8 00       		.byte	0
 1256 00a9 10       		.uleb128 0x10
 1257 00aa 13       		.uleb128 0x13
 1258 00ab 01       		.byte	0x1
 1259 00ac 03       		.uleb128 0x3
 1260 00ad 0E       		.uleb128 0xe
 1261 00ae 0B       		.uleb128 0xb
 1262 00af 0B       		.uleb128 0xb
 1263 00b0 3A       		.uleb128 0x3a
 1264 00b1 0B       		.uleb128 0xb
 1265 00b2 3B       		.uleb128 0x3b
 1266 00b3 0B       		.uleb128 0xb
 1267 00b4 01       		.uleb128 0x1
 1268 00b5 13       		.uleb128 0x13
 1269 00b6 00       		.byte	0
 1270 00b7 00       		.byte	0
 1271 00b8 11       		.uleb128 0x11
 1272 00b9 26       		.uleb128 0x26
 1273 00ba 00       		.byte	0
 1274 00bb 49       		.uleb128 0x49
 1275 00bc 13       		.uleb128 0x13
 1276 00bd 00       		.byte	0
 1277 00be 00       		.byte	0
 1278 00bf 12       		.uleb128 0x12
 1279 00c0 17       		.uleb128 0x17
 1280 00c1 01       		.byte	0x1
 1281 00c2 0B       		.uleb128 0xb
 1282 00c3 0B       		.uleb128 0xb
 1283 00c4 3A       		.uleb128 0x3a
 1284 00c5 0B       		.uleb128 0xb
 1285 00c6 3B       		.uleb128 0x3b
 1286 00c7 0B       		.uleb128 0xb
 1287 00c8 01       		.uleb128 0x1
 1288 00c9 13       		.uleb128 0x13
 1289 00ca 00       		.byte	0
 1290 00cb 00       		.byte	0
 1291 00cc 13       		.uleb128 0x13
 1292 00cd 0D       		.uleb128 0xd
 1293 00ce 00       		.byte	0
 1294 00cf 03       		.uleb128 0x3
 1295 00d0 0E       		.uleb128 0xe
 1296 00d1 3A       		.uleb128 0x3a
 1297 00d2 0B       		.uleb128 0xb
 1298 00d3 3B       		.uleb128 0x3b
 1299 00d4 0B       		.uleb128 0xb
 1300 00d5 49       		.uleb128 0x49
 1301 00d6 13       		.uleb128 0x13
 1302 00d7 00       		.byte	0
 1303 00d8 00       		.byte	0
 1304 00d9 14       		.uleb128 0x14
 1305 00da 01       		.uleb128 0x1
 1306 00db 01       		.byte	0x1
 1307 00dc 49       		.uleb128 0x49
 1308 00dd 13       		.uleb128 0x13
 1309 00de 01       		.uleb128 0x1
 1310 00df 13       		.uleb128 0x13
 1311 00e0 00       		.byte	0
ARM GAS  C:\Users\nicpa\AppData\Local\Temp\ccVDkpUd.s 			page 28


 1312 00e1 00       		.byte	0
 1313 00e2 15       		.uleb128 0x15
 1314 00e3 21       		.uleb128 0x21
 1315 00e4 00       		.byte	0
 1316 00e5 49       		.uleb128 0x49
 1317 00e6 13       		.uleb128 0x13
 1318 00e7 2F       		.uleb128 0x2f
 1319 00e8 0B       		.uleb128 0xb
 1320 00e9 00       		.byte	0
 1321 00ea 00       		.byte	0
 1322 00eb 16       		.uleb128 0x16
 1323 00ec 2E       		.uleb128 0x2e
 1324 00ed 01       		.byte	0x1
 1325 00ee 3F       		.uleb128 0x3f
 1326 00ef 19       		.uleb128 0x19
 1327 00f0 03       		.uleb128 0x3
 1328 00f1 0E       		.uleb128 0xe
 1329 00f2 3A       		.uleb128 0x3a
 1330 00f3 0B       		.uleb128 0xb
 1331 00f4 3B       		.uleb128 0x3b
 1332 00f5 0B       		.uleb128 0xb
 1333 00f6 27       		.uleb128 0x27
 1334 00f7 19       		.uleb128 0x19
 1335 00f8 11       		.uleb128 0x11
 1336 00f9 01       		.uleb128 0x1
 1337 00fa 12       		.uleb128 0x12
 1338 00fb 06       		.uleb128 0x6
 1339 00fc 40       		.uleb128 0x40
 1340 00fd 18       		.uleb128 0x18
 1341 00fe 9742     		.uleb128 0x2117
 1342 0100 19       		.uleb128 0x19
 1343 0101 01       		.uleb128 0x1
 1344 0102 13       		.uleb128 0x13
 1345 0103 00       		.byte	0
 1346 0104 00       		.byte	0
 1347 0105 17       		.uleb128 0x17
 1348 0106 34       		.uleb128 0x34
 1349 0107 00       		.byte	0
 1350 0108 03       		.uleb128 0x3
 1351 0109 0E       		.uleb128 0xe
 1352 010a 3A       		.uleb128 0x3a
 1353 010b 0B       		.uleb128 0xb
 1354 010c 3B       		.uleb128 0x3b
 1355 010d 0B       		.uleb128 0xb
 1356 010e 49       		.uleb128 0x49
 1357 010f 13       		.uleb128 0x13
 1358 0110 02       		.uleb128 0x2
 1359 0111 17       		.uleb128 0x17
 1360 0112 00       		.byte	0
 1361 0113 00       		.byte	0
 1362 0114 18       		.uleb128 0x18
 1363 0115 34       		.uleb128 0x34
 1364 0116 00       		.byte	0
 1365 0117 03       		.uleb128 0x3
 1366 0118 0E       		.uleb128 0xe
 1367 0119 3A       		.uleb128 0x3a
 1368 011a 0B       		.uleb128 0xb
ARM GAS  C:\Users\nicpa\AppData\Local\Temp\ccVDkpUd.s 			page 29


 1369 011b 3B       		.uleb128 0x3b
 1370 011c 0B       		.uleb128 0xb
 1371 011d 49       		.uleb128 0x49
 1372 011e 13       		.uleb128 0x13
 1373 011f 02       		.uleb128 0x2
 1374 0120 18       		.uleb128 0x18
 1375 0121 00       		.byte	0
 1376 0122 00       		.byte	0
 1377 0123 19       		.uleb128 0x19
 1378 0124 898201   		.uleb128 0x4109
 1379 0127 01       		.byte	0x1
 1380 0128 11       		.uleb128 0x11
 1381 0129 01       		.uleb128 0x1
 1382 012a 31       		.uleb128 0x31
 1383 012b 13       		.uleb128 0x13
 1384 012c 01       		.uleb128 0x1
 1385 012d 13       		.uleb128 0x13
 1386 012e 00       		.byte	0
 1387 012f 00       		.byte	0
 1388 0130 1A       		.uleb128 0x1a
 1389 0131 8A8201   		.uleb128 0x410a
 1390 0134 00       		.byte	0
 1391 0135 02       		.uleb128 0x2
 1392 0136 18       		.uleb128 0x18
 1393 0137 9142     		.uleb128 0x2111
 1394 0139 18       		.uleb128 0x18
 1395 013a 00       		.byte	0
 1396 013b 00       		.byte	0
 1397 013c 1B       		.uleb128 0x1b
 1398 013d 898201   		.uleb128 0x4109
 1399 0140 00       		.byte	0
 1400 0141 11       		.uleb128 0x11
 1401 0142 01       		.uleb128 0x1
 1402 0143 31       		.uleb128 0x31
 1403 0144 13       		.uleb128 0x13
 1404 0145 00       		.byte	0
 1405 0146 00       		.byte	0
 1406 0147 1C       		.uleb128 0x1c
 1407 0148 898201   		.uleb128 0x4109
 1408 014b 01       		.byte	0x1
 1409 014c 11       		.uleb128 0x11
 1410 014d 01       		.uleb128 0x1
 1411 014e 31       		.uleb128 0x31
 1412 014f 13       		.uleb128 0x13
 1413 0150 00       		.byte	0
 1414 0151 00       		.byte	0
 1415 0152 1D       		.uleb128 0x1d
 1416 0153 2E       		.uleb128 0x2e
 1417 0154 01       		.byte	0x1
 1418 0155 3F       		.uleb128 0x3f
 1419 0156 19       		.uleb128 0x19
 1420 0157 03       		.uleb128 0x3
 1421 0158 0E       		.uleb128 0xe
 1422 0159 3A       		.uleb128 0x3a
 1423 015a 0B       		.uleb128 0xb
 1424 015b 3B       		.uleb128 0x3b
 1425 015c 0B       		.uleb128 0xb
ARM GAS  C:\Users\nicpa\AppData\Local\Temp\ccVDkpUd.s 			page 30


 1426 015d 27       		.uleb128 0x27
 1427 015e 19       		.uleb128 0x19
 1428 015f 49       		.uleb128 0x49
 1429 0160 13       		.uleb128 0x13
 1430 0161 11       		.uleb128 0x11
 1431 0162 01       		.uleb128 0x1
 1432 0163 12       		.uleb128 0x12
 1433 0164 06       		.uleb128 0x6
 1434 0165 40       		.uleb128 0x40
 1435 0166 18       		.uleb128 0x18
 1436 0167 9742     		.uleb128 0x2117
 1437 0169 19       		.uleb128 0x19
 1438 016a 01       		.uleb128 0x1
 1439 016b 13       		.uleb128 0x13
 1440 016c 00       		.byte	0
 1441 016d 00       		.byte	0
 1442 016e 1E       		.uleb128 0x1e
 1443 016f 05       		.uleb128 0x5
 1444 0170 00       		.byte	0
 1445 0171 03       		.uleb128 0x3
 1446 0172 0E       		.uleb128 0xe
 1447 0173 3A       		.uleb128 0x3a
 1448 0174 0B       		.uleb128 0xb
 1449 0175 3B       		.uleb128 0x3b
 1450 0176 0B       		.uleb128 0xb
 1451 0177 49       		.uleb128 0x49
 1452 0178 13       		.uleb128 0x13
 1453 0179 02       		.uleb128 0x2
 1454 017a 17       		.uleb128 0x17
 1455 017b 00       		.byte	0
 1456 017c 00       		.byte	0
 1457 017d 1F       		.uleb128 0x1f
 1458 017e 05       		.uleb128 0x5
 1459 017f 00       		.byte	0
 1460 0180 03       		.uleb128 0x3
 1461 0181 08       		.uleb128 0x8
 1462 0182 3A       		.uleb128 0x3a
 1463 0183 0B       		.uleb128 0xb
 1464 0184 3B       		.uleb128 0x3b
 1465 0185 0B       		.uleb128 0xb
 1466 0186 49       		.uleb128 0x49
 1467 0187 13       		.uleb128 0x13
 1468 0188 02       		.uleb128 0x2
 1469 0189 18       		.uleb128 0x18
 1470 018a 00       		.byte	0
 1471 018b 00       		.byte	0
 1472 018c 20       		.uleb128 0x20
 1473 018d 34       		.uleb128 0x34
 1474 018e 00       		.byte	0
 1475 018f 03       		.uleb128 0x3
 1476 0190 08       		.uleb128 0x8
 1477 0191 3A       		.uleb128 0x3a
 1478 0192 0B       		.uleb128 0xb
 1479 0193 3B       		.uleb128 0x3b
 1480 0194 0B       		.uleb128 0xb
 1481 0195 49       		.uleb128 0x49
 1482 0196 13       		.uleb128 0x13
ARM GAS  C:\Users\nicpa\AppData\Local\Temp\ccVDkpUd.s 			page 31


 1483 0197 00       		.byte	0
 1484 0198 00       		.byte	0
 1485 0199 21       		.uleb128 0x21
 1486 019a 2E       		.uleb128 0x2e
 1487 019b 00       		.byte	0
 1488 019c 3F       		.uleb128 0x3f
 1489 019d 19       		.uleb128 0x19
 1490 019e 03       		.uleb128 0x3
 1491 019f 0E       		.uleb128 0xe
 1492 01a0 3A       		.uleb128 0x3a
 1493 01a1 0B       		.uleb128 0xb
 1494 01a2 3B       		.uleb128 0x3b
 1495 01a3 0B       		.uleb128 0xb
 1496 01a4 27       		.uleb128 0x27
 1497 01a5 19       		.uleb128 0x19
 1498 01a6 49       		.uleb128 0x49
 1499 01a7 13       		.uleb128 0x13
 1500 01a8 11       		.uleb128 0x11
 1501 01a9 01       		.uleb128 0x1
 1502 01aa 12       		.uleb128 0x12
 1503 01ab 06       		.uleb128 0x6
 1504 01ac 40       		.uleb128 0x40
 1505 01ad 18       		.uleb128 0x18
 1506 01ae 9742     		.uleb128 0x2117
 1507 01b0 19       		.uleb128 0x19
 1508 01b1 00       		.byte	0
 1509 01b2 00       		.byte	0
 1510 01b3 22       		.uleb128 0x22
 1511 01b4 21       		.uleb128 0x21
 1512 01b5 00       		.byte	0
 1513 01b6 49       		.uleb128 0x49
 1514 01b7 13       		.uleb128 0x13
 1515 01b8 2F       		.uleb128 0x2f
 1516 01b9 05       		.uleb128 0x5
 1517 01ba 00       		.byte	0
 1518 01bb 00       		.byte	0
 1519 01bc 23       		.uleb128 0x23
 1520 01bd 34       		.uleb128 0x34
 1521 01be 00       		.byte	0
 1522 01bf 03       		.uleb128 0x3
 1523 01c0 0E       		.uleb128 0xe
 1524 01c1 3A       		.uleb128 0x3a
 1525 01c2 0B       		.uleb128 0xb
 1526 01c3 3B       		.uleb128 0x3b
 1527 01c4 05       		.uleb128 0x5
 1528 01c5 49       		.uleb128 0x49
 1529 01c6 13       		.uleb128 0x13
 1530 01c7 3F       		.uleb128 0x3f
 1531 01c8 19       		.uleb128 0x19
 1532 01c9 3C       		.uleb128 0x3c
 1533 01ca 19       		.uleb128 0x19
 1534 01cb 00       		.byte	0
 1535 01cc 00       		.byte	0
 1536 01cd 24       		.uleb128 0x24
 1537 01ce 35       		.uleb128 0x35
 1538 01cf 00       		.byte	0
 1539 01d0 49       		.uleb128 0x49
ARM GAS  C:\Users\nicpa\AppData\Local\Temp\ccVDkpUd.s 			page 32


 1540 01d1 13       		.uleb128 0x13
 1541 01d2 00       		.byte	0
 1542 01d3 00       		.byte	0
 1543 01d4 25       		.uleb128 0x25
 1544 01d5 34       		.uleb128 0x34
 1545 01d6 00       		.byte	0
 1546 01d7 03       		.uleb128 0x3
 1547 01d8 0E       		.uleb128 0xe
 1548 01d9 3A       		.uleb128 0x3a
 1549 01da 0B       		.uleb128 0xb
 1550 01db 3B       		.uleb128 0x3b
 1551 01dc 0B       		.uleb128 0xb
 1552 01dd 49       		.uleb128 0x49
 1553 01de 13       		.uleb128 0x13
 1554 01df 3F       		.uleb128 0x3f
 1555 01e0 19       		.uleb128 0x19
 1556 01e1 3C       		.uleb128 0x3c
 1557 01e2 19       		.uleb128 0x19
 1558 01e3 00       		.byte	0
 1559 01e4 00       		.byte	0
 1560 01e5 26       		.uleb128 0x26
 1561 01e6 2E       		.uleb128 0x2e
 1562 01e7 00       		.byte	0
 1563 01e8 3F       		.uleb128 0x3f
 1564 01e9 19       		.uleb128 0x19
 1565 01ea 3C       		.uleb128 0x3c
 1566 01eb 19       		.uleb128 0x19
 1567 01ec 6E       		.uleb128 0x6e
 1568 01ed 0E       		.uleb128 0xe
 1569 01ee 03       		.uleb128 0x3
 1570 01ef 0E       		.uleb128 0xe
 1571 01f0 3A       		.uleb128 0x3a
 1572 01f1 0B       		.uleb128 0xb
 1573 01f2 3B       		.uleb128 0x3b
 1574 01f3 05       		.uleb128 0x5
 1575 01f4 00       		.byte	0
 1576 01f5 00       		.byte	0
 1577 01f6 27       		.uleb128 0x27
 1578 01f7 2E       		.uleb128 0x2e
 1579 01f8 00       		.byte	0
 1580 01f9 3F       		.uleb128 0x3f
 1581 01fa 19       		.uleb128 0x19
 1582 01fb 3C       		.uleb128 0x3c
 1583 01fc 19       		.uleb128 0x19
 1584 01fd 6E       		.uleb128 0x6e
 1585 01fe 0E       		.uleb128 0xe
 1586 01ff 03       		.uleb128 0x3
 1587 0200 0E       		.uleb128 0xe
 1588 0201 3A       		.uleb128 0x3a
 1589 0202 0B       		.uleb128 0xb
 1590 0203 3B       		.uleb128 0x3b
 1591 0204 0B       		.uleb128 0xb
 1592 0205 00       		.byte	0
 1593 0206 00       		.byte	0
 1594 0207 00       		.byte	0
 1595              		.section	.debug_loc,"",%progbits
 1596              	.Ldebug_loc0:
ARM GAS  C:\Users\nicpa\AppData\Local\Temp\ccVDkpUd.s 			page 33


 1597              	.LLST0:
 1598 0000 18000000 		.4byte	.LVL0
 1599 0004 1D000000 		.4byte	.LVL1-1
 1600 0008 0100     		.2byte	0x1
 1601 000a 50       		.byte	0x50
 1602 000b 00000000 		.4byte	0
 1603 000f 00000000 		.4byte	0
 1604              	.LLST1:
 1605 0013 00000000 		.4byte	.LVL8
 1606 0017 06000000 		.4byte	.LVL9
 1607 001b 0100     		.2byte	0x1
 1608 001d 50       		.byte	0x50
 1609 001e 06000000 		.4byte	.LVL9
 1610 0022 08000000 		.4byte	.LVL10
 1611 0026 0400     		.2byte	0x4
 1612 0028 F3       		.byte	0xf3
 1613 0029 01       		.uleb128 0x1
 1614 002a 50       		.byte	0x50
 1615 002b 9F       		.byte	0x9f
 1616 002c 08000000 		.4byte	.LVL10
 1617 0030 0C000000 		.4byte	.LVL11
 1618 0034 0100     		.2byte	0x1
 1619 0036 50       		.byte	0x50
 1620 0037 0C000000 		.4byte	.LVL11
 1621 003b 0E000000 		.4byte	.LFE133
 1622 003f 0400     		.2byte	0x4
 1623 0041 F3       		.byte	0xf3
 1624 0042 01       		.uleb128 0x1
 1625 0043 50       		.byte	0x50
 1626 0044 9F       		.byte	0x9f
 1627 0045 00000000 		.4byte	0
 1628 0049 00000000 		.4byte	0
 1629              		.section	.debug_aranges,"",%progbits
 1630 0000 2C000000 		.4byte	0x2c
 1631 0004 0200     		.2byte	0x2
 1632 0006 00000000 		.4byte	.Ldebug_info0
 1633 000a 04       		.byte	0x4
 1634 000b 00       		.byte	0
 1635 000c 0000     		.2byte	0
 1636 000e 0000     		.2byte	0
 1637 0010 00000000 		.4byte	.LFB132
 1638 0014 70000000 		.4byte	.LFE132-.LFB132
 1639 0018 00000000 		.4byte	.LFB133
 1640 001c 0E000000 		.4byte	.LFE133-.LFB133
 1641 0020 00000000 		.4byte	.LFB134
 1642 0024 08000000 		.4byte	.LFE134-.LFB134
 1643 0028 00000000 		.4byte	0
 1644 002c 00000000 		.4byte	0
 1645              		.section	.debug_ranges,"",%progbits
 1646              	.Ldebug_ranges0:
 1647 0000 00000000 		.4byte	.LFB132
 1648 0004 70000000 		.4byte	.LFE132
 1649 0008 00000000 		.4byte	.LFB133
 1650 000c 0E000000 		.4byte	.LFE133
 1651 0010 00000000 		.4byte	.LFB134
 1652 0014 08000000 		.4byte	.LFE134
 1653 0018 00000000 		.4byte	0
ARM GAS  C:\Users\nicpa\AppData\Local\Temp\ccVDkpUd.s 			page 34


 1654 001c 00000000 		.4byte	0
 1655              		.section	.debug_line,"",%progbits
 1656              	.Ldebug_line0:
 1657 0000 29020000 		.section	.debug_str,"MS",%progbits,1
 1657      0200E401 
 1657      00000201 
 1657      FB0E0D00 
 1657      01010101 
 1658              	.LASF36:
 1659 0000 70436F6C 		.ascii	"pColorConvAPI\000"
 1659      6F72436F 
 1659      6E764150 
 1659      4900
 1660              	.LASF68:
 1661 000e 4C43445F 		.ascii	"LCD_SetSizeEx\000"
 1661      53657453 
 1661      697A6545 
 1661      7800
 1662              	.LASF74:
 1663 001c 4C43445F 		.ascii	"LCD_X_Config\000"
 1663      585F436F 
 1663      6E666967 
 1663      00
 1664              	.LASF55:
 1665 0029 4D697272 		.ascii	"Mirror\000"
 1665      6F7200
 1666              	.LASF67:
 1667 0030 4C43445F 		.ascii	"LCD_GetSwapXY\000"
 1667      47657453 
 1667      77617058 
 1667      5900
 1668              	.LASF44:
 1669 003e 70664669 		.ascii	"pfFillRect\000"
 1669      6C6C5265 
 1669      637400
 1670              	.LASF60:
 1671 0049 5F61506C 		.ascii	"_aPlain_0\000"
 1671      61696E5F 
 1671      3000
 1672              	.LASF73:
 1673 0053 433A5C55 		.ascii	"C:\\Users\\nicpa\\OneDrive\\Documents\\PolyDoc\\GBM"
 1673      73657273 
 1673      5C6E6963 
 1673      70615C4F 
 1673      6E654472 
 1674 0080 32313030 		.ascii	"2100FINAL\\Laboratoire3\\Laboratoire3.cydsn\000"
 1674      46494E41 
 1674      4C5C4C61 
 1674      626F7261 
 1674      746F6972 
 1675              	.LASF5:
 1676 00aa 73686F72 		.ascii	"short int\000"
 1676      7420696E 
 1676      7400
 1677              	.LASF14:
 1678 00b4 73697A65 		.ascii	"sizetype\000"
 1678      74797065 
ARM GAS  C:\Users\nicpa\AppData\Local\Temp\ccVDkpUd.s 			page 35


 1678      00
 1679              	.LASF51:
 1680 00bd 70664765 		.ascii	"pfGetDevData\000"
 1680      74446576 
 1680      44617461 
 1680      00
 1681              	.LASF76:
 1682 00ca 4C43445F 		.ascii	"LCD_GetDisplayBuffer\000"
 1682      47657444 
 1682      6973706C 
 1682      61794275 
 1682      66666572 
 1683              	.LASF43:
 1684 00df 70664472 		.ascii	"pfDrawVLine\000"
 1684      6177564C 
 1684      696E6500 
 1685              	.LASF71:
 1686 00eb 474E5520 		.ascii	"GNU C11 5.4.1 20160609 (release) [ARM/embedded-5-br"
 1686      43313120 
 1686      352E342E 
 1686      31203230 
 1686      31363036 
 1687 011e 616E6368 		.ascii	"anch revision 237715] -mcpu=cortex-m4 -mfloat-abi=s"
 1687      20726576 
 1687      6973696F 
 1687      6E203233 
 1687      37373135 
 1688 0151 6F667466 		.ascii	"oftfp -mfpu=fpv4-sp-d16 -mthumb -g -Og -ffunction-s"
 1688      70202D6D 
 1688      6670753D 
 1688      66707634 
 1688      2D73702D 
 1689 0184 65637469 		.ascii	"ections -ffat-lto-objects\000"
 1689      6F6E7320 
 1689      2D666661 
 1689      742D6C74 
 1689      6F2D6F62 
 1690              	.LASF9:
 1691 019e 5F5F7569 		.ascii	"__uint32_t\000"
 1691      6E743332 
 1691      5F7400
 1692              	.LASF52:
 1693 01a9 70664765 		.ascii	"pfGetRect\000"
 1693      74526563 
 1693      7400
 1694              	.LASF35:
 1695 01b3 70446576 		.ascii	"pDeviceAPI\000"
 1695      69636541 
 1695      504900
 1696              	.LASF39:
 1697 01be 4755495F 		.ascii	"GUI_DEVICE_API\000"
 1697      44455649 
 1697      43455F41 
 1697      504900
 1698              	.LASF18:
 1699 01cd 4C43445F 		.ascii	"LCD_COLOR\000"
 1699      434F4C4F 
ARM GAS  C:\Users\nicpa\AppData\Local\Temp\ccVDkpUd.s 			page 36


 1699      5200
 1700              	.LASF27:
 1701 01d7 70664765 		.ascii	"pfGetIndexMask\000"
 1701      74496E64 
 1701      65784D61 
 1701      736B00
 1702              	.LASF29:
 1703 01e6 7066436F 		.ascii	"pfColor2IndexBulk\000"
 1703      6C6F7232 
 1703      496E6465 
 1703      7842756C 
 1703      6B00
 1704              	.LASF70:
 1705 01f8 4C43445F 		.ascii	"LCD_SetVRAMAddrEx\000"
 1705      53657456 
 1705      52414D41 
 1705      64647245 
 1705      7800
 1706              	.LASF34:
 1707 020a 70507265 		.ascii	"pPrev\000"
 1707      7600
 1708              	.LASF42:
 1709 0210 70664472 		.ascii	"pfDrawHLine\000"
 1709      6177484C 
 1709      696E6500 
 1710              	.LASF37:
 1711 021c 466C6167 		.ascii	"Flags\000"
 1711      7300
 1712              	.LASF16:
 1713 0222 666C6F61 		.ascii	"float\000"
 1713      7400
 1714              	.LASF64:
 1715 0228 47554944 		.ascii	"GUIDRV_BitPlains_API\000"
 1715      52565F42 
 1715      6974506C 
 1715      61696E73 
 1715      5F415049 
 1716              	.LASF38:
 1717 023d 4C617965 		.ascii	"LayerIndex\000"
 1717      72496E64 
 1717      657800
 1718              	.LASF1:
 1719 0248 6C6F6E67 		.ascii	"long long int\000"
 1719      206C6F6E 
 1719      6720696E 
 1719      7400
 1720              	.LASF33:
 1721 0256 704E6578 		.ascii	"pNext\000"
 1721      7400
 1722              	.LASF22:
 1723 025c 744C4344 		.ascii	"tLCDDEV_GetIndexMask\000"
 1723      4445565F 
 1723      47657449 
 1723      6E646578 
 1723      4D61736B 
 1724              	.LASF7:
 1725 0271 6C6F6E67 		.ascii	"long int\000"
ARM GAS  C:\Users\nicpa\AppData\Local\Temp\ccVDkpUd.s 			page 37


 1725      20696E74 
 1725      00
 1726              	.LASF45:
 1727 027a 70664765 		.ascii	"pfGetPixelIndex\000"
 1727      74506978 
 1727      656C496E 
 1727      64657800 
 1728              	.LASF31:
 1729 028a 4C43445F 		.ascii	"LCD_API_COLOR_CONV\000"
 1729      4150495F 
 1729      434F4C4F 
 1729      525F434F 
 1729      4E5600
 1730              	.LASF57:
 1731 029d 61705652 		.ascii	"apVRAM\000"
 1731      414D00
 1732              	.LASF65:
 1733 02a4 4755495F 		.ascii	"GUI_DEVICE_CreateAndLink\000"
 1733      44455649 
 1733      43455F43 
 1733      72656174 
 1733      65416E64 
 1734              	.LASF59:
 1735 02bd 436F6E66 		.ascii	"Config\000"
 1735      696700
 1736              	.LASF4:
 1737 02c4 756E7369 		.ascii	"unsigned char\000"
 1737      676E6564 
 1737      20636861 
 1737      7200
 1738              	.LASF53:
 1739 02d2 68436F6E 		.ascii	"hContext\000"
 1739      74657874 
 1739      00
 1740              	.LASF2:
 1741 02db 6C6F6E67 		.ascii	"long double\000"
 1741      20646F75 
 1741      626C6500 
 1742              	.LASF72:
 1743 02e7 4C434443 		.ascii	"LCDConf.c\000"
 1743      6F6E662E 
 1743      6300
 1744              	.LASF19:
 1745 02f1 4C43445F 		.ascii	"LCD_RECT\000"
 1745      52454354 
 1745      00
 1746              	.LASF3:
 1747 02fa 7369676E 		.ascii	"signed char\000"
 1747      65642063 
 1747      68617200 
 1748              	.LASF11:
 1749 0306 6C6F6E67 		.ascii	"long long unsigned int\000"
 1749      206C6F6E 
 1749      6720756E 
 1749      7369676E 
 1749      65642069 
 1750              	.LASF13:
ARM GAS  C:\Users\nicpa\AppData\Local\Temp\ccVDkpUd.s 			page 38


 1751 031d 75696E74 		.ascii	"uint32_t\000"
 1751      33325F74 
 1751      00
 1752              	.LASF28:
 1753 0326 4E6F416C 		.ascii	"NoAlpha\000"
 1753      70686100 
 1754              	.LASF26:
 1755 032e 7066496E 		.ascii	"pfIndex2Color\000"
 1755      64657832 
 1755      436F6C6F 
 1755      7200
 1756              	.LASF0:
 1757 033c 756E7369 		.ascii	"unsigned int\000"
 1757      676E6564 
 1757      20696E74 
 1757      00
 1758              	.LASF46:
 1759 0349 70665365 		.ascii	"pfSetPixelIndex\000"
 1759      74506978 
 1759      656C496E 
 1759      64657800 
 1760              	.LASF56:
 1761 0359 434F4E46 		.ascii	"CONFIG_BITPLAINS\000"
 1761      49475F42 
 1761      4954504C 
 1761      41494E53 
 1761      00
 1762              	.LASF25:
 1763 036a 7066436F 		.ascii	"pfColor2Index\000"
 1763      6C6F7232 
 1763      496E6465 
 1763      7800
 1764              	.LASF15:
 1765 0378 63686172 		.ascii	"char\000"
 1765      00
 1766              	.LASF69:
 1767 037d 4C43445F 		.ascii	"LCD_SetVSizeEx\000"
 1767      53657456 
 1767      53697A65 
 1767      457800
 1768              	.LASF40:
 1769 038c 44657669 		.ascii	"DeviceClassIndex\000"
 1769      6365436C 
 1769      61737349 
 1769      6E646578 
 1769      00
 1770              	.LASF12:
 1771 039d 696E7433 		.ascii	"int32_t\000"
 1771      325F7400 
 1772              	.LASF32:
 1773 03a5 4755495F 		.ascii	"GUI_DEVICE\000"
 1773      44455649 
 1773      434500
 1774              	.LASF6:
 1775 03b0 73686F72 		.ascii	"short unsigned int\000"
 1775      7420756E 
 1775      7369676E 
ARM GAS  C:\Users\nicpa\AppData\Local\Temp\ccVDkpUd.s 			page 39


 1775      65642069 
 1775      6E7400
 1776              	.LASF66:
 1777 03c3 47554944 		.ascii	"GUIDRV_BitPlains_Config\000"
 1777      52565F42 
 1777      6974506C 
 1777      61696E73 
 1777      5F436F6E 
 1778              	.LASF54:
 1779 03db 70436F6E 		.ascii	"pContext\000"
 1779      74657874 
 1779      00
 1780              	.LASF41:
 1781 03e4 70664472 		.ascii	"pfDrawBitmap\000"
 1781      61774269 
 1781      746D6170 
 1781      00
 1782              	.LASF49:
 1783 03f1 70664765 		.ascii	"pfGetDevFunc\000"
 1783      74446576 
 1783      46756E63 
 1783      00
 1784              	.LASF61:
 1785 03fe 5F565241 		.ascii	"_VRAM_Desc\000"
 1785      4D5F4465 
 1785      736300
 1786              	.LASF10:
 1787 0409 6C6F6E67 		.ascii	"long unsigned int\000"
 1787      20756E73 
 1787      69676E65 
 1787      6420696E 
 1787      7400
 1788              	.LASF17:
 1789 041b 646F7562 		.ascii	"double\000"
 1789      6C6500
 1790              	.LASF30:
 1791 0422 7066496E 		.ascii	"pfIndex2ColorBulk\000"
 1791      64657832 
 1791      436F6C6F 
 1791      7242756C 
 1791      6B00
 1792              	.LASF8:
 1793 0434 5F5F696E 		.ascii	"__int32_t\000"
 1793      7433325F 
 1793      7400
 1794              	.LASF47:
 1795 043e 7066586F 		.ascii	"pfXorPixel\000"
 1795      72506978 
 1795      656C00
 1796              	.LASF48:
 1797 0449 70665365 		.ascii	"pfSetOrg\000"
 1797      744F7267 
 1797      00
 1798              	.LASF24:
 1799 0452 744C4344 		.ascii	"tLCDDEV_Color2IndexBulk\000"
 1799      4445565F 
 1799      436F6C6F 
ARM GAS  C:\Users\nicpa\AppData\Local\Temp\ccVDkpUd.s 			page 40


 1799      7232496E 
 1799      64657842 
 1800              	.LASF75:
 1801 046a 4C43445F 		.ascii	"LCD_X_DisplayDriver\000"
 1801      585F4469 
 1801      73706C61 
 1801      79447269 
 1801      76657200 
 1802              	.LASF23:
 1803 047e 744C4344 		.ascii	"tLCDDEV_Index2ColorBulk\000"
 1803      4445565F 
 1803      496E6465 
 1803      7832436F 
 1803      6C6F7242 
 1804              	.LASF63:
 1805 0496 4C43445F 		.ascii	"LCD_API_ColorConv_1\000"
 1805      4150495F 
 1805      436F6C6F 
 1805      72436F6E 
 1805      765F3100 
 1806              	.LASF20:
 1807 04aa 744C4344 		.ascii	"tLCDDEV_Index2Color\000"
 1807      4445565F 
 1807      496E6465 
 1807      7832436F 
 1807      6C6F7200 
 1808              	.LASF62:
 1809 04be 49544D5F 		.ascii	"ITM_RxBuffer\000"
 1809      52784275 
 1809      66666572 
 1809      00
 1810              	.LASF58:
 1811 04cb 70446576 		.ascii	"pDevice\000"
 1811      69636500 
 1812              	.LASF50:
 1813 04d3 70664765 		.ascii	"pfGetDevProp\000"
 1813      74446576 
 1813      50726F70 
 1813      00
 1814              	.LASF21:
 1815 04e0 744C4344 		.ascii	"tLCDDEV_Color2Index\000"
 1815      4445565F 
 1815      436F6C6F 
 1815      7232496E 
 1815      64657800 
 1816              		.ident	"GCC: (GNU Tools for ARM Embedded Processors) 5.4.1 20160609 (release) [ARM/embedded-5-bran
