--------------- Build Started: 04/19/2021 14:08:39 Project: Laboratoire3, Configuration: ARM GCC 5.4-2016-q2-update Debug ---------------
The code generation step is up to date.
The compile step is up to date, no work needs to be done.
The link step is up to date, no work needs to be done.
arm-none-eabi-gcc.exe -mcpu=cortex-m4 -mfloat-abi=softfp -mfpu=fpv4-sp-d16 -mthumb -I.\Config -I.\GUI\Core -I.\GUI\DisplayDriver "-I.\eInk Library" -I.\CMSIS\Core\Include -I.\CMSIS\DSP\Include -I. -IGenerated_Source\PSoC6 -IGenerated_Source\PSoC6\pdl\cmsis/include/ -IGenerated_Source\PSoC6\pdl\devices/psoc6/include/ -IGenerated_Source\PSoC6\pdl\devices/psoc6/include/ip/ -IGenerated_Source\PSoC6\pdl\drivers/peripheral/ -IGenerated_Source\PSoC6\pdl\drivers/peripheral/device/ -IGenerated_Source\PSoC6\pdl\drivers/peripheral/efuse/ -IGenerated_Source\PSoC6\pdl\drivers/peripheral/flash/ -IGenerated_Source\PSoC6\pdl\drivers/peripheral/gpio/ -IGenerated_Source\PSoC6\pdl\drivers/peripheral/ipc/ -IGenerated_Source\PSoC6\pdl\drivers/peripheral/lvd/ -IGenerated_Source\PSoC6\pdl\drivers/peripheral/profile/ -IGenerated_Source\PSoC6\pdl\drivers/peripheral/prot/ -IGenerated_Source\PSoC6\pdl\drivers/peripheral/scb/ -IGenerated_Source\PSoC6\pdl\drivers/peripheral/sysanalog/ -IGenerated_Source\PSoC6\pdl\drivers/peripheral/sysclk/ -IGenerated_Source\PSoC6\pdl\drivers/peripheral/sysint/ -IGenerated_Source\PSoC6\pdl\drivers/peripheral/syslib/ -IGenerated_Source\PSoC6\pdl\drivers/peripheral/syspm/ -IGenerated_Source\PSoC6\pdl\drivers/peripheral/systick/ -IGenerated_Source\PSoC6\pdl\drivers/peripheral/tcpwm/ -IGenerated_Source\PSoC6\pdl\drivers/peripheral/trigmux/ -IGenerated_Source\PSoC6\pdl\drivers/peripheral/wdt/ -IGenerated_Source\PSoC6\pdl\middleware/ -IGenerated_Source\PSoC6\pdl\middleware/emWin/code/drivers/BitPlains/ -IGenerated_Source\PSoC6\pdl\middleware/emWin/code/include/ -IGenerated_Source\PSoC6\pdl\middleware/emWin/code/include/osnts_softfp/ -IGenerated_Source\PSoC6\pdl\rtos/FreeRTOS/10.0.1/Source/include/ -IGenerated_Source\PSoC6\pdl\rtos/FreeRTOS/10.0.1/Source/portable/GCC/CM4F/ -Wa,-alh=.\CortexM4\ARM_GCC_541\Debug/main_cm4.lst -g -D DEBUG -D CY_CORE_ID=0 -D ARM_MATH_CM4 -D CY_PSOC_CREATOR_USED=1 -D CY8C6347BZI_BLD53 -Wall -ffunction-sections -ffat-lto-objects -Og -c main_cm4.c -o .\CortexM4\ARM_GCC_541\Debug\main_cm4.o
In file included from bmi160.h:43:0,
                 from motion_task.h:56,
                 from LED_task.h:18,
                 from main_cm4.c:53:
bmi160_defs.h:123:0: warning: "LITTLE_ENDIAN" redefined
 #define LITTLE_ENDIAN   1
 ^
In file included from c:\program files (x86)\cypress\psoc creator\4.4\psoc creator\import\gnu\arm\5.4.1\arm-none-eabi\include\sys\types.h:67:0,
                 from c:\program files (x86)\cypress\psoc creator\4.4\psoc creator\import\gnu\arm\5.4.1\arm-none-eabi\include\stdio.h:48,
                 from global_variables.h:13,
                 from touch_task.h:15,
                 from main_cm4.c:51:
c:\program files (x86)\cypress\psoc creator\4.4\psoc creator\import\gnu\arm\5.4.1\arm-none-eabi\include\machine\endian.h:17:0: note: this is the location of the previous definition
 #define LITTLE_ENDIAN _LITTLE_ENDIAN
 ^
In file included from motion_task.h:56:0,
                 from LED_task.h:18,
                 from main_cm4.c:53:
bmi160.h:256:81: warning: 'struct bmi160_pmu_status' declared inside parameter list
 int8_t bmi160_get_power_mode(struct bmi160_pmu_status *pmu_status, const struct bmi160_dev *dev);
                                                                                 ^
bmi160.h:256:81: warning: its scope is only this definition or declaration, which is probably not what you want
arm-none-eabi-gcc.exe -mcpu=cortex-m4 -mfloat-abi=softfp -mfpu=fpv4-sp-d16 -mthumb -I.\Config -I.\GUI\Core -I.\GUI\DisplayDriver "-I.\eInk Library" -I.\CMSIS\Core\Include -I.\CMSIS\DSP\Include -I. -IGenerated_Source\PSoC6 -IGenerated_Source\PSoC6\pdl\cmsis/include/ -IGenerated_Source\PSoC6\pdl\devices/psoc6/include/ -IGenerated_Source\PSoC6\pdl\devices/psoc6/include/ip/ -IGenerated_Source\PSoC6\pdl\drivers/peripheral/ -IGenerated_Source\PSoC6\pdl\drivers/peripheral/device/ -IGenerated_Source\PSoC6\pdl\drivers/peripheral/efuse/ -IGenerated_Source\PSoC6\pdl\drivers/peripheral/flash/ -IGenerated_Source\PSoC6\pdl\drivers/peripheral/gpio/ -IGenerated_Source\PSoC6\pdl\drivers/peripheral/ipc/ -IGenerated_Source\PSoC6\pdl\drivers/peripheral/lvd/ -IGenerated_Source\PSoC6\pdl\drivers/peripheral/profile/ -IGenerated_Source\PSoC6\pdl\drivers/peripheral/prot/ -IGenerated_Source\PSoC6\pdl\drivers/peripheral/scb/ -IGenerated_Source\PSoC6\pdl\drivers/peripheral/sysanalog/ -IGenerated_Source\PSoC6\pdl\drivers/peripheral/sysclk/ -IGenerated_Source\PSoC6\pdl\drivers/peripheral/sysint/ -IGenerated_Source\PSoC6\pdl\drivers/peripheral/syslib/ -IGenerated_Source\PSoC6\pdl\drivers/peripheral/syspm/ -IGenerated_Source\PSoC6\pdl\drivers/peripheral/systick/ -IGenerated_Source\PSoC6\pdl\drivers/peripheral/tcpwm/ -IGenerated_Source\PSoC6\pdl\drivers/peripheral/trigmux/ -IGenerated_Source\PSoC6\pdl\drivers/peripheral/wdt/ -IGenerated_Source\PSoC6\pdl\middleware/ -IGenerated_Source\PSoC6\pdl\middleware/emWin/code/drivers/BitPlains/ -IGenerated_Source\PSoC6\pdl\middleware/emWin/code/include/ -IGenerated_Source\PSoC6\pdl\middleware/emWin/code/include/osnts_softfp/ -IGenerated_Source\PSoC6\pdl\rtos/FreeRTOS/10.0.1/Source/include/ -IGenerated_Source\PSoC6\pdl\rtos/FreeRTOS/10.0.1/Source/portable/GCC/CM4F/ -Wa,-alh=.\CortexM4\ARM_GCC_541\Debug/LED_task.lst -g -D DEBUG -D CY_CORE_ID=0 -D ARM_MATH_CM4 -D CY_PSOC_CREATOR_USED=1 -D CY8C6347BZI_BLD53 -Wall -ffunction-sections -ffat-lto-objects -Og -c LED_task.c -o .\CortexM4\ARM_GCC_541\Debug\LED_task.o
In file included from bmi160.h:43:0,
                 from motion_task.h:56,
                 from LED_task.h:18,
                 from LED_task.c:10:
bmi160_defs.h:123:0: warning: "LITTLE_ENDIAN" redefined
 #define LITTLE_ENDIAN   1
 ^
In file included from c:\program files (x86)\cypress\psoc creator\4.4\psoc creator\import\gnu\arm\5.4.1\arm-none-eabi\include\sys\types.h:67:0,
                 from c:\program files (x86)\cypress\psoc creator\4.4\psoc creator\import\gnu\arm\5.4.1\arm-none-eabi\include\stdio.h:48,
                 from global_variables.h:13,
                 from LED_task.h:13,
                 from LED_task.c:10:
c:\program files (x86)\cypress\psoc creator\4.4\psoc creator\import\gnu\arm\5.4.1\arm-none-eabi\include\machine\endian.h:17:0: note: this is the location of the previous definition
 #define LITTLE_ENDIAN _LITTLE_ENDIAN
 ^
In file included from motion_task.h:56:0,
                 from LED_task.h:18,
                 from LED_task.c:10:
bmi160.h:256:81: warning: 'struct bmi160_pmu_status' declared inside parameter list
 int8_t bmi160_get_power_mode(struct bmi160_pmu_status *pmu_status, const struct bmi160_dev *dev);
                                                                                 ^
bmi160.h:256:81: warning: its scope is only this definition or declaration, which is probably not what you want
arm-none-eabi-gcc.exe -Wl,--start-group -o C:\Users\nicpa\OneDrive\Documents\PolyDoc\GBM2100FINAL\Laboratoire3\Laboratoire3.cydsn\CortexM4\ARM_GCC_541\Debug\Laboratoire3_link.elf Generated_Source\PSoC6\pdl\middleware\emWin\libs\GCC\libemWin_osnts_gcc.a .\CortexM4\ARM_GCC_541\Debug\startup_psoc6_01_cm4.o .\CortexM4\ARM_GCC_541\Debug\main_cm4.o .\CortexM4\ARM_GCC_541\Debug\system_psoc6_cm4.o .\CortexM4\ARM_GCC_541\Debug\bmi160.o .\CortexM4\ARM_GCC_541\Debug\global_variables.o .\CortexM4\ARM_GCC_541\Debug\i2cm_support.o .\CortexM4\ARM_GCC_541\Debug\LED_task.o .\CortexM4\ARM_GCC_541\Debug\MAX30102_functions.o .\CortexM4\ARM_GCC_541\Debug\motion_task.o .\CortexM4\ARM_GCC_541\Debug\screen_functions.o .\CortexM4\ARM_GCC_541\Debug\touch_task.o .\CortexM4\ARM_GCC_541\Debug\Traitement_Signal.o .\CortexM4\ARM_GCC_541\Debug\pervasive_eink_hardware_driver.o .\CortexM4\ARM_GCC_541\Debug\cy_eink_library.o .\CortexM4\ARM_GCC_541\Debug\cy_eink_psoc_interface.o ".\CortexM4\ARM_GCC_541\Debug\Cypress Logo Full Color_PNG_1bpp.o" .\CortexM4\ARM_GCC_541\Debug\LCDConf.o .\CortexM4\ARM_GCC_541\Debug\GUI_X_RTOS.o .\CortexM4\ARM_GCC_541\Debug\GUIConf.o .\CortexM4\ARM_GCC_541\Debug\cyfitter_sysint_cfg.o .\CortexM4\ARM_GCC_541\Debug\cymetadata.o .\CortexM4\ARM_GCC_541\Debug\CY_EINK_SPIM.o .\CortexM4\ARM_GCC_541\Debug\CY_EINK_Timer.o .\CortexM4\ARM_GCC_541\Debug\Status_SW2.o .\CortexM4\ARM_GCC_541\Debug\cy_efuse.o .\CortexM4\ARM_GCC_541\Debug\cy_flash.o .\CortexM4\ARM_GCC_541\Debug\cy_gpio.o .\CortexM4\ARM_GCC_541\Debug\cy_ipc_drv.o .\CortexM4\ARM_GCC_541\Debug\cy_ipc_sema.o .\CortexM4\ARM_GCC_541\Debug\cy_ipc_pipe.o .\CortexM4\ARM_GCC_541\Debug\cy_lvd.o .\CortexM4\ARM_GCC_541\Debug\cy_profile.o .\CortexM4\ARM_GCC_541\Debug\cy_prot.o .\CortexM4\ARM_GCC_541\Debug\cy_scb_common.o .\CortexM4\ARM_GCC_541\Debug\cy_scb_i2c.o .\CortexM4\ARM_GCC_541\Debug\cy_scb_ezi2c.o .\CortexM4\ARM_GCC_541\Debug\cy_scb_spi.o .\CortexM4\ARM_GCC_541\Debug\cy_scb_uart.o .\CortexM4\ARM_GCC_541\Debug\cy_sysanalog.o .\CortexM4\ARM_GCC_541\Debug\cy_sysclk.o .\CortexM4\ARM_GCC_541\Debug\cy_sysint.o .\CortexM4\ARM_GCC_541\Debug\cy_syslib.o .\CortexM4\ARM_GCC_541\Debug\cy_syslib_gcc.o .\CortexM4\ARM_GCC_541\Debug\cy_syspm.o .\CortexM4\ARM_GCC_541\Debug\cy_systick.o .\CortexM4\ARM_GCC_541\Debug\cy_tcpwm_counter.o .\CortexM4\ARM_GCC_541\Debug\cy_tcpwm_pwm.o .\CortexM4\ARM_GCC_541\Debug\cy_tcpwm_quaddec.o .\CortexM4\ARM_GCC_541\Debug\cy_trigmux.o .\CortexM4\ARM_GCC_541\Debug\cy_wdt.o .\CortexM4\ARM_GCC_541\Debug\cy_device.o .\CortexM4\ARM_GCC_541\Debug\cy_ble_clk.o .\CortexM4\ARM_GCC_541\Debug\croutine.o .\CortexM4\ARM_GCC_541\Debug\event_groups.o .\CortexM4\ARM_GCC_541\Debug\list.o .\CortexM4\ARM_GCC_541\Debug\queue.o .\CortexM4\ARM_GCC_541\Debug\tasks.o .\CortexM4\ARM_GCC_541\Debug\timers.o .\CortexM4\ARM_GCC_541\Debug\stream_buffer.o .\CortexM4\ARM_GCC_541\Debug\port.o .\CortexM4\ARM_GCC_541\Debug\heap_1.o .\CortexM4\ARM_GCC_541\Debug\I2C_MAX.o .\CortexM4\ARM_GCC_541\Debug\I2Cm.o .\CortexM4\ARM_GCC_541\Debug\CapSense_Control.o .\CortexM4\ARM_GCC_541\Debug\CapSense_Processing.o .\CortexM4\ARM_GCC_541\Debug\CapSense_Structure.o .\CortexM4\ARM_GCC_541\Debug\CapSense_Tuner.o .\CortexM4\ARM_GCC_541\Debug\CapSense_Filter.o .\CortexM4\ARM_GCC_541\Debug\CapSense_Sensing.o .\CortexM4\ARM_GCC_541\Debug\CapSense_INT.o .\CortexM4\ARM_GCC_541\Debug\CapSense_SensingCSD_LL.o .\CortexM4\ARM_GCC_541\Debug\CapSense_SensingCSX_LL.o .\CortexM4\ARM_GCC_541\Debug\CapSense_Centroid_LL.o .\CortexM4\ARM_GCC_541\Debug\CapSense_Gesture.o .\CortexM4\ARM_GCC_541\Debug\CapSense_TMG.o "C:\Program Files (x86)\Cypress\PSoC Creator\4.4\PSoC Creator\psoc\content\CyComponentLibrary\CyComponentLibrary.cylib\CapSense_TMG_v2_0\Library\Ballistic_GCC_M4.a" "C:\Program Files (x86)\Cypress\PSoC Creator\4.4\PSoC Creator\psoc\content\CyComponentLibrary\CyComponentLibrary.cylib\CapSense_TMG_v2_0\Library\Gestures_GCC_M4.a" "C:\Program Files (x86)\Cypress\PSoC Creator\4.4\PSoC Creator\psoc\content\CyComponentLibrary\CyComponentLibrary.cylib\CapSense_v3_0\Library\CapSense_Library_GCC_M4.a" -mcpu=cortex-m4 -mfloat-abi=softfp -mfpu=fpv4-sp-d16 -mthumb -l m -L Generated_Source\PSoC6 .\CMSIS\Lib\GCC\libarm_cortexM4l_math.a -Wl,-Map,.\CortexM4\ARM_GCC_541\Debug/Laboratoire3.map -T cy8c6xx7_cm4_dual.ld -specs=nano.specs -Wl,--gc-sections -g -ffunction-sections -Og -ffat-lto-objects -Wl,--end-group
"C:\Program Files (x86)\Cypress\PDL\3.1.3\tools\win\elf\cymcuelftool.exe" --sign C:\Users\nicpa\OneDrive\Documents\PolyDoc\GBM2100FINAL\Laboratoire3\Laboratoire3.cydsn\CortexM4\ARM_GCC_541\Debug\Laboratoire3_link.elf --output C:\Users\nicpa\OneDrive\Documents\PolyDoc\GBM2100FINAL\Laboratoire3\Laboratoire3.cydsn\CortexM4\ARM_GCC_541\Debug\Laboratoire3_signed.elf --hex C:\Users\nicpa\OneDrive\Documents\PolyDoc\GBM2100FINAL\Laboratoire3\Laboratoire3.cydsn\CortexM4\ARM_GCC_541\Debug\Laboratoire3_signed.hex
No ELF section .cychecksum found, creating one
Application checksum calculated and stored in ELF section .cychecksum
Checksum calculated and stored in ELF section .cymeta
"C:\Program Files (x86)\Cypress\PDL\3.1.3\tools\win\elf\cymcuelftool.exe" --merge C:\Users\nicpa\OneDrive\Documents\PolyDoc\GBM2100FINAL\Laboratoire3\Laboratoire3.cydsn\CortexM4\ARM_GCC_541\Debug\Laboratoire3_signed.elf C:\Users\nicpa\OneDrive\Documents\PolyDoc\GBM2100FINAL\Laboratoire3\Laboratoire3.cydsn\CortexM0p\ARM_GCC_541\Debug\Laboratoire3.elf --output C:\Users\nicpa\OneDrive\Documents\PolyDoc\GBM2100FINAL\Laboratoire3\Laboratoire3.cydsn\CortexM4\ARM_GCC_541\Debug\Laboratoire3.elf --hex C:\Users\nicpa\OneDrive\Documents\PolyDoc\GBM2100FINAL\Laboratoire3\Laboratoire3.cydsn\CortexM4\ARM_GCC_541\Debug\Laboratoire3.hex
Application checksum calculated and stored in ELF section .cychecksum
Checksum calculated and stored in ELF section .cymeta
"C:\Program Files (x86)\Cypress\PDL\3.1.3\tools\win\elf\cymcuelftool.exe" -A C:\Users\nicpa\OneDrive\Documents\PolyDoc\GBM2100FINAL\Laboratoire3\Laboratoire3.cydsn\CortexM4\ARM_GCC_541\Debug\Laboratoire3.elf
code:113468	sram:122476
--------------- Build Succeeded: 04/19/2021 14:08:45 ---------------
