--------------- Clean Started: 04/19/2021 18:35:14 Project: Laboratoire3, Configuration: ARM GCC 5.4-2016-q2-update Debug ---------------
Deleting file ".\CortexM0p\ARM_GCC_541\Debug\startup_psoc6_01_cm0plus.o"
Deleting file ".\CortexM0p\ARM_GCC_541\Debug\main_cm0p.o"
Deleting file ".\CortexM0p\ARM_GCC_541\Debug\system_psoc6_cm0plus.o"
Deleting file ".\CortexM0p\ARM_GCC_541\Debug\LCDConf.o"
Deleting file ".\CortexM0p\ARM_GCC_541\Debug\GUI_X_RTOS.o"
Deleting file ".\CortexM0p\ARM_GCC_541\Debug\GUIConf.o"
Deleting file ".\CortexM0p\ARM_GCC_541\Debug\cyfitter_sysint_cfg.o"
Deleting file ".\CortexM0p\ARM_GCC_541\Debug\cyfitter_cfg.o"
Deleting file ".\CortexM0p\ARM_GCC_541\Debug\cymetadata.o"
Deleting file ".\CortexM0p\ARM_GCC_541\Debug\CY_EINK_SPIM.o"
Deleting file ".\CortexM0p\ARM_GCC_541\Debug\CY_EINK_Timer.o"
Deleting file ".\CortexM0p\ARM_GCC_541\Debug\Status_SW2.o"
Deleting file ".\CortexM0p\ARM_GCC_541\Debug\cy_efuse.o"
Deleting file ".\CortexM0p\ARM_GCC_541\Debug\cy_flash.o"
Deleting file ".\CortexM0p\ARM_GCC_541\Debug\cy_gpio.o"
Deleting file ".\CortexM0p\ARM_GCC_541\Debug\cy_ipc_drv.o"
Deleting file ".\CortexM0p\ARM_GCC_541\Debug\cy_ipc_sema.o"
Deleting file ".\CortexM0p\ARM_GCC_541\Debug\cy_ipc_pipe.o"
Deleting file ".\CortexM0p\ARM_GCC_541\Debug\cy_lvd.o"
Deleting file ".\CortexM0p\ARM_GCC_541\Debug\cy_profile.o"
Deleting file ".\CortexM0p\ARM_GCC_541\Debug\cy_prot.o"
Deleting file ".\CortexM0p\ARM_GCC_541\Debug\cy_scb_common.o"
Deleting file ".\CortexM0p\ARM_GCC_541\Debug\cy_scb_i2c.o"
Deleting file ".\CortexM0p\ARM_GCC_541\Debug\cy_scb_ezi2c.o"
Deleting file ".\CortexM0p\ARM_GCC_541\Debug\cy_scb_spi.o"
Deleting file ".\CortexM0p\ARM_GCC_541\Debug\cy_scb_uart.o"
Deleting file ".\CortexM0p\ARM_GCC_541\Debug\cy_sysanalog.o"
Deleting file ".\CortexM0p\ARM_GCC_541\Debug\cy_sysclk.o"
Deleting file ".\CortexM0p\ARM_GCC_541\Debug\cy_sysint.o"
Deleting file ".\CortexM0p\ARM_GCC_541\Debug\cy_syslib.o"
Deleting file ".\CortexM0p\ARM_GCC_541\Debug\cy_syslib_gcc.o"
Deleting file ".\CortexM0p\ARM_GCC_541\Debug\cy_syspm.o"
Deleting file ".\CortexM0p\ARM_GCC_541\Debug\cy_systick.o"
Deleting file ".\CortexM0p\ARM_GCC_541\Debug\cy_tcpwm_counter.o"
Deleting file ".\CortexM0p\ARM_GCC_541\Debug\cy_tcpwm_pwm.o"
Deleting file ".\CortexM0p\ARM_GCC_541\Debug\cy_tcpwm_quaddec.o"
Deleting file ".\CortexM0p\ARM_GCC_541\Debug\cy_trigmux.o"
Deleting file ".\CortexM0p\ARM_GCC_541\Debug\cy_wdt.o"
Deleting file ".\CortexM0p\ARM_GCC_541\Debug\cy_device.o"
Deleting file ".\CortexM0p\ARM_GCC_541\Debug\cy_ble_clk.o"
Deleting file ".\CortexM0p\ARM_GCC_541\Debug\I2C_MAX.o"
Deleting file ".\CortexM0p\ARM_GCC_541\Debug\I2Cm.o"
Deleting file ".\CortexM0p\ARM_GCC_541\Debug\CapSense_Control.o"
Deleting file ".\CortexM0p\ARM_GCC_541\Debug\CapSense_Processing.o"
Deleting file ".\CortexM0p\ARM_GCC_541\Debug\CapSense_Structure.o"
Deleting file ".\CortexM0p\ARM_GCC_541\Debug\CapSense_Tuner.o"
Deleting file ".\CortexM0p\ARM_GCC_541\Debug\CapSense_Filter.o"
Deleting file ".\CortexM0p\ARM_GCC_541\Debug\CapSense_Sensing.o"
Deleting file ".\CortexM0p\ARM_GCC_541\Debug\CapSense_INT.o"
Deleting file ".\CortexM0p\ARM_GCC_541\Debug\CapSense_SensingCSD_LL.o"
Deleting file ".\CortexM0p\ARM_GCC_541\Debug\CapSense_SensingCSX_LL.o"
Deleting file ".\CortexM0p\ARM_GCC_541\Debug\CapSense_Centroid_LL.o"
Deleting file ".\CortexM0p\ARM_GCC_541\Debug\CapSense_Gesture.o"
Deleting file ".\CortexM0p\ARM_GCC_541\Debug\CapSense_TMG.o"
Deleting file ".\CortexM0p\ARM_GCC_541\Debug\Laboratoire3.hex"
Deleting file ".\CortexM0p\ARM_GCC_541\Debug\Laboratoire3.elf"
Deleting file ".\CortexM0p\ARM_GCC_541\Debug\Laboratoire3.map"
Deleting file ".\Laboratoire3.cycdx"
Deleting file ".\Laboratoire3.svd"
Deleting file ".\Laboratoire3.rpt"
Deleting file ".\Laboratoire3_timing.html"
Deleting file ".\CortexM0p\ARM_GCC_541\Debug\.deps\SOURCE_C__ARM_GCC_GENERIC.P"
Deleting file ".\CortexM4\ARM_GCC_541\Debug\startup_psoc6_01_cm4.o"
Deleting file ".\CortexM4\ARM_GCC_541\Debug\main_cm4.o"
Deleting file ".\CortexM4\ARM_GCC_541\Debug\system_psoc6_cm4.o"
Deleting file ".\CortexM4\ARM_GCC_541\Debug\bmi160.o"
Deleting file ".\CortexM4\ARM_GCC_541\Debug\global_variables.o"
Deleting file ".\CortexM4\ARM_GCC_541\Debug\i2cm_support.o"
Deleting file ".\CortexM4\ARM_GCC_541\Debug\LED_task.o"
Deleting file ".\CortexM4\ARM_GCC_541\Debug\MAX30102_functions.o"
Deleting file ".\CortexM4\ARM_GCC_541\Debug\motion_task.o"
Deleting file ".\CortexM4\ARM_GCC_541\Debug\screen_functions.o"
Deleting file ".\CortexM4\ARM_GCC_541\Debug\touch_task.o"
Deleting file ".\CortexM4\ARM_GCC_541\Debug\Traitement_Signal.o"
Deleting file ".\CortexM4\ARM_GCC_541\Debug\pervasive_eink_hardware_driver.o"
Deleting file ".\CortexM4\ARM_GCC_541\Debug\cy_eink_library.o"
Deleting file ".\CortexM4\ARM_GCC_541\Debug\cy_eink_psoc_interface.o"
Deleting file ".\CortexM4\ARM_GCC_541\Debug\Cypress Logo Full Color_PNG_1bpp.o"
Deleting file ".\CortexM4\ARM_GCC_541\Debug\LCDConf.o"
Deleting file ".\CortexM4\ARM_GCC_541\Debug\GUI_X_RTOS.o"
Deleting file ".\CortexM4\ARM_GCC_541\Debug\GUIConf.o"
Deleting file ".\CortexM4\ARM_GCC_541\Debug\cyfitter_sysint_cfg.o"
Deleting file ".\CortexM4\ARM_GCC_541\Debug\cymetadata.o"
Deleting file ".\CortexM4\ARM_GCC_541\Debug\CY_EINK_SPIM.o"
Deleting file ".\CortexM4\ARM_GCC_541\Debug\CY_EINK_Timer.o"
Deleting file ".\CortexM4\ARM_GCC_541\Debug\Status_SW2.o"
Deleting file ".\CortexM4\ARM_GCC_541\Debug\cy_efuse.o"
Deleting file ".\CortexM4\ARM_GCC_541\Debug\cy_flash.o"
Deleting file ".\CortexM4\ARM_GCC_541\Debug\cy_gpio.o"
Deleting file ".\CortexM4\ARM_GCC_541\Debug\cy_ipc_drv.o"
Deleting file ".\CortexM4\ARM_GCC_541\Debug\cy_ipc_sema.o"
Deleting file ".\CortexM4\ARM_GCC_541\Debug\cy_ipc_pipe.o"
Deleting file ".\CortexM4\ARM_GCC_541\Debug\cy_lvd.o"
Deleting file ".\CortexM4\ARM_GCC_541\Debug\cy_profile.o"
Deleting file ".\CortexM4\ARM_GCC_541\Debug\cy_prot.o"
Deleting file ".\CortexM4\ARM_GCC_541\Debug\cy_scb_common.o"
Deleting file ".\CortexM4\ARM_GCC_541\Debug\cy_scb_i2c.o"
Deleting file ".\CortexM4\ARM_GCC_541\Debug\cy_scb_ezi2c.o"
Deleting file ".\CortexM4\ARM_GCC_541\Debug\cy_scb_spi.o"
Deleting file ".\CortexM4\ARM_GCC_541\Debug\cy_scb_uart.o"
Deleting file ".\CortexM4\ARM_GCC_541\Debug\cy_sysanalog.o"
Deleting file ".\CortexM4\ARM_GCC_541\Debug\cy_sysclk.o"
Deleting file ".\CortexM4\ARM_GCC_541\Debug\cy_sysint.o"
Deleting file ".\CortexM4\ARM_GCC_541\Debug\cy_syslib.o"
Deleting file ".\CortexM4\ARM_GCC_541\Debug\cy_syslib_gcc.o"
Deleting file ".\CortexM4\ARM_GCC_541\Debug\cy_syspm.o"
Deleting file ".\CortexM4\ARM_GCC_541\Debug\cy_systick.o"
Deleting file ".\CortexM4\ARM_GCC_541\Debug\cy_tcpwm_counter.o"
Deleting file ".\CortexM4\ARM_GCC_541\Debug\cy_tcpwm_pwm.o"
Deleting file ".\CortexM4\ARM_GCC_541\Debug\cy_tcpwm_quaddec.o"
Deleting file ".\CortexM4\ARM_GCC_541\Debug\cy_trigmux.o"
Deleting file ".\CortexM4\ARM_GCC_541\Debug\cy_wdt.o"
Deleting file ".\CortexM4\ARM_GCC_541\Debug\cy_device.o"
Deleting file ".\CortexM4\ARM_GCC_541\Debug\cy_ble_clk.o"
Deleting file ".\CortexM4\ARM_GCC_541\Debug\croutine.o"
Deleting file ".\CortexM4\ARM_GCC_541\Debug\event_groups.o"
Deleting file ".\CortexM4\ARM_GCC_541\Debug\list.o"
Deleting file ".\CortexM4\ARM_GCC_541\Debug\queue.o"
Deleting file ".\CortexM4\ARM_GCC_541\Debug\tasks.o"
Deleting file ".\CortexM4\ARM_GCC_541\Debug\timers.o"
Deleting file ".\CortexM4\ARM_GCC_541\Debug\stream_buffer.o"
Deleting file ".\CortexM4\ARM_GCC_541\Debug\port.o"
Deleting file ".\CortexM4\ARM_GCC_541\Debug\heap_1.o"
Deleting file ".\CortexM4\ARM_GCC_541\Debug\I2C_MAX.o"
Deleting file ".\CortexM4\ARM_GCC_541\Debug\I2Cm.o"
Deleting file ".\CortexM4\ARM_GCC_541\Debug\CapSense_Control.o"
Deleting file ".\CortexM4\ARM_GCC_541\Debug\CapSense_Processing.o"
Deleting file ".\CortexM4\ARM_GCC_541\Debug\CapSense_Structure.o"
Deleting file ".\CortexM4\ARM_GCC_541\Debug\CapSense_Tuner.o"
Deleting file ".\CortexM4\ARM_GCC_541\Debug\CapSense_Filter.o"
Deleting file ".\CortexM4\ARM_GCC_541\Debug\CapSense_Sensing.o"
Deleting file ".\CortexM4\ARM_GCC_541\Debug\CapSense_INT.o"
Deleting file ".\CortexM4\ARM_GCC_541\Debug\CapSense_SensingCSD_LL.o"
Deleting file ".\CortexM4\ARM_GCC_541\Debug\CapSense_SensingCSX_LL.o"
Deleting file ".\CortexM4\ARM_GCC_541\Debug\CapSense_Centroid_LL.o"
Deleting file ".\CortexM4\ARM_GCC_541\Debug\CapSense_Gesture.o"
Deleting file ".\CortexM4\ARM_GCC_541\Debug\CapSense_TMG.o"
Deleting file ".\CortexM4\ARM_GCC_541\Debug\Laboratoire3.hex"
Deleting file ".\CortexM4\ARM_GCC_541\Debug\Laboratoire3.elf"
Deleting file ".\CortexM4\ARM_GCC_541\Debug\Laboratoire3.map"
Deleting file ".\CortexM4\ARM_GCC_541\Debug\.deps\SOURCE_C__ARM_GCC_GENERIC.P"
--------------- Clean Succeeded: 04/19/2021 18:35:14 ---------------
